<?xml version="1.0" encoding="UTF-8"?>
<TEI xmlns="http://www.tei-c.org/ns/1.0">
   <teiHeader/>
   <text>
      <body>
         <div1 type="order" xml:id="ref-b.">
            <div2 type="tractate" xml:id="ref-b.01.01">
               <xi:include xmlns:xi="http://www.w3.org/2001/XInclude"
                           href="file:///C:/Users/hlapin/Documents/GitHub/eRabbinica/tannaiticIntersections/data/xml/ref-b/ref-b.01.01.xml"/>
            </div2>
            <div2 type="tractate" xml:id="ref-b.02.01">
               <xi:include xmlns:xi="http://www.w3.org/2001/XInclude"
                           href="file:///C:/Users/hlapin/Documents/GitHub/eRabbinica/tannaiticIntersections/data/xml/ref-b/ref-b.02.01.xml"/>
            </div2>
            <div2 type="tractate" xml:id="ref-b.02.03">
               <xi:include xmlns:xi="http://www.w3.org/2001/XInclude"
                           href="file:///C:/Users/hlapin/Documents/GitHub/eRabbinica/tannaiticIntersections/data/xml/ref-b/ref-b.02.03.xml"/>
            </div2>
            <div2 type="tractate" xml:id="ref-b.02.04">
               <xi:include xmlns:xi="http://www.w3.org/2001/XInclude"
                           href="file:///C:/Users/hlapin/Documents/GitHub/eRabbinica/tannaiticIntersections/data/xml/ref-b/ref-b.02.04.xml"/>
            </div2>
            <div2 type="tractate" xml:id="ref-b.02.05">
               <xi:include xmlns:xi="http://www.w3.org/2001/XInclude"
                           href="file:///C:/Users/hlapin/Documents/GitHub/eRabbinica/tannaiticIntersections/data/xml/ref-b/ref-b.02.05.xml"/>
            </div2>
            <div2 type="tractate" xml:id="ref-b.02.06">
               <xi:include xmlns:xi="http://www.w3.org/2001/XInclude"
                           href="file:///C:/Users/hlapin/Documents/GitHub/eRabbinica/tannaiticIntersections/data/xml/ref-b/ref-b.02.06.xml"/>
            </div2>
            <div2 type="tractate" xml:id="ref-b.02.07">
               <xi:include xmlns:xi="http://www.w3.org/2001/XInclude"
                           href="file:///C:/Users/hlapin/Documents/GitHub/eRabbinica/tannaiticIntersections/data/xml/ref-b/ref-b.02.07.xml"/>
            </div2>
            <div2 type="tractate" xml:id="ref-b.02.08">
               <xi:include xmlns:xi="http://www.w3.org/2001/XInclude"
                           href="file:///C:/Users/hlapin/Documents/GitHub/eRabbinica/tannaiticIntersections/data/xml/ref-b/ref-b.02.08.xml"/>
            </div2>
            <div2 type="tractate" xml:id="ref-b.02.09">
               <xi:include xmlns:xi="http://www.w3.org/2001/XInclude"
                           href="file:///C:/Users/hlapin/Documents/GitHub/eRabbinica/tannaiticIntersections/data/xml/ref-b/ref-b.02.09.xml"/>
            </div2>
            <div2 type="tractate" xml:id="ref-b.02.10">
               <xi:include xmlns:xi="http://www.w3.org/2001/XInclude"
                           href="file:///C:/Users/hlapin/Documents/GitHub/eRabbinica/tannaiticIntersections/data/xml/ref-b/ref-b.02.10.xml"/>
            </div2>
            <div2 type="tractate" xml:id="ref-b.02.11">
               <xi:include xmlns:xi="http://www.w3.org/2001/XInclude"
                           href="file:///C:/Users/hlapin/Documents/GitHub/eRabbinica/tannaiticIntersections/data/xml/ref-b/ref-b.02.11.xml"/>
            </div2>
            <div2 type="tractate" xml:id="ref-b.02.12">
               <xi:include xmlns:xi="http://www.w3.org/2001/XInclude"
                           href="file:///C:/Users/hlapin/Documents/GitHub/eRabbinica/tannaiticIntersections/data/xml/ref-b/ref-b.02.12.xml"/>
            </div2>
            <div2 type="tractate" xml:id="ref-b.03.01">
               <xi:include xmlns:xi="http://www.w3.org/2001/XInclude"
                           href="file:///C:/Users/hlapin/Documents/GitHub/eRabbinica/tannaiticIntersections/data/xml/ref-b/ref-b.03.01.xml"/>
            </div2>
            <div2 type="tractate" xml:id="ref-b.03.02">
               <xi:include xmlns:xi="http://www.w3.org/2001/XInclude"
                           href="file:///C:/Users/hlapin/Documents/GitHub/eRabbinica/tannaiticIntersections/data/xml/ref-b/ref-b.03.02.xml"/>
            </div2>
            <div2 type="tractate" xml:id="ref-b.03.03">
               <xi:include xmlns:xi="http://www.w3.org/2001/XInclude"
                           href="file:///C:/Users/hlapin/Documents/GitHub/eRabbinica/tannaiticIntersections/data/xml/ref-b/ref-b.03.03.xml"/>
            </div2>
            <div2 type="tractate" xml:id="ref-b.03.04">
               <xi:include xmlns:xi="http://www.w3.org/2001/XInclude"
                           href="file:///C:/Users/hlapin/Documents/GitHub/eRabbinica/tannaiticIntersections/data/xml/ref-b/ref-b.03.04.xml"/>
            </div2>
            <div2 type="tractate" xml:id="ref-b.03.05">
               <xi:include xmlns:xi="http://www.w3.org/2001/XInclude"
                           href="file:///C:/Users/hlapin/Documents/GitHub/eRabbinica/tannaiticIntersections/data/xml/ref-b/ref-b.03.05.xml"/>
            </div2>
            <div2 type="tractate" xml:id="ref-b.03.06">
               <xi:include xmlns:xi="http://www.w3.org/2001/XInclude"
                           href="file:///C:/Users/hlapin/Documents/GitHub/eRabbinica/tannaiticIntersections/data/xml/ref-b/ref-b.03.06.xml"/>
            </div2>
            <div2 type="tractate" xml:id="ref-b.03.07">
               <xi:include xmlns:xi="http://www.w3.org/2001/XInclude"
                           href="file:///C:/Users/hlapin/Documents/GitHub/eRabbinica/tannaiticIntersections/data/xml/ref-b/ref-b.03.07.xml"/>
            </div2>
            <div2 type="tractate" xml:id="ref-b.04.01">
               <xi:include xmlns:xi="http://www.w3.org/2001/XInclude"
                           href="file:///C:/Users/hlapin/Documents/GitHub/eRabbinica/tannaiticIntersections/data/xml/ref-b/ref-b.04.01.xml"/>
            </div2>
            <div2 type="tractate" xml:id="ref-b.04.02">
               <xi:include xmlns:xi="http://www.w3.org/2001/XInclude"
                           href="file:///C:/Users/hlapin/Documents/GitHub/eRabbinica/tannaiticIntersections/data/xml/ref-b/ref-b.04.02.xml"/>
            </div2>
            <div2 type="tractate" xml:id="ref-b.04.03">
               <xi:include xmlns:xi="http://www.w3.org/2001/XInclude"
                           href="file:///C:/Users/hlapin/Documents/GitHub/eRabbinica/tannaiticIntersections/data/xml/ref-b/ref-b.04.03.xml"/>
            </div2>
            <div2 type="tractate" xml:id="ref-b.04.04">
               <xi:include xmlns:xi="http://www.w3.org/2001/XInclude"
                           href="file:///C:/Users/hlapin/Documents/GitHub/eRabbinica/tannaiticIntersections/data/xml/ref-b/ref-b.04.04.xml"/>
            </div2>
            <div2 type="tractate" xml:id="ref-b.04.05">
               <xi:include xmlns:xi="http://www.w3.org/2001/XInclude"
                           href="file:///C:/Users/hlapin/Documents/GitHub/eRabbinica/tannaiticIntersections/data/xml/ref-b/ref-b.04.05.xml"/>
            </div2>
            <div2 type="tractate" xml:id="ref-b.04.08">
               <xi:include xmlns:xi="http://www.w3.org/2001/XInclude"
                           href="file:///C:/Users/hlapin/Documents/GitHub/eRabbinica/tannaiticIntersections/data/xml/ref-b/ref-b.04.08.xml"/>
            </div2>
            <div2 type="tractate" xml:id="ref-b.04.10">
               <xi:include xmlns:xi="http://www.w3.org/2001/XInclude"
                           href="file:///C:/Users/hlapin/Documents/GitHub/eRabbinica/tannaiticIntersections/data/xml/ref-b/ref-b.04.10.xml"/>
            </div2>
            <div2 type="tractate" xml:id="ref-b.05.01">
               <xi:include xmlns:xi="http://www.w3.org/2001/XInclude"
                           href="file:///C:/Users/hlapin/Documents/GitHub/eRabbinica/tannaiticIntersections/data/xml/ref-b/ref-b.05.01.xml"/>
            </div2>
            <div2 type="tractate" xml:id="ref-b.05.02">
               <xi:include xmlns:xi="http://www.w3.org/2001/XInclude"
                           href="file:///C:/Users/hlapin/Documents/GitHub/eRabbinica/tannaiticIntersections/data/xml/ref-b/ref-b.05.02.xml"/>
            </div2>
            <div2 type="tractate" xml:id="ref-b.05.03">
               <xi:include xmlns:xi="http://www.w3.org/2001/XInclude"
                           href="file:///C:/Users/hlapin/Documents/GitHub/eRabbinica/tannaiticIntersections/data/xml/ref-b/ref-b.05.03.xml"/>
            </div2>
            <div2 type="tractate" xml:id="ref-b.05.04">
               <xi:include xmlns:xi="http://www.w3.org/2001/XInclude"
                           href="file:///C:/Users/hlapin/Documents/GitHub/eRabbinica/tannaiticIntersections/data/xml/ref-b/ref-b.05.04.xml"/>
            </div2>
            <div2 type="tractate" xml:id="ref-b.05.05">
               <xi:include xmlns:xi="http://www.w3.org/2001/XInclude"
                           href="file:///C:/Users/hlapin/Documents/GitHub/eRabbinica/tannaiticIntersections/data/xml/ref-b/ref-b.05.05.xml"/>
            </div2>
            <div2 type="tractate" xml:id="ref-b.05.06">
               <xi:include xmlns:xi="http://www.w3.org/2001/XInclude"
                           href="file:///C:/Users/hlapin/Documents/GitHub/eRabbinica/tannaiticIntersections/data/xml/ref-b/ref-b.05.06.xml"/>
            </div2>
            <div2 type="tractate" xml:id="ref-b.05.07">
               <xi:include xmlns:xi="http://www.w3.org/2001/XInclude"
                           href="file:///C:/Users/hlapin/Documents/GitHub/eRabbinica/tannaiticIntersections/data/xml/ref-b/ref-b.05.07.xml"/>
            </div2>
            <div2 type="tractate" xml:id="ref-b.05.08">
               <xi:include xmlns:xi="http://www.w3.org/2001/XInclude"
                           href="file:///C:/Users/hlapin/Documents/GitHub/eRabbinica/tannaiticIntersections/data/xml/ref-b/ref-b.05.08.xml"/>
            </div2>
            <div2 type="tractate" xml:id="ref-b.05.09">
               <xi:include xmlns:xi="http://www.w3.org/2001/XInclude"
                           href="file:///C:/Users/hlapin/Documents/GitHub/eRabbinica/tannaiticIntersections/data/xml/ref-b/ref-b.05.09.xml"/>
            </div2>
            <div2 type="tractate" xml:id="ref-b.06.07">
               <xi:include xmlns:xi="http://www.w3.org/2001/XInclude"
                           href="file:///C:/Users/hlapin/Documents/GitHub/eRabbinica/tannaiticIntersections/data/xml/ref-b/ref-b.06.07.xml"/>
            </div2>
         </div1>
      </body>
   </text>
</TEI>
