<?xml version="1.0" encoding="UTF-8"?>
<root>
   <div type="name-list">
      <ab type="name" n="אביה-Abiah">
         <ref spanTo="#d1e71"/>
         <listPerson>
            <person>
               <persName><ref spanTo="#d3e0"/>
               </persName>
               <desc>Zachariah (9)’s priestly family</desc>
               <state type="provenance">
                  <note>—</note>
               </state>
               <bibl>Luke 1:5 (VKGNT 1)</bibl>
               <state type="addl-Descr">
                  <note>Family<ref spanTo="#d1e104"/>
                  </note>
               </state>
               <floruit>1 BCE<ref spanTo="#d1e110"/>
               </floruit>
               <note xml:id="d1e87" n="1"> This is
                                    the transliteration of the name in LXX (H &amp; R Suppl.
                                2).</note>
               <note xml:id="d1e104" n="2"> See
                                    Introduction 6.1.2. On priestly courses as family names see
                                    Stern, “Aspects of Jewish Society,” 591.</note>
               <note xml:id="d1e110" n="3"> On NT dating see Introduction
                                7.3.</note>
            </person>
         </listPerson>
      </ab>
      <ab type="name" n="אביתר-Abiathar">
         <ref spanTo="#d1e122"/>
         <listPerson>
            <person>
               <persName>Abiathar<ref spanTo="#d4e0"/>
               </persName>
               <desc>Priest</desc>
               <state type="provenance">
                  <note>—</note>
               </state>
               <bibl>Pseud-Matt 7 (Tischendorf,EA, 65)</bibl>
               <state type="addl-Descr">
                  <note>Fictitious<ref spanTo="#d1e158"/>
                  </note>
               </state>
               <floruit>1 CE<ref spanTo="#d1e165"/>
               </floruit>
               <note xml:id="d1e137" n="1"> So in the Latin text see, Introduction
                                    2.8.2. This is the transliteration of this name in the
                                    Vulgate.</note>
               <note xml:id="d1e158" n="2"> All
                                    figures appearing in apocryphal Christian documents are
                                    considered fictitious, see Introduction 6.2.2. </note>
               <note xml:id="d1e165" n="3"> Associated with the birth of Jesus in the
                                    composition.</note>
            </person>
         </listPerson>
      </ab>
      <ab type="name" n="אברהם-Abraham">
         <ref spanTo="#d1e177"/>
         <listPerson>
            <person>
               <persName><ref spanTo="#d6e0"/>
               </persName>
               <persName>אברי<ref spanTo="#d9e0"/>
               </persName>
               <desc>Of the LXX translators</desc>
               <state type="provenance">
                  <note>—</note>
               </state>
               <bibl>Arist48</bibl>
               <state type="addl-Descr">
                  <note>Fictitious<ref spanTo="#d1e242"/>
                  </note>
               </state>
               <floruit>3rdC BCE<ref spanTo="#d1e261"/>
               </floruit>
               <note xml:id="d1e208" n="1"> On this being a Greek transliteration of
                                    אברהם, see Cohen, JSJ 7 (1976)
                                    99-112; JSJ 15 (1984) 36. See
                                    also Introduction 2.1.3.</note>
               <note xml:id="d1e220" n="2"> So according to Epiphanius, in the
                                    Syriac script (Wendland, Aristeae, 143), see Introduction 2.8.3. For the
                                    suffix, see Introduction 2.4.1.1.</note>
               <note xml:id="d1e242" n="3"> On Arist
                                    see Introduction 6.2.1, and Cohen, JSJ 15 (1984) 36. Different forms of this name are
                                    recorded elsewhere in Egyptian antiquity (Preisigke, NB, 3-4).</note>
               <note xml:id="d1e261" n="4"> On
                                    dating of Arist see
                                    Introduction 7.1.1.</note>
            </person>
            <person>
               <persName><ref spanTo="#d11e0"/>
               </persName>
               <persName>אברם<ref spanTo="#d14e0"/></persName>
               <desc>Of the LXX translators</desc>
               <state type="provenance">
                  <note>—</note>
               </state>
               <bibl>Arist49</bibl>
               <state type="addl-Descr">
                  <note>Fictitious<ref spanTo="#d1e313"/>
                  </note>
               </state>
               <floruit>3rdC BCE<ref spanTo="#d1e326"/>
               </floruit>
               <note xml:id="d1e277" n="5"> This is the transliteration of אברהם found
                                    in Josephus (Schalit, NB, 3). LXX has (H
                                    &amp; R Suppl. 4). On the differences between the two see
                                    Introduction 2.1.1.1. </note>
               <note xml:id="d1e289" n="6"> So according to Epiphanius, in the
                                    Syriac script (Wendland, Aristeae, 143), see Introduction 2.8.3.</note>
               <note xml:id="d1e313" n="7"> See above, n. 4.</note>
               <note xml:id="d1e326" n="8"> See
                                    above, n. 5.</note>
            </person>
            <person>
               <persName>אבריסי<ref spanTo="#d17e0"/>
               </persName>
               <desc>Joseph (30)’s relative</desc>
               <state type="provenance">
                  <note>—</note>
               </state>
               <bibl>Barhebraeus,Chron. Ec. (Abbeloos, 22)</bibl>
               <state type="addl-Descr">
                  <note>Fictitious<ref spanTo="#d1e365"/>
                  </note>
               </state>
               <floruit>2ndC CE<ref spanTo="#d1e378"/>
               </floruit>
               <note xml:id="d1e341" n="9"> In
                                    Syriac script, see Introduction 2.8.3. See above, n. 3.</note>
               <note xml:id="d1e365" n="10"> See Introduction 6.2. If this is a
                                    historical person, he is probably not a relative of Jesus (and
                                    thus perhaps not Jewish or Palestinian) and if he is his
                                    relative, he is probably not historical. And see also Bauckham,
                                        Jude, 68-9.</note>
               <note xml:id="d1e378" n="11"> On the dating of this
                                    person see Bauckham, Jude,
                                    68-9.</note>
            </person>
            <person>
               <persName>—<ref spanTo="#d19e0"/>
               </persName>
               <desc>Jacob (5)’s relative</desc>
               <state type="provenance">
                  <note>—</note>
               </state>
               <bibl>Barhebraeus,Chron. Ec. (Abbeloos, 22)</bibl>
               <state type="addl-Descr">
                  <note>Fictitious<ref spanTo="#d1e414"/>
                  </note>
               </state>
               <floruit>2ndC CE<ref spanTo="#d1e427"/>
               </floruit>
               <note xml:id="d1e393" n="12"> In Syriac script, see
                                    Introduction 2.8.3. </note>
               <note xml:id="d1e414" n="13"> See above, n. 11. I have not included in
                                    this corpus יעקב (in Syriac), this person’s son, mentioned in
                                    the same document (Barhebraeus, Chron. Ec. [Abbeloos, 23]), because he was both born
                                    Christian (and thus not Jewish), and probably born in Ctesiphon,
                                    and thus not Palestinian.</note>
               <note xml:id="d1e427" n="14"> See above, n.
                                12.</note>
            </person>
         </listPerson>
      </ab>
      <ab type="name" n="אבשלום-Abshalom">
         <ref spanTo="#d1e439"/>
         <listPerson>
            <person>
               <persName><ref spanTo="#d21e0"/>
               </persName>
               <desc>Mattathias (3)’sfather</desc>
               <state type="provenance">
                  <note>—</note>
               </state>
               <bibl>1 Macc 11:70 (H &amp; R Suppl. 29); AJ13:161 (Schalit,NB, 22)<ref spanTo="#d1e487"/>.</bibl>
               <state type="addl-Descr">
                  <note>—</note>
               </state>
               <floruit>145 BCE<ref spanTo="#d1e499"/>
               </floruit>
               <note xml:id="d1e458" n="1"> This is the version found in Josephus and
                                    1 Macc. Josephus also transliterates the biblical אבשלום thus
                                    (Schalit, NB, 22), see Introduction
                                    2.1.1.1. On the use of for transliterating בש see Introduction
                                    2.1.2.7. </note>
               <note xml:id="d1e487" n="2"> On the relationship between
                                            Josephus and 1 Macc see Introduction 5.1.1.</note>
               <note xml:id="d1e499" n="3"> On dating in 1 Macc, see Introduction
                                    7.1.2.</note>
            </person>
            <person>
               <persName><ref spanTo="#d23e0"/>
               </persName>
               <desc>Jonathan (5)’s father</desc>
               <state type="provenance">
                  <note>—</note>
               </state>
               <bibl>1 Macc 13:11 (H &amp; R Suppl. 29); AJ13:202 (Schalit,NB, 22)<ref spanTo="#d1e534"/>.</bibl>
               <state type="addl-Descr">
                  <note>—</note>
               </state>
               <floruit>142 BCE<ref spanTo="#d1e546"/>
               </floruit>
               <note xml:id="d1e511" n="4"> See above, n. 2.</note>
               <note xml:id="d1e534" n="5"> See above, n. 3.</note>
               <note xml:id="d1e546" n="6"> See above, n. 4.</note>
            </person>
            <person>
               <persName><ref spanTo="#d25e0"/>
               </persName>
               <desc>Judah (4)’s ambassador</desc>
               <state type="provenance">
                  <note>—</note>
               </state>
               <bibl>2 Macc 11:17 (H &amp; R Suppl. 3)<ref spanTo="#d1e576"/>
               </bibl>
               <state type="addl-Descr">
                  <note>—</note>
               </state>
               <floruit>164 BCE<ref spanTo="#d1e587"/>
               </floruit>
               <note xml:id="d1e560" n="7"> Unlike 1 Macc and Josephus, that have a
                                    common transliteration tradition, 2 Macc transliterates אבשלום
                                    as in LXX (H &amp; R Suppl. 3), see Introduction 2.1.1.1. On the
                                    double , see
                                    Introduction 2.1.2.6.</note>
               <note xml:id="d1e576" n="8"> On the
                                    independence of 2 Macc see Introduction 5.1.2.</note>
               <note xml:id="d1e587" n="9"> On dating in 2 Macc see Introduction
                                    7.1.3.</note>
            </person>
            <person>
               <persName><ref spanTo="#d27e0"/>
               </persName>
               <desc>Menahem (1)’s deputy</desc>
               <state type="provenance">
                  <note>—</note>
               </state>
               <bibl>BJ2:448 (Schalit,NB, 22)</bibl>
               <state type="addl-Descr">
                  <note>—</note>
               </state>
               <floruit>66 CE<ref spanTo="#d1e624"/>
               </floruit>
               <note xml:id="d1e599" n="10"> See above, n. 2.</note>
               <note xml:id="d1e624" n="11"> On dating according to Josephus see
                                    Introduction 7.2.</note>
            </person>
            <person>
               <persName><ref spanTo="#d29e0"/>
               </persName>
               <desc>Aristobulus (2)’s uncle</desc>
               <state type="provenance">
                  <note>—</note>
               </state>
               <bibl>AJ14:71 (Schalit,NB, 22)</bibl>
               <state type="addl-Descr">
                  <note>—</note>
               </state>
               <floruit>63 BCE<ref spanTo="#d1e661"/>
               </floruit>
               <note xml:id="d1e636" n="12"> See above, n. 2.</note>
               <note xml:id="d1e661" n="13"> See above, n. 12.</note>
            </person>
            <person>
               <persName>אבישלום<ref spanTo="#d30e0"/>
               </persName>
               <desc>Hanan (8)’s father<ref spanTo="#d1e680"/>
               </desc>
               <state type="provenance">
                  <note>—</note>
               </state>
               <bibl>mKet13:1 (Kasovsky,Mishnae, 8)</bibl>
               <state type="addl-Descr">
                  <note>—</note>
               </state>
               <floruit>Pre-70 CE<ref spanTo="#d1e705"/>
               </floruit>
               <note xml:id="d1e673" n="14"> For this longer version see
                                    Introduction 2.6.1. Both this and the version אבשלום are found
                                    in rabbinic literature for this person. </note>
               <note xml:id="d1e680" n="15">
                                    bBer 22a
                                    mentions a tanna called נתן בן אבישלום, but in the mss the name
                                    is אלעזר בן שמוע, so there was probably no such person. I
                                    mention him here because חנן בן אבישלום is the closest name to
                                    נתן בן אבשלום.</note>
               <note xml:id="d1e705" n="16"> In mKet
                                    13:1 his son is described
                                    as a judge
                                    (מדייני גזרות) in Jerusalem. See Introduction
                                7.5.1.1.</note>
            </person>
            <person>
               <persName>—</persName>
               <desc>—</desc>
               <state type="provenance">
                  <note>Ossuary, Gibat Hamibtar, Kloner, 1971</note>
               </state>
               <bibl>CJO, no. 411</bibl>
               <state type="addl-Descr">
                  <note>—</note>
               </state>
               <floruit>Pre-70 CE<ref spanTo="#d1e740"/>
               </floruit>
               <note xml:id="d1e740" n="17"> On ossuary dating see Introduction
                                    7.6.1.</note>
            </person>
            <person>
               <persName>אבישלום<ref spanTo="#d31e0"/>
               </persName>
               <desc>Yohanan (71)’s father<ref spanTo="#d1e758"/>
               </desc>
               <state type="provenance">
                  <note>Tomb inscription, Silwan, Hänsler, 1908</note>
               </state>
               <bibl>CIJ, no. 1393</bibl>
               <state type="addl-Descr">
                  <note>—</note>
               </state>
               <floruit>Pre-70 CE<ref spanTo="#d1e780"/>
               </floruit>
               <note xml:id="d1e751" n="18"> See above, n. 15.</note>
               <note xml:id="d1e758" n="19"> Identified by Klein,
                                    Lĕšonénu 1
                                    (1929) 326, n. 5, as identical with Abshalom no. 6. On Klein’s
                                    identifications, see Introduction 3.3.</note>
               <note xml:id="d1e780" n="20"> On dating of inscriptions from Jerusalem
                                    see Introduction 7.6.2.</note>
            </person>
            <person>
               <persName>—</persName>
               <desc>Hanan (27)’s son</desc>
               <state type="provenance">
                  <note>Papyrus, deed, Muraba‘at</note>
               </state>
               <bibl>Mur 18</bibl>
               <state type="addl-Descr">
                  <note>—</note>
               </state>
               <floruit>55-6 CE<ref spanTo="#d1e807"/>
               </floruit>
               <note xml:id="d1e807" n="21"> For dating of the Dead Sea documents, see
                                    Introduction 7.7.</note>
            </person>
            <person>
               <persName>אבשי<ref spanTo="#d32e0"/>
               </persName>
               <desc>—</desc>
               <state type="provenance">
                  <note>Papyrus, Muraba‘at</note>
               </state>
               <bibl>Mur 22</bibl>
               <state type="addl-Descr">
                  <note>—</note>
               </state>
               <floruit>131 CE<ref spanTo="#d1e841"/>
               </floruit>
               <note xml:id="d1e818" n="22"> The Bible also records this form (e.g. 2
                                    Sam 10:10) as a variation of the name of אבישי, David’s general,
                                    son of צרויה. The editors, however, thought this short for
                                    אבשלום (DJD 2, 120). On such
                                    abbreviations see Introduction 2.4.1.1.</note>
               <note xml:id="d1e841" n="23"> See above, n. 22.</note>
            </person>
            <person>
               <persName>—</persName>
               <desc>His house<ref spanTo="#d1e855"/>
               </desc>
               <state type="provenance">
                  <note>Scroll, Qumran</note>
               </state>
               <bibl>1QpHab 5:9</bibl>
               <state type="addl-Descr">
                  <note>Family?<ref spanTo="#d1e871"/>
                  </note>
               </state>
               <floruit>1 C BCE<ref spanTo="#d1e881"/>
               </floruit>
               <note xml:id="d1e855" n="24"> In Hebrew – בית אבשלום. On names in
                                    the Qumran documents see Introduction 3.2.8.</note>
               <note xml:id="d1e871" n="25"> For בית
                                    designating families see Introduction 6.1.2. The literary and
                                    allegorical character of 1QpHab precludes any definite
                                    conclusions as to the historical nature of this name. C. Roth,
                                        The Dead Sea Scrolls: A New
                                        Historical Approach (New York 1965) 13-4, in his
                                    identification of the Dead Sea Sect with the Zealots, Sicarii
                                    and the Jewish freedom movement at the end of the Second Temple
                                    period, had attempted to identify this אבשלום with Abshalom no.
                                    4. </note>
               <note xml:id="d1e881" n="26"> On dating of Qumran documents see
                                    Introduction 7.7.2.</note>
            </person>
         </listPerson>
      </ab>
      <ab type="name" n="אחאב-Ahab">
         <ref spanTo="#d1e894"/>
         <listPerson>
            <person>
               <persName><ref spanTo="#d34e0"/>
               </persName>
               <persName><ref spanTo="#d37e0"/>
               </persName>
               <desc>Herod (1)’s relative</desc>
               <state type="provenance">
                  <note>—</note>
               </state>
               <bibl>BJ1:662;AJ15:250 (Schalit,NB21)</bibl>
               <state type="addl-Descr">
                  <note>—</note>
               </state>
               <floruit>4 BCE<ref spanTo="#d1e975"/>
               </floruit>
               <note xml:id="d1e913" n="1"> This is
                                    the way Josephus spells the name of this person. He spells the
                                    name of the Israelite king (Schalit, NB, 21). In LXX it is spelt(H &amp; R Suppl.
                                    27), see Introduction 2.1.1.1. Perhaps this man’s name was
                                    אחיאב. The form אחיאב is not biblical but is reported on a
                                    Hebrew First Temple seal (CWSSS
                                    no. 427) and from Elephantine (TADAE 2, 4.4). Note also that LXX transliterates the
                                    אחאב of Jerem 29:21 as(H &amp; R Suppl. 29). On the Greek
                                    transliteration of ח see Introduction 2.1.2.8. </note>
               <note xml:id="d1e938" n="2"> So he appears in AJ 17:270. On this Greek name see WGE, 61.</note>
               <note xml:id="d1e975" n="3"> On datings according to Josephus see Introduction
                            7.2.</note>
            </person>
         </listPerson>
      </ab>
      <ab type="name" n="אחי-Ahi">
         <ref spanTo="#d1e990"/>
         <listPerson>
            <person>
               <persName>אחא<ref spanTo="#d38e0"/>
               </persName>
               <desc>—</desc>
               <state type="provenance">
                  <note>—</note>
               </state>
               <bibl>tBer2:2 (Kasowski,Thosephthae, 101)</bibl>
               <state type="addl-Descr">
                  <note>—</note>
               </state>
               <floruit>Pre-200 CE<ref spanTo="#d1e1045"/>
               </floruit>
               <note xml:id="d1e1008" n="1"> In the Tosefta, this sage is designated
                                    אחי. In the form אחא this sage is probably mentioned in Mekh. dRI, 99. This indicates
                                    that אחא and אחי are variants of the same name. The form אחא is
                                    documented on ostraca of Israelites and Judaeans from the First
                                    Temple period (EBTHPN, 30) and
                                    on Semitic seals
                                    (CWSSS nos.
                                    548, 503 – Hebrew; 1014 – Moabite), and see Introduction
                                    2.4.2.1. Stark, PNPI, 66,
                                    believes the name derives from “sister” rather than
                                    “brother”.</note>
               <note xml:id="d1e1045" n="2"> Cites here a tradition in the name of R.
                                    Judah, see Introduction 7.5.1.3-4.</note>
            </person>
            <person>
               <persName>אחאי<ref spanTo="#d39e0"/>
               </persName>
               <desc>Josiah(1)’s son<ref spanTo="#d1e1071"/>
               </desc>
               <state type="provenance">
                  <note>—</note>
               </state>
               <bibl>Mekh. dRI, 9 (Kosovsky,Mechilta5*)</bibl>
               <state type="addl-Descr">
                  <note>—</note>
               </state>
               <floruit>Pre-200 CE<ref spanTo="#d1e1099"/>
               </floruit>
               <note xml:id="d1e1059" n="3"> Both אחי and אחאי are attested in the mss
                                    for this sage. On the difference, see Introduction 2.4.1.8. In
                                        Mekh. dRI, 305 we find a
                                    יוחנן בר יאשיה, but the mss suggest that this too be read as
                                    אחי. </note>
               <note xml:id="d1e1071" n="4"> Just as
                                    ר' יאשיה is seldom mentioned in the Mishnah and the Tosefta but
                                    is of great importance in the Mekh.
                                        dRI, which was composed by rabbinic school of that
                                    sage, so is this אחי mentioned only in this literature. I assume
                                    he is his son because he is occasionally designated אחי בר'
                                    יאשיה, e.g. Mekh. dRI,
                                324.</note>
               <note xml:id="d1e1099" n="5"> See Introduction 7.5.1.4.
                            </note>
            </person>
            <person>
               <persName>אחא<ref spanTo="#d40e0"/>
               </persName>
               <desc>Jacob (27)’s father</desc>
               <state type="provenance">
                  <note>Ossuary, Mt Scopus, Vitto, 1971</note>
               </state>
               <bibl>CJO, no. 396</bibl>
               <state type="addl-Descr">
                  <note>—</note>
               </state>
               <floruit>Pre-70 CE<ref spanTo="#d1e1132"/>
               </floruit>
               <note xml:id="d1e1110" n="6"> See above, n. 2.</note>
               <note xml:id="d1e1132" n="7"> For ossuary dating, see Introduction
                                    7.6.1.</note>
            </person>
            <person>
               <persName>אחאי<ref spanTo="#d41e0"/>
               </persName>
               <desc>—</desc>
               <state type="provenance">
                  <note>Ossuary, Mt Scopus, Kloner, 1975</note>
               </state>
               <bibl>CJO, no. 584</bibl>
               <state type="addl-Descr">
                  <note>—</note>
               </state>
               <floruit>Pre-70 CE<ref spanTo="#d1e1165"/>
               </floruit>
               <note xml:id="d1e1143" n="8"> See above, n. 4.</note>
               <note xml:id="d1e1165" n="9"> See above, n. 8.</note>
            </person>
            <person>
               <persName>—</persName>
               <desc>—</desc>
               <state type="provenance">
                  <note>Ossuary, Mt of Offence, Clermont-Ganneau,1874,CIJ, no. 1323<ref spanTo="#d1e1188"/>
                  </note>
               </state>
               <bibl>Puech,RB90 (1983) 501</bibl>
               <state type="addl-Descr">
                  <note>—</note>
               </state>
               <floruit>Pre-70 CE<ref spanTo="#d1e1214"/>
               </floruit>
               <note xml:id="d1e1188" n="10"> Puech,
                                        RB 90 (1983) 501, suggests
                                    that this may simply mean “brother,” namely the inscription
                                    reads “Ishmael, my brother” and see also מרים אחותי בלבדא (only
                                    my sister Mariam) in Avigad, BIES 25 (1961) 143 (Mariam no. 61 B/F). However, see
                                    Misgav, Ossuaries,
                                52.</note>
               <note xml:id="d1e1214" n="11"> See above, n. 8.</note>
            </person>
            <person>
               <persName>אחוהי<ref spanTo="#d42e0"/>
               </persName>
               <desc>His son</desc>
               <state type="provenance">
                  <note>Papyrus, list, Jericho</note>
               </state>
               <bibl>Jer 1</bibl>
               <state type="addl-Descr">
                  <note>—</note>
               </state>
               <floruit>Post-323 BCE<ref spanTo="#d1e1257"/>
               </floruit>
               <note xml:id="d1e1226" n="12"> This form is not recorded in any
                                    document that I have seen. For this reason H. Eshel, DJD 38, 28, suggested that בן
                                    אחוהי means “son of his brother.” However, the form does not fit
                                    the character of the list, and we do have the form אחיהו
                                    documented on a Hebrew seal from the First Temple period (CWSSS, n. 55). The form אחיו is
                                    documented both on ostraca from Persian and Hellenistic Egypt,
                                    (e.g. TADAE 4, 161) and for
                                    Nabateans (Negev,
                                    Qedem 32,
                                    no. 60).</note>
               <note xml:id="d1e1257" n="13"> On dating of this document see
                                    Introduction 7.7.1.</note>
            </person>
         </listPerson>
      </ab>
      <ab type="name" n="אחיה-Ahiah">
         <ref spanTo="#d1e1269"/>
         <listPerson>
            <person>
               <persName>—</persName>
               <desc>Temple official<ref spanTo="#d1e1287"/>
               </desc>
               <state type="provenance">
                  <note>—</note>
               </state>
               <bibl>mSheq5:1 (Kasovsky,Mishnae, 64)</bibl>
               <state type="addl-Descr">
                  <note>—</note>
               </state>
               <floruit>Pre-70 CE<ref spanTo="#d1e1309"/>
               </floruit>
               <note xml:id="d1e1287" n="1"> In Hebrew – ממונה על
                                הנסכים.</note>
               <note xml:id="d1e1309" n="2"> Associated with the Temple, see
                                    Introduction 7.5.1.1.</note>
            </person>
            <person>
               <persName>—</persName>
               <desc>His son, Temple official<ref spanTo="#d1e1323"/>
               </desc>
               <state type="provenance">
                  <note>—</note>
               </state>
               <bibl>mSheq5:1 (Kasovsky,Mishnae, 64)</bibl>
               <state type="addl-Descr">
                  <note>—</note>
               </state>
               <floruit>Pre-70 CE<ref spanTo="#d1e1345"/>
               </floruit>
               <note xml:id="d1e1323" n="3"> In Hebrew – על חולי
                                    מעים.</note>
               <note xml:id="d1e1345" n="4"> Associated with the Temple, see
                                    Introduction 7.5.1.1.</note>
            </person>
            <person>
               <persName>—</persName>
               <desc>Martyr</desc>
               <state type="provenance">
                  <note>—</note>
               </state>
               <bibl>bTaan18b (Kosowsky,Babylonico, 150)</bibl>
               <state type="addl-Descr">
                  <note>Fictitious<ref spanTo="#d1e1375"/>
                  </note>
               </state>
               <floruit>Pre-117 CE<ref spanTo="#d1e1385"/>
               </floruit>
               <note xml:id="d1e1375" n="5"> See above, Introduction 6.2. אחיה and
                                    שמעיה are mentioned as two brothers martyred by the emperor
                                    Trajan, but the reliability of this tradition is suspect not
                                    only because it is not recorded earlier than BT, but also
                                    because on the same talmudic page two other famous brothers who
                                    were martyred by Trajan – Pappus no. 4
                                        G/M an Lollianus no. 1 L/M – are mentioned in an
                                    alternative tradition.</note>
               <note xml:id="d1e1385" n="6"> Described as a martyr in the days of
                                    the Emperor Trajan (bTaan 18b),
                                    who died at 117 CE.</note>
            </person>
         </listPerson>
      </ab>
      <ab type="name" n="אלחנן-Elhanan">
         <ref spanTo="#d1e1396"/>
         <listPerson>
            <person>
               <persName>—</persName>
               <desc>Murdered by Eleazar (71)</desc>
               <state type="provenance">
                  <note>—</note>
               </state>
               <bibl>S of S Zuta8:14<ref spanTo="#d1e1422"/>
               </bibl>
               <state type="addl-Descr">
                  <note>Fictitious<ref spanTo="#d1e1434"/>
                  </note>
               </state>
               <floruit>66-70 CE<ref spanTo="#d1e1453"/>
               </floruit>
               <note xml:id="d1e1422" n="1"> The name is only
                                    found in the text published by Lieberman, Greek, 180. </note>
               <note xml:id="d1e1434" n="2"> See
                                    Introduction 6.2.3. Lieberman identifies this אלחנן with Hanan no. 4. If Lieberman’s
                                    identification is not accepted, one has to agree that this
                                    person is fictitious, because he first appears in such a late
                                    midrash, see Introduction 6.2.3. S
                                        of S Zuta is dated to the middle of the 10th C CE (S. Schechter, “Corrections
                                    and Notes to Agadath Shir Hashirim: Postscript,” JQR O.S. 8 [1895] 316-20), and its
                                    transmitters are not likely to have preserved reliable
                                    traditions.</note>
               <note xml:id="d1e1453" n="3"> The pericope describes an event that took
                                    place in Jerusalem during the war against
                            Rome.</note>
            </person>
            <person>
               <persName>[א]לחנן<ref spanTo="#d43e0"/>
               </persName>
               <desc>—</desc>
               <state type="provenance">
                  <note>Ossuary, Shu‘afat, Abel, 1913</note>
               </state>
               <bibl>CIJ, no. 1215</bibl>
               <state type="addl-Descr">
                  <note>Palmyra<ref spanTo="#d1e1484"/>
                  </note>
               </state>
               <floruit>Pre-70 CE<ref spanTo="#d1e1491"/>
               </floruit>
               <note xml:id="d1e1464" n="4"> This is the suggested reading of the
                                    editor.</note>
               <note xml:id="d1e1484" n="5"> See
                                    Introduction 6.3.1.1. </note>
               <note xml:id="d1e1491" n="6"> On ossuary dating see Introduction
                                    7.6.1.</note>
            </person>
         </listPerson>
      </ab>
      <ab type="name" n="אליהו - Elijah">
         <ref spanTo="#d1e1503"/>
         <listPerson>
            <person>
               <persName>
                  <div xmlns="http://www.tei-c.org/ns/1.0">—</div>
               </persName>
               <desc>Of Yoqneam<ref spanTo="#d1e1529"/>
               </desc>
               <state type="provenance">
                  <note>Dedicatory Inscription Mt Gerizim</note>
               </state>
               <bibl>Misgav,Qadmoniont33 (2001) 130</bibl>
               <state type="addl-Descr">
                  <note>Samaritan<ref spanTo="#d1e1550"/>
                  </note>
               </state>
               <floruit>
                  <div xmlns="http://www.tei-c.org/ns/1.0">2ndC BCE<ref xmlns="" spanTo="#d1e1563"/>
                  </div>
               </floruit>
               <note xml:id="d1e1529" n="1"> In Hebrew – מן יקמעם.</note>
               <note xml:id="d1e1550" n="2"> See Introduction 6.3.4.</note>
               <note xml:id="d1e1563" n="3">
                                            On the date of the Samaritan
                                                inscriptions, see Introduction
                                        7.6.6.</note>
            </person>
         </listPerson>
      </ab>
      <ab type="name" n="אליועיני-Elyoeini">
         <ref spanTo="#d1e1578"/>
         <listPerson>
            <person>
               <persName><ref spanTo="#d46e0"/>
               </persName>
               <desc>Priest</desc>
               <state type="provenance">
                  <note>—</note>
               </state>
               <bibl>AJ19:342 (Schalit,NB, 43); mPar3:5 (Kasovsky,Mishnae, 162).</bibl>
               <state type="addl-Descr">
                  <note>—</note>
               </state>
               <floruit>44 CE<ref spanTo="#d1e1668"/>
               </floruit>
               <note xml:id="d1e1600" n="1"> This is
                                    the version found in Josephus. Rabbinic literature has אליועיני.
                                    Josephus does not record a biblical figure by this name. LXX
                                        has(H &amp; R Suppl. 57),
                                    , , , , , , or(H
                                    &amp; R Suppl. 58). See also Introduction 2.1.1.1.</note>
               <note xml:id="d1e1668" n="2"> On dating according to Josephus see
                                    Introduction 7.2.</note>
            </person>
            <person>
               <persName>אליעני<ref spanTo="#d47e0"/>
               </persName>
               <desc>—<ref spanTo="#d1e1686"/>
               </desc>
               <state type="provenance">
                  <note>Seal</note>
               </state>
               <bibl>Avigad,EI16 (1982) 1</bibl>
               <state type="addl-Descr">
                  <note>—</note>
               </state>
               <floruit>1stC CE<ref spanTo="#d1e1714"/>
               </floruit>
               <note xml:id="d1e1679" n="3"> In ancient Hebrew script, see Introduction
                                    2.8.1. This is an abbreviated version of the biblical name.
                                    Names on seals may be abbreviated, for lack of space, and see
                                    also under Jonathan no. 14.</note>
               <note xml:id="d1e1686" n="4"> Eshel, Zion 64
                                    (1999) 503-4, claims that this Eliyoeini is the same as Eliyoeini no. 1, see Introduction
                                        3.3.</note>
               <note xml:id="d1e1714" n="5"> The seal is dated so
                                    paleographically by Avigad, EI
                                    16 (1982) 1.</note>
            </person>
         </listPerson>
      </ab>
      <ab type="name" n="אלישיב-Elyashib">
         <ref spanTo="#d1e1729"/>
         <listPerson>
            <person>
               <persName>—</persName>
               <desc>Of his sons</desc>
               <state type="provenance">
                  <note>Papyrus, marriage contract, Muraba‘at</note>
               </state>
               <bibl>Mur 20</bibl>
               <state type="addl-Descr">
                  <note>Family<ref spanTo="#d1e1758"/>
                  </note>
               </state>
               <floruit>117 CE<ref spanTo="#d1e1765"/>
               </floruit>
               <note xml:id="d1e1758" n="1"> See
                                    Introduction 6.1.2. On priestly courses as family names see
                                    Stern, “Aspects of Jewish Society,” 591.</note>
               <note xml:id="d1e1765" n="2"> On dating of the Dead Sea documents see
                                    Introduction 7.7.</note>
            </person>
         </listPerson>
      </ab>
      <ab type="name" n="אלישע-Elisha">
         <ref spanTo="#d1e1778"/>
         <listPerson>
            <person>
               <persName><ref spanTo="#d49e0"/>
               </persName>
               <desc>Of the LXX translators</desc>
               <state type="provenance">
                  <note>—</note>
               </state>
               <bibl>Arist47</bibl>
               <state type="addl-Descr">
                  <note>Fictitious<ref spanTo="#d1e1826"/>
                  </note>
               </state>
               <floruit>3rdC BCE<ref spanTo="#d1e1845"/>
               </floruit>
               <note xml:id="d1e1794" n="1"> This is also Josephus’ rendering of the
                                    name (Schalit, NB, 43). LXX has  or (H
                                    &amp; R Suppl. 58), see Introduction 2.1.1.1. On the double , see
                                    Introduction 2.1.2.6.</note>
               <note xml:id="d1e1826" n="2"> On Arist
                                    see Introduction 6.2.1, and Cohen, JSJ 15 (1984) 48-50. The name is recorded elsewhere in
                                    Egyptian antiquity (Preisigke, NB,
                                    98).</note>
               <note xml:id="d1e1845" n="3"> On dating of Arist see Introduction
                                    7.1.1.</note>
            </person>
            <person>
               <persName><ref spanTo="#d51e0"/>
               </persName>
               <desc>Of the LXX translators</desc>
               <state type="provenance">
                  <note>—</note>
               </state>
               <bibl>Arist48</bibl>
               <state type="addl-Descr">
                  <note>Fictitious<ref spanTo="#d1e1880"/>
                  </note>
               </state>
               <floruit>3rdC BCE<ref spanTo="#d1e1890"/>
               </floruit>
               <note xml:id="d1e1860" n="4"> See above, n. 2.</note>
               <note xml:id="d1e1880" n="5"> See above, n. 3.</note>
               <note xml:id="d1e1890" n="6"> See above, n.
                                    4.</note>
            </person>
            <person>
               <persName><ref spanTo="#d53e0"/>
               </persName>
               <desc>Of the LXX translators</desc>
               <state type="provenance">
                  <note>—</note>
               </state>
               <bibl>Arist50</bibl>
               <state type="addl-Descr">
                  <note>Fictitious<ref spanTo="#d1e1922"/>
                  </note>
               </state>
               <floruit>3rdC BCE<ref spanTo="#d1e1932"/>
               </floruit>
               <note xml:id="d1e1902" n="7"> See above, n. 2.</note>
               <note xml:id="d1e1922" n="8"> See above, n. 3.</note>
               <note xml:id="d1e1932" n="9"> See above, n.
                                    4.</note>
            </person>
            <person>
               <persName><ref spanTo="#d55e0"/>
               </persName>
               <desc>Priest</desc>
               <state type="provenance">
                  <note>—</note>
               </state>
               <bibl>AJ12:97 (Schalit,NB, 43)</bibl>
               <state type="addl-Descr">
                  <note>Fictitious<ref spanTo="#d1e1967"/>
                  </note>
               </state>
               <floruit>3rdC BCE<ref spanTo="#d1e1986"/>
               </floruit>
               <note xml:id="d1e1944" n="10"> See above, n. 2.</note>
               <note xml:id="d1e1967" n="11"> See Introduction 6.2. This priest,
                                    according to Josephus, is the speaker of the seventy
                                    translators, and not Eleazar no.
                                        2 who was high priest at the time, and who did not,
                                    himself go to Egypt with the translators. Arist 184 has  here. This
                                    priest is unknown from other sourcess and as the entire story is
                                    fictitious, he should be viewed as such as well.</note>
               <note xml:id="d1e1986" n="12"> See above, n. 4.
                                    Josephus’ source for the story of the translation of LXX is Arist, see e.g. H. W. Attridge,
                                    “Josephus and His Works,” in M. E. Stone (ed.), Jewish Writings of the Second Temple Period:
                                        Apocrypha, Pseudepgrapha, Qumran Sectarian Writings, Philo,
                                        Josephus (Compendia Rereum Iudaicarum ad Novum
                                    Testamentum; Assen-Philadelphia 1984) 212.</note>
            </person>
            <person>
               <persName><ref spanTo="#d57e0"/>
               </persName>
               <desc>Caesarean Jew</desc>
               <state type="provenance">
                  <note>—</note>
               </state>
               <bibl>Clementine Homilies 2:1 (PG2, 77)</bibl>
               <state type="addl-Descr">
                  <note>Fictitious<ref spanTo="#d1e2025"/>
                  </note>
               </state>
               <floruit>30s-40s CE<ref spanTo="#d1e2032"/>
               </floruit>
               <note xml:id="d1e2004" n="13"> See above, n. 2.</note>
               <note xml:id="d1e2025" n="14"> All figures appearing in apocryphal
                                    Christian documents are considered fictitious, see Introduction
                                    6.2.2.</note>
               <note xml:id="d1e2032" n="15"> The time described in this text is while
                                    Peter was still in Palestine, not long after Jesus’
                                    crucifixion.</note>
            </person>
            <person>
               <persName>—</persName>
               <desc>Abba (3)’s son</desc>
               <state type="provenance">
                  <note>—</note>
               </state>
               <bibl>mAb4:20 (Kasovsky,Mishnae, 164)</bibl>
               <state type="addl-Descr">
                  <note>—</note>
               </state>
               <floruit>Pre-135 CE<ref spanTo="#d1e2065"/>
               </floruit>
               <note xml:id="d1e2065" n="16">
                                    yHag 2:1, 77b decribes this
                                    person’s biography from his birth in Jerusalem, to his apostacy
                                    during the Bar Kokhba Revolt, see Introduction
                                7.5.1.2.</note>
            </person>
            <person>
               <persName>—</persName>
               <desc>Ishmael (4)’s father</desc>
               <state type="provenance">
                  <note>—</note>
               </state>
               <bibl>tShab1:13 (Kasowski,Thosephthae, 303)</bibl>
               <state type="addl-Descr">
                  <note>—</note>
               </state>
               <floruit>Pre 135 CE<ref spanTo="#d1e2100"/>
               </floruit>
               <note xml:id="d1e2100" n="17"> See Introduction 7.5.1.2. On the
                                    chronological difficulties with this person, see under Ishmael
                                    no. 4.</note>
            </person>
            <person>
               <persName>—</persName>
               <desc>Of the wings<ref spanTo="#d1e2114"/>
               </desc>
               <state type="provenance">
                  <note>—</note>
               </state>
               <bibl>bShab48a (Kosowsky,Babylonico, 206)</bibl>
               <state type="addl-Descr">
                  <note>—</note>
               </state>
               <floruit>Pre-135 CE<ref spanTo="#d1e2136"/>
               </floruit>
               <note xml:id="d1e2114" n="18"> In Hebrew – בעל כנפיים.</note>
               <note xml:id="d1e2136" n="19"> In BT, we are told that this אלישע
                                    defied the Roman decrees against wearing phylacteries (probably
                                    in 135 CE) and was saved by a miracle. This story is obviously
                                    fictitious. However, a person by this name is also mentioned in
                                    PT
                                    (yBer 2:3,
                                    4c), but there no story is told so the only chronological
                                    indication about his time is the story in BT. Thus he may
                                    actually be a real (even late) person, who was transported by BT
                                    to an earlier period.</note>
            </person>
            <person>
               <persName>—<ref spanTo="#d58e0"/>
               </persName>
               <desc>—</desc>
               <state type="provenance">
                  <note>Ossuary, Mt Scopus</note>
               </state>
               <bibl>Weksler,Atiqot35 (1998) 33*</bibl>
               <state type="addl-Descr">
                  <note>—</note>
               </state>
               <floruit>Pre-70 CE<ref spanTo="#d1e2173"/>
               </floruit>
               <note xml:id="d1e2150" n="20"> In ancient Hebrew script. On the use of
                                    this script see Introduction 2.8.1.</note>
               <note xml:id="d1e2173" n="21"> For ossuary dating see Introduction
                                    7.6.1.</note>
            </person>
            <person>
               <persName>—</persName>
               <desc>—</desc>
               <state type="provenance">
                  <note>Papyrus, letter, Heber</note>
               </state>
               <bibl>PYadin 53</bibl>
               <state type="addl-Descr">
                  <note>—</note>
               </state>
               <floruit>132-5 CE<ref spanTo="#d1e2200"/>
               </floruit>
               <note xml:id="d1e2200" n="22"> On dating of the Dead Sea documents
                                    see Introduction 7.7.</note>
            </person>
            <person>
               <persName>אלישוע<ref spanTo="#d59e0"/>
               </persName>
               <desc>—</desc>
               <state type="provenance">
                  <note>Parchment, “Qumran”<ref spanTo="#d1e2221"/>
                  </note>
               </state>
               <bibl>4Q342</bibl>
               <state type="addl-Descr">
                  <note>—</note>
               </state>
               <floruit>Pre-135 CE<ref spanTo="#d1e2235"/>
               </floruit>
               <note xml:id="d1e2211" n="23"> On this longer form see Introduction
                                    2.6.1.</note>
               <note xml:id="d1e2221" n="24"> For the correct
                                    provenance of these documents see Introduction
                                4.5.4.1.</note>
               <note xml:id="d1e2235" n="25"> See above, n. 23.</note>
            </person>
         </listPerson>
      </ab>
      <ab type="name" n="אלנתן-Elnathan">
         <ref spanTo="#d1e2246"/>
         <listPerson>
            <person>
               <persName>אלינתן<ref spanTo="#d60e0"/>
               </persName>
               <desc>Nehonia (3)’s father</desc>
               <state type="provenance">
                  <note>—</note>
               </state>
               <bibl>mEd6:2 (Kasovsky,Mishnae, 162)</bibl>
               <state type="addl-Descr">
                  <note>—</note>
               </state>
               <floruit>Pre-135 CE<ref spanTo="#d1e2286"/>
               </floruit>
               <note xml:id="d1e2261" n="1"> On this longer form see Introduction
                                        2.6.1.</note>
               <note xml:id="d1e2286" n="2"> In
                                        mEd 6:2
                                        his son is a contemporary of R. Joshua, see Introduction
                                        7.5.1.2.</note>
            </person>
            <person>
               <persName>—</persName>
               <desc>—</desc>
               <state type="provenance">
                  <note>Ostracon, Gezer</note>
               </state>
               <bibl>Seger,BASOR264 (1986) 58</bibl>
               <state type="addl-Descr">
                  <note>—</note>
               </state>
               <floruit>3rdC BCE<ref spanTo="#d1e2322"/>
               </floruit>
               <note xml:id="d1e2322" n="3"> On
                                        inscribed material from Gezer see Introduction
                                    7.6.4.</note>
            </person>
         </listPerson>
      </ab>
      <ab type="name" n="אלעזר-Eleazar">
         <ref spanTo="#d1e2333"/>
         <listPerson>
            <person>
               <persName><ref spanTo="#d62e0"/>
               </persName>
               <desc>Joshua (1)’s grandfather<ref spanTo="#d1e2359"/>
               </desc>
               <state type="provenance">
                  <note>—</note>
               </state>
               <bibl>Sirach50:27 (H &amp; R Suppl. 56)</bibl>
               <state type="addl-Descr">
                  <note>—</note>
               </state>
               <floruit>3rdC BCE<ref spanTo="#d1e2393"/>
               </floruit>
               <note xml:id="d1e2349" n="1"> This is the regular LXX
                                            orthography of this name (H &amp; R Suppl. 56), see
                                            Introduction 2.1.1. Sirach is of course part of LXX.</note>
               <note xml:id="d1e2359" n="2"> Stern, Zion 26 (1961) 21
                                            (particularly n. 119), suggested that the name אלעזר /
                                                 was most popular among priests.
                                            Now, however, with the large number of persons bearing
                                            this name at our disposal, most of them nondescript,
                                            this theory is hard to uphold. Whether the Ben Sira
                                            family was a priestly one is also not absolutely clear,
                                            see Stern, “Aspects of Jewish Society,” 562. Klein,
                                            Lĕšonénu 1
                                            (1929) 341, interpreted the name סירא as an Aramaic
                                            translation of the Hebrew priestly course name – הקוץ
                                                (Akos), and see under
                                            it.</note>
               <note xml:id="d1e2393" n="3"> Ben Sira’s grandson declares in
                                            the colophon to the Greek
                                            Sirach that
                                            he translated the book into Greek after the 38th year of the
                                            reign of Ptolemy Euergetes (=132 BCE). This means that
                                            his grandfather and relatives and contemporaries
                                            mentioned in the book date to the 3rd early 2nd C BCE. See also
                                            Introduction, 1.1.1.2.2.</note>
            </person>
            <person>
               <persName><ref spanTo="#d64e0"/>
               </persName>
               <desc>Priest</desc>
               <state type="provenance">
                  <note>—</note>
               </state>
               <bibl>Arist35; AJ1:11 (Schalit,NB, 42).</bibl>
               <state type="addl-Descr">
                  <note>—</note>
               </state>
               <floruit>3rdC BCE<ref spanTo="#d1e2460"/>
               </floruit>
               <note xml:id="d1e2417" n="4"> This is the way the name of
                                            this person is spelt both in Josephus and in
                                            Arist and
                                            1 Macc. This is also Josephus’ orthography for this
                                            biblical figure (Schalit, NB,
                                            42). See Introduction 2.1.1.1.</note>
               <note xml:id="d1e2460" n="5"> On dating of Arist see
                                            Introduction 7.1.1. See also Introduction, 1.1.1.2.2.
                                            Whether this name should be viewed in the same
                                            fictitious category as the other names in Arist is a complicated question.
                                            This person is also mentioned by Josephus, not just in
                                                AJ 1, where he is
                                            first mentioned, but continually in
                                            AJ 12,
                                                and may be a historical
                                                figure. On dating in Josephus see Introduction
                                            7.2.</note>
            </person>
            <person>
               <persName><ref spanTo="#d66e0"/>
               </persName>
               <persName>אליעזר<ref spanTo="#d69e0"/>
               </persName>
               <desc>Of the LXX translators</desc>
               <state type="provenance">
                  <note>—</note>
               </state>
               <bibl>Arist50</bibl>
               <state type="addl-Descr">
                  <note>Fictitious<ref spanTo="#d1e2570"/>
                  </note>
               </state>
               <floruit>3rdC BCE<ref spanTo="#d1e2588"/>
               </floruit>
               <note xml:id="d1e2484" n="6"> See above, n. 5.</note>
               <note xml:id="d1e2490" n="7"> So according to Epiphanius, in the Syriac script
                                            (Wendland, Aristeae,
                                            143), see Introduction 2.8.3. On this longer version and
                                            other such names see Introduction 2.6.1. The names אלעזר
                                            and אליעזר were distinct one from the other both in the
                                            Hebrew Bible (אלעזר – Aaron’s son, Exod 6:23; אליעזר –
                                            Abraham’s slave, Gen 15:2) and in rabbinic literature.
                                            For example, when a ר' אליעזר is mentioned in rabbinic
                                            literature, the sources only ever refer to ר' אליעזר בן
                                            הורקנוס (Eleazar no. 39),
                                            the outspoken disciple of רבן יוחנן בן זכאי (Yohanan no. 30). אלעזר,
                                            on the other hand, can refer to any number of rabbis,
                                            אלעזר בן עזריה (Eleazar no. 43), אלעזר בן ערך (Eleazar
                                            no. 40), אלעזר המודעי (Eleazar no. 42) etc.
                                            Nevertheless, this distinction does not seem to have
                                            carried that much weight in our documentation system. ר'
                                            אליעזר בנו של ר' יוסי הגלילי (Eleazar no. 36), for example, is known so in
                                            the Mishnah (mSot 5:3),
                                            but in the Tosefta (Erfurt Ms. printed in the
                                            Zukermandel edition) he is documented both as אליעזר
                                                (tShab 17:2; tSot 5:12; 6:3, 6, 9;
                                                tAZ 1:17) and אלעזר
                                                (tSan 1:2; tArak 5:19). Josephus
                                            knows of no אליעזר; he names the biblical אליעזר son of
                                            Moses  (AJ 2:277-8 and
                                            also Schlatter, HN,
                                            17). He mentions seventeen people by the name of . This is strange, because the
                                            Septuagint clearly makes the distinction between (Exod 6:23) and (Exod
                                            18:4). Further on this topic see below, n. 108 on ר
                                            אליעזר הקפר. Kasovsky, Mishnae, 162, suggests that אלעזר was a
                                            priestly name, while אליעזר was used by all others. On
                                            אלעזר as a priestly name see above, n. 3. For rabbinic
                                            etymology of the name אליעזר, see Harduf, Biblical Names, 20-1.</note>
               <note xml:id="d1e2570" n="8"> On Arist see Introduction 6.2.1, and Cohen, JSJ 15 (1984) 50. The
                                            name is recorded elsewhere in Egyptian antiquity
                                            (Preisigke, NB, 97). See also
                                            Introduction 1.1.1.2.1.</note>
               <note xml:id="d1e2588" n="9">
                                            On dating of Aristeas see
                                            Introduction 7.1.1.</note>
            </person>
            <person>
               <persName><ref spanTo="#d71e0"/>
               </persName>
               <desc>The Hasmonean<ref spanTo="#d1e2610"/>
               </desc>
               <state type="provenance">
                  <note>—</note>
               </state>
               <bibl>1 Macc 2:5 (H &amp; R Suppl. 56); BJ1:42;AJ12:266 (Schalit,NB, 42)<ref spanTo="#d1e2633"/>.</bibl>
               <state type="addl-Descr">
                  <note>—</note>
               </state>
               <floruit>167-165 BCE<ref spanTo="#d1e2645"/>
               </floruit>
               <note xml:id="d1e2603" n="10"> See above, n. 5.</note>
               <note xml:id="d1e2610" n="11"> See
                                            Introduction, 1.1.1.2.3.</note>
               <note xml:id="d1e2633" n="12"> On the relationship between
                                                  Josephus and 1 Macc see Introduction 5.1.1. On the
                                                  absence of the first generation Hasmoneans from
                                                  rabbinic literature see Introduction
                                                  1.1.1.2.4.</note>
               <note xml:id="d1e2645" n="13"> On dating
                                            in 1 Macc see Introduction 7.1.2.</note>
            </person>
            <person>
               <persName><ref spanTo="#d73e0"/>
               </persName>
               <desc>Jason (3)’s father<ref spanTo="#d1e2664"/>
               </desc>
               <state type="provenance">
                  <note>—</note>
               </state>
               <bibl>1 Macc 8:17 (H &amp; R Suppl. 56); AJ12:415 (Schalit,NB, 42)<ref spanTo="#d1e2687"/>.</bibl>
               <state type="addl-Descr">
                  <note>—</note>
               </state>
               <floruit>161 BCE<ref spanTo="#d1e2702"/>
               </floruit>
               <note xml:id="d1e2657" n="14"> See above, n. 5.</note>
               <note xml:id="d1e2664" n="15"> Stern, Zion 26 (1961) 21, identifies
                                            this man as a priest based on his name, but see above,
                                            n. 3.</note>
               <note xml:id="d1e2687" n="16"> See
                                                  above, n. 13.</note>
               <note xml:id="d1e2702" n="17"> See above, n. 14. See also
                                            Introduction, 1.1.1.2.2.</note>
            </person>
            <person>
               <persName><ref spanTo="#d75e0"/>
               </persName>
               <desc>Martyr</desc>
               <state type="provenance">
                  <note>—</note>
               </state>
               <bibl>2 Macc 5:18 (H &amp; R Suppl. 56)<ref spanTo="#d1e2728"/>
               </bibl>
               <state type="addl-Descr">
                  <note>—</note>
               </state>
               <floruit>168 BCE<ref spanTo="#d1e2739"/>
               </floruit>
               <note xml:id="d1e2715" n="18"> See above, n. 5.</note>
               <note xml:id="d1e2728" n="19"> On the independence of 2 Macc see Introduction
                                            5.1.2.</note>
               <note xml:id="d1e2739" n="20"> On dating in 2 Macc see
                                            Introduction 7.1.3.</note>
            </person>
            <person>
               <persName><ref spanTo="#d77e0"/>
               </persName>
               <desc>Dinai (1)’s son</desc>
               <state type="provenance">
                  <note>—</note>
               </state>
               <bibl>BJ2:235;AJ20:121 (Schalit,NB, 42); mSot9:9 (Kasovsky,Mishnae, 166).</bibl>
               <state type="addl-Descr">
                  <note>—</note>
               </state>
               <floruit>50 CE<ref spanTo="#d1e2792"/>
               </floruit>
               <note xml:id="d1e2751" n="21"> For this form see above, n. 5.
                                            Rabbinic literature has אלעזר.</note>
               <note xml:id="d1e2792" n="22"> On datings in Josephus see
                                            Introduction 7.2.</note>
            </person>
            <person>
               <persName><ref spanTo="#d79e0"/>
               </persName>
               <desc>Hananiah (3)’s son<ref spanTo="#d1e2811"/>
               </desc>
               <state type="provenance">
                  <note>—</note>
               </state>
               <bibl>BJ2:409;AJ20:208 (Schalit,NB, 42)</bibl>
               <state type="addl-Descr">
                  <note>—</note>
               </state>
               <floruit>66 CE<ref spanTo="#d1e2866"/>
               </floruit>
               <note xml:id="d1e2804" n="23"> See above, n. 5.</note>
               <note xml:id="d1e2811" n="24"> The
                                            identity of Josephus’ Eleazar is
                                            a complicated one. If the Hananiah mentioned as his
                                            father is the High Priest  (Hananiah no.
                                                2), as AJ 20:208 suggests, than he cannot be identified
                                            with the אלעזר בן חנניה of Megilat Taanit (as suggested
                                            for example by Graetz
                                            Geschichte der Juden 3,
                                            494-502, and see under Hananiah no. 19 and Eleazar no. 61), simply
                                            because this person is חנניה בן חזקיה בן גרון, a famous
                                            member of the faction of Beit Shammai (mShab 1:4). On the problems of
                                            these identifications, see Ilan &amp; Price, JQR 84 (1993) 203-7,
                                            and particularly n. 61.</note>
               <note xml:id="d1e2866" n="25"> See above, n.
                                        23.</note>
            </person>
            <person>
               <persName><ref spanTo="#d81e0"/>
               </persName>
               <desc>Yair (1)’s son</desc>
               <state type="provenance">
                  <note>—</note>
               </state>
               <bibl>BJ2:447 (Schalit,NB, 42)</bibl>
               <state type="addl-Descr">
                  <note>—</note>
               </state>
               <floruit>66-73 CE<ref spanTo="#d1e2903"/>
               </floruit>
               <note xml:id="d1e2878" n="26"> See above, n. 5.</note>
               <note xml:id="d1e2903" n="27"> See above,
                                            n. 23.</note>
            </person>
            <person>
               <persName><ref spanTo="#d83e0"/>
               </persName>
               <persName>Eleazarus<ref spanTo="#d85e0"/>
               </persName>
               <desc>Zealot, Simon (14)’s son<ref spanTo="#d1e2929"/>
               </desc>
               <state type="provenance">
                  <note>—</note>
               </state>
               <bibl>BJ2:564 (Schalit,NB, 42); Tacitus,GLAJJ2: 23.</bibl>
               <state type="addl-Descr">
                  <note>—</note>
               </state>
               <floruit>66-70 CE<ref spanTo="#d1e2964"/>
               </floruit>
               <note xml:id="d1e2915" n="28"> For this form see above, n.
                                            5.</note>
               <note xml:id="d1e2919" n="29"> This is the
                                            way this person’s name is
                                            spelt by Tacitus.</note>
               <note xml:id="d1e2929" n="30"> On the confused identity of this Eleazar see Ilan
                                            &amp; Price, JQR 84
                                            (1993) 203-7.</note>
               <note xml:id="d1e2964" n="31"> See above,
                                            n. 23.</note>
            </person>
            <person>
               <persName><ref spanTo="#d87e0"/>
               </persName>
               <desc>Priest, Neus (1)’s son<ref spanTo="#d1e2983"/>
               </desc>
               <state type="provenance">
                  <note>—</note>
               </state>
               <bibl>BJ2:566 (Schalit,NB, -)</bibl>
               <state type="addl-Descr">
                  <note>—</note>
               </state>
               <floruit>66 CE<ref spanTo="#d1e3014"/>
               </floruit>
               <note xml:id="d1e2976" n="32"> See above, n. 5.</note>
               <note xml:id="d1e2983" n="33"> This  has occasionally been identified
                                            with אלעזר בן חנניה (Eleazar no. 8, e.g. Schalit NB, 42) but see Ilan
                                            &amp; Price, JQR 84
                                            (1993) 203, n. 58.</note>
               <note xml:id="d1e3014" n="34"> See above, n.
                                        23.</note>
            </person>
            <person>
               <persName><ref spanTo="#d89e0"/>
               </persName>
               <desc>Samuel (4)’s son</desc>
               <state type="provenance">
                  <note>—</note>
               </state>
               <bibl>BJ3:229 (Schalit,NB, 42)</bibl>
               <state type="addl-Descr">
                  <note>—</note>
               </state>
               <floruit>67 CE<ref spanTo="#d1e3053"/>
               </floruit>
               <note xml:id="d1e3028" n="35"> See above, n. 5.</note>
               <note xml:id="d1e3053" n="36"> See above, n.
                                        23.</note>
            </person>
            <person>
               <persName><ref spanTo="#d91e0"/>
               </persName>
               <desc>Simon (13)’s relative</desc>
               <state type="provenance">
                  <note>—</note>
               </state>
               <bibl>BJ4:518 (Schalit,NB, 42)</bibl>
               <state type="addl-Descr">
                  <note>—</note>
               </state>
               <floruit>68 CE<ref spanTo="#d1e3090"/>
               </floruit>
               <note xml:id="d1e3065" n="37"> See above, n. 5.</note>
               <note xml:id="d1e3090" n="38"> See above, n.
                                        23.</note>
            </person>
            <person>
               <persName><ref spanTo="#d93e0"/>
               </persName>
               <desc>Mannaius (1)’s father</desc>
               <state type="provenance">
                  <note>—</note>
               </state>
               <bibl>BJ5:567 (Schalit,NB, 42)</bibl>
               <state type="addl-Descr">
                  <note>—</note>
               </state>
               <floruit>70 CE<ref spanTo="#d1e3142"/>
               </floruit>
               <note xml:id="d1e3102" n="39"> The form  or  is
                                            a colloquial form of , see
                                            Introduction 2.5.2. In later literature in Palestinian
                                            Hebrew the equivalent
                                            forms of לעזר and ליעזר are documented (e.g. Kosovsky,
                                                Yerushalmi, 100,
                                            111).</note>
               <note xml:id="d1e3142" n="40"> See above, n.
                                        23.</note>
            </person>
            <person>
               <persName><ref spanTo="#d95e0"/>
               </persName>
               <desc>Mariam (7)’s father</desc>
               <state type="provenance">
                  <note>—</note>
               </state>
               <bibl>BJ6:201 (Schalit,NB, 42)</bibl>
               <state type="addl-Descr">
                  <note>—</note>
               </state>
               <floruit>70 CE<ref spanTo="#d1e3179"/>
               </floruit>
               <note xml:id="d1e3154" n="41"> See above, n. 5.</note>
               <note xml:id="d1e3179" n="42"> See above, n.
                                        23.</note>
            </person>
            <person>
               <persName><ref spanTo="#d97e0"/>
               </persName>
               <desc>Rebel in Machaerus</desc>
               <state type="provenance">
                  <note>—</note>
               </state>
               <bibl>BJ7:196 (Schalit,NB, 42)</bibl>
               <state type="addl-Descr">
                  <note>—</note>
               </state>
               <floruit>71 CE<ref spanTo="#d1e3216"/>
               </floruit>
               <note xml:id="d1e3191" n="43"> See above, n. 5.</note>
               <note xml:id="d1e3216" n="44"> See above, n.
                                        23.</note>
            </person>
            <person>
               <persName><ref spanTo="#d99e0"/>
               </persName>
               <desc>Magician</desc>
               <state type="provenance">
                  <note>—</note>
               </state>
               <bibl>AJ8:46 (Schalit,NB, 42)</bibl>
               <state type="addl-Descr">
                  <note>—</note>
               </state>
               <floruit>68-70 CE<ref spanTo="#d1e3253"/>
               </floruit>
               <note xml:id="d1e3228" n="45"> See above, n. 5.</note>
               <note xml:id="d1e3253" n="46"> See above,
                                            n. 23. Although telling the story in Book 8 of
                                            AJ (the
                                            time of Solomon) Josephus
                                            claims that he was an eyewitness to this Eleazar’s
                                            healing powers, when enacted in the presence of
                                            Vepesian. These are the years when Vespesian was in
                                        Palestine.</note>
            </person>
            <person>
               <persName><ref spanTo="#d101e0"/>
               </persName>
               <desc>Pharisee, Poira (1)’s son<ref spanTo="#d1e3282"/>
               </desc>
               <state type="provenance">
                  <note>—</note>
               </state>
               <bibl>AJ13:291 (Schalit,NB, 42); bQid66a (Kosowsky,Babylonico235).</bibl>
               <state type="addl-Descr">
                  <note>—</note>
               </state>
               <floruit>110 BCE<ref spanTo="#d1e3331"/>
               </floruit>
               <note xml:id="d1e3275" n="47"> For this form see above, n. 5.
                                            Rabbinic literature has אלעזר.</note>
               <note xml:id="d1e3282" n="48"> On this affilation see Introduction 3.2.8. The story
                                            of a Hasmonean ruler’s change of heart from Pharisee to
                                            Sadducee is found both in Josephus and in rabbinic
                                            literature, but most of the names are confused and even
                                            the ruler is not identical ( –
                                            Hyrcanus no. 2 P/M – in Josephus, ינאי – Jonathan no. 14
                                            – in BT). Of all the names mentioned in the story, only
                                            that of / אלעזר is found in both, but
                                            only in
                                            BT is
                                            it coupled with a father’s name – בן פועירה. This would
                                            probably allow also identifying him with another אלעזר
                                            mentioned in rabbinic literature from the time of יוחנן
                                            כהן גדול (= Josephus’Hyrcanus no. 2)
                                            mentioned in PT (ySot
                                            9:11, 24a) as אלעזר בן פחורה. On the basis of his
                                            activity and name, Stern, “Aspects of Jewish Society,”
                                            568-9, identified him as a priest, but this is not
                                            claimed by the sources. See above, n. 3.</note>
               <note xml:id="d1e3331" n="49"> This would be more or less the
                                            date of the event according to Josephus, see above, n.
                                            23. In BT the event is ascribed to the days of ינאי
                                            (Jonathan no. 14 – 103-76 BCE).</note>
            </person>
            <person>
               <persName><ref spanTo="#d103e0"/>
               </persName>
               <desc>Priest</desc>
               <state type="provenance">
                  <note>—</note>
               </state>
               <bibl>AJ14:106 (Schalit,NB, 42)</bibl>
               <state type="addl-Descr">
                  <note>—</note>
               </state>
               <floruit>54 BCE<ref spanTo="#d1e3368"/>
               </floruit>
               <note xml:id="d1e3343" n="50"> See above, n. 5.</note>
               <note xml:id="d1e3368" n="51"> See above, n.
                                        23.</note>
            </person>
            <person>
               <persName><ref spanTo="#d105e0"/>
               </persName>
               <desc>Priest, Boethus (1)’sson</desc>
               <state type="provenance">
                  <note>—</note>
               </state>
               <bibl>AJ17:339 (Schalit,NB, 42)</bibl>
               <state type="addl-Descr">
                  <note>—</note>
               </state>
               <floruit>4 BCE<ref spanTo="#d1e3408"/>
               </floruit>
               <note xml:id="d1e3380" n="52"> See above, n. 5.</note>
               <note xml:id="d1e3408" n="53"> See above, n.
                                        23.</note>
            </person>
            <person>
               <persName><ref spanTo="#d107e0"/>
               </persName>
               <desc>High Priest, Hanan (1)’s son</desc>
               <state type="provenance">
                  <note>—</note>
               </state>
               <bibl>AJ18:34 (Schalit,NB, 42)</bibl>
               <state type="addl-Descr">
                  <note>—</note>
               </state>
               <floruit>16-17 CE<ref spanTo="#d1e3445"/>
               </floruit>
               <note xml:id="d1e3420" n="54"> See above, n. 5.</note>
               <note xml:id="d1e3445" n="55"> See above,
                                            n. 23.</note>
            </person>
            <person>
               <persName><ref spanTo="#d109e0"/>
               </persName>
               <desc>Peraean</desc>
               <state type="provenance">
                  <note>—</note>
               </state>
               <bibl>AJ20:4 (Schalit,NB, 42)</bibl>
               <state type="addl-Descr">
                  <note>—</note>
               </state>
               <floruit>44 CE<ref spanTo="#d1e3482"/>
               </floruit>
               <note xml:id="d1e3457" n="56"> See above, n. 5.</note>
               <note xml:id="d1e3482" n="57"> See above, n.
                                        23.</note>
            </person>
            <person>
               <persName><ref spanTo="#d111e0"/>
               </persName>
               <desc>Izates (1)’sfriend</desc>
               <state type="provenance">
                  <note>—</note>
               </state>
               <bibl>AJ20:43 (Schalit,NB, 42)</bibl>
               <state type="addl-Descr">
                  <note>—</note>
               </state>
               <floruit>40 CE<ref spanTo="#d1e3522"/>
               </floruit>
               <note xml:id="d1e3494" n="58"> See above, n. 5.</note>
               <note xml:id="d1e3522" n="59"> See above, n.
                                        23.</note>
            </person>
            <person>
               <persName><ref spanTo="#d113e0"/>
               </persName>
               <desc>Of Jesus’ parable</desc>
               <state type="provenance">
                  <note>—</note>
               </state>
               <bibl>Luke 16:20 (VKGNT 716)</bibl>
               <state type="addl-Descr">
                  <note>Fictitious<ref spanTo="#d1e3553"/>
                  </note>
               </state>
               <floruit>27-30 CE<ref spanTo="#d1e3560"/>
               </floruit>
               <note xml:id="d1e3535" n="60"> On this form see above, n. 40. On
                                            NT’s unique orthography see Introduction 2.1.1.2.
                                        </note>
               <note xml:id="d1e3553" n="61"> See Introduction 6.2. There
                                            clearly never existed such a person as this, but he is
                                            included in this catalogue because he is mentioned in a
                                            contemporary source. It is also instructive to see what
                                            name was chosen by a storyteller as typical of the time.
                                            See also Introduction 1.1.1.2.1.</note>
               <note xml:id="d1e3560" n="62"> On NT
                                            dating see Introduction 7.3.</note>
            </person>
            <person>
               <persName><ref spanTo="#d115e0"/>
               </persName>
               <desc>Resurrected by Jesus</desc>
               <state type="provenance">
                  <note>—</note>
               </state>
               <bibl>John 11:1 (VKGNT 716)</bibl>
               <state type="addl-Descr">
                  <note>—</note>
               </state>
               <floruit>30 CE<ref spanTo="#d1e3592"/>
               </floruit>
               <note xml:id="d1e3572" n="63"> See above, n. 61.</note>
               <note xml:id="d1e3592" n="64"> See above, n.
                                        63.</note>
            </person>
            <person>
               <persName><ref spanTo="#d117e0"/>
               </persName>
               <desc>Jew</desc>
               <state type="provenance">
                  <note>—</note>
               </state>
               <bibl>Acta Pilati A:2 (Tischendorf,EA226)</bibl>
               <state type="addl-Descr">
                  <note>Fictitious<ref spanTo="#d1e3625"/>
                  </note>
               </state>
               <floruit>30 CE<ref spanTo="#d1e3632"/>
               </floruit>
               <note xml:id="d1e3604" n="65"> See above, n. 40. This Christian
                                            text was obviously influenced by NT orthography, see
                                            above, n. 61.</note>
               <note xml:id="d1e3625" n="66"> All figures appearing in
                                            apocryphal Christian documents are considered
                                            fictitious, see Introduction 6.2.2. See also
                                            Introduction 1.1.1.2.1.</note>
               <note xml:id="d1e3632" n="67"> This book all takes place
                                            on the year of Jesus’ execution.</note>
            </person>
            <person>
               <persName><ref spanTo="#d119e0"/>
               </persName>
               <desc>Toma (2)’s twin</desc>
               <state type="provenance">
                  <note>—</note>
               </state>
               <bibl>Clementine Homilies 2:1 (PG2, 77)</bibl>
               <state type="addl-Descr">
                  <note>Fictitious<ref spanTo="#d1e3664"/>
                  </note>
               </state>
               <floruit>30s-40s CE<ref spanTo="#d1e3671"/>
               </floruit>
               <note xml:id="d1e3644" n="68"> This is the Greek spelling for
                                            אליעזר, see above, n. 8.</note>
               <note xml:id="d1e3664" n="69"> See above, n. 67.</note>
               <note xml:id="d1e3671" n="70"> The time
                                            described in this text is while Peter was still in
                                            Palestine, not long after Jesus’
                                    crucifixion.</note>
            </person>
            <person>
               <persName><ref spanTo="#d121e0"/></persName>
               <desc>Priest</desc>
               <state type="provenance">
                  <note>—</note>
               </state>
               <bibl>Clementine Homilies 2:1 (PG2, 77)</bibl>
               <state type="addl-Descr">
                  <note>Fictitious<ref spanTo="#d1e3705"/>
                  </note>
               </state>
               <floruit>30s-40s CE<ref spanTo="#d1e3712"/>
               </floruit>
               <note xml:id="d1e3683" n="71"> See above, n. 66. </note>
               <note xml:id="d1e3705" n="72"> See above, n. 67.</note>
               <note xml:id="d1e3712" n="73"> See above,
                                            n. 71.</note>
            </person>
            <person>
               <persName>—</persName>
               <desc>Zadok (2)’s son<ref spanTo="#d1e3726"/>
               </desc>
               <state type="provenance">
                  <note>—</note>
               </state>
               <bibl>mPeah2:4 (Kasovsky,Mishnae, 167)</bibl>
               <state type="addl-Descr">
                  <note>—</note>
               </state>
               <floruit>Pre-135 CE<ref spanTo="#d1e3855"/>
               </floruit>
               <note xml:id="d1e3726" n="74"> Hyman, Toldoth 1, 201-5,
                                            assumed that there were three persons by this name. This
                                            is because the sources are rather confusing. In the
                                            Mishnah, for example, there are six traditions (mKil 7:2; mMeas 4:4; mPes 3:6; mKel 2:6; mMiq 2:10; 9:10) in which he is
                                            cited alongside sages of the Usha generation. He is,
                                            however, never presented as conversing with any of them,
                                            so that all these sources may be editorial
                                            constructions. On the other hand, the majority of the
                                            sources, in the Mishnah
                                            (mPeah 2:4)
                                            but mostly in the Tosefta (tBer 2:6; tShab 1:22; 7:5; tPes 3:11;
                                            tBesah 1:22;
                                            2:13; tSan 8:1)
                                            represent him as a young contemporary of Rabban Gamliel,
                                            who transmits traditions about Jerusalem and the Temple
                                            before the destruction
                                            (mSan 7:2;
                                                mMen 8:2; mMidot 3:8; tSuk 2:10; 3:15;
                                            tMeg 3:15;
                                            tAZ 5:2;
                                                tMen 10:5; 10:23;
                                                tMeila 1:16; tKel BB 2:2) and to
                                            some events he proclaims himself a witness (tTaan 3:6; tMeg 2:17; tSan 9:11). These
                                            constitute the main body of tannaitic material about him
                                            and I take them to be reliable. Two sources may have
                                            caused the confusion and created the two additional
                                            persons of this name. One is tSuk 2:2 which runs as follows: “Said Rabbi (usually identified as
                                            R. Judah the Patriarch): “When I and R. Eleazar ben R.
                                            Zadok came to R. Yohanan ben Nuri at Beit Shearim, we
                                            would eat figs and grapes outside the sukkah.” This
                                            suggests that Eleazar ben R. Zadok was a contemporary of
                                            R. Judah the Patriarch.
                                            However, the main problem with this tradition is not R.
                                            Eliezer ben R. Zadok but rather R. Yohanan ben Nuri, who
                                            is also a contemporary of Rabban Gamaliel – Rabbi’s grandfather (see
                                            under Yohanan no. 23). I assume the particle ר' in this
                                            text initially represented another rabbi’s name, which
                                            then dissapeared in the transition process. Thus there
                                            was no late Rabbi Eliezer ben R. Zadok. The second
                                            problematic source is found in tBesah 3:8. Here we are told that
                                            R. Eliezer ben R. Zadok had been a shopkeeper
                                            (חנוני) in Jerusalem together with Abba Saul ben Botnit
                                            (see Saul no. 5). This, in itself, is not a problem
                                            because he could have been a shopkeeper and then moved
                                            to Yabneh after the destruction. But in mShab 24:5 we are informed that
                                            in the days of Abba Saul ben Botnit and R. Zadok’s
                                            father an important event took place in Jerusalem. Since
                                            Rabbi Zadok was alive at the time of the destruction
                                            (and survived it, see under Zadok no. 2), and since Abba Saul ben
                                            Botnit is described in the Tosefta as a contemporary of
                                            R. Eliezer ben R. Zadok, it was assumed that perhaps the
                                            latter is the father of Rabbi Zadok mentioned here in
                                            the Mishnah. Since the Tosefta also states that R.
                                            Eliezer ben R. Zadok was a shopkeeper in Jerusalem all his life, we can build a
                                            dynasty: Eliezer – Jerusalem shopkeeper before the
                                            destruction; Zadok, his son – survived the destruction;
                                            Eliezer, his son – a contemporary of Rabban Gamliel in
                                            Yabneh. This reconstruction, however, is doubtful,
                                            because it is supported by very little
                                        evidence.</note>
               <note xml:id="d1e3855" n="75"> Rabban
                                            Gamaliel’s contemporary, see above, n. 75, and see
                                            Introduction 7.5.1.2</note>
            </person>
            <person>
               <persName>אליעזר<ref spanTo="#d123e0"/>
               </persName>
               <desc>Jacob (14)’s son</desc>
               <state type="provenance">
                  <note>—</note>
               </state>
               <bibl>mKil2:9 (Kasovsky,Mishnae, 164)</bibl>
               <state type="addl-Descr">
                  <note>—</note>
               </state>
               <floruit>Post-135 CE<ref spanTo="#d1e3892"/>
               </floruit>
               <note xml:id="d1e3867" n="76"> See above, n. 8.</note>
               <note xml:id="d1e3892" n="77"> Associates
                                            with R. Aqiba’s students, e.g. in mKil 2:9, see Introduction
                                            7.5.1.3. In
                                            Hyman, Toldoth 1,
                                            181-4, the author confuses this person’s knowledge of
                                            old traditions about Temple times with his date and
                                            assumes there were two sages of this name, but this is
                                            unlikely. </note>
            </person>
            <person>
               <persName>אליעזר<ref spanTo="#d124e0"/>
               </persName>
               <desc>Hasma (1)<ref spanTo="#d1e3918"/>
               </desc>
               <state type="provenance">
                  <note>—</note>
               </state>
               <bibl>mTer3:5 (Kasovsky,Mishnae, 166)</bibl>
               <state type="addl-Descr">
                  <note>—</note>
               </state>
               <floruit>Pre-135 CE<ref spanTo="#d1e3943"/>—</floruit>
               <note xml:id="d1e3909" n="78"> See above, n. 8.</note>
               <note xml:id="d1e3918" n="79"> In Sifra Negaim 1 he
                                            is designated בן חסמא. Elswhere he is simply אלעזר
                                            חסמא.</note>
               <note xml:id="d1e3943" n="80"> In three
                                            mishnaic traditions (mBM 7:5; mAb
                                            3:18; mNeg 7:2) he is
                                            associated with Eleazar (no. 43) ben Azariah, a
                                            contemporary of Raban Gamaliel, see mYad 4. See Introduction
                                            7.5.1.2.</note>
            </person>
            <person>
               <persName>אלעי<ref spanTo="#d125e0"/>
               </persName>
               <desc>(Judah [30]’s father)<ref spanTo="#d1e3974"/>
               </desc>
               <state type="provenance">
                  <note>—</note>
               </state>
               <bibl>mErub2:6 (Kasovsky,Mishnae, 166)</bibl>
               <state type="addl-Descr">
                  <note>—</note>
               </state>
               <floruit>Pre-135 CE<ref spanTo="#d1e4027"/>
               </floruit>
               <note xml:id="d1e3967" n="81"> This is an abbreviation of
                                            אלעזר. On this form of abbreviation see Introduction
                                            2.4.1.1.</note>
               <note xml:id="d1e3974" n="82"> It is an
                                            apocryphal truism that ר' אלעי was the father of ר'
                                            יהודה, one of the foremost students of ר' עקיבא, and the
                                            rabbi most frequently quoted in the Mishnah. In the
                                            mishnaic text however, as also in the Tosefta, this is
                                            never suggested. On the contrary, in
                                            tZeb 2:17
                                            ר' יהודה is described only as a student of ר' אלעי, not
                                            as his son. Only from the tannaitic midrashim (Mekh. dRI, 153, 236;
                                                Sifre Num no. 148)
                                            on is a sage designated ר' יהודה בר' אלעי. The
                                            identification between this person and ר' יהודה of the
                                            Mishnah and Tosefta is perhaps an amoraic guess. In ySot 7:5, 21d ר' יהודה
                                            בר אלעי quotes a baraita that in the Tosefta is assigned
                                            to ר' יהודה (tSot 8:6);
                                            In bShab The following
                                            text is found: ת"ש: כשנכנסו רבותינו לכרם ביבנה היה שם
                                            ר' יהודה ור'
                                            אלעזר ור' יוסי ור' שמעון. נשאלה שאלה זו בפניהם: מכה זו
                                            בפני מה מתחלת בבני המעיים גומרת בפה? נענה
                                            ר' יהודה בר' אלעי ראש
                                            המדברים בכל מקום ואמר וכו'. Clearly here ר' יהודה is
                                            identical with ר' יהודה בר' אלעי. In the printed BT
                                            (bShab 60a)
                                            a certain tanna – אלעי בן אלעזר – is mentioned, perhaps
                                            suggesting this אלעי. However, in the ms. traditions the
                                            father’s name is usually missing or is transmitted
                                            otherwise (DS 7,
                                            125).</note>
               <note xml:id="d1e4027" n="83"> A
                                            contemporary of R. Joshua (tHal 1:6), see Introduction
                                        7.5.1.2.</note>
            </person>
            <person>
               <persName>—</persName>
               <desc>Temple official<ref spanTo="#d1e4044"/>
               </desc>
               <state type="provenance">
                  <note>—</note>
               </state>
               <bibl>mSheq5:1 (Kasovsky,Mishnae, 166)</bibl>
               <state type="addl-Descr">
                  <note>—</note>
               </state>
               <floruit>Pre-70 CE<ref spanTo="#d1e4066"/>
               </floruit>
               <note xml:id="d1e4044" n="84"> In Hebrew –
                                            על הפרכת.</note>
               <note xml:id="d1e4066" n="85"> Associated
                                            with the Temple, see Introduction
                                    7.5.1.1.</note>
            </person>
            <person>
               <persName>—</persName>
               <desc>Simon (51)’s son<ref spanTo="#d1e4080"/>
               </desc>
               <state type="provenance">
                  <note>—</note>
               </state>
               <bibl>mBesah4:5 (Kasovsky,Mishnae, 167)</bibl>
               <state type="addl-Descr">
                  <note>—</note>
               </state>
               <floruit>Pre-200CE<ref spanTo="#d1e4116"/>
               </floruit>
               <note xml:id="d1e4080" n="86"> An
                                            interesting story is told about this sage (bBM 84b), where it is stated that
                                            after he decided in favor of the purity
                                            of sixty women, they all gave birth to sons, who were
                                            named after him. This is a good source for the
                                            understanding the ways
                                            names were given in this period.</note>
               <note xml:id="d1e4116" n="87"> He is R. Simon’s son, see Introduction 7.5.1.3-4.</note>
            </person>
            <person>
               <persName>—</persName>
               <desc>Mattathias (20)’s son</desc>
               <state type="provenance">
                  <note>—</note>
               </state>
               <bibl>mYeb10:3 (Kasovsky,Mishnae, 167)</bibl>
               <state type="addl-Descr">
                  <note>—</note>
               </state>
               <floruit>Pre-135 CE<ref spanTo="#d1e4151"/>
               </floruit>
               <note xml:id="d1e4151" n="88">
                                            Contemporary of R. Joshua (tBer 4:18), see Introduction
                                        7.5.1.2.</note>
            </person>
            <person>
               <persName>אליעזר<ref spanTo="#d126e0"/>
               </persName>
               <desc>Joseph (37)’s son</desc>
               <state type="provenance">
                  <note>—</note>
               </state>
               <bibl>mSot5:3 (Kasovsky,Mishnae, 164)</bibl>
               <state type="addl-Descr">
                  <note>—</note>
               </state>
               <floruit>Post-135CE<ref spanTo="#d1e4193"/>
               </floruit>
               <note xml:id="d1e4166" n="89"> See above, n. 8.</note>
               <note xml:id="d1e4193" n="90"> His father, R. Yosi the Galilean (Joseph no. 37) was
                                            R. Aqiba’s contemporary, see Introduction 7.5.1.2-3.</note>
            </person>
            <person>
               <persName>—</persName>
               <desc>Parteh (1)’s son</desc>
               <state type="provenance">
                  <note>—</note>
               </state>
               <bibl>mGit3:4 (Kasovsky,Mishnae, 167)</bibl>
               <state type="addl-Descr">
                  <note>—</note>
               </state>
               <floruit>Pre-200 CE<ref spanTo="#d1e4228"/>
               </floruit>
               <note xml:id="d1e4228" n="91"> See
                                            Introduction 7.5.1.4.</note>
            </person>
            <person>
               <persName>—</persName>
               <desc>Enoch (1)’s son</desc>
               <state type="provenance">
                  <note>—</note>
               </state>
               <bibl>mEd5:6 (Kasovsky,Mishnae, 166)</bibl>
               <state type="addl-Descr">
                  <note>—</note>
               </state>
               <floruit>Pre-135 CE<ref spanTo="#d1e4260"/>
               </floruit>
               <note xml:id="d1e4260" n="92"> In mEd 5:6 R. Judah
                                            mentions him, see Introduction 7.5.1.2-3.</note>
            </person>
            <person>
               <persName>אליעזר<ref spanTo="#d127e0"/>
               </persName>
               <desc>Hyrcanus (8)’sson</desc>
               <state type="provenance">
                  <note>—</note>
               </state>
               <bibl>mAb2:8 (Kasovsky,Mishnae, 162-4)</bibl>
               <state type="addl-Descr">
                  <note>—</note>
               </state>
               <floruit>Pre-135 CE<ref spanTo="#d1e4305"/>
               </floruit>
               <note xml:id="d1e4277" n="93"> See above, n. 8.</note>
               <note xml:id="d1e4305" n="94">
                                            He is Rabbi Eliezer, see
                                            Introduction 7.5.1.2.</note>
            </person>
            <person>
               <persName>—</persName>
               <desc>Arakh (1)’s son</desc>
               <state type="provenance">
                  <note>—</note>
               </state>
               <bibl>mAb2:8 (Kasovsky,Mishnae, 167)</bibl>
               <state type="addl-Descr">
                  <note>—</note>
               </state>
               <floruit>Pre-135 CE<ref spanTo="#d1e4340"/>
               </floruit>
               <note xml:id="d1e4340" n="95"> Identified
                                            in mAb 2:8 as Rabban
                                            Yohanan ben Zakkai’s disciple, see Introduction
                                            7.5.1.2.</note>
            </person>
            <person>
               <persName>—</persName>
               <desc>Of Bartuta,<ref spanTo="#d1e4357"/>Judah (39)’s son</desc>
               <state type="provenance">
                  <note>—</note>
               </state>
               <bibl>mAb3:7 (Kasovsky,Mishnae, 166)</bibl>
               <state type="addl-Descr">
                  <note>—</note>
               </state>
               <floruit>Pre-135 CE<ref spanTo="#d1e4379"/>
               </floruit>
               <note xml:id="d1e4357" n="96"> In Hebrew –
                                            איש ברתותא.</note>
               <note xml:id="d1e4379" n="97"> According
                                            to tZab 1:5, he is an
                                            older contemporary of R. Aqiba, see Introduction
                                            7.5.1.2.</note>
            </person>
            <person>
               <persName>—</persName>
               <desc>Of Modi‘in<ref spanTo="#d1e4397"/>
               </desc>
               <state type="provenance">
                  <note>—</note>
               </state>
               <bibl>mAb3:11 (Kasovsky,Mishnae, 166)</bibl>
               <state type="addl-Descr">
                  <note>—</note>
               </state>
               <floruit>135 CE<ref spanTo="#d1e4419"/>
               </floruit>
               <note xml:id="d1e4397" n="98"> In Hebrew –
                                            המודעי. </note>
               <note xml:id="d1e4419" n="99"> According to Mekh. dRI, 166, he is a
                                            contemporary of R. Tarfon, see Introduction 7.5.1.2.
                                        </note>
            </person>
            <person>
               <persName>—</persName>
               <desc>Azariah (3)’s son<ref spanTo="#d1e4436"/>
               </desc>
               <state type="provenance">
                  <note>—</note>
               </state>
               <bibl>mAb3:17 (Kasovsky,Mishnae, 167)</bibl>
               <state type="addl-Descr">
                  <note>—</note>
               </state>
               <floruit>Pre-135 CE<ref spanTo="#d1e4461"/>
               </floruit>
               <note xml:id="d1e4436" n="100"> In 1883
                                            Conder, PEFQS 17 (1883)
                                            172, reported an inscription from Umm ez-Zeinât in
                                            Galilee which read אלעזר בר עזריה, but it is hardly
                                            likely that this is the same person. The inscription is
                                            not included in this corpus because most Jewish
                                            inscriptions from Galilee are of a later date than 200
                                            CE.</note>
               <note xml:id="d1e4461" n="101"> According
                                            to
                                            mShebi 1:8
                                            he is a contemporary of R. Joshua and R. Aqiba’s
                                            companion, see Introduction 7.5.1.2.</note>
            </person>
            <person>
               <persName>—</persName>
               <desc>Shamua (1)’s son<ref spanTo="#d1e4478"/>
               </desc>
               <state type="provenance">
                  <note>—</note>
               </state>
               <bibl>mAb4:12 (Kasovsky,Mishnae, 167)</bibl>
               <state type="addl-Descr">
                  <note>—</note>
               </state>
               <floruit>Pre-200 CE<ref spanTo="#d1e4506"/>
               </floruit>
               <note xml:id="d1e4478" n="102"> Hyman, Toldoth 1, 205, claims
                                            that according to Rashi (e.g.
                                            bShab 19b)
                                            ר' אלעזר, as such, in tannaitic literature should be
                                            identified with ר' אלעזר בן שמוע. I have found no
                                            evidence to prove or disprove this premise.</note>
               <note xml:id="d1e4506" n="103"> No
                                            tannaitic source definitely gives a satisfactory date
                                            for ר' אלעזר בן שמוע. The problem for ר' אלעזר is just
                                            as complex, since several dates are possible. E.g. in
                                                tPes 2:11 he is
                                            described as a contemporary of Rabban Gamaliel, but in
                                                tNez 3: 18 he is
                                            described as a contemporary of R. Yosi, R. Judah and R.
                                            Meir, see Introduction 7.5.1.4.</note>
            </person>
            <person>
               <persName>—</persName>
               <desc>Simon (62)’s father</desc>
               <state type="provenance">
                  <note>—</note>
               </state>
               <bibl>mAb4:18 (Kasovsky,Mishnae, 166)</bibl>
               <state type="addl-Descr">
                  <note>—</note>
               </state>
               <floruit>Post-135 CE<ref spanTo="#d1e4546"/>
               </floruit>
               <note xml:id="d1e4546" n="104"> Mentioned
                                            with disciples of R. Aqiba, e.g. in tTer 3:4 with R. Meir,
                                            see Introduction
                                            7.5.1.3.</note>
            </person>
            <person>
               <persName>אליעזר<ref spanTo="#d128e0"/>
               </persName>
               <desc>The Qapar<ref spanTo="#d1e4570"/>
               </desc>
               <state type="provenance">
                  <note>Inscription<ref spanTo="#d1e4577"/>
                  </note>
               </state>
               <bibl>mAb4:21 (Kasovsky,Mishnae, 166); Urman,IEJ22 (1972) 21.</bibl>
               <state type="addl-Descr">
                  <note>—</note>
               </state>
               <floruit>Pre-200 CE<ref spanTo="#d1e4609"/>
               </floruit>
               <note xml:id="d1e4563" n="105"> This is the way the name is
                                            recorded in the inscription. In rabbinic literature he
                                            is usually designated אלעזר, see above, n. 8.</note>
               <note xml:id="d1e4570" n="106"> In Hebrew –
                                            הקפר. </note>
               <note xml:id="d1e4577" n="107"> The
                                            identification of the man mentioned on the lintel
                                            inscription from Dabura in the Golan as ר' אליעזר הקפר
                                            with ר' אלעזר הקפר of rabbinic literature is
                                            unproblematic (contra S. J. D. Cohen, “Epigraphical
                                            Rabbis,” JQR 72
                                            [1981-2] 11). If the inscription is late, the rabbi
                                            mentioned in it may not actually have headed the House
                                            of Study, but it was only later named after him. This
                                            inscription reveals the problematic relationship between
                                            the names אלעזר and אליעזר, see above, n. 8.</note>
               <note xml:id="d1e4609" n="108"> A
                                            contemporary of Ishmael (no. 6), R. Yosi’s son (tOhil 18:18), see
                                            Introduction 7.5.1.3-4.</note>
            </person>
            <person>
               <persName>—</persName>
               <desc>Dilgai (1)’s son</desc>
               <state type="provenance">
                  <note>—</note>
               </state>
               <bibl>mTamid3:8 (Kasovsky,Mishnae, 166)</bibl>
               <state type="addl-Descr">
                  <note>—</note>
               </state>
               <floruit>Pre-70 CE<ref spanTo="#d1e4650"/>
               </floruit>
               <note xml:id="d1e4650" n="109"> Mentions
                                            the Temple service in his father’s time (mTamid 3:8), see Introduction
                                            7.5.1.1.</note>
            </person>
            <person>
               <persName>—</persName>
               <desc>Judah(30)’sson</desc>
               <state type="provenance">
                  <note>—</note>
               </state>
               <bibl>mOhil3:5 (Kasovsky,Mishnae, 166)</bibl>
               <state type="addl-Descr">
                  <note>—</note>
               </state>
               <floruit>Pre-200 CE<ref spanTo="#d1e4694"/>
               </floruit>
               <note xml:id="d1e4694" n="110"> His father
                                            is R. Judah, see Introduction 7.5.1.3-4.</note>
            </person>
            <person>
               <persName>—</persName>
               <desc>Playah (1)’s son</desc>
               <state type="provenance">
                  <note>—</note>
               </state>
               <bibl>mToh7:9 (Kasovsky,Mishnae, 167)</bibl>
               <state type="addl-Descr">
                  <note>—</note>
               </state>
               <floruit>Pre-200 CE<ref spanTo="#d1e4729"/>
               </floruit>
               <note xml:id="d1e4729" n="111"> All we know
                                            about him is that he came after R. Aqiba, see
                                            Introduction 7.5.1.4.</note>
            </person>
            <person>
               <persName>אליעזר<ref spanTo="#d129e0"/>
               </persName>
               <desc>Abba,<ref spanTo="#d1e4747"/>Dolai (1)’s son</desc>
               <state type="provenance">
                  <note>—</note>
               </state>
               <bibl>mMiq2:10 (Kasovsky,Mishnae, 164)</bibl>
               <state type="addl-Descr">
                  <note>—</note>
               </state>
               <floruit>Pre-200 CE<ref spanTo="#d1e4769"/>
               </floruit>
               <note xml:id="d1e4740" n="112"> See above, n. 8.</note>
               <note xml:id="d1e4747" n="113"> On this title see
                                            Introduction 3.2.1. </note>
               <note xml:id="d1e4769" n="114"> See
                                            Introduction 7.5.1.4.</note>
            </person>
            <person>
               <persName>—</persName>
               <desc>Joseph (36)’s son</desc>
               <state type="provenance">
                  <note>—</note>
               </state>
               <bibl>tBer3:2 (Kasowski,Thosephthae, 312)</bibl>
               <state type="addl-Descr">
                  <note>—</note>
               </state>
               <floruit>Pre-200 CE<ref spanTo="#d1e4801"/>
               </floruit>
               <note xml:id="d1e4801" n="115"> He is the
                                            son of R. Yosi, see Introduction 7.5.1.3-4.</note>
            </person>
            <person>
               <persName>—</persName>
               <desc>Of Oblaim,<ref spanTo="#d1e4818"/>Judah (51)’s son</desc>
               <state type="provenance">
                  <note>—</note>
               </state>
               <bibl>tMS1:9 (Kasowski,Thosephthae, 312)</bibl>
               <state type="addl-Descr">
                  <note>—</note>
               </state>
               <floruit>Pre-200 CE<ref spanTo="#d1e4840"/>
               </floruit>
               <note xml:id="d1e4818" n="116"> In Hebrew –
                                            איש איבליים / אבלין.</note>
               <note xml:id="d1e4840" n="117"> In tZeb 2:3 he is
                                            documented passing traditions in the name of R. Simon,
                                            see Introduction 7.5.1.3-4.</note>
            </person>
            <person>
               <persName>—</persName>
               <desc>Mehbai (1)’s son</desc>
               <state type="provenance">
                  <note>—</note>
               </state>
               <bibl>tShab12:5 (Kasowski,Thosephthae, 313)</bibl>
               <state type="addl-Descr">
                  <note>—</note>
               </state>
               <floruit>Pre-200 CE<ref spanTo="#d1e4878"/>
               </floruit>
               <note xml:id="d1e4878" n="118"> See
                                            Introduction 7.5.1.4.</note>
            </person>
            <person>
               <persName>—</persName>
               <desc>High priest,<ref spanTo="#d1e4893"/>Harsom (1)’s son</desc>
               <state type="provenance">
                  <note>—</note>
               </state>
               <bibl>tYK1:22 (Kasowski,Thosephthae, 312)</bibl>
               <state type="addl-Descr">
                  <note>—</note>
               </state>
               <floruit>Pre-70 CE<ref spanTo="#d1e4927"/>
               </floruit>
               <note xml:id="d1e4893" n="119"> This high
                                            priest is mentioned in both PT (yYoma 3:6, 40d; yTaan 4:8, 69a) and BT, (bYoma 9a; 35b; bQid 49b), always as an
                                            example of extreme wealth. For his high-priesthood see
                                            Introduction 3.2.5. </note>
               <note xml:id="d1e4927" n="120"> Described
                                            in tYK 1:22 as an
                                            officiating High Priest, see Introduction
                                        7.5.1.1.</note>
            </person>
            <person>
               <persName>אלעי<ref spanTo="#d130e0"/>
               </persName>
               <desc>Yohanan (35)’s father</desc>
               <state type="provenance">
                  <note>—</note>
               </state>
               <bibl>tSuk1:9 (Kasowski,Thosephthae, 305)</bibl>
               <state type="addl-Descr">
                  <note>—</note>
               </state>
               <floruit>Pre-135 CE<ref spanTo="#d1e4966"/>
               </floruit>
               <note xml:id="d1e4941" n="121"> See above, n.
                                        82.</note>
               <note xml:id="d1e4966" n="122"> In tHal 1:6 he is decribed
                                            as R. Joshua’s contemporary, see Introduction
                                            7.5.1.2.</note>
            </person>
            <person>
               <persName>—</persName>
               <desc>Eleazar (46)’s son<ref spanTo="#d1e4986"/>
               </desc>
               <state type="provenance">
                  <note>—</note>
               </state>
               <bibl>tYT1:7 (Kasowski,Thosephthae, 312)</bibl>
               <state type="addl-Descr">
                  <note>—</note>
               </state>
               <floruit>Pre-200 CE<ref spanTo="#d1e5008"/>
               </floruit>
               <note xml:id="d1e4986" n="123"> Named after his father, see
                                            Introduction 3.1.2. </note>
               <note xml:id="d1e5008" n="124"> See under
                                            his father, and see Introduction
                                    7.5.1.4.</note>
            </person>
            <person>
               <persName>—</persName>
               <desc>Dama (1)’s son</desc>
               <state type="provenance">
                  <note>—</note>
               </state>
               <bibl>tHul2:22 (Kasowski,Thosephthae, 312)</bibl>
               <state type="addl-Descr">
                  <note>—</note>
               </state>
               <floruit>Pre-135 CE<ref spanTo="#d1e5040"/>
               </floruit>
               <note xml:id="d1e5040" n="125"> Described
                                            in tHul 2:22 as a
                                            contemporary of R. Ishmael, see Introduction
                                            7.5.1.2.</note>
            </person>
            <person>
               <persName>אליעזר<ref spanTo="#d131e0"/>
               </persName>
               <desc>Jonathan (25)’s son</desc>
               <state type="provenance">
                  <note>—</note>
               </state>
               <bibl>tZab1:7 (Kasowski,Thosephthae, 313)</bibl>
               <state type="addl-Descr">
                  <note>—</note>
               </state>
               <floruit>Pre-200 CE<ref spanTo="#d1e5079"/>
               </floruit>
               <note xml:id="d1e5054" n="126"> See above, n. 8.</note>
               <note xml:id="d1e5079" n="127"> This person
                                            is mentioned in tannaitic sources, but he is probably of
                                            the early amoraic age. His father was a late
                                            contemporary of R. Judah the Patriarch, and in tZab 1:7 this Eliezer
                                            transmits a tradition of Rabbi (=Judah the Patriarch)
                                            after the fact. He is included in this corpus because he
                                            appears in a tannaitic source, see Introduction
                                            7.5.1.4.</note>
            </person>
            <person>
               <persName>—</persName>
               <desc>Phineas (10)’s son</desc>
               <state type="provenance">
                  <note>—</note>
               </state>
               <bibl>tZab2:5 (Kasowski,Thosephthae, 314)</bibl>
               <state type="addl-Descr">
                  <note>—</note>
               </state>
               <floruit>Pre-200 CE<ref spanTo="#d1e5114"/>
               </floruit>
               <note xml:id="d1e5114" n="128"> This (tZab 2:5) is his only
                                            mention in tannaitic literature. He is metioned as
                                            transmitting a tradition in the name of ר' יהודה בן
                                            בתירא, a contmeporary of Rabban Gamaliel but this says
                                            nothing about his time, see Introduction
                                        7.5.1.4.</note>
            </person>
            <person>
               <persName>אליעזר<ref spanTo="#d132e0"/>
               </persName>
               <desc>Thaddaius (3)’s son<ref spanTo="#d1e5136"/>
               </desc>
               <state type="provenance">
                  <note>—</note>
               </state>
               <bibl>Mekh. dRI, 118 (Kosovsky,Mechilta7*)</bibl>
               <state type="addl-Descr">
                  <note>—</note>
               </state>
               <floruit>Pre-200 CE<ref spanTo="#d1e5164"/>
               </floruit>
               <note xml:id="d1e5129" n="129"> See above, n. 8.</note>
               <note xml:id="d1e5136" n="130"> In PT
                                            (yGit 7:4,
                                            48d) he is called בן תרדיון, but this is clearly false,
                                            cf. ySot 1:1,
                                        16c.</note>
               <note xml:id="d1e5164" n="131"> See
                                            Introduction 7.5.1.4.</note>
            </person>
            <person>
               <persName>—</persName>
               <desc>Hananiah (19)’s son<ref spanTo="#d1e5178"/>
               </desc>
               <state type="provenance">
                  <note>—</note>
               </state>
               <bibl>Mekh. dRI, 229 (Kosovsky,Mechilta, 9*)</bibl>
               <state type="addl-Descr">
                  <note>—</note>
               </state>
               <floruit>Pre-70 CE<ref spanTo="#d1e5206"/>
               </floruit>
               <note xml:id="d1e5178" n="132"> This person
                                            is mentioned in the Colophon to the Scholion to Megilat
                                            Taanit (e.g. V. Noam “The Scholion to the Megilat
                                            Taanit: Towards an Understanding of its Stemma,” Tarbiz 62 [1993]
                                            especially 86-88) as the author of that composition. The
                                            composition itself was identified as zealotic.
                                            Therefore, this אלעזר בן חנניה was identified with  (Eleazar no. 8)
                                            mentioned in Josephus as the initiator of the
                                            hostilities against Rome in 66 CE. However see above,
                                            nn. 25 and 34. </note>
               <note xml:id="d1e5206" n="133"> In
                                            tannaitic literature he is mentioned once, with no
                                            chronological context, but his father is considered a
                                            contemporary of Beit Shammai and Beit Hillel (mShab 1:4, see
                                            Introduction 7.5.1.1) and in the Scholion to Megilat
                                            Taanit he is identified as the author of that apparently
                                            pre-70 CE composition.</note>
            </person>
            <person>
               <persName>—</persName>
               <desc>Abba<ref spanTo="#d1e5223"/>
               </desc>
               <state type="provenance">
                  <note>—</note>
               </state>
               <bibl>SifraNedaba par. 2:2 (Kosovsky,Sifra1*)</bibl>
               <state type="addl-Descr">
                  <note>—</note>
               </state>
               <floruit>Pre-70 CE<ref spanTo="#d1e5245"/>
               </floruit>
               <note xml:id="d1e5223" n="134"> See above, n.
                                        114.</note>
               <note xml:id="d1e5245" n="135"> In this
                                            only tannaitic tradition that mentions him, he is
                                            identified with the Temple service, see Introduction
                                            7.5.1.1.</note>
            </person>
            <person>
               <persName>אליעזר<ref spanTo="#d133e0"/>
               </persName>
               <desc>Of Darom,<ref spanTo="#d1e5263"/>Isaac (7)’s son</desc>
               <state type="provenance">
                  <note>—</note>
               </state>
               <bibl>Sifre Num, 15, no. 8 (Kosovsky,Sifrei, 8*)</bibl>
               <state type="addl-Descr">
                  <note>—</note>
               </state>
               <floruit>Pre-200 CE<ref spanTo="#d1e5285"/>
               </floruit>
               <note xml:id="d1e5256" n="136"> See above, n. 8.</note>
               <note xml:id="d1e5263" n="137"> In Hebrew –
                                            איש הדרום.</note>
               <note xml:id="d1e5285" n="138"> See
                                            Introduction 7.5.1.4.</note>
            </person>
            <person>
               <persName>—</persName>
               <desc>Joseph (72)’s father</desc>
               <state type="provenance">
                  <note>—</note>
               </state>
               <bibl>Sifre Num, 82, no. 84 (Kosovsky,Sifrei, 26*)</bibl>
               <state type="addl-Descr">
                  <note>—</note>
               </state>
               <floruit>Pre-200 CE<ref spanTo="#d1e5317"/>
               </floruit>
               <note xml:id="d1e5317" n="139"> See
                                            Introduction 7.5.1.4.</note>
            </person>
            <person>
               <persName>—</persName>
               <desc>Abba,<ref spanTo="#d1e5331"/>Gamaliel (8)’s son</desc>
               <state type="provenance">
                  <note>—</note>
               </state>
               <bibl>Sifre Num, 147, no. 121 (Kosovsky,Sifrei, 1*)</bibl>
               <state type="addl-Descr">
                  <note>—</note>
               </state>
               <floruit>Pre-200 CE<ref spanTo="#d1e5353"/>
               </floruit>
               <note xml:id="d1e5331" n="140"> See above, n.
                                        114.</note>
               <note xml:id="d1e5353" n="141"> See
                                            Introduction 7.5.1.4.</note>
            </person>
            <person>
               <persName>—</persName>
               <desc>Nehemiah (5)’s son</desc>
               <state type="provenance">
                  <note>—</note>
               </state>
               <bibl>Sifre Zuta, Parah,Tarbiz1 (1940) 64<ref spanTo="#d1e5379"/>
               </bibl>
               <state type="addl-Descr">
                  <note>—</note>
               </state>
               <floruit>Pre-200 CE<ref spanTo="#d1e5390"/>
               </floruit>
               <note xml:id="d1e5379" n="142"> See Introduction 5.7.2.</note>
               <note xml:id="d1e5390" n="143"> See
                                            Introduction 7.5.1.4.</note>
            </person>
            <person>
               <persName>—</persName>
               <desc>Parteh (2)’s son,<ref spanTo="#d1e5404"/>Eleazar (37)’s grandson<ref spanTo="#d1e5414"/>
               </desc>
               <state type="provenance">
                  <note>—</note>
               </state>
               <bibl>yMeg4:4, 75b (Kosovsky,Yerushalmi, 130)</bibl>
               <state type="addl-Descr">
                  <note>—</note>
               </state>
               <floruit>Pre-200 CE<ref spanTo="#d1e5436"/>
               </floruit>
               <note xml:id="d1e5404" n="144"> To be
                                            distinguished from Eleazar (no. 37) son of Parteh, as PT distinguishes
                                            them here, when describing this one as the grandson of
                                            the other. And see also under Parteh (P/M).</note>
               <note xml:id="d1e5414" n="145"> Named after
                                            his grandfather (Eleazar no. 37), see Introduction
                                            3.1.1.</note>
               <note xml:id="d1e5436" n="146"> Described
                                            here as a contemporary of Rabbi (=Judah the Patriarch),
                                            see Introduction 7.5.2.</note>
            </person>
            <person>
               <persName>אליעזר<ref spanTo="#d134e0"/>
               </persName>
               <desc>Of Nayot<ref spanTo="#d1e5454"/>
               </desc>
               <state type="provenance">
                  <note>—</note>
               </state>
               <bibl>bGit50a (Kosowsky,Babylonico, 169)</bibl>
               <state type="addl-Descr">
                  <note>—</note>
               </state>
               <floruit>Pre-200 CE<ref spanTo="#d1e5476"/>
               </floruit>
               <note xml:id="d1e5447" n="147"> See above, n. 8.</note>
               <note xml:id="d1e5454" n="148"> In Hebrew –
                                            ניותאה. On this form, indicating place of origin, see
                                            Introduction 3.2.6.</note>
               <note xml:id="d1e5476" n="149"> Described
                                            here as a transmitter of a baraita (=tannaitic
                                            tradition), see Introduction 7.5.2.</note>
            </person>
            <person>
               <persName>—</persName>
               <desc>Dordaya (1)’s son</desc>
               <state type="provenance">
                  <note>—</note>
               </state>
               <bibl>bAZ17a (Kosowsky,Babylonico, 210)</bibl>
               <state type="addl-Descr">
                  <note>Fictitious<ref spanTo="#d1e5506"/>
                  </note>
               </state>
               <floruit>Pre-200 CE<ref spanTo="#d1e5513"/>
               </floruit>
               <note xml:id="d1e5506" n="150"> See Introduction 6.2. This
                                            person is reputed in BT to have pursued all the
                                            prostitutes of the realm. The late date of the tradition
                                            and its context, within a large number of stories on
                                            Jewish sages and prostitutes, makes the tradition
                                            suspect. The only chronological indicator in the story
                                            is that Rabbi (i.e. ר' יהודה הנשיא) mourned him,
                                            indicating that he was earlier. However, the statement
                                            about Rabbi is not an integral part of the story. See
                                            also Introduction 1.1.1.2.1.</note>
               <note xml:id="d1e5513" n="151"> See above,
                                            n. 151 and Introduction 7.5.2.</note>
            </person>
            <person>
               <persName>—</persName>
               <desc>Safra (2)</desc>
               <state type="provenance">
                  <note>—</note>
               </state>
               <bibl>bHul55b (Kosowsky,Babylonico, 208)</bibl>
               <state type="addl-Descr">
                  <note>—</note>
               </state>
               <floruit>Pre-70 CE<ref spanTo="#d1e5545"/>
               </floruit>
               <note xml:id="d1e5545" n="152"> Mentioned
                                            in a baraita together with נחוניא (יוחנן) בן גדגודא, on
                                            whose chronology, see under Yohanan no.
                                    26.</note>
            </person>
            <person>
               <persName>—</persName>
               <desc>—</desc>
               <state type="provenance">
                  <note>—</note>
               </state>
               <bibl>S of S Zuta8:14</bibl>
               <state type="addl-Descr">
                  <note>Fictitious<ref spanTo="#d1e5572"/>
                  </note>
               </state>
               <floruit>66-70 CE<ref spanTo="#d1e5582"/>
               </floruit>
               <note xml:id="d1e5572" n="153"> This אלעזר is identified by
                                            Lieberman, Greek, 182,
                                            with Eleazar no. 10. If, however, this identification is
                                            not accepted than the late date of this midrash renders
                                            the figure fictitious, see Introduction 6.2.3. See also
                                            Introduction 1.1.1.2.1.</note>
               <note xml:id="d1e5582" n="154"> The
                                            tradition in which he is mentioned describes an event
                                            that took place in Jerusalem during the revolt against
                                                Rome, see Introduction
                                                7.5.2.</note>
            </person>
            <person>
               <persName>—</persName>
               <desc>Gani (1)’s son</desc>
               <state type="provenance">
                  <note>Ossuary, Gezer, Macalister, 1912</note>
               </state>
               <bibl>CIJ, no. 1176</bibl>
               <state type="addl-Descr">
                  <note>—</note>
               </state>
               <floruit>Pre-70 CE<ref spanTo="#d1e5615"/>
               </floruit>
               <note xml:id="d1e5615" n="155"> On dating
                                            of ossuaries see Introduction 7.6.1.</note>
            </person>
            <person>
               <persName>אליעזר<ref spanTo="#d135e0"/>
               </persName>
               <desc>Saru (1)’s father</desc>
               <state type="provenance">
                  <note>Ossuary, Gezer, Macalister, 1912</note>
               </state>
               <bibl>CIJ, no. 1181</bibl>
               <state type="addl-Descr">
                  <note>—</note>
               </state>
               <floruit>Pre-70 CE<ref spanTo="#d1e5648"/>
               </floruit>
               <note xml:id="d1e5626" n="156"> See above, n. 8.</note>
               <note xml:id="d1e5648" n="157"> See above,
                                            n. 156.</note>
            </person>
            <person>
               <persName>—</persName>
               <desc>—</desc>
               <state type="provenance">
                  <note>Ossuary, Shu‘afat, Abel, 1913</note>
               </state>
               <bibl>CIJ, no. 1216</bibl>
               <state type="addl-Descr">
                  <note>Palmyra<ref spanTo="#d1e5675"/>
                  </note>
               </state>
               <floruit>Pre-70 CE<ref spanTo="#d1e5682"/>
               </floruit>
               <note xml:id="d1e5675" n="158"> See Introduction 6.3.1.1. See also
                                            Introduction 1.1.1.2.1.</note>
               <note xml:id="d1e5682" n="159"> See above,
                                            n. 156.</note>
            </person>
            <person>
               <persName>—</persName>
               <desc>And wife</desc>
               <state type="provenance">
                  <note>Ossuary, Mt Scopus, Savignac, 1904</note>
               </state>
               <bibl>CIJ, no. 1247</bibl>
               <state type="addl-Descr">
                  <note>—</note>
               </state>
               <floruit>Pre-70 CE<ref spanTo="#d1e5711"/>
               </floruit>
               <note xml:id="d1e5711" n="160"> See above,
                                            n. 156.</note>
            </person>
            <person>
               <persName><ref spanTo="#d137e0"/>
               </persName>
               <persName><ref spanTo="#d140e0"/>
               </persName>
               <desc>—</desc>
               <state type="provenance">
                  <note>Ossuary, Mt Olives, Clermont-Ganneau, 1883</note>
               </state>
               <bibl>CIJ, no. 1260</bibl>
               <state type="addl-Descr">
                  <note>—</note>
               </state>
               <floruit>Pre-70 CE<ref spanTo="#d1e5751"/>
               </floruit>
               <note xml:id="d1e5723" n="161"> See above, n. 40. This is the
                                            declension recorded in the document.</note>
               <note xml:id="d1e5729" n="162"> This is an alternative reading of the
                                        editor.</note>
               <note xml:id="d1e5751" n="163"> See above,
                                            n. 156.</note>
            </person>
            <person>
               <persName>—<ref spanTo="#d141e0"/>
               </persName>
               <desc>—</desc>
               <state type="provenance">
                  <note>Ossuary, Augusta Victoria, Sukenik, 1930</note>
               </state>
               <bibl>CIJ, no. 1264</bibl>
               <state type="addl-Descr">
                  <note>—</note>
               </state>
               <floruit>Pre-70 CE<ref spanTo="#d1e5784"/>
               </floruit>
               <note xml:id="d1e5762" n="164"> Recorded in the ancient
                                            Hebrew script, see Introduction 2.8.1. The name is also
                                            recorded in square Hebrew characters.</note>
               <note xml:id="d1e5784" n="165"> See above,
                                            n. 156.</note>
            </person>
            <person>
               <persName>ליעזר<ref spanTo="#d142e0"/>
               </persName>
               <desc>Salome (14)’s husband, Salome(16)’s father</desc>
               <state type="provenance">
                  <note>Ossuaries, Kidron, Mayer, 1924</note>
               </state>
               <bibl>CIJ, no. 1287, 1294, 1296<ref spanTo="#d1e5814"/>
               </bibl>
               <state type="addl-Descr">
                  <note>—</note>
               </state>
               <floruit>Pre-70 CE<ref spanTo="#d1e5831"/>
               </floruit>
               <note xml:id="d1e5796" n="166"> So on ossuary 1296. The
                                            other two have אלעזר. This is a case of the same
                                            phenomenon described above, n. 40, but in Hebrew
                                            characters. For the interchange of
                                            the two
                                            forms even for the same person see above, n.
                                        8.</note>
               <note xml:id="d1e5814" n="167"> This is the rational behind
                                            grouping all these ossuaries under one person: Salome
                                            no. 14, the wife of Eleazar, buried in ossuary no. 1294 in this burial
                                            chamber is either the wife of this Eleazar (ossuary
                                            1287) or the wife of the next one (no. 79,
                                            CIJ no.
                                            1288). The same is true for Salome no. 16 of ossuary no.
                                            1296. I have randomly chosen to group these inscriptions
                                            together here and not under the next entry. Only two
                                            ossuaries in this cave belonged to men named thus. The
                                            others mentioning the name are those of relatives of one
                                            or the other.</note>
               <note xml:id="d1e5831" n="168"> See above,
                                            n. 156.</note>
            </person>
            <person>
               <persName>הלעזר<ref spanTo="#d143e0"/>
               </persName>
               <desc>Seth (3)’s son<ref spanTo="#d1e5852"/>
               </desc>
               <state type="provenance">
                  <note>Ossuary, Kidron, Mayer, 1924</note>
               </state>
               <bibl>CIJ, no. 1288</bibl>
               <state type="addl-Descr">
                  <note>—</note>
               </state>
               <floruit>Pre-70 CE<ref spanTo="#d1e5892"/>
               </floruit>
               <note xml:id="d1e5842" n="169"> This reading is found in
                                            Misgav, Ossuaries, 89,
                                            and notes there. See Introduction 2.5.1.</note>
               <note xml:id="d1e5852" n="170"> Misgav, Tarbiz 66 (1997) 128,
                                            suggests identifying this הלעזר
                                            with Eleazar no. 21,
                                            because Hanan no. 1, his
                                            father is mentioned as son
                                                of elsewhere (AJ 18:26), see
                                                Introduction 3.3.</note>
               <note xml:id="d1e5892" n="171"> See above,
                                            n. 156.</note>
            </person>
            <person>
               <persName>—</persName>
               <desc>Nathan (8)’s son</desc>
               <state type="provenance">
                  <note>Ossuary, Mt of Offence, Clermont-Ganneau, 1874</note>
               </state>
               <bibl>CIJ, no. 1304</bibl>
               <state type="addl-Descr">
                  <note>—</note>
               </state>
               <floruit>Pre-70 CE<ref spanTo="#d1e5921"/>
               </floruit>
               <note xml:id="d1e5921" n="172"> See above,
                                            n. 156.</note>
            </person>
            <person>
               <persName>—</persName>
               <desc>The scribe,<ref spanTo="#d1e5935"/>Judah (89)’s father<ref spanTo="#d1e5939"/>
               </desc>
               <state type="provenance">
                  <note>Ossuary, Mt of Offence, Clermont-Ganneau, 1874</note>
               </state>
               <bibl>CIJ, no. 1308</bibl>
               <state type="addl-Descr">
                  <note>—</note>
               </state>
               <floruit>Pre-70 CE<ref spanTo="#d1e5961"/>
               </floruit>
               <note xml:id="d1e5935" n="173"> In Hebrew –
                                            הסופר.</note>
               <note xml:id="d1e5939" n="174"> Klein, Corpus Inscriptionum,
                                            19, identifies this person with אלעזר ספרא (Eleazar no.
                                            70). On Klein’s identifications, see Introduction
                                            3.3.</note>
               <note xml:id="d1e5961" n="175"> See above,
                                            n. 156.</note>
            </person>
            <person>
               <persName>לעזר<ref spanTo="#d144e0"/>
               </persName>
               <desc>—</desc>
               <state type="provenance">
                  <note>Ossuary, Mt of Offence, Clermont-Ganneau, 1874</note>
               </state>
               <bibl>CIJ, no. 1309</bibl>
               <state type="addl-Descr">
                  <note>—</note>
               </state>
               <floruit>Pre-70 CE<ref spanTo="#d1e6000"/>
               </floruit>
               <note xml:id="d1e5972" n="176">
                                            This is an abbreviated
                                            form of אלעזר, see also above,
                                                n. 167.</note>
               <note xml:id="d1e6000" n="177"> See above,
                                            n. 156.</note>
            </person>
            <person>
               <persName><ref spanTo="#d146e0"/>
               </persName>
               <desc>—</desc>
               <state type="provenance">
                  <note>Ossuary, Spoer, 1907</note>
               </state>
               <bibl>CIJ, no. 1336</bibl>
               <state type="addl-Descr">
                  <note>—</note>
               </state>
               <floruit>Pre-70 CE<ref spanTo="#d1e6040"/>
               </floruit>
               <note xml:id="d1e6012" n="178"> See above, n. 69. For the
                                            undeclined form, see above, n. 2. Note the unique
                                            combination of  and . Perhaps we have here a case of iotacism,
                                            see Introduction 2.3.2.</note>
               <note xml:id="d1e6040" n="179"> See above,
                                            n. 156.</note>
            </person>
            <person>
               <persName><ref spanTo="#d148e0"/>
               </persName>
               <persName>אליעזר<ref spanTo="#d150e0"/>
               </persName>
               <desc>Eleazar (85)’s son<ref spanTo="#d1e6076"/>
               </desc>
               <state type="provenance">
                  <note>Ossuary, Silwan, Spoer, 1907</note>
               </state>
               <bibl>CIJ, no. 1337</bibl>
               <state type="addl-Descr">
                  <note>—</note>
               </state>
               <floruit>Pre-70 CE<ref spanTo="#d1e6095"/>
               </floruit>
               <note xml:id="d1e6053" n="180"> This is a bilingual
                                            inscription. Thus in the Greek, see above, n. 69. Note
                                            the 
                                            after the  as in ,
                                            supporting my claim that the names אלעזר and אליעזר were
                                            not completely separable, see
                                                above, n. 8.</note>
               <note xml:id="d1e6069" n="181"> This is a bilingual inscription. Thus in the Hebrew,
                                            see above, n. 8. </note>
               <note xml:id="d1e6076" n="182"> Named after
                                            his father, see Introduction 3.1.2.</note>
               <note xml:id="d1e6095" n="183"> See above,
                                            n. 156.</note>
            </person>
            <person>
               <persName><ref spanTo="#d152e0"/>
               </persName>
               <persName>לזר<ref spanTo="#d154e0"/>
               </persName>
               <desc>Eleazar (84)’s father</desc>
               <state type="provenance">
                  <note>Ossuary, Silwan, Spoer, 1907</note>
               </state>
               <bibl>CIJ, no. 1337</bibl>
               <state type="addl-Descr">
                  <note>—</note>
               </state>
               <floruit>Pre-70 CE<ref spanTo="#d1e6138"/>
               </floruit>
               <note xml:id="d1e6107" n="184"> The declension is recorded in
                                            the document. This is a bilingual inscription. Thus in
                                            the Greek, see above, n. 5.</note>
               <note xml:id="d1e6111" n="185"> This is a bilingual inscription. Thus in the Hebrew,
                                            see above, n. 177. The ע
                                            has probably fallen see Introduction 2.7.1. See also on the decline of the
                                                gutturals, Introduction 2.5.1.</note>
               <note xml:id="d1e6138" n="186"> See above,
                                            n. 156.</note>
            </person>
            <person>
               <persName>—</persName>
               <desc>His wife<ref spanTo="#d1e6152"/>and sons</desc>
               <state type="provenance">
                  <note>Ossuaries, Greek Colony 1926</note>
               </state>
               <bibl>CIJ, nos. 1356; 1357<ref spanTo="#d1e6164"/>
               </bibl>
               <state type="addl-Descr">
                  <note>—</note>
               </state>
               <floruit>Pre-70 CE<ref spanTo="#d1e6175"/>
               </floruit>
               <note xml:id="d1e6152" n="187"> On such
                                            nameless women see Introduction 3.2.7.</note>
               <note xml:id="d1e6164" n="188"> I assume this is the same person
                                            in each ossuary because the two ossuaries were found in
                                            the same burial chamber and while one ossuary (1356)
                                            records אלעזר’s (nameless) wife the other (1357)
                                            mentions his (nameless) sons.</note>
               <note xml:id="d1e6175" n="189"> See above,
                                            n. 156.</note>
            </person>
            <person>
               <persName><ref spanTo="#d156e0"/>
               </persName>
               <desc>With Mariam (32)</desc>
               <state type="provenance">
                  <note>Ossuary, Mt of Offence</note>
               </state>
               <bibl>CIJ, no. 1387</bibl>
               <state type="addl-Descr">
                  <note>—</note>
               </state>
               <floruit>Pre-70 CE<ref spanTo="#d1e6209"/>
               </floruit>
               <note xml:id="d1e6187" n="190"> See above, n. 2. </note>
               <note xml:id="d1e6209" n="191"> See above,
                                            n. 156.</note>
            </person>
            <person>
               <persName>—</persName>
               <desc>His son</desc>
               <state type="provenance">
                  <note>Ossuary, Bagatti</note>
               </state>
               <bibl>DF92, no. 25</bibl>
               <state type="addl-Descr">
                  <note>—</note>
               </state>
               <floruit>Pre-70 CE<ref spanTo="#d1e6238"/>
               </floruit>
               <note xml:id="d1e6238" n="192"> See above,
                                            n. 156.</note>
            </person>
            <person>
               <persName><ref spanTo="#d158e0"/>
               </persName>
               <desc>Simon (112) and Zachariah (23)’s brother</desc>
               <state type="provenance">
                  <note>Ossuary, Bagatti</note>
               </state>
               <bibl>DF97, no.37</bibl>
               <state type="addl-Descr">
                  <note>—</note>
               </state>
               <floruit>Pre-70 CE<ref spanTo="#d1e6278"/>
               </floruit>
               <note xml:id="d1e6250" n="193"> See above, n. 5. This declension
                                            is recorded in the document. Here the formal  is
                                            abbreviated to .</note>
               <note xml:id="d1e6278" n="194"> See above,
                                            n. 156.</note>
            </person>
            <person>
               <persName>אליעזר<ref spanTo="#d159e0"/>
               </persName>
               <desc>Shekhaniah (1)’s son</desc>
               <state type="provenance">
                  <note>Ossuary, Jerusalem</note>
               </state>
               <bibl>CJO, no. 288</bibl>
               <state type="addl-Descr">
                  <note>—</note>
               </state>
               <floruit>Pre-70 CE<ref spanTo="#d1e6312"/>
               </floruit>
               <note xml:id="d1e6290" n="195"> See above, n. 8.</note>
               <note xml:id="d1e6312" n="196"> See above,
                                            n. 156.</note>
            </person>
            <person>
               <persName>—</persName>
               <desc>Shelamzion (14)’s father</desc>
               <state type="provenance">
                  <note>Ossuary, Ramat Eshkol, 1970</note>
               </state>
               <bibl>CJO, no. 342</bibl>
               <state type="addl-Descr">
                  <note>—</note>
               </state>
               <floruit>Pre-70 CE<ref spanTo="#d1e6341"/>
               </floruit>
               <note xml:id="d1e6341" n="197"> See above,
                                            n. 156.</note>
            </person>
            <person>
               <persName>—</persName>
               <desc>—</desc>
               <state type="provenance">
                  <note>Ossuary, Mt Scopus, Naveh, 1980</note>
               </state>
               <bibl>CJO, no. 455</bibl>
               <state type="addl-Descr">
                  <note>—</note>
               </state>
               <floruit>Pre-70 CE<ref spanTo="#d1e6370"/>
               </floruit>
               <note xml:id="d1e6370" n="198"> See above,
                                            n. 156.</note>
            </person>
            <person>
               <persName>—</persName>
               <desc>Zachariah (24)’s son</desc>
               <state type="provenance">
                  <note>Ossuary, Mt Scopus, Rahmani, 1980</note>
               </state>
               <bibl>CJO, no. 456</bibl>
               <state type="addl-Descr">
                  <note>—</note>
               </state>
               <floruit>Pre-70 CE<ref spanTo="#d1e6400"/>
               </floruit>
               <note xml:id="d1e6400" n="199"> See above,
                                            n. 156.</note>
            </person>
            <person>
               <persName>—</persName>
               <desc>—</desc>
               <state type="provenance">
                  <note>Ossuary, Mt Scopus, Kloner, 1974</note>
               </state>
               <bibl>CJO, no. 483</bibl>
               <state type="addl-Descr">
                  <note>—</note>
               </state>
               <floruit>Pre-70 CE<ref spanTo="#d1e6430"/>
               </floruit>
               <note xml:id="d1e6430" n="200"> See above,
                                            n. 156.</note>
            </person>
            <person>
               <persName><ref spanTo="#d161e0"/></persName>
               <desc>Joseph (115)’s father</desc>
               <state type="provenance">
                  <note>Ossuary, Mt Scopus, Kloner, 1975</note>
               </state>
               <bibl>CJO, no. 576</bibl>
               <state type="addl-Descr">
                  <note>—</note>
               </state>
               <floruit>Pre-70 CE<ref spanTo="#d1e6474"/>
               </floruit>
               <note xml:id="d1e6442" n="201"> See above, n. 40. Note the variant
                                                
                                            instead of . Perhaps there is a letter displacement
                                            (for )
                                            here, see Introduction 2.7.3.</note>
               <note xml:id="d1e6474" n="202"> See above,
                                            n. 156.</note>
            </person>
            <person>
               <persName>—</persName>
               <desc>—</desc>
               <state type="provenance">
                  <note>Ossuary, Mt Scopus, Kloner, 1974</note>
               </state>
               <bibl>CJO, no. 592</bibl>
               <state type="addl-Descr">
                  <note>—</note>
               </state>
               <floruit>Pre-70 CE<ref spanTo="#d1e6504"/>
               </floruit>
               <note xml:id="d1e6504" n="203"> See above,
                                            n. 156.</note>
            </person>
            <person>
               <persName>—</persName>
               <desc>Goliath (1),<ref spanTo="#d1e6518"/>Yoezer (12)’s father<ref spanTo="#d1e6531"/>
               </desc>
               <state type="provenance">
                  <note>Ossuary, Jericho, Hachlili, 1979</note>
               </state>
               <bibl>CJO, no. 783</bibl>
               <state type="addl-Descr">
                  <note>—</note>
               </state>
               <floruit>Pre-70 CE<ref spanTo="#d1e6550"/>
               </floruit>
               <note xml:id="d1e6518" n="204"> Mussies,
                                            “Jewish Personal Names,” 254, suggests identifying him
                                            with , a Jewish giant from
                                            Persia described by Josephus in AJ 18:103, see Introduction 3.3.</note>
               <note xml:id="d1e6531" n="205"> A name frequent in the Goliath
                                            family (Eleazar nos. 97, 98), see Introduction
                                            3.1.3.</note>
               <note xml:id="d1e6550" n="206"> See above,
                                            n. 156.</note>
            </person>
            <person>
               <persName><ref spanTo="#d164e0"/>
               </persName>
               <desc>Yoezer (17)’s father<ref spanTo="#d1e6569"/>
               </desc>
               <state type="provenance">
                  <note>Ossuary, Jericho, Hachlili, 1979</note>
               </state>
               <bibl>CJO, no. 802</bibl>
               <state type="addl-Descr">
                  <note>—</note>
               </state>
               <floruit>Pre-70 CE<ref spanTo="#d1e6588"/>
               </floruit>
               <note xml:id="d1e6562" n="207"> See above, n. 5. </note>
               <note xml:id="d1e6569" n="208"> See above,
                                            n. 206.</note>
               <note xml:id="d1e6588" n="209"> See above,
                                            n. 156.</note>
            </person>
            <person>
               <persName><ref spanTo="#d166e0"/>
               </persName>
               <desc>Joseph (123)’s twin</desc>
               <state type="provenance">
                  <note>Ossuary, Kidron</note>
               </state>
               <bibl>Sukenik,Kedem2 (1945) 29</bibl>
               <state type="addl-Descr">
                  <note>—</note>
               </state>
               <floruit>Pre-70 CE<ref spanTo="#d1e6629"/>
               </floruit>
               <note xml:id="d1e6600" n="210"> See above, n. 69. Note the
                                            undeclined form, above, n. 2. However, the use of  in this
                                            name is unrecorded elsewhere.</note>
               <note xml:id="d1e6629" n="211"> See above,
                                            n. 156.</note>
            </person>
            <person>
               <persName>—</persName>
               <desc>—</desc>
               <state type="provenance">
                  <note>Ossuary, Ramat Rahel, Kochavi</note>
               </state>
               <bibl>RR73</bibl>
               <state type="addl-Descr">
                  <note>—</note>
               </state>
               <floruit>Pre-70 CE<ref spanTo="#d1e6658"/>
               </floruit>
               <note xml:id="d1e6658" n="212"> See above,
                                            n. 156.</note>
            </person>
            <person>
               <persName>—</persName>
               <desc>Simon (150)’s son</desc>
               <state type="provenance">
                  <note>Ossuary, Mt Scopus</note>
               </state>
               <bibl>Misgav,Ossuaries, 66</bibl>
               <state type="addl-Descr">
                  <note>—</note>
               </state>
               <floruit>Pre-70 CE<ref spanTo="#d1e6688"/>
               </floruit>
               <note xml:id="d1e6688" n="213"> See above,
                                            n. 156.</note>
            </person>
            <person>
               <persName>—</persName>
               <desc>Hananiah (59)’s son</desc>
               <state type="provenance">
                  <note>Tomb inscription, Ein Sinya, Clermont-Ganneau, 1897</note>
               </state>
               <bibl>CIJ, no. 1170</bibl>
               <state type="addl-Descr">
                  <note>—</note>
               </state>
               <floruit>Pre-135 CE<ref spanTo="#d1e6718"/>
               </floruit>
               <note xml:id="d1e6718" n="214"> On the
                                            dating of inscriptions from Judaea see Introduction
                                            7.6.3.</note>
            </person>
            <person>
               <persName>—</persName>
               <desc>Priest, of the Hezir family,<ref spanTo="#d1e6732"/>Joseph(131)’s son<ref spanTo="#d1e6739"/>
               </desc>
               <state type="provenance">
                  <note>Tomb inscription, Kidron, de Vogüé, 1864</note>
               </state>
               <bibl>CIJ, no. 1394</bibl>
               <state type="addl-Descr">
                  <note>—</note>
               </state>
               <floruit>Pre-70 CE<ref spanTo="#d1e6758"/>
               </floruit>
               <note xml:id="d1e6732" n="215"> On Klein’s identification of the Hezir priests see
                                            Introduction 3.3.</note>
               <note xml:id="d1e6739" n="216"> Probably named after his uncle
                                            (Eleazar no. 104 – Introduction 3.1.3).</note>
               <note xml:id="d1e6758" n="217"> On dating
                                            of inscribed artifacts
                                            from Jerusalem, see Introduction
                                    7.6.2.</note>
            </person>
            <person>
               <persName>—</persName>
               <desc>Priest, of the Hezir family,<ref spanTo="#d1e6775"/>Honi (14)’s son, Joseph (131)’s brother</desc>
               <state type="provenance">
                  <note>Tomb inscription, Kidron, de Vogüé, 1864</note>
               </state>
               <bibl>CIJ, no. 1394</bibl>
               <state type="addl-Descr">
                  <note>—</note>
               </state>
               <floruit>Pre-70 CE<ref spanTo="#d1e6794"/>
               </floruit>
               <note xml:id="d1e6775" n="218"> See above, n. 216.</note>
               <note xml:id="d1e6794" n="219"> See above,
                                            n. 218.</note>
            </person>
            <person>
               <persName>—</persName>
               <desc>—</desc>
               <state type="provenance">
                  <note>Seal, Jerusalem</note>
               </state>
               <bibl>Reifenberg,PEQ71 (1939) 193</bibl>
               <state type="addl-Descr">
                  <note>—</note>
               </state>
               <floruit>Pre-70 CE<ref spanTo="#d1e6824"/>
               </floruit>
               <note xml:id="d1e6824" n="220"> According
                                            to Reifenberg, PEQ 71
                                            (1939) 193, the seal was found in Jerusalem, see above,
                                            n. 218.</note>
            </person>
            <person>
               <persName>אלעז<ref spanTo="#d167e0"/>
               </persName>
               <desc>The priest, son of Ahron<ref spanTo="#d1e6851"/>, Abba (11)’s father</desc>
               <state type="provenance">
                  <note>Inscription, Gibat Hamibtar</note>
               </state>
               <bibl>Rosenthal,IEJ23 (1973) 72</bibl>
               <state type="addl-Descr">
                  <note>—</note>
               </state>
               <floruit>Pre-70 CE<ref spanTo="#d1e6874"/>
               </floruit>
               <note xml:id="d1e6838" n="221"> This form is recorded on
                                            First Temple seals (CWSSS, nos. 444, 445, 905, 906). Here,
                                            however, it is probably an abbreviation, as the names
                                            מתתיה and יהודה are both spelt מתת and יהוד in this
                                        inscription.</note>
               <note xml:id="d1e6851" n="222"> In Hebrew כהנה אלעז בר אהרון רבה. אהרון obviously
                                            refers to the biblical father of the priests, and is not
                                            a personal name, see Introduction 1.1.1.1. The editor
                                            has further suggested that this אלעז is none other than
                                            his biblical son, but a historical figure is just as
                                            likely, since otherwise Abba (no. 11) of this
                                            inscription has no father name. Furthermore, the name
                                            אלעזר was
                                            very common.</note>
               <note xml:id="d1e6874" n="223"> See above,
                                            n. 218.</note>
            </person>
            <person>
               <persName>—</persName>
               <desc>The Priest<ref spanTo="#d1e6888"/>
               </desc>
               <state type="provenance">
                  <note>Coin<ref spanTo="#d1e6895"/>
                  </note>
               </state>
               <bibl>AJC2, 20:2</bibl>
               <state type="addl-Descr">
                  <note>—</note>
               </state>
               <floruit>132 CE<ref spanTo="#d1e6928"/>
               </floruit>
               <note xml:id="d1e6888" n="224"> In Hebrew –
                                            הכהן.</note>
               <note xml:id="d1e6895" n="225"> The coins on which he is
                                            mentioned are the Bar Kokhba coins. It has been
                                            suggested that this אלעזר be identified with אלעזר
                                            המודעי (Eleazar no. 42), see Alon, Jews in their Land 2, 623; S.
                                            Safrai, “Eleazar of Modi‘in,” Encyclopedia Judaica 6 (Jerusalem
                                            1971) 603; AJC 2,
                                            136-8. For doubts about this identification see P. Schfer,
                                                Der Bar Kokhba
                                                Aufstand (Tbingen 1981) 173-4.</note>
               <note xml:id="d1e6928" n="226"> The dated coins he is
                                            mentioned on state “year one” of the revolt, i.e. 132 CE
                                                (AJC 2,
                                        137).</note>
            </person>
            <person>
               <persName>אליעזר<ref spanTo="#d168e0"/>
               </persName>
               <desc>Malka (5)’s son</desc>
               <state type="provenance">
                  <note>Papyrus, Masada divorce bill, Muraba‘at</note>
               </state>
               <bibl>Mur 19</bibl>
               <state type="addl-Descr">
                  <note>—</note>
               </state>
               <floruit>72 CE<ref spanTo="#d1e6962"/>
               </floruit>
               <note xml:id="d1e6943" n="227"> See above, n.
                                    8.</note>
               <note xml:id="d1e6962" n="228"> For dating of the Dead Sea
                                            documents, see Introduction 7.7.</note>
            </person>
            <person>
               <persName>—</persName>
               <desc>Hananiah (65)’s son</desc>
               <state type="provenance">
                  <note>Papyrus, Masada divorce bill, Muraba‘at</note>
               </state>
               <bibl>Mur 19</bibl>
               <state type="addl-Descr">
                  <note>—</note>
               </state>
               <floruit>72 CE<ref spanTo="#d1e6989"/>
               </floruit>
               <note xml:id="d1e6989" n="229"> See above, n.
                                        229.</note>
            </person>
            <person>
               <persName>לעזר<ref spanTo="#d169e0"/>
               </persName>
               <desc>—</desc>
               <state type="provenance">
                  <note>Papyrus, marriage contract, Muraba‘at</note>
               </state>
               <bibl>Mur 21</bibl>
               <state type="addl-Descr">
                  <note>—</note>
               </state>
               <floruit>Pre-135 CE<ref spanTo="#d1e7034"/>
               </floruit>
               <note xml:id="d1e7000" n="230"> See above, n. 177. This reading is according to
                                            Yardeni, TAHNDTJD, 121.
                                            The editors
                                            of DJD could
                                            not read it.</note>
               <note xml:id="d1e7034" n="231"> See above,
                                            n. 229.</note>
            </person>
            <person>
               <persName>—</persName>
               <desc>Zachariah (27)’s son</desc>
               <state type="provenance">
                  <note>Papyrus, deed, Muraba‘at</note>
               </state>
               <bibl>Mur 29</bibl>
               <state type="addl-Descr">
                  <note>—</note>
               </state>
               <floruit>133 CE<ref spanTo="#d1e7061"/>
               </floruit>
               <note xml:id="d1e7061" n="232"> See above, n.
                                        229.</note>
            </person>
            <person>
               <persName>—</persName>
               <desc>Dositheus (26)’s father</desc>
               <state type="provenance">
                  <note>Papyrus, deed, Muraba‘at</note>
               </state>
               <bibl>Mur 30</bibl>
               <state type="addl-Descr">
                  <note>—</note>
               </state>
               <floruit>134 CE<ref spanTo="#d1e7088"/>
               </floruit>
               <note xml:id="d1e7088" n="233"> See above, n.
                                        229.</note>
            </person>
            <person>
               <persName>—</persName>
               <desc>Jonathan (57)’s father</desc>
               <state type="provenance">
                  <note>Papyrus, deed, Muraba‘at</note>
               </state>
               <bibl>Mur 30</bibl>
               <state type="addl-Descr">
                  <note>—</note>
               </state>
               <floruit>134 CE<ref spanTo="#d1e7115"/>
               </floruit>
               <note xml:id="d1e7115" n="234"> See above, n.
                                        229.</note>
            </person>
            <person>
               <persName>אליעזר<ref spanTo="#d170e0"/>
               </persName>
               <desc>—</desc>
               <state type="provenance">
                  <note>Papyrus, Muraba‘at</note>
               </state>
               <bibl>Mur 38</bibl>
               <state type="addl-Descr">
                  <note>—</note>
               </state>
               <floruit>Pre-135 CE<ref spanTo="#d1e7147"/>
               </floruit>
               <note xml:id="d1e7127" n="235"> See above, n. 8.</note>
               <note xml:id="d1e7147" n="236"> See above,
                                            n. 229.</note>
            </person>
            <person>
               <persName>לעז[ר]<ref spanTo="#d171e0"/>
               </persName>
               <desc>—</desc>
               <state type="provenance">
                  <note>Parchment, Muraba‘at</note>
               </state>
               <bibl>Mur 41</bibl>
               <state type="addl-Descr">
                  <note>—</note>
               </state>
               <floruit>Pre-135 CE<ref spanTo="#d1e7191"/>
               </floruit>
               <note xml:id="d1e7158" n="237"> The reading is according to
                                            Yardeni, TAHNDTJD, 57.
                                                Milik, DJD 2,
                                            could not read it. See above, n. 177.</note>
               <note xml:id="d1e7191" n="238"> See above,
                                            n. 229.</note>
            </person>
            <person>
               <persName>—</persName>
               <desc>Joseph (149)’s son</desc>
               <state type="provenance">
                  <note>Papyrus, letter, Muraba‘at</note>
               </state>
               <bibl>Mur 42</bibl>
               <state type="addl-Descr">
                  <note>—</note>
               </state>
               <floruit>132-5 CE<ref spanTo="#d1e7218"/>
               </floruit>
               <note xml:id="d1e7218" n="239"> See above,
                                            n. 229.</note>
            </person>
            <person>
               <persName>—</persName>
               <desc>Joshua (64)’s father</desc>
               <state type="provenance">
                  <note>Papyrus, letter, Muraba‘at</note>
               </state>
               <bibl>Mur 42</bibl>
               <state type="addl-Descr">
                  <note>—</note>
               </state>
               <floruit>132-5 CE<ref spanTo="#d1e7245"/>
               </floruit>
               <note xml:id="d1e7245" n="240"> See above,
                                            n. 229.</note>
            </person>
            <person>
               <persName>—</persName>
               <desc>Saul (18)’s father</desc>
               <state type="provenance">
                  <note>Papyrus, Muraba‘at</note>
               </state>
               <bibl>Mur 42</bibl>
               <state type="addl-Descr">
                  <note>—</note>
               </state>
               <floruit>Pre-135 CE<ref spanTo="#d1e7272"/>
               </floruit>
               <note xml:id="d1e7272" n="241"> See above,
                                            n. 229.</note>
            </person>
            <person>
               <persName>אליעזר<ref spanTo="#d172e0"/>
               </persName>
               <desc>Euphronius (1)’s father</desc>
               <state type="provenance">
                  <note>Papyrus, letter, Muraba‘at</note>
               </state>
               <bibl>Mur 46</bibl>
               <state type="addl-Descr">
                  <note>—</note>
               </state>
               <floruit>Pre-135 CE<ref spanTo="#d1e7303"/>
               </floruit>
               <note xml:id="d1e7283" n="242"> See above, n. 8.</note>
               <note xml:id="d1e7303" n="243"> See above,
                                            n. 229.</note>
            </person>
            <person>
               <persName>—</persName>
               <desc>—</desc>
               <state type="provenance">
                  <note>Ostracon, Muraba‘at</note>
               </state>
               <bibl>Mur 74</bibl>
               <state type="addl-Descr">
                  <note>—</note>
               </state>
               <floruit>Pre-135 CE<ref spanTo="#d1e7331"/>
               </floruit>
               <note xml:id="d1e7331" n="244"> See above,
                                            n. 229.</note>
            </person>
            <person>
               <persName>אליעזר<ref spanTo="#d173e0"/>
               </persName>
               <desc>Natakos (1)’s son</desc>
               <state type="provenance">
                  <note>Ostracon, Muraba‘at</note>
               </state>
               <bibl>Mur 74</bibl>
               <state type="addl-Descr">
                  <note>—</note>
               </state>
               <floruit>Pre-135 CE<ref spanTo="#d1e7362"/>
               </floruit>
               <note xml:id="d1e7342" n="245"> See above, n. 8.</note>
               <note xml:id="d1e7362" n="246"> See above,
                                            n. 229.</note>
            </person>
            <person>
               <persName>אליעזר<ref spanTo="#d174e0"/>
               </persName>
               <desc>—</desc>
               <state type="provenance">
                  <note>Ostracon, Muraba‘at</note>
               </state>
               <bibl>Mur 74</bibl>
               <state type="addl-Descr">
                  <note>—</note>
               </state>
               <floruit>Pre-135 CE<ref spanTo="#d1e7393"/>
               </floruit>
               <note xml:id="d1e7373" n="247"> See above, n. 8.</note>
               <note xml:id="d1e7393" n="248"> See above,
                                            n. 229.</note>
            </person>
            <person>
               <persName>—</persName>
               <desc>Ha-Nasan (1)’s son</desc>
               <state type="provenance">
                  <note>Ostracon, Muraba‘at</note>
               </state>
               <bibl>Mur 74</bibl>
               <state type="addl-Descr">
                  <note>—</note>
               </state>
               <floruit>Pre-135 CE<ref spanTo="#d1e7420"/>
               </floruit>
               <note xml:id="d1e7420" n="249"> See above,
                                            n. 229.</note>
            </person>
            <person>
               <persName><ref spanTo="#d176e0"/>
               </persName>
               <desc>—</desc>
               <state type="provenance">
                  <note>Parchment, Muraba‘at</note>
               </state>
               <bibl>Mur 90</bibl>
               <state type="addl-Descr">
                  <note>—</note>
               </state>
               <floruit>Pre-135 CE<ref spanTo="#d1e7452"/>
               </floruit>
               <note xml:id="d1e7432" n="250"> See above, n. 69. </note>
               <note xml:id="d1e7452" n="251"> See above,
                                            n. 229.</note>
            </person>
            <person>
               <persName><ref spanTo="#d178e0"/>
               </persName>
               <desc>—</desc>
               <state type="provenance">
                  <note>Parchment, Muraba‘at</note>
               </state>
               <bibl>Mur 94</bibl>
               <state type="addl-Descr">
                  <note>—</note>
               </state>
               <floruit>Pre-135 CE<ref spanTo="#d1e7484"/>
               </floruit>
               <note xml:id="d1e7464" n="252"> See above, n. 2. This is a short
                                            form of the name with no Greek case declension. For this
                                            form in Hebrew see above, n. 222.</note>
               <note xml:id="d1e7484" n="253"> See above,
                                            n. 229.</note>
            </person>
            <person>
               <persName><ref spanTo="#d180e0"/>
               </persName>
               <desc>Annab (1)’s father</desc>
               <state type="provenance">
                  <note>Parchment, Muraba‘at</note>
               </state>
               <bibl>Mur 94</bibl>
               <state type="addl-Descr">
                  <note>—</note>
               </state>
               <floruit>Pre-135 CE<ref spanTo="#d1e7517"/>
               </floruit>
               <note xml:id="d1e7497" n="254"> See above, n. 5. This
                                            declension is recorded in the document.</note>
               <note xml:id="d1e7517" n="255"> See above,
                                            n. 229.</note>
            </person>
            <person>
               <persName>[]<ref spanTo="#d183e0"/>
               </persName>
               <desc>—</desc>
               <state type="provenance">
                  <note>Parchment, Muraba‘at</note>
               </state>
               <bibl>Mur 95</bibl>
               <state type="addl-Descr">
                  <note>—</note>
               </state>
               <floruit>Pre-135 CE<ref spanTo="#d1e7559"/>
               </floruit>
               <note xml:id="d1e7533" n="256"> This is the suggested reading of
                                            the editor, see above, n. 5. Of course  or 
                                            is just as likely.</note>
               <note xml:id="d1e7559" n="257"> See above,
                                            n. 229.</note>
            </person>
            <person>
               <persName>[]<ref spanTo="#d186e0"/>
               </persName>
               <desc>—</desc>
               <state type="provenance">
                  <note>Parchment, Muraba‘at</note>
               </state>
               <bibl>Mur 95</bibl>
               <state type="addl-Descr">
                  <note>—</note>
               </state>
               <floruit>Pre-135 CE<ref spanTo="#d1e7601"/>
               </floruit>
               <note xml:id="d1e7575" n="258"> This is the suggested reading of
                                            the editor see above, n. 69. For  replacing  see
                                            Introduction 2.3.2.</note>
               <note xml:id="d1e7601" n="259"> See above,
                                            n. 229.</note>
            </person>
            <person>
               <persName><ref spanTo="#d188e0"/>
               </persName>
               <desc>—</desc>
               <state type="provenance">
                  <note>Parchment, Muraba‘at</note>
               </state>
               <bibl>Mur 107</bibl>
               <state type="addl-Descr">
                  <note>—</note>
               </state>
               <floruit>Pre-135 CE<ref spanTo="#d1e7633"/>
               </floruit>
               <note xml:id="d1e7613" n="260"> See above, n. 5. </note>
               <note xml:id="d1e7633" n="261"> See above,
                                            n. 229.</note>
            </person>
            <person>
               <persName></persName>
               <persName><ref spanTo="#d192e0"/>
               </persName>
               <desc>Simon (185)’s son</desc>
               <state type="provenance">
                  <note>Papyrus, marriage contract, Muraba‘at</note>
               </state>
               <bibl>Mur 115</bibl>
               <state type="addl-Descr">
                  <note>—</note>
               </state>
               <floruit>124 CE<ref spanTo="#d1e7687"/>
               </floruit>
               <note xml:id="d1e7648" n="262"> The name is spelt both ways in
                                            the document. It is fair to assume that this is the
                                            Greek transliteration of אלעי, see above, n. 82 and
                                            Introduction 2.4.1.2. DJD 2, 251, suggest this also. On the two
                                            forms (
                                            and )
                                            see also in  (above, no. 5) and  (above,
                                            n. 194). Or perhaps it
                                            could be compared to אלעי and אלי.</note>
               <note xml:id="d1e7687" n="263"> See above, n.
                                        229.</note>
            </person>
            <person>
               <persName>[]<ref spanTo="#d195e0"/>
               </persName>
               <desc>—</desc>
               <state type="provenance">
                  <note>Papyrus, Muraba‘at</note>
               </state>
               <bibl>Mur 120</bibl>
               <state type="addl-Descr">
                  <note>—</note>
               </state>
               <floruit>Pre-135 CE<ref spanTo="#d1e7726"/>
               </floruit>
               <note xml:id="d1e7703" n="264"> This is the suggested reading of the editor, see
                                            above, n. 5. Of course  is just as
                                            likely. </note>
               <note xml:id="d1e7726" n="265"> See above,
                                            n. 229.</note>
            </person>
            <person>
               <persName>[]<ref spanTo="#d198e0"/>
               </persName>
               <desc>—</desc>
               <state type="provenance">
                  <note>Papyrus, Muraba‘at</note>
               </state>
               <bibl>Mur 120</bibl>
               <state type="addl-Descr">
                  <note>—</note>
               </state>
               <floruit>Pre-135 CE<ref spanTo="#d1e7766"/>
               </floruit>
               <note xml:id="d1e7743" n="266"> See above, n. 69. This is the suggested reading of the
                                            editor. Of course  is just as
                                            likely. </note>
               <note xml:id="d1e7766" n="267"> See above,
                                            n. 229.</note>
            </person>
            <person>
               <persName>[]<ref spanTo="#d201e0"/>
               </persName>
               <desc>Witness, Judah (139)’s son</desc>
               <state type="provenance">
                  <note>Papyrus, deed, Babatha archive</note>
               </state>
               <bibl>PYadin 5</bibl>
               <state type="addl-Descr">
                  <note>—</note>
               </state>
               <floruit>110 CE<ref spanTo="#d1e7802"/>
               </floruit>
               <note xml:id="d1e7782" n="268"> See above, n. 5. This is the
                                            suggested reading of the editor. </note>
               <note xml:id="d1e7802" n="269"> See above, n.
                                        229.</note>
            </person>
            <person>
               <persName></persName>
               <persName></persName>
               <persName></persName>
               <persName><ref spanTo="#d211e0"/>
               </persName>
               <desc>Khethusion (1)</desc>
               <state type="provenance">
                  <note>Papyri, Babatha archive</note>
               </state>
               <bibl>PYadin 6, 10, 11, 16, 17, 18, 19, 20, 23, 24, 26</bibl>
               <state type="addl-Descr">
                  <note>—</note>
               </state>
               <floruit>119-28 CE<ref spanTo="#d1e7856"/>
               </floruit>
               <note xml:id="d1e7827" n="270"> For the Greek, see above, n. 5. These are the various
                                            declensions recorded in the documents. Note that
                                            occasionally the formal  is abbreviated to
                                                , see
                                            above, n. 194. An Aramaic
                                            subscription is added in PYadin 17, 18 and 20, where he
                                            appears as אלעזר, as in PYadin 10, in which the whole
                                            document is in Aramaic.</note>
               <note xml:id="d1e7856" n="271"> See above,
                                            n. 229.</note>
            </person>
            <person>
               <persName>אליעזר<ref spanTo="#d212e0"/>
               </persName>
               <desc>Witness,<ref spanTo="#d1e7874"/>Helkiah (9)’s son</desc>
               <state type="provenance">
                  <note>Papyri, Babatha archive</note>
               </state>
               <bibl>PYadin 6, 8, 18, 19, 26</bibl>
               <state type="addl-Descr">
                  <note>—</note>
               </state>
               <floruit>119-31 CE<ref spanTo="#d1e7897"/>
               </floruit>
               <note xml:id="d1e7867" n="272"> See above, n. 8.</note>
               <note xml:id="d1e7874" n="273"> See
                                            Introduction 3.3.1.1.</note>
               <note xml:id="d1e7897" n="274"> See above,
                                            n. 229.</note>
            </person>
            <person>
               <persName>—</persName>
               <desc>Witness,<ref spanTo="#d1e7911"/>Simon (195)’s son</desc>
               <state type="provenance">
                  <note>Papyri, Heber -“Seyal”</note>
               </state>
               <bibl>PYadin 8, 23; Se 8a.</bibl>
               <state type="addl-Descr">
                  <note>—</note>
               </state>
               <floruit>122-5 CE<ref spanTo="#d1e7939"/>
               </floruit>
               <note xml:id="d1e7911" n="275"> See
                                            Introduction 3.3.1.1 and
                                                3.3.1.2. </note>
               <note xml:id="d1e7939" n="276"> See above,
                                            n. 229.</note>
            </person>
            <person>
               <persName>אלעז[ר]<ref spanTo="#d213e0"/>
               </persName>
               <desc>Witness</desc>
               <state type="provenance">
                  <note>Papyrus, marriage contract, Babatha archive</note>
               </state>
               <bibl>PYadin 10</bibl>
               <state type="addl-Descr">
                  <note>—</note>
               </state>
               <floruit>Pre-125 CE<ref spanTo="#d1e7970"/>
               </floruit>
               <note xml:id="d1e7950" n="277"> This is the
                                            suggested reading of the editor. Of course, אלעז is just
                                            as likely, see above, n. 222.</note>
               <note xml:id="d1e7970" n="278"> See above,
                                            n. 229.</note>
            </person>
            <person>
               <persName><ref spanTo="#d215e0"/>
               </persName>
               <desc>Eleazar (139)’s son<ref spanTo="#d1e7990"/>
               </desc>
               <state type="provenance">
                  <note>Papyrus, deed, Babatha archive</note>
               </state>
               <bibl>PYadin 15</bibl>
               <state type="addl-Descr">
                  <note>—</note>
               </state>
               <floruit>125 CE<ref spanTo="#d1e8007"/>
               </floruit>
               <note xml:id="d1e7983" n="279"> See above, n. 5. </note>
               <note xml:id="d1e7990" n="280"> Named after
                                            his father, see Introduction 3.1.2.</note>
               <note xml:id="d1e8007" n="281"> See above, n.
                                        229.</note>
            </person>
            <person>
               <persName><ref spanTo="#d217e0"/>
               </persName>
               <desc>Eleazar (138)’s father</desc>
               <state type="provenance">
                  <note>Papyrus, deed, Babatha archive</note>
               </state>
               <bibl>PYadin 15</bibl>
               <state type="addl-Descr">
                  <note>—</note>
               </state>
               <floruit>125 CE<ref spanTo="#d1e8039"/>
               </floruit>
               <note xml:id="d1e8019" n="282"> See above, n. 5. This
                                            declension is recorded in the document.</note>
               <note xml:id="d1e8039" n="283"> See above, n.
                                        229.</note>
            </person>
            <person>
               <persName>—</persName>
               <desc>Witness</desc>
               <state type="provenance">
                  <note>Papyrus, deed, Babatha archive</note>
               </state>
               <bibl>PYadin 17</bibl>
               <state type="addl-Descr">
                  <note>—</note>
               </state>
               <floruit>128 CE<ref spanTo="#d1e8066"/>
               </floruit>
               <note xml:id="d1e8066" n="284"> See above, n.
                                        229.</note>
            </person>
            <person>
               <persName>—</persName>
               <desc>Witness,<ref spanTo="#d1e8080"/>Mattathias (57)’s son</desc>
               <state type="provenance">
                  <note>Papyri, Heber -“Seyal”</note>
               </state>
               <bibl>PYadin 23, 26; Se 8a.</bibl>
               <state type="addl-Descr">
                  <note>—</note>
               </state>
               <floruit>130-5 CE<ref spanTo="#d1e8102"/>
               </floruit>
               <note xml:id="d1e8080" n="285"> See above,
                                            n. 276.</note>
               <note xml:id="d1e8102" n="286"> See above,
                                            n. 229.</note>
            </person>
            <person>
               <persName>—</persName>
               <desc>Nicarchus (1)’s son</desc>
               <state type="provenance">
                  <note>Papyrus, Nabatean deed, Babatha archive</note>
               </state>
               <bibl>PYadin 36</bibl>
               <state type="addl-Descr">
                  <note>—</note>
               </state>
               <floruit>Pre-106 CE<ref spanTo="#d1e8129"/>
               </floruit>
               <note xml:id="d1e8129" n="287"> See above,
                                            n. 229.</note>
            </person>
            <person>
               <persName>אליעזר<ref spanTo="#d218e0"/>
               </persName>
               <desc>Samuel (21)’s son</desc>
               <state type="provenance">
                  <note>Papyri, Heber</note>
               </state>
               <bibl>PYadin 43, 44, 45, 46</bibl>
               <state type="addl-Descr">
                  <note>—</note>
               </state>
               <floruit>132-4 CE<ref spanTo="#d1e8160"/>
               </floruit>
               <note xml:id="d1e8140" n="288"> See above, n. 8.</note>
               <note xml:id="d1e8160" n="289"> See above,
                                            n. 229.</note>
            </person>
            <person>
               <persName>—</persName>
               <desc>Eleazar (145)’s son<ref spanTo="#d1e8175"/>
               </desc>
               <state type="provenance">
                  <note>Papyri, Heber</note>
               </state>
               <bibl>PYadin 44, 45, 46</bibl>
               <state type="addl-Descr">
                  <note>—</note>
               </state>
               <floruit>134 CE<ref spanTo="#d1e8195"/>
               </floruit>
               <note xml:id="d1e8175" n="290"> Named after
                                            his father,
                                            see Introduction
                                            3.1.2.</note>
               <note xml:id="d1e8195" n="291"> See above, n.
                                        229.</note>
            </person>
            <person>
               <persName>—</persName>
               <desc>Hita (1)’s son</desc>
               <state type="provenance">
                  <note>Papyri, Heber</note>
               </state>
               <bibl>PYadin 44, 45, 46, 50</bibl>
               <state type="addl-Descr">
                  <note>—</note>
               </state>
               <floruit>132-5 CE<ref spanTo="#d1e8222"/>
               </floruit>
               <note xml:id="d1e8222" n="292"> See above,
                                            n. 229.</note>
            </person>
            <person>
               <persName>אלע[ז]ר<ref spanTo="#d219e0"/>
               </persName>
               <desc>Judah (152)’sson</desc>
               <state type="provenance">
                  <note>Papyrus, deed, Heber</note>
               </state>
               <bibl>PYadin 44</bibl>
               <state type="addl-Descr">
                  <note>—</note>
               </state>
               <floruit>134 CE<ref spanTo="#d1e8256"/>
               </floruit>
               <note xml:id="d1e8233" n="293"> This is the suggested
                                            reading of the editor.</note>
               <note xml:id="d1e8256" n="294"> See above, n.
                                        229.</note>
            </person>
            <person>
               <persName>—</persName>
               <desc>Joseph (187)’s father</desc>
               <state type="provenance">
                  <note>Papyrus, deed, Heber</note>
               </state>
               <bibl>PYadin 46</bibl>
               <state type="addl-Descr">
                  <note>—</note>
               </state>
               <floruit>134 CE<ref spanTo="#d1e8283"/>
               </floruit>
               <note xml:id="d1e8283" n="295"> See above, n.
                                        229.</note>
            </person>
            <person>
               <persName>אליעזר<ref spanTo="#d220e0"/>
               </persName>
               <desc>—</desc>
               <state type="provenance">
                  <note>Papyrus, deed, Heber</note>
               </state>
               <bibl>PYadin 47</bibl>
               <state type="addl-Descr">
                  <note>—</note>
               </state>
               <floruit>135 CE<ref spanTo="#d1e8314"/>
               </floruit>
               <note xml:id="d1e8294" n="296"> See above, n. 8.</note>
               <note xml:id="d1e8314" n="297"> See above, n.
                                        229.</note>
            </person>
            <person>
               <persName>—</persName>
               <desc>Levi (24)’s son</desc>
               <state type="provenance">
                  <note>Parchment, deed, “Seyal”</note>
               </state>
               <bibl>Se 7</bibl>
               <state type="addl-Descr">
                  <note>—</note>
               </state>
               <floruit>134-5 CE<ref spanTo="#d1e8341"/>
               </floruit>
               <note xml:id="d1e8341" n="298"> See above,
                                            n. 229.</note>
            </person>
            <person>
               <persName>—</persName>
               <desc>Eleazar (151)’s son<ref spanTo="#d1e8357"/>
               </desc>
               <state type="provenance">
                  <note>Papyrus, deed, “Seyal”</note>
               </state>
               <bibl>Se 8a</bibl>
               <state type="addl-Descr">
                  <note>—</note>
               </state>
               <floruit>134-5 CE<ref spanTo="#d1e8377"/>
               </floruit>
               <note xml:id="d1e8357" n="299"> Named after
                                            his father,
                                            see Introduction
                                            3.1.2.</note>
               <note xml:id="d1e8377" n="300"> See above,
                                            n. 229.</note>
            </person>
            <person>
               <persName>—</persName>
               <desc>Shatia (2)</desc>
               <state type="provenance">
                  <note>Papyrus, deed, “Seyal”</note>
               </state>
               <bibl>Se 8a</bibl>
               <state type="addl-Descr">
                  <note>—</note>
               </state>
               <floruit>134-5 CE<ref spanTo="#d1e8404"/>
               </floruit>
               <note xml:id="d1e8404" n="301"> See above,
                                            n. 229.</note>
            </person>
            <person>
               <persName>—</persName>
               <desc>Hananiah (75)’s son</desc>
               <state type="provenance">
                  <note>Papyrus, divorce bill, “Seyal”</note>
               </state>
               <bibl>Se 13</bibl>
               <state type="addl-Descr">
                  <note>—</note>
               </state>
               <floruit>134-5 CE<ref spanTo="#d1e8431"/>
               </floruit>
               <note xml:id="d1e8431" n="302"> See above,
                                            n. 229.</note>
            </person>
            <person>
               <persName>אלע[זר]<ref spanTo="#d221e0"/>
               </persName>
               <desc>Witness</desc>
               <state type="provenance">
                  <note>Papyrus, deed, “Seyal”</note>
               </state>
               <bibl>Se 22</bibl>
               <state type="addl-Descr">
                  <note>—</note>
               </state>
               <floruit>Pre-135 CE<ref spanTo="#d1e8462"/>
               </floruit>
               <note xml:id="d1e8442" n="303"> This is the suggested
                                            reading of the editor. Of course, אלעז is just as
                                            likely, see above, n. 222.</note>
               <note xml:id="d1e8462" n="304"> See above,
                                            n. 229.</note>
            </person>
            <person>
               <persName>[א]לעזר<ref spanTo="#d222e0"/>
               </persName>
               <desc>Witness</desc>
               <state type="provenance">
                  <note>Papyrus, “Seyal”</note>
               </state>
               <bibl>Se 22</bibl>
               <state type="addl-Descr">
                  <note>—</note>
               </state>
               <floruit>Pre-135 CE<ref spanTo="#d1e8496"/>
               </floruit>
               <note xml:id="d1e8473" n="305"> This is the suggested
                                            reading of the editor. Of course, לעזר is just as
                                            likely, see above, n. 177.</note>
               <note xml:id="d1e8496" n="306"> See above,
                                            n. 229.</note>
            </person>
            <person>
               <persName>—</persName>
               <desc>—</desc>
               <state type="provenance">
                  <note>Papyrus, deed, “Seyal”</note>
               </state>
               <bibl>Se 50</bibl>
               <state type="addl-Descr">
                  <note>—</note>
               </state>
               <floruit>Pre-135 CE<ref spanTo="#d1e8523"/>
               </floruit>
               <note xml:id="d1e8523" n="307"> See above,
                                            n. 229.</note>
            </person>
            <person>
               <persName>[]<ref spanTo="#d227e0"/>
               </persName>
               <desc>Shulai (3)’s father</desc>
               <state type="provenance">
                  <note>Papyrus, marriage contract, “Seyal”</note>
               </state>
               <bibl>Se 69</bibl>
               <state type="addl-Descr">
                  <note>—</note>
               </state>
               <floruit>130 CE<ref spanTo="#d1e8573"/>
               </floruit>
               <note xml:id="d1e8544" n="308"> This is the
                                            suggested reading of the editor, see above, n. 5. Of
                                            course [] is just as likely. This declension is
                                            recorded in the document.</note>
               <note xml:id="d1e8573" n="309"> See above, n.
                                        229.</note>
            </person>
            <person>
               <persName>—</persName>
               <desc>—</desc>
               <state type="provenance">
                  <note>Parchment, “Qumran”<ref spanTo="#d1e8590"/>
                  </note>
               </state>
               <bibl>4Q342</bibl>
               <state type="addl-Descr">
                  <note>—</note>
               </state>
               <floruit>Pre-135 CE<ref spanTo="#d1e8604"/>
               </floruit>
               <note xml:id="d1e8590" n="310"> For the
                                            correct provenance of these documents see Introduction
                                            4.5.4.1.</note>
               <note xml:id="d1e8604" n="311"> See above,
                                            n. 229.</note>
            </person>
            <person>
               <persName>—</persName>
               <desc>Joseph (199)’s son</desc>
               <state type="provenance">
                  <note>Papyrus, “Qumran”<ref spanTo="#d1e8621"/>
                  </note>
               </state>
               <bibl>4Q344</bibl>
               <state type="addl-Descr">
                  <note>—</note>
               </state>
               <floruit>Pre-135 CE<ref spanTo="#d1e8635"/>
               </floruit>
               <note xml:id="d1e8621" n="312"> See above,
                                            n. 311.</note>
               <note xml:id="d1e8635" n="313"> See above,
                                            n. 229.</note>
            </person>
            <person>
               <persName>—</persName>
               <desc>—</desc>
               <state type="provenance">
                  <note>Papyrus, “Qumran”<ref spanTo="#d1e8652"/>
                  </note>
               </state>
               <bibl>4Q348</bibl>
               <state type="addl-Descr">
                  <note>—</note>
               </state>
               <floruit>Pre-70 CE<ref spanTo="#d1e8666"/>
               </floruit>
               <note xml:id="d1e8652" n="314"> See above,
                                            n. 311.</note>
               <note xml:id="d1e8666" n="315"> This
                                            document is probably dated to before 70 CE because it
                                            mentions a high priest.</note>
            </person>
            <person>
               <persName>—</persName>
               <desc>Simon (226)’s son</desc>
               <state type="provenance">
                  <note>Parchment, “Qumran”<ref spanTo="#d1e8683"/>
                  </note>
               </state>
               <bibl>4Q348</bibl>
               <state type="addl-Descr">
                  <note>—</note>
               </state>
               <floruit>Pre-70 CE<ref spanTo="#d1e8697"/>
               </floruit>
               <note xml:id="d1e8683" n="316"> See above,
                                            n. 311.</note>
               <note xml:id="d1e8697" n="317"> See above,
                                            n. 316.</note>
            </person>
            <person>
               <persName><ref spanTo="#d229e0"/>
               </persName>
               <desc>—</desc>
               <state type="provenance">
                  <note>Papyrus, Seelim</note>
               </state>
               <bibl>DJD38, 222</bibl>
               <state type="addl-Descr">
                  <note>—</note>
               </state>
               <floruit>Pre-135 CE<ref spanTo="#d1e8734"/>
               </floruit>
               <note xml:id="d1e8712" n="318"> See above, n. 69. </note>
               <note xml:id="d1e8734" n="319"> See above,
                                            n. 229.</note>
            </person>
            <person>
               <persName>אלי<ref spanTo="#d230e0"/>
               </persName>
               <desc>—</desc>
               <state type="provenance">
                  <note>Papyrus, Qumran</note>
               </state>
               <bibl>4Q520</bibl>
               <state type="addl-Descr">
                  <note>—</note>
               </state>
               <floruit>Pre-70 CE<ref spanTo="#d1e8766"/>
               </floruit>
               <note xml:id="d1e8746" n="320"> The papyrus is very
                                            fragmentary and the name is barely readable. If this is
                                            the correct reading, it could either be a shortened
                                            (Palestinian) version of אלעי, see above, n. 82, or it
                                            may just be what is readable from a complete אליעזר (or
                                            אלישע, or another such name).</note>
               <note xml:id="d1e8766" n="321"> On dating
                                            of the documents from Qumran see Introduction
                                        7.7.2.</note>
            </person>
            <person>
               <persName>—</persName>
               <desc>Nahmani (3)’s son</desc>
               <state type="provenance">
                  <note>Ostracon, deed, Qumran</note>
               </state>
               <bibl>KhQ1</bibl>
               <state type="addl-Descr">
                  <note>—</note>
               </state>
               <floruit>Pre-70 CE<ref spanTo="#d1e8793"/>
               </floruit>
               <note xml:id="d1e8793" n="322"> See above,
                                            n. 322.</note>
            </person>
            <person>
               <persName>—</persName>
               <desc>—</desc>
               <state type="provenance">
                  <note>Ostracon, Masada</note>
               </state>
               <bibl>Mas no. 381</bibl>
               <state type="addl-Descr">
                  <note>—</note>
               </state>
               <floruit>Pre-73 CE<ref spanTo="#d1e8820"/>
               </floruit>
               <note xml:id="d1e8820" n="323"> For dating
                                            of the documents from Masada see Introduction
                                        7.8.</note>
            </person>
            <person>
               <persName>אליעזר<ref spanTo="#d231e0"/>
               </persName>
               <desc>—</desc>
               <state type="provenance">
                  <note>Ostracon, Masada</note>
               </state>
               <bibl>Mas no. 390</bibl>
               <state type="addl-Descr">
                  <note>—</note>
               </state>
               <floruit>Pre-73 CE<ref spanTo="#d1e8851"/>
               </floruit>
               <note xml:id="d1e8831" n="324"> See above, n. 8.</note>
               <note xml:id="d1e8851" n="325"> See above,
                                            n. 324.</note>
            </person>
            <person>
               <persName>אליעזר<ref spanTo="#d232e0"/>
               </persName>
               <desc>—</desc>
               <state type="provenance">
                  <note>Ostracon, Masada</note>
               </state>
               <bibl>Mas no. 421</bibl>
               <state type="addl-Descr">
                  <note>—</note>
               </state>
               <floruit>Pre-73 CE<ref spanTo="#d1e8882"/>
               </floruit>
               <note xml:id="d1e8862" n="326"> See above, n. 8.</note>
               <note xml:id="d1e8882" n="327"> See above,
                                            n. 324.</note>
            </person>
            <person>
               <persName>—</persName>
               <desc>Hadad (2)’s son</desc>
               <state type="provenance">
                  <note>Jar, Masada</note>
               </state>
               <bibl>Mas no. 469</bibl>
               <state type="addl-Descr">
                  <note>—</note>
               </state>
               <floruit>Pre-73 CE<ref spanTo="#d1e8909"/>
               </floruit>
               <note xml:id="d1e8909" n="328"> See above,
                                            n. 324.</note>
            </person>
            <person>
               <persName>—</persName>
               <desc>Joseph (220)’s father</desc>
               <state type="provenance">
                  <note>Jar, Masada</note>
               </state>
               <bibl>Mas no. 470</bibl>
               <state type="addl-Descr">
                  <note>—</note>
               </state>
               <floruit>Pre-73 CE<ref spanTo="#d1e8937"/>
               </floruit>
               <note xml:id="d1e8937" n="329"> See above,
                                            n. 324.</note>
            </person>
            <person>
               <persName>—</persName>
               <desc>—</desc>
               <state type="provenance">
                  <note>Jar, Masada</note>
               </state>
               <bibl>Mas no. 476</bibl>
               <state type="addl-Descr">
                  <note>—</note>
               </state>
               <floruit>Pre-73 CE<ref spanTo="#d1e8964"/>
               </floruit>
               <note xml:id="d1e8964" n="330"> See above,
                                            n. 324.</note>
            </person>
            <person>
               <persName>—</persName>
               <desc>—</desc>
               <state type="provenance">
                  <note>Jar, Masada</note>
               </state>
               <bibl>Mas no. 510</bibl>
               <state type="addl-Descr">
                  <note>—</note>
               </state>
               <floruit>Pre-73 CE<ref spanTo="#d1e8991"/>
               </floruit>
               <note xml:id="d1e8991" n="331"> See above,
                                            n. 324.</note>
            </person>
            <person>
               <persName>אלע[זר]<ref spanTo="#d233e0"/>
               </persName>
               <desc>—</desc>
               <state type="provenance">
                  <note>Jar, Masada</note>
               </state>
               <bibl>Mas no. 511</bibl>
               <state type="addl-Descr">
                  <note>—</note>
               </state>
               <floruit>Pre-73 CE<ref spanTo="#d1e9022"/>
               </floruit>
               <note xml:id="d1e9002" n="332"> This is the suggested
                                            reading of the editor. Of course, אלעז is just as
                                            likely, see above, n. 222.</note>
               <note xml:id="d1e9022" n="333"> See above,
                                            n. 324.</note>
            </person>
            <person>
               <persName>—</persName>
               <desc>The scribe’s son<ref spanTo="#d1e9036"/>
               </desc>
               <state type="provenance">
                  <note>Ostracon, Masada</note>
               </state>
               <bibl>Mas no. 667</bibl>
               <state type="addl-Descr">
                  <note>Inauthentic?<ref spanTo="#d1e9052"/>
                  </note>
               </state>
               <floruit>Pre-73 CE<ref spanTo="#d1e9065"/>
               </floruit>
               <note xml:id="d1e9036" n="334"> In Hebrew –
                                            בר הספר.</note>
               <note xml:id="d1e9052" n="335"> Naveh, Mas I, 66, expresses his doubts
                                            about the authenticity of this archaeological find, see
                                            Introduction 1.1.1.2.1, and
                                                6.2.4.</note>
               <note xml:id="d1e9065" n="336"> See above,
                                            n. 324.</note>
            </person>
            <person>
               <persName>—</persName>
               <desc>—</desc>
               <state type="provenance">
                  <note>Ostracon, Masada</note>
               </state>
               <bibl>Mas no. 697</bibl>
               <state type="addl-Descr">
                  <note>—</note>
               </state>
               <floruit>Pre-73 CE<ref spanTo="#d1e9092"/>
               </floruit>
               <note xml:id="d1e9092" n="337"> See above,
                                            n. 324.</note>
            </person>
            <person>
               <persName><ref spanTo="#d235e0"/>
               </persName>
               <desc>Meserai (2)’s son</desc>
               <state type="provenance">
                  <note>Ostracon, Masada</note>
               </state>
               <bibl>Mas no. 779</bibl>
               <state type="addl-Descr">
                  <note>Egypt<ref spanTo="#d1e9123"/>
                  </note>
               </state>
               <floruit>Pre-73 CE<ref spanTo="#d1e9133"/>
               </floruit>
               <note xml:id="d1e9105" n="338"> See above, n. 40. Notice that the
                                            name is undeclined, see above, n. 2.</note>
               <note xml:id="d1e9123" n="339"> This would be the country of
                                            origin of this person if his father’s name () is in fact a nickname, indicating
                                            place of origin. See Introduction 6.3.1. See also
                                            Introduction 1.1.1.2.1.</note>
               <note xml:id="d1e9133" n="340"> See above,
                                            n. 324.</note>
            </person>
            <person>
               <persName>—</persName>
               <desc>Imma (8)’s husband</desc>
               <state type="provenance">
                  <note>Dedicatory Inscription Mt Gerizim</note>
               </state>
               <bibl>Misgav,Qadmoniont33 (2001) 126</bibl>
               <state type="addl-Descr">
                  <note>Samaritan<ref spanTo="#d1e9165"/>
                  </note>
               </state>
               <floruit>
                  <div xmlns="http://www.tei-c.org/ns/1.0">2ndC BCE<ref xmlns="" spanTo="#d1e9178"/>
                  </div>
               </floruit>
               <note xml:id="d1e9165" n="341"> See Introduction 6.3.4.</note>
               <note xml:id="d1e9178" n="342">
                                                  On the date of the
                                                  Samaritan inscriptions, see Introduction
                                                  7.6.6.</note>
            </person>
            <person>
               <persName>אלע[זר]<ref spanTo="#d237e0"/>
               </persName>
               <desc>Menahem (46)’s father</desc>
               <state type="provenance">
                  <note>Papyrus, deed, Babatha archive</note>
               </state>
               <bibl>PYadin 17<ref spanTo="#d1e9209"/>
               </bibl>
               <state type="addl-Descr">
                  <note>—</note>
               </state>
               <floruit>128 CE<ref spanTo="#d1e9227"/>
               </floruit>
               <note xml:id="d1e9193" n="343"> This is the suggested reading of the editor. Of course, אלעז is just as likely, see above, n. 222.</note>
               <note xml:id="d1e9209" n="344"> This reading is according to Yardeni, TAHNDTJD, 139.</note>
               <note xml:id="d1e9227" n="345">
                                            See above, n.
                                        229.</note>
            </person>
            <person>
               <persName>—</persName>
               <desc>Joseph (231)’s son</desc>
               <state type="provenance">
                  <note>Papyrus, deed, Babatha archive</note>
               </state>
               <bibl>PYadin 19<ref spanTo="#d1e9252"/>
               </bibl>
               <state type="addl-Descr">
                  <note>—</note>
               </state>
               <floruit>128 CE<ref spanTo="#d1e9270"/>
               </floruit>
               <note xml:id="d1e9252" n="346"> This reading is according to Yardeni, TAHNDTJD, 144.</note>
               <note xml:id="d1e9270" n="347">
                                            See above, n.
                                        229.</note>
            </person>
         </listPerson>
      </ab>
      <ab type="name" n="אלעשה-Elasah">
         <ref spanTo="#d1e9285"/>
         <listPerson>
            <person>
               <persName>אלעשא<ref spanTo="#d238e0"/>
               </persName>
               <desc>His son</desc>
               <state type="provenance">
                  <note>—</note>
               </state>
               <bibl>yMQ3:1, 81c (Kosovsky,Yerushalmi, 134)</bibl>
               <state type="addl-Descr">
                  <note>—</note>
               </state>
               <floruit>Pre-200 CE<ref spanTo="#d1e9325"/>
               </floruit>
               <note xml:id="d1e9300" n="1"> On the exchange of ה with א,
                                        see Introduction 2.4.2.7.</note>
               <note xml:id="d1e9325" n="2"> Described in this tradition as
                                        R. Judah the Patriarch’s son-in-law, see Introduction
                                        7.5.1.4.</note>
            </person>
            <person>
               <persName>—</persName>
               <desc>—</desc>
               <state type="provenance">
                  <note>Ossuary, Clermont-Ganneau, 1883</note>
               </state>
               <bibl>CIJ, no. 1380</bibl>
               <state type="addl-Descr">
                  <note>—</note>
               </state>
               <floruit>Pre-70 CE<ref spanTo="#d1e9354"/>
               </floruit>
               <note xml:id="d1e9354" n="3"> On ossuary dating see
                                        Introduction 7.6.1.</note>
            </person>
            <person>
               <persName>—</persName>
               <desc>Joseph (125)’s father</desc>
               <state type="provenance">
                  <note>Ossuary, Mt Olives</note>
               </state>
               <bibl>Puech,LA32 (1982) 358</bibl>
               <state type="addl-Descr">
                  <note>—</note>
               </state>
               <floruit>Pre-70 CE<ref spanTo="#d1e9384"/>
               </floruit>
               <note xml:id="d1e9384" n="4"> See above, n. 4.</note>
            </person>
         </listPerson>
      </ab>
      <ab type="name" n="אפרים-Ephraim">
         <ref spanTo="#d1e9399"/>
         <listPerson>
            <person>
               <persName><ref spanTo="#d240e0"/>
               </persName>
               <desc>Jewish bishop<ref spanTo="#d1e9437"/>
               </desc>
               <state type="provenance">
                  <note>—</note>
               </state>
               <bibl>Eus.EH, 4:5</bibl>
               <state type="addl-Descr">
                  <note>—</note>
               </state>
               <floruit>Pre-135 CE<ref spanTo="#d1e9457"/>
               </floruit>
               <note xml:id="d1e9415" n="1">
                                        Josephus usually transliterates the name ( Schalit,
                                            NB, 47), but he also uses and
                                            
                                        occasionally. LXX has (H &amp; R
                                        Suppl. 63). On the difference in transliteration between
                                        Josephus and LXX see Introduction 2.1.1.1. For abbreviated
                                        transliterations of this sort, see Introduction 2.1.3.
                                    </note>
               <note xml:id="d1e9437" n="2"> On this list see Introduction
                                        3.2.9.</note>
               <note xml:id="d1e9457" n="3"> See Introduction
                                7.4.1.</note>
            </person>
            <person>
               <persName>—</persName>
               <desc>Of Miqsha<ref spanTo="#d1e9471"/>
               </desc>
               <state type="provenance">
                  <note>—</note>
               </state>
               <bibl>bBM87a (Kosowsky,Babylonico, 281)</bibl>
               <state type="addl-Descr">
                  <note>—</note>
               </state>
               <floruit>Post-135 CE<ref spanTo="#d1e9493"/>
               </floruit>
               <note xml:id="d1e9471" n="4"> In Hebrew – מקשאה. For this form, see
                                        Introduction 3.2.6.</note>
               <note xml:id="d1e9493" n="5"> Described here as R. Meir’s
                                        disciple, see Introduction 7.5.1.3.</note>
            </person>
         </listPerson>
      </ab>
      <ab type="name" n="בבי-Babi">
         <ref spanTo="#d1e9514"/>
         <listPerson>
            <person>
               <persName><ref spanTo="#d242e0"/>
               </persName>
               <desc>His sons</desc>
               <state type="provenance">
                  <note>—</note>
               </state>
               <bibl>AJ15:260 (Schalit,NB, 22)</bibl>
               <state type="addl-Descr">
                  <note>Family<ref spanTo="#d1e9568"/>
                  </note>
               </state>
               <floruit>37-26 BCE<ref spanTo="#d1e9578"/>
               </floruit>
               <note xml:id="d1e9533" n="1"> LXX has  or  for בבי (H &amp;
                                        R Suppl. 31).  (בבא) seems to be the Aramaic form of which
                                        the biblical בבי derived, like אחי from אחא, see
                                        Introduction 2.4.2.1. See also, Schlatter, HN, 24.</note>
               <note xml:id="d1e9568" n="2"> See Introduction 6.1.2. Josephus
                                        describes a group of people, related apparently to the
                                        Hasmoneans, as the sons of Baba
                                        (AJ 15:266
                                        implies they were Hyrcanus II’s relatives). Since the name
                                        is not given to a single individual, we may assume it was
                                        some kind of family name, perhaps given after a
                                        relative.</note>
               <note xml:id="d1e9578" n="3"> On dating according to Josephus see Introduction
                                        7.2.</note>
            </person>
            <person>
               <persName>—</persName>
               <desc>His son, Temple official<ref spanTo="#d1e9595"/>
               </desc>
               <state type="provenance">
                  <note>—</note>
               </state>
               <bibl>mSheq5:1 (Kasovsky,Mishnae, 391)</bibl>
               <state type="addl-Descr">
                  <note>—</note>
               </state>
               <floruit>Pre-70 CE<ref spanTo="#d1e9620"/>
               </floruit>
               <note xml:id="d1e9595" n="4"> In Hebrew – על
                                        הפקיע. On this בבי, see further Klein,
                                        Lĕšonénu 1
                                        (1929) 331.</note>
               <note xml:id="d1e9620" n="5"> Associated with the Temple, see
                                        Introduction 7.5.1.1.</note>
            </person>
            <person>
               <persName>בבא<ref spanTo="#d243e0"/>
               </persName>
               <desc>Judah (33)’s father</desc>
               <state type="provenance">
                  <note>—</note>
               </state>
               <bibl>mErub2:4 (Kasovsky,Mishnae, 307)</bibl>
               <state type="addl-Descr">
                  <note>—</note>
               </state>
               <floruit>Pre-135 CE<ref spanTo="#d1e9656"/>
               </floruit>
               <note xml:id="d1e9631" n="6"> Since בבא is not documented in
                                        biblical or parallel documents, we may assume that בבא is an
                                        Aramicized variation of בבי, see above, n. 2. The name also
                                        means, “father.” On family members as names see Introduction
                                        1.5.1.</note>
               <note xml:id="d1e9656" n="7"> His son is usually described as
                                        a contemporary of R. Aqiba in tannaitic literature. In
                                        amoraic literature he is described as a Bar Kokhba Revolt
                                        martyr, e.g. bSan 14a.
                                        Tannaitic literature also suggests this, albeit more subtely
                                            (tSot 13:4). See
                                        Introduction 7.5.1.2.</note>
            </person>
            <person>
               <persName>בבא<ref spanTo="#d244e0"/>
               </persName>
               <desc>Butes (1)’s son</desc>
               <state type="provenance">
                  <note>—</note>
               </state>
               <bibl>mKer6:3 (Kasovsky,Mishnae, 308)</bibl>
               <state type="addl-Descr">
                  <note>—</note>
               </state>
               <floruit>Pre-70 CE<ref spanTo="#d1e9701"/>
               </floruit>
               <note xml:id="d1e9673" n="8"> See above, n. 7. On this בבא, see
                                        further Klein,
                                        Lĕšonénu 1
                                        (1929) 331.</note>
               <note xml:id="d1e9701" n="9"> In tHag 2:11 he is described as a contemporary of
                                        Hillel, see Introduction 7.5.1.1.</note>
            </person>
            <person>
               <persName>בבא<ref spanTo="#d245e0"/>
               </persName>
               <persName><ref spanTo="#d248e0"/>
               </persName>
               <desc>Joseph (170) and Yohanan (91)’s father</desc>
               <state type="provenance">
                  <note>Papyri, Heber -“Seyal”</note>
               </state>
               <bibl>PYadin 7; Se 64.</bibl>
               <state type="addl-Descr">
                  <note>—</note>
               </state>
               <floruit>120-9 CE<ref spanTo="#d1e9749"/>
               </floruit>
               <note xml:id="d1e9715" n="10"> So in the Aramaic document (PYadin
                                        7 – father of יוחנן and יוסף), see above, n. 7.</note>
               <note xml:id="d1e9721" n="11"> So in the Greek
                                        document (Se 64 – father of Joseph
                                            no. 170), see above, n. 2.</note>
               <note xml:id="d1e9749" n="12"> On dating of the Dead Sea documents,
                                        see Introduction 7.7.</note>
            </person>
         </listPerson>
      </ab>
      <ab type="name" n="בלגה-Bilga">
         <ref spanTo="#d1e9761"/>
         <listPerson>
            <person>
               <persName>[ב]לגה<ref spanTo="#d249e0"/>
               </persName>
               <persName><ref spanTo="#d252e0"/>
               </persName>
               <desc>Meir (1) and Mariam (16)’s father</desc>
               <state type="provenance">
                  <note>Tomb inscription, Jifna<ref spanTo="#d1e9809"/>
                  </note>
               </state>
               <bibl>BJ6:280 (Schalit,NB, 26); mSuk5:8 (Kasovsky,Mishnae, 380); Sukenik,BIES1 (1933) 8.</bibl>
               <state type="addl-Descr">
                  <note>Family<ref spanTo="#d1e9850"/>
                  </note>
               </state>
               <floruit>Pre-135 CE<ref spanTo="#d1e9857"/>
               </floruit>
               <note xml:id="d1e9776" n="1"> This is the form in the inscription.
                                        It is the suggested reading of the editor. Rabbinic
                                        literature has בלגה.</note>
               <note xml:id="d1e9782" n="2"> Josephus does
                                        not list the priestly families, but he does mention that son of
                                            (Meir no. 1) was
                                        of priestly descent. The biblical בלגה is transliterated in
                                        LXX as 
                                        and ,
                                        but also, with a Greek declension –  (H &amp; R
                                        Suppl. 34, 38). Josephus probably refers to this name.
                                    </note>
               <note xml:id="d1e9809" n="3"> If Sukenik’s
                                        reading is correct, the tomb in Jifna marked by the
                                        inscription bearing this name should also be assigned to the
                                        same family. On priestly families in Gofna (=Jifna) see
                                        Alon, Jews, Judaism and the Classical World,
                                        294, n. 58.</note>
               <note xml:id="d1e9850" n="4">
                                        See Introduction 6.1.2. See also Stern, “Aspects of Jewish
                                        Society,” 592-4.</note>
               <note xml:id="d1e9857" n="5"> The various documents in which the
                                        name is recorded all point to a pre-70 CE date. Josephus’
                                        Meir son of Bilga was active and died with the destruction
                                        of the Temple (70 CE). Miriam
                                        daughter of Bilga of the Mishnah is associated with the
                                        period of Antiochean persecutions (168 BCE) and the tomb
                                        from Jifna is situated in the Judaean hills, see
                                        Introduction 7.6.3.</note>
            </person>
         </listPerson>
      </ab>
      <ab type="name" n="בן-גבר-Ben Gaber">
         <ref spanTo="#d1e9872"/>
         <listPerson>
            <person>
               <persName>—</persName>
               <desc>Temple official<ref spanTo="#d1e9896"/>
               </desc>
               <state type="provenance">
                  <note>—</note>
               </state>
               <bibl>mSheq5:1 (Kasovsky,Mishnae, 426)</bibl>
               <state type="addl-Descr">
                  <note>Nickname?<ref spanTo="#d1e9917"/>
                  </note>
               </state>
               <floruit>Pre-70 CE<ref spanTo="#d1e9924"/>
               </floruit>
               <note xml:id="d1e9896" n="1"> In Hebrew – על נעילת
                                    שערים.</note>
               <note xml:id="d1e9917" n="2">
                                        Despite the fact that this is a biblical name, it is
                                        probably a nickname, see Introduction 6.1.1.</note>
               <note xml:id="d1e9924" n="3"> Associated with the Temple, see
                                        Introduction 7.5.1.1.</note>
            </person>
         </listPerson>
      </ab>
      <ab type="name" n="בניה-Benaiah">
         <ref spanTo="#d1e9936"/>
         <listPerson>
            <person>
               <persName><ref spanTo="#d254e0"/>
               </persName>
               <persName>בניא<ref spanTo="#d257e0"/>
               </persName>
               <desc>Of the LXX translators</desc>
               <state type="provenance">
                  <note>—</note>
               </state>
               <bibl>Arist50</bibl>
               <state type="addl-Descr">
                  <note>Fictitious<ref spanTo="#d1e9989"/>
                  </note>
               </state>
               <floruit>3rdC BCE<ref spanTo="#d1e10018"/>
               </floruit>
               <note xml:id="d1e9952" n="1"> This could be Greek for בניה, or בני –
                                        an abbreviation of the former, see Introduction 2.4.1.2.
                                        This is one of the transliterations of the name into Greek
                                        in LXX (H &amp; R Suppl. 35). Cohen,
                                        Lĕšonénu 31
                                        (1967) 100, n. 9; JSJ 7
                                        (1976) 111; JSJ 15 (1984)
                                        57, n. 71, suggests that it could also be a transliteration
                                        of the Persian name וני (see below under ונה). However, see
                                        below, n. 4.</note>
               <note xml:id="d1e9967" n="2"> So according to
                                        Epiphanius, in the Syriac script (Wendland, Aristeae, 143), see Introduction
                                        2.8.3. On the interchange of ה and א see Introduction
                                        2.4.2.7.</note>
               <note xml:id="d1e9989" n="3"> On Arist see Introduction 6.2.1, and Cohen, JSJ 15 (1984) 57-8. Varying
                                        forms of this name are recorded elsewhere in Egyptian
                                        antiquity (Preisigke, NB, 71).  is
                                        documented in a 4th C
                                        BCE Jewish papyrus from Egypt (CPJ 3, no. 501).</note>
               <note xml:id="d1e10018" n="4"> On
                                        dating Arist see
                                        Introduction 7.1.1.</note>
            </person>
            <person>
               <persName><ref spanTo="#d259e0"/>
               </persName>
               <desc>Desert hermit</desc>
               <state type="provenance">
                  <note>—</note>
               </state>
               <bibl>Vita11 (Schalit,NB, 24)</bibl>
               <state type="addl-Descr">
                  <note>—</note>
               </state>
               <floruit>50 CE<ref spanTo="#d1e10061"/>
               </floruit>
               <note xml:id="d1e10033" n="5"> This is one of the Greek
                                        transliterations of בני, (H &amp; R Suppl. 35), on the
                                        double consonant  see Introduction 2.3.4. See also Introduction
                                        2.4.1.2.</note>
               <note xml:id="d1e10061" n="6"> On dating in Josephus see
                                        Introduction 7.2.</note>
            </person>
            <person>
               <persName>בנאה<ref spanTo="#d260e0"/>
               </persName>
               <desc>—</desc>
               <state type="provenance">
                  <note>—</note>
               </state>
               <bibl>Mekh. dRI, 98 (Kosovsky,Mechilta, 10*)</bibl>
               <state type="addl-Descr">
                  <note>—</note>
               </state>
               <floruit>Pre-200 CE<ref spanTo="#d1e10097"/>
               </floruit>
               <note xml:id="d1e10072" n="7"> For this variant, see
                                        Introduction 2.4.2.5.</note>
               <note xml:id="d1e10097" n="8"> See Introduction
                                    7.5.1.4.</note>
            </person>
            <person>
               <persName>—</persName>
               <desc>—</desc>
               <state type="provenance">
                  <note>—</note>
               </state>
               <bibl>Sifre Deut9, no. 2 (Kosovsky,Sifrei, 11*)</bibl>
               <state type="addl-Descr">
                  <note>—</note>
               </state>
               <floruit>Pre-200 CE<ref spanTo="#d1e10129"/>
               </floruit>
               <note xml:id="d1e10129" n="9"> Appears four times in Sifre Deut (9, no. 2 [twice]; 333, no. 306; 338, no. 306). However
                                        not with a chronological indicator, see Introduction
                                        7.5.1.4.</note>
            </person>
            <person>
               <persName>בוני<ref spanTo="#d261e0"/>
               </persName>
               <desc>Nicodemus (4)</desc>
               <state type="provenance">
                  <note>—</note>
               </state>
               <bibl>bTaan20a (Kosowsky,Babylonico, 317)</bibl>
               <state type="addl-Descr">
                  <note>Second name<ref spanTo="#d1e10175"/>
                  </note>
               </state>
               <floruit>Pre-70 CE<ref spanTo="#d1e10188"/>
               </floruit>
               <note xml:id="d1e10149" n="10"> This name is also a variation of בני.
                                        With ו, it is found in the Bible, Neh 11:15. </note>
               <note xml:id="d1e10175" n="11"> On second names see Introduction
                                        6.1.3. In this case the name בוני is clearly secondary.
                                        Naqdimon ben Gurion is mentioned also in PT and Gen Rab. This name is found
                                            only in BT.</note>
               <note xml:id="d1e10188" n="12"> Only in BT is this second name
                                        assigned to Nicodemus. For further chronological details see
                                        under Nicodemus no.
                                    4.</note>
            </person>
            <person>
               <persName>בוני<ref spanTo="#d262e0"/>
               </persName>
               <desc>Jesus’ disciple</desc>
               <state type="provenance">
                  <note>—</note>
               </state>
               <bibl>bSan43a Mun. Ms. (Kosowsky,Babylonico, -)<ref spanTo="#d1e10221"/>
               </bibl>
               <state type="addl-Descr">
                  <note>Fictitious<ref spanTo="#d1e10230"/>
                  </note>
               </state>
               <floruit>Pre-30 CE<ref spanTo="#d1e10243"/>
               </floruit>
               <note xml:id="d1e10203" n="13"> See above, n. 11.</note>
               <note xml:id="d1e10221" n="14"> On Jesus’
                                        disciples mentioned in the censored sections of BT see
                                        Introduction 5.7.3. </note>
               <note xml:id="d1e10230" n="15"> See Introduction 6.2. The name of this
                                        disciple does not correspond to any of the names in the
                                        Gospels and is, furthermore, based on a name midrash: אתיוה
                                        לבוני. אמר: בוני יהרג? הכתיב "בני בכורי ישראל" (שמות ד כב)
                                        א"ל: אין. בוני יהרג, דכתיב:
                                        "הנה אנכי הורג את בנך בכורך" (שמות ד כד). This midrash is
                                        found in bSan 33a in the
                                        ms. tradition.</note>
               <note xml:id="d1e10243" n="16"> This is the date of Jesus’
                                        execution.</note>
            </person>
            <person>
               <persName>—</persName>
               <desc>Judah (104)’s son</desc>
               <state type="provenance">
                  <note>Ossuary</note>
               </state>
               <bibl>CJO, no. 327</bibl>
               <state type="addl-Descr">
                  <note>—</note>
               </state>
               <floruit>Pre-70 CE<ref spanTo="#d1e10272"/>
               </floruit>
               <note xml:id="d1e10272" n="17"> On ossuary dating see
                                        Introduction 7.6.1.</note>
            </person>
            <person>
               <persName>בני<ref spanTo="#d263e0"/>
               </persName>
               <desc>Neboma (1)’s son</desc>
               <state type="provenance">
                  <note>Papyrus, Nabatean deed, Babatha archive</note>
               </state>
               <bibl>PYadin 36</bibl>
               <state type="addl-Descr">
                  <note>—</note>
               </state>
               <floruit>Pre-106 CE<ref spanTo="#d1e10306"/>
               </floruit>
               <note xml:id="d1e10283" n="18"> This is an abbreviated form of
                                        בניה (or perhaps of בנימין), see Introduction 2.4.1.1. The
                                        form is found in the Bible, e.g. in 2 Sam 23:36. The name
                                        בני is recorded in Palmyra (Stark, PNPI, 77). </note>
               <note xml:id="d1e10306" n="19"> On dating of the Dead Sea
                                        documents, see Introduction 7.7.</note>
            </person>
            <person>
               <persName>—</persName>
               <desc>His son</desc>
               <state type="provenance">
                  <note>Ostraca, Masada</note>
               </state>
               <bibl>Mas nos. 421, 423<ref spanTo="#d1e10326"/>
               </bibl>
               <state type="addl-Descr">
                  <note>—</note>
               </state>
               <floruit>Pre-73 CE<ref spanTo="#d1e10337"/>
               </floruit>
               <note xml:id="d1e10326" n="20"> I assume both
                                        ostraca mention the same person because it is a rare name,
                                        and because Mas no. 423 seems to be repeating part of the
                                        list of Mas no. 421.</note>
               <note xml:id="d1e10337" n="21"> On dating of the documents from
                                        Masada see Introduction 7.8.</note>
            </person>
            <person>
               <persName>בני<ref spanTo="#d264e0"/>
               </persName>
               <desc>—</desc>
               <state type="provenance">
                  <note>Ostracon, “lot,” Masada</note>
               </state>
               <bibl>Mas no. 431</bibl>
               <state type="addl-Descr">
                  <note>—</note>
               </state>
               <floruit>Pre-73 CE<ref spanTo="#d1e10368"/>
               </floruit>
               <note xml:id="d1e10348" n="22"> See above, n. 19.</note>
               <note xml:id="d1e10368" n="23"> See above, n.
                                22.</note>
            </person>
            <person>
               <persName>בניא<ref spanTo="#d265e0"/>
               </persName>
               <desc>Simon (250)</desc>
               <state type="provenance">
                  <note>Ostracon, Masada</note>
               </state>
               <bibl>Mas no. 561</bibl>
               <state type="addl-Descr">
                  <note>Second name<ref spanTo="#d1e10403"/>
                  </note>
               </state>
               <floruit>Pre-73 CE<ref spanTo="#d1e10410"/>
               </floruit>
               <note xml:id="d1e10379" n="24"> See above, n. 3. Naveh, Mas I, 57, suggested that
                                        this is Simon (no. 250)’s
                                        title – “the builder.”</note>
               <note xml:id="d1e10403" n="25"> On second names see Introduction
                                        6.1.3.</note>
               <note xml:id="d1e10410" n="26"> See above, n.
                                22.</note>
            </person>
            <person>
               <persName>בני<ref spanTo="#d266e0"/>
               </persName>
               <desc>His daughter<ref spanTo="#d1e10429"/>
               </desc>
               <state type="provenance">
                  <note>Ostracon, Masada</note>
               </state>
               <bibl>Mas no. 657</bibl>
               <state type="addl-Descr">
                  <note>—</note>
               </state>
               <floruit>Pre-73 CE<ref spanTo="#d1e10446"/>
               </floruit>
               <note xml:id="d1e10422" n="27"> See above, n. 19.</note>
               <note xml:id="d1e10429" n="28"> See
                                        Introduction 3.2.7.</note>
               <note xml:id="d1e10446" n="29"> See above, n.
                                22.</note>
            </person>
         </listPerson>
      </ab>
      <ab type="name" n="בנימין-Benjamin">
         <ref spanTo="#d1e10458"/>
         <listPerson>
            <person>
               <persName><ref spanTo="#d268e0"/>
               </persName>
               <desc>Jewish bishop<ref spanTo="#d1e10496"/>
               </desc>
               <state type="provenance">
                  <note>—</note>
               </state>
               <bibl>Eus.EH, 4:5</bibl>
               <state type="addl-Descr">
                  <note>—</note>
               </state>
               <floruit>Pre-135 CE<ref spanTo="#d1e10516"/>
               </floruit>
               <note xml:id="d1e10477" n="1"> This form is more in keeping with the
                                        LXX transliteration (, – H &amp; R
                                        Suppl. 38, 40), than with Josephus’ version ( – Schalit, NB, 26, see Introduction 2.1.3), see
                                        Introduction 2.1.1.1.</note>
               <note xml:id="d1e10496" n="2"> See
                                        Introduction 3.2.9.</note>
               <note xml:id="d1e10516" n="3"> See Introduction
                                7.4.1.</note>
            </person>
            <person>
               <persName><ref spanTo="#d270e0"/>
               </persName>
               <desc>Safra (1)’s son</desc>
               <state type="provenance">
                  <note>—</note>
               </state>
               <bibl>Clementine Homilies 2:1 (PG2, 77)</bibl>
               <state type="addl-Descr">
                  <note>Fictitious<ref spanTo="#d1e10548"/>
                  </note>
               </state>
               <floruit>30s-40s CE<ref spanTo="#d1e10555"/>
               </floruit>
               <note xml:id="d1e10528" n="4"> See above, n. 2. </note>
               <note xml:id="d1e10548" n="5"> All figures appearing in apocryphal
                                        Christian documents are considered fictitious, see
                                        Introduction 6.2.2.</note>
               <note xml:id="d1e10555" n="6"> The time described in this text is
                                        while Peter was still in Palestine, not long after Jesus’
                                        crucifixion.</note>
            </person>
            <person>
               <persName>—</persName>
               <desc>Temple official<ref spanTo="#d1e10569"/>
               </desc>
               <state type="provenance">
                  <note>—</note>
               </state>
               <bibl>tSheq2:14 (Kasowski,Thosephthae, 141)</bibl>
               <state type="addl-Descr">
                  <note>—</note>
               </state>
               <floruit>Pre-70 CE<ref spanTo="#d1e10591"/>
               </floruit>
               <note xml:id="d1e10569" n="7"> In Hebrew – על
                                        החביתים.</note>
               <note xml:id="d1e10591" n="8"> Associated with the Temple, see
                                        Introduction 7.5.1.1.</note>
            </person>
            <person>
               <persName>מנימין<ref spanTo="#d271e0"/>
               </persName>
               <desc>Egyptian proselyte<ref spanTo="#d1e10624"/>
               </desc>
               <state type="provenance">
                  <note>—</note>
               </state>
               <bibl>tQid5:4 (Kasowski,Thosephthae, 458)</bibl>
               <state type="addl-Descr">
                  <note>Egypt<ref spanTo="#d1e10659"/>
                  </note>
               </state>
               <floruit>Post-135 CE<ref spanTo="#d1e10666"/>
               </floruit>
               <note xml:id="d1e10602" n="9"> So he is designated in the
                                        Erfurt Ms. but the preferable Vienna Ms. and the Sifre Deut (253) have
                                        בנימין, which makes more sense. מנימין is the biblical name
                                        of one of the twenty four priestly families mentioned in 1
                                        Chr 24 (9, and more specifically Neh 12:17), and see also
                                        Introduction 1.1.1.3. In LXX the biblical מנימין is
                                        transliterated as (H &amp; R Suppl. 38). Kosowski, ad loc., however suggests
                                        that the name derives from
                                        the Greek  (I remember), and see under Mnemon
                                        (G/M).</note>
               <note xml:id="d1e10624" n="10"> In Hebrew – גר
                                        מצרי. Benjamin may have been adopted, next to Judah (see
                                        under Judah, no. 95) as a
                                        name for proselytes. Some proselytes named Benjamin are documented for the
                                        amoraic period, see yBik
                                        1:4, 64a (בנימין בר עשתור) and bYeb 46a (מנימין עבדי דרב אשי where the version is
                                        מנימין in all ms. witnesses, see A. Liss, The Babylonian Talmud with Variant
                                            Readings 2 [Jerusalem 1986] 171).</note>
               <note xml:id="d1e10659" n="11">
                                        See Introduction 6.3.1, and above, n. 11.</note>
               <note xml:id="d1e10666" n="12"> Described here by R. Judah as his
                                        contemporary, see Introduction 7.5.1.3.</note>
            </person>
            <person>
               <persName>—</persName>
               <desc>Abba<ref spanTo="#d1e10680"/>
               </desc>
               <state type="provenance">
                  <note>—</note>
               </state>
               <bibl>bBer5b (Kosowsky,Babylonico, 15)</bibl>
               <state type="addl-Descr">
                  <note>—</note>
               </state>
               <floruit>Pre-200 CE<ref spanTo="#d1e10708"/>
               </floruit>
               <note xml:id="d1e10680" n="13"> On this title see Introduction
                                        3.2.1. Hyman, Toldoth,
                                        1:282, suggests that אבא בנימין should be identified with a
                                        certain אבא פנימון mentioned in PT
                                        (yTer 3:6,
                                        42b). However, there is no indication that the latter was a
                                        tanna.</note>
               <note xml:id="d1e10708" n="14"> BT describes him as a transmitter of baraitot, i.e.
                                        a tanna, see Introduction
                                            7.5.2.</note>
            </person>
            <person>
               <persName>—</persName>
               <desc>The Just<ref spanTo="#d1e10729"/>
               </desc>
               <state type="provenance">
                  <note>—</note>
               </state>
               <bibl>bBB11a (Kosowsky,Babylonico, 324)</bibl>
               <state type="addl-Descr">
                  <note>Fictitious<ref spanTo="#d1e10749"/>
                  </note>
               </state>
               <floruit>Pre-200 CE<ref spanTo="#d1e10756"/>
               </floruit>
               <note xml:id="d1e10729" n="15"> In Hebrew – הצדיק.</note>
               <note xml:id="d1e10749" n="16"> See Introduction 6.2. This person is
                                        mentioned only in BT, in a clearly fictitious
                                    context.</note>
               <note xml:id="d1e10756" n="17"> He appears here in a
                                        composition grafted as a baraita,
                                            see Introduction 7.5.2.</note>
            </person>
            <person>
               <persName>—</persName>
               <desc>—</desc>
               <state type="provenance">
                  <note>—</note>
               </state>
               <bibl>bNid21b (Kosowsky,Babylonico, 324)<ref spanTo="#d1e10784"/>
               </bibl>
               <state type="addl-Descr">
                  <note>—</note>
               </state>
               <floruit>Pre-200 CE<ref spanTo="#d1e10801"/>
               </floruit>
               <note xml:id="d1e10784" n="18"> This person
                                        appears also in bKet 84a
                                        and bMen 71a. All are
                                        different baraitot and seem to be authentic, although they
                                        have no parallels in the Tosefta or PT.</note>
               <note xml:id="d1e10801" n="19"> He transmits baraitot, see Introduction
                                    7.5.2.</note>
            </person>
            <person>
               <persName><ref spanTo="#d273e0"/>
               </persName>
               <desc>Simon (93)’s son</desc>
               <state type="provenance">
                  <note>Ossuary, Shu‘afat, Abel, 1913</note>
               </state>
               <bibl>CIJ, no. 1228</bibl>
               <state type="addl-Descr">
                  <note>Palmyra<ref spanTo="#d1e10842"/>
                  </note>
               </state>
               <floruit>Pre-70 CE<ref spanTo="#d1e10849"/>
               </floruit>
               <note xml:id="d1e10816" n="20"> See above, n. 2. For the interchange
                                        of  and in Koine
                                        Greek, see Introduction 2.3.2.</note>
               <note xml:id="d1e10842" n="21"> See Introduction 6.3.1.1.</note>
               <note xml:id="d1e10849" n="22"> On
                                        dating of ossuaries see
                                        Introduction 7.6.1.</note>
            </person>
         </listPerson>
      </ab>
      <ab type="name" n="בסי-Besai">
         <ref spanTo="#d1e10860"/>
         <listPerson>
            <person>
               <persName><ref spanTo="#d275e0"/>
               </persName>
               <persName>בסא<ref spanTo="#d278e0"/>
               </persName>
               <desc>Of the LXX translators</desc>
               <state type="provenance">
                  <note>—</note>
               </state>
               <bibl>Arist47</bibl>
               <state type="addl-Descr">
                  <note>Fictitious<ref spanTo="#d1e10925"/>
                  </note>
               </state>
               <floruit>3rdC BCE<ref spanTo="#d1e10960"/>
               </floruit>
               <note xml:id="d1e10882" n="1"> The biblical name is transliterated in
                                        LXX as ,or  (H &amp; R Suppl.
                                        33, 37, 40). This spelling is a variation on the same. See
                                        also Introduction 2.3.3.3. The versions  and  are
                                        also recorded in the mss for the name.</note>
               <note xml:id="d1e10903" n="2"> So according to
                                        Epiphanius, in the Syriac script (Wendland, Aristeae, 143), see Introduction
                                        2.8.3. For the suffix, see Introduction
                                2.4.2.1.</note>
               <note xml:id="d1e10925" n="3"> On Arist see Introduction 6.2.1, and Cohen, JSJ 15 (1984) 57. The form
                                             and
                                        its derivatives is recorded elsewhere in Egyptian antiquity
                                        (Preisigke, NB), 74. It may in some
                                        way be connected with the Egyptian god Bes (), see F. Preisigke,
                                            Wörterbuch der griechieschen
                                            Papyrusurkunden 3 (Berlin 1931) 387 (= “Götter”).
                                        See also the interseting name recorded in Egypt – 
                                        (Forbaschi, Onomasticon
                                        79).</note>
               <note xml:id="d1e10960" n="4">
                                        For dating of Arist see
                                        Introduction 7.1.1.</note>
            </person>
            <person>
               <persName><ref spanTo="#d280e0"/>
               </persName>
               <desc>Guardian, Joshua (79)’s son</desc>
               <state type="provenance">
                  <note>Papyri, Babatha archive</note>
               </state>
               <bibl>PYadin 20, 23, 24, 25</bibl>
               <state type="addl-Descr">
                  <note>—</note>
               </state>
               <floruit>130-1 CE<ref spanTo="#d1e10995"/>
               </floruit>
               <note xml:id="d1e10975" n="5">
                                        For this orthography see above, n. 2.</note>
               <note xml:id="d1e10995" n="6"> On dating of the Dead Sea documents,
                                        see Introduction 7.7.</note>
            </person>
            <person>
               <persName>—<ref spanTo="#d281e0"/>
               </persName>
               <desc>And son</desc>
               <state type="provenance">
                  <note>Jar, Masada</note>
               </state>
               <bibl>Mas no. 506</bibl>
               <state type="addl-Descr">
                  <note>—</note>
               </state>
               <floruit>Pre-73 CE<ref spanTo="#d1e11032"/>
               </floruit>
               <note xml:id="d1e11006" n="7">
                                        Further on this name see
                                        Naveh, Mas I,
                                    43.</note>
               <note xml:id="d1e11032" n="8"> On dating of the Masada documents, see
                                        Introduction 7.8.</note>
            </person>
         </listPerson>
      </ab>
      <ab type="name" n="ברוך-Baruch">
         <ref spanTo="#d1e11045"/>
         <listPerson>
            <person>
               <persName></persName>
               <persName><ref spanTo="#d285e0"/>
               </persName>
               <desc>Zachariah (7)’s father<ref spanTo="#d1e11099"/>
               </desc>
               <state type="provenance">
                  <note>—</note>
               </state>
               <bibl>BJ4:335 (Schalit,NB, 24)</bibl>
               <state type="addl-Descr">
                  <note>—</note>
               </state>
               <floruit>68 CE<ref spanTo="#d1e11127"/>
               </floruit>
               <note xml:id="d1e11064" n="1"> Josephus
                                        transliterates the name of the biblical scribe thus
                                        (Schalit, NB, 25), see Introduction
                                        2.1.2.8. The ms. witnesses for  here are,
                                        however, very scanty (Schalit, NB,
                                        24-5). Perhaps  is the right name here but it is anybody’s
                                        guess where it came from. It
                                        has a suffix similar
                                        to the names ,
                                        (S-G/M, Perhaps
                                        an Egyptian name)  (P/M) and  (also
                                        P/M).</note>
               <note xml:id="d1e11099" n="2"> The name  is mentioned in Matt
                                        23:35 as a prophet killed by the Jews. This probably refers
                                        to זכריה בן יהוידע of 2 Chr 24:20-2 (as does, for example,
                                        the reference in yTaan.
                                        4:8, 69a) and not to this person mentioned in
                                    Josephus.</note>
               <note xml:id="d1e11127" n="3"> On dating according to Josephus see
                                        Introduction 7.2.</note>
            </person>
            <person>
               <persName>—</persName>
               <desc>Judah (30)’s teacher</desc>
               <state type="provenance">
                  <note>—</note>
               </state>
               <bibl>yTaan4:9, 68d (Kosovsky,Yerushalmi, 156)</bibl>
               <state type="addl-Descr">
                  <note>—</note>
               </state>
               <floruit>Pre-135 CE<ref spanTo="#d1e11159"/>
               </floruit>
               <note xml:id="d1e11159" n="4"> R. Judah describes him in this
                                        tradition as his teacher, see Introduction
                                7.5.2.</note>
            </person>
            <person>
               <persName>ברוכא<ref spanTo="#d286e0"/>
               </persName>
               <desc>Shemuqa (1)’s father</desc>
               <state type="provenance">
                  <note>Papyrus, receipt, “Seyal”</note>
               </state>
               <bibl>Se 10</bibl>
               <state type="addl-Descr">
                  <note>Nickname?<ref spanTo="#d1e11198"/>
                  </note>
               </state>
               <floruit>Pre-135 CE<ref spanTo="#d1e11205"/>
               </floruit>
               <note xml:id="d1e11170" n="5"> For the א suffix, see
                                        Introduction 2.4.2.9. For ברוכה as a female name in 3rd C
                                        BCE Egypt,
                                        see TADAE 4, no.
                                    8.7.</note>
               <note xml:id="d1e11198" n="6"> Despite the fact that this may be
                                        construed as a biblical name, it is here probably a
                                        nickname. See Introduction 6.1.1.</note>
               <note xml:id="d1e11205" n="7"> On dating of the Dead Sea
                                        documents see Introduction 7.7.</note>
            </person>
            <person>
               <persName>ברכה<ref spanTo="#d287e0"/>
               </persName>
               <desc>—</desc>
               <state type="provenance">
                  <note>Ostracon, Masada</note>
               </state>
               <bibl>Mas no. 393</bibl>
               <state type="addl-Descr">
                  <note>—</note>
               </state>
               <floruit>Pre-73 CE<ref spanTo="#d1e11239"/>
               </floruit>
               <note xml:id="d1e11216" n="8"> This form is biblical (1 Chr
                                        12:3). See however, the previous entry (Baruch no. 3) and above, n.
                                    6.</note>
               <note xml:id="d1e11239" n="9"> For dating of the Masada documents,
                                        see Introduction 7.8.</note>
            </person>
         </listPerson>
      </ab>
      <ab type="name" n="גלית-Goliath">
         <ref spanTo="#d1e11261"/>
         <listPerson>
            <person>
               <persName><ref spanTo="#d289e0"/>
               </persName>
               <desc>Yoezer (15) and Eleazar (97)</desc>
               <state type="provenance">
                  <note>Ossuaries, Jericho, Hachlili, 1979</note>
               </state>
               <bibl>CJO, nos. 783, 799, 800, 801<ref spanTo="#d1e11304"/>
               </bibl>
               <state type="addl-Descr">
                  <note>Second name<ref spanTo="#d1e11316"/>
                  </note>
               </state>
               <floruit>Pre-70 CE<ref spanTo="#d1e11326"/>
               </floruit>
               <note xml:id="d1e11277" n="1"> The
                                    inscriptions are bilingual. So in the Greek (ossuaries 799, 800,
                                    801). LXX transliterates the name of this biblical figure as  (H &amp; R
                                    Suppl. 48) but Josephus has, like here  /  (Schalit, NB, 35). The Hebrew (ossuaries 783, 799
                                    and 801) has גלית. </note>
               <note xml:id="d1e11304" n="2"> All
                                    these ossuaries belong to persons of the same family. Ossuary
                                    783 refers to Eleazar and ossuaries 799, 800 and 801 all refer
                                    to Yoezer with the appellation גלית – . </note>
               <note xml:id="d1e11316" n="3"> This
                                    appears as a second name for two members of the family, see
                                    Introduction 6.1.3. The name was obviously a nickname and a
                                    family name resulting from the gigantic size of this family’s
                                    members (Hachlili, IAAR 7,
                                    148-9).</note>
               <note xml:id="d1e11326" n="4"> For dating of ossuries see Introduction
                                    7.6.1.</note>
            </person>
         </listPerson>
      </ab>
      <ab type="name" n="גמליאל-Gamaliel">
         <ref spanTo="#d1e11337"/>
         <listPerson>
            <person>
               <persName><ref spanTo="#d291e0"/>
               </persName>
               <desc>The Elder<ref spanTo="#d1e11366"/>
               </desc>
               <state type="provenance">
                  <note>—</note>
               </state>
               <bibl>BJ4:159;Vita190 (Schalit,NB, 32); Acts 5:34 (VKGNT 166); mRH2:5 (Kasovsky,Mishnae, 453-5)<ref spanTo="#d1e11400"/>.</bibl>
               <state type="addl-Descr">
                  <note>—</note>
               </state>
               <floruit>34-5 CE<ref spanTo="#d1e11420"/>
               </floruit>
               <note xml:id="d1e11356" n="1"> This spelling, found both in Josephus
                                        and the New Testament, is clearly in the Josephan tradition,
                                        although Josephus does not record this biblical figure. LXX
                                        has 
                                        (H &amp; R Suppl. 45). On the difference in transliteration
                                        between Josephus and LXX see Introduction 2.1.1.1. Rabbinic
                                        literature has גמליאל.</note>
               <note xml:id="d1e11366" n="2"> In Hebrew – הזקן. On this title
                                        see Introduction 3.2.3. A Jewish dignitary, by the name of
                                            
                                        is mentioned in Acta Pilati A: 1. I assume the author
                                        identified him with this one.</note>
               <note xml:id="d1e11400" n="3"> The
                                                name Gamaliel seems to have been used mainly by the
                                                Pharisee family from which the later patriarchs
                                                came. The identity of Gamaliel, mentioned in the NT
                                                as Paul’s teacher, with the father of Simon
                                                mentioned in Josephus and with רבן גמליאל הזקן
                                                mentioned in rabbinic literature is based on
                                                onomastic and chronological considerations. The NT
                                                describes Paul’s teacher as a prominent Pharisee by
                                                the name of Gamaliel. Josephus describes Simeon,
                                                Gamaliel’s son in Vita as of a prominent Pharisee family. In
                                                rabbinic literature a prominent rabbi – Gamaliel –
                                                titled Rabban like others of the patriarchal family,
                                                is distinguished from later members of this family
                                                by the title “the Elder” and his activities coincide
                                                with the existence of the Temple. On Pharisee
                                                affilation see Introduction 3.2.8. Further on this
                                                topic, see M. Jacobs Die
                                                  Institution des jdischen Patriarchen (Tbingen 1995) 205-11.</note>
               <note xml:id="d1e11420" n="4"> On dating according to Josephus see Introduction 7.2.</note>
            </person>
            <person>
               <persName></persName>
               <persName><ref spanTo="#d295e0"/>
               </persName>
               <persName>גמלא<ref spanTo="#d297e0"/>
               </persName>
               <desc>Joshua (6)’s father</desc>
               <state type="provenance">
                  <note>—</note>
               </state>
               <bibl>BJ4:160;AJ20:213;Vita193 (Schalit,NB, 32); mYeb6:4 (Kasovsky,Mishnae, 453).</bibl>
               <state type="addl-Descr">
                  <note>—</note>
               </state>
               <floruit>63-68 CE<ref spanTo="#d1e11516"/>
               </floruit>
               <note xml:id="d1e11441" n="5"> See above, n. 2. Josephus designates
                                        this person both (in
                                            AJ 20:213, 223) and  (in
                                            BJ 4:160 and in Vita 193 – note the consistency
                                        within the various compositions). The latter is an
                                        abbreviation of the former, see Introduction 2.4.2.1.
                                    </note>
               <note xml:id="d1e11467" n="6"> This is the Aramaic version of ,
                                        found in rabbinic literature, see above, n. 6. Further on
                                        this name, see Klein,
                                        Lĕšonénu 1
                                        (1929) 333-4.</note>
               <note xml:id="d1e11516" n="7"> See above, n. 5.</note>
            </person>
            <person>
               <persName><ref spanTo="#d299e0"/>
               </persName>
               <desc>Herod (9)’s father</desc>
               <state type="provenance">
                  <note>—</note>
               </state>
               <bibl>Vita33 (Schalit,NB, 32)</bibl>
               <state type="addl-Descr">
                  <note>—</note>
               </state>
               <floruit>67 CE<ref spanTo="#d1e11564"/>
               </floruit>
               <note xml:id="d1e11528" n="8"> This is a variation on , see above, n.
                                        6. For the interchange of  and  see Introduction
                                            2.4.2.12.</note>
               <note xml:id="d1e11564" n="9"> See above, n. 5.</note>
            </person>
            <person>
               <persName>—</persName>
               <desc>Rabban, of Yabneh<ref spanTo="#d1e11578"/>
               </desc>
               <state type="provenance">
                  <note>—</note>
               </state>
               <bibl>mBer1:1 (Kasovsky,Mishnae, 453-5)</bibl>
               <state type="addl-Descr">
                  <note>—</note>
               </state>
               <floruit>Pre-135 CE<ref spanTo="#d1e11609"/>
               </floruit>
               <note xml:id="d1e11578" n="10">
                                        Known today as רבן גמליאל דיבנה (perhaps influenced
                                        by bBer 17a, which mentions
                                        רבנן ביבנה). Named after his grandfather (Gamaliel no. 1),
                                        see Introduction 3.1.1.</note>
               <note xml:id="d1e11609" n="11"> He is Rabban Gamaliel, see
                                        Introduction 7.5.1.2.</note>
            </person>
            <person>
               <persName>גמלא<ref spanTo="#d300e0"/>
               </persName>
               <desc>His son<ref spanTo="#d1e11630"/>
               </desc>
               <state type="provenance">
                  <note>—</note>
               </state>
               <bibl>mYoma3:9 (Kasovsky,Mishnae, 391)</bibl>
               <state type="addl-Descr">
                  <note>—</note>
               </state>
               <floruit>Pre-70 CE<ref spanTo="#d1e11655"/>
               </floruit>
               <note xml:id="d1e11620" n="12"> See above, n. 7.</note>
               <note xml:id="d1e11630" n="13"> This person is usually
                                        identified as the High Priest יהושע בן גמלא (e.g. Hyman, Toldoth 2, 623), but this
                                        is unlikely, because if the former had been intended, the
                                        full name would have been used, as elsewhere in rabbinic
                                        literature.</note>
               <note xml:id="d1e11655" n="14"> This tradition associates him
                                        with the Temple, see Introduction 7.5.1.1.</note>
            </person>
            <person>
               <persName>—</persName>
               <desc>Hananiah (24)’s father<ref spanTo="#d1e11670"/>
               </desc>
               <state type="provenance">
                  <note>—</note>
               </state>
               <bibl>mQid3:4 (Kasovsky,Mishnae, 716)</bibl>
               <state type="addl-Descr">
                  <note>—</note>
               </state>
               <floruit>Pre-135 CE<ref spanTo="#d1e11695"/>
               </floruit>
               <note xml:id="d1e11670" n="15"> That this
                                        גמליאל need not necessarily be automatically identified with
                                        any one of the members of the patriarchal family, see
                                        Goodblatt, Monarchic
                                            Principle, 145.</note>
               <note xml:id="d1e11695" n="16"> Often associated with rabbis of
                                        the Yabneh generation. In tYK 1:6 he decribes the last High Priest as his
                                        relative, see Introduction 7.5.1.2.</note>
            </person>
            <person>
               <persName>—</persName>
               <desc>Judah (36)’s son<ref spanTo="#d1e11712"/>
               </desc>
               <state type="provenance">
                  <note>—</note>
               </state>
               <bibl>mAb2:2 (Kasovsky,Mishnae, 454)</bibl>
               <state type="addl-Descr">
                  <note>—</note>
               </state>
               <floruit>Pre-200 CE<ref spanTo="#d1e11737"/>
               </floruit>
               <note xml:id="d1e11712" n="17"> Named after his
                                        great-grandfather (Gamaliel no. 4), see Introduction 3.1.3.</note>
               <note xml:id="d1e11737" n="18"> He is R. Judah the Patriarch’s
                                        son,
                                        see Introduction
                                        7.5.1.4.</note>
            </person>
            <person>
               <persName>גומל<ref spanTo="#d301e0"/>
               </persName>
               <desc>Eleazar (65)’s father</desc>
               <state type="provenance">
                  <note>—</note>
               </state>
               <bibl>Sifre Num147, no.121, (Kosovsky,Sifrei, 12*)</bibl>
               <state type="addl-Descr">
                  <note>—</note>
               </state>
               <floruit>Pre-200 CE<ref spanTo="#d1e11779"/>
               </floruit>
               <note xml:id="d1e11751" n="19"> So in PT
                                        (yTer 1:7,
                                        40d). In the Sifre the form is גמליאל.</note>
               <note xml:id="d1e11779" n="20"> See Introduction
                                    7.5.1.4.</note>
            </person>
            <person>
               <persName>—</persName>
               <desc>Ishmael (9)’s father</desc>
               <state type="provenance">
                  <note>—</note>
               </state>
               <bibl>yBer9:2, 13b (Kosovsky,Yerushalmi, 173)</bibl>
               <state type="addl-Descr">
                  <note>Fictitious?<ref spanTo="#d1e11810"/>
                  </note>
               </state>
               <floruit>Pre-200 CE<ref spanTo="#d1e11826"/>
               </floruit>
               <note xml:id="d1e11810" n="21"> See Introduction 6.2. This person is
                                        mentioned in the entire rabbinic corpus only here, in PT, in
                                        a baraita. The ms. tradition indicates that this was the
                                        original reading which was elsewhere corrected to the more
                                        likely שמעון בן גמליאל (Schäfer, Yerushalmi I/1, 228). Another, competing ms. tradition of the same text
                                        (London Ms.) suggests that this is not a baraita and that
                                        the transmitter is ר"ש בן אלעזר. It is impossible to decide
                                        which is the preferable version, since both are forms of lectio
                                    dificilior.</note>
               <note xml:id="d1e11826" n="22"> See above, n. 22, and
                                        Introduction 7.5.2.</note>
            </person>
            <person>
               <persName>—</persName>
               <desc>Proselyte<ref spanTo="#d1e11840"/>
               </desc>
               <state type="provenance">
                  <note>—</note>
               </state>
               <bibl>AdRN1:15</bibl>
               <state type="addl-Descr">
                  <note>Fictitious<ref spanTo="#d1e11860"/>
                  </note>
               </state>
               <floruit>Pre-70 CE<ref spanTo="#d1e11879"/>
               </floruit>
               <note xml:id="d1e11840" n="23"> According to Klein,
                                        Lĕšonénu 1
                                        (1929) 331, this fictitious figure should be identified with
                                        בן בג בג, mentioned in the Mishnah, on whom see under Bagbag
                                        (P/M). On Klein’s identifications see Introduction
                                    3.3.</note>
               <note xml:id="d1e11860" n="24"> This story is also found in other
                                        traditions, but only in
                                        AdRN 1
                                        (not even in
                                        AdRN 2,
                                        and see Schechter, AdRN,
                                        62, n. 24) is a name given to this person. Because of the
                                        tendency of
                                        AdRN 1
                                        to invent such details (see under Rachel no. 2 B/F) one may
                                        assume that these are fictitious figures, and see
                                        Introduction 6.2.3.</note>
               <note xml:id="d1e11879" n="25"> He is associated in this
                                        tradition with Hillel, see Introduction
                                7.5.1.1.</note>
            </person>
            <person>
               <persName>גמלא<ref spanTo="#d302e0"/>
               </persName>
               <desc>Priest, Shelamzion (9)’s father<ref spanTo="#d1e11900"/>
               </desc>
               <state type="provenance">
                  <note>Ossuary, Qatamon, Grimme, 1912</note>
               </state>
               <bibl>CIJ, no. 1353</bibl>
               <state type="addl-Descr">
                  <note>—</note>
               </state>
               <floruit>Pre-70 CE<ref spanTo="#d1e11922"/>
               </floruit>
               <note xml:id="d1e11890" n="26"> See above, n. 7.</note>
               <note xml:id="d1e11900" n="27">
                                        Klein, Corpus
                                        Inscriptionum, 13, identifies this person with גמלא,
                                        the father of the High Priest יהושע בן גמלא (Joshua no. 6).
                                        There are, however, no strong grounds for such
                                        identification. Shelamzion, the name of his daughter in this
                                        inscription, is not a specifically priestly name, as Klein
                                        claims. On Klein’s identifications see Introduction
                                    3.3.</note>
               <note xml:id="d1e11922" n="28"> On dating of ossuaries see
                                        Introduction 7.6.1.</note>
            </person>
         </listPerson>
      </ab>
      <ab type="name" n="דואג-Doeg">
         <ref spanTo="#d1e11943"/>
         <listPerson>
            <person>
               <persName>—</persName>
               <desc>Joseph (70)’s son</desc>
               <state type="provenance">
                  <note>—</note>
               </state>
               <bibl>SifraBehuqotai 6:3 (Kosovsky,Sifra, 11*)</bibl>
               <state type="addl-Descr">
                  <note>Fictitious<ref spanTo="#d1e11983"/>
                  </note>
               </state>
               <floruit>Pre-70 CE<ref spanTo="#d1e12015"/>
               </floruit>
               <note xml:id="d1e11983" n="1">
                                        See Introduction 6.2. The fictitious character of this
                                        figure is very obvious. Stories of mothers eating their
                                        children at times of famine and siege were a common literary
                                        motif (e.g. 2 Kgs 6:26-30). The story of a mother eating her
                                        son in the Jerusalem siege is also related by Josephus (BJ 6:201-13) although in his case the
                                        mother has a name ( - Mariam no. 7) but not the son. This story is also
                                        found in tannaitic literature (Sifra Behuqotai 6:3), although one gets the impression that the earlier
                                        sages considered it an event of the First Temple siege,
                                        because it apparently prompted Jeremiah’s lament. And see
                                        also Cohen,
                                        HTR 69
                                        (1976) 187-96. דואג of the Old Testament is an Edomite and a
                                        villain. The name דואג, in any case, does not belong to the
                                        repository of names Jews used at this time, as is obvious
                                        from this lexicon.
                                    </note>
               <note xml:id="d1e12015" n="2"> This story describes the siege of
                                        Jerusalem, see Introduction 7.5.2.</note>
            </person>
         </listPerson>
      </ab>
      <ab type="name" n="דוד-David">
         <ref spanTo="#d1e12031"/>
         <listPerson>
            <person>
               <persName>בידוד<ref spanTo="#d303e0"/>
               </persName>
               <desc>—</desc>
               <state type="provenance">
                  <note>Ossuary, Gibat Hamibtar, Kloner, 1975</note>
               </state>
               <bibl>CJO430</bibl>
               <state type="addl-Descr">
                  <note>Family<ref spanTo="#d1e12069"/>
                  </note>
               </state>
               <floruit>Pre-70 CE<ref spanTo="#d1e12082"/>
               </floruit>
               <note xml:id="d1e12049" n="1"> This is the text on the ossuary and in
                                    Aramaic it means “House of David.”</note>
               <note xml:id="d1e12069" n="2"> On the
                                    use of בי (=בית) as an indication
                                    of a family, see Introduction 6.1.2. This is the only reference
                                    we have from non-literary sources of a family aligning itself
                                    probably with the ancient royal family of David. On this topic
                                    see J. Liver, The House of David:
                                        From the Fall of the Kingdom of Judah to the Fall of the
                                        Second Commonwealth (Jerusalem 1959) (Hebrew). Of
                                    course Liver wrote before the discovery of this
                                inscription.</note>
               <note xml:id="d1e12082" n="3"> On dating of ossuaries see Introduction
                                    7.6.1. </note>
            </person>
         </listPerson>
      </ab>
      <ab type="name" n="דליה-Daliah">
         <ref spanTo="#d1e12093"/>
         <listPerson>
            <person>
               <persName><ref spanTo="#d305e0"/>
               </persName>
               <persName>ברדלייא<ref spanTo="#d307e0"/>
               </persName>
               <desc>Joseph (17) and Abba (5)’s father</desc>
               <state type="provenance">
                  <note>—</note>
               </state>
               <bibl>BJ6:280 (Schalit,NB, 36); Sifre Deut9, no. 2 (Kosovsky,Sifrei, 14*).</bibl>
               <state type="addl-Descr">
                  <note>Family<ref spanTo="#d1e12160"/>
                  </note>
               </state>
               <floruit>Pre-200 CE<ref spanTo="#d1e12167"/>
               </floruit>
               <note xml:id="d1e12109" n="1"> So in Josephus. He does not list the
                                        priestly families, but he does mention that son of was
                                        of priestly descent. The biblical דליה is transliterated in
                                        LXX as 
                                        (H &amp; R Suppl. 49). Josephus probably refers to this
                                        name. On the difference in transliteration between Josephus
                                        and LXX see Introduction 2.1.1.1. </note>
               <note xml:id="d1e12122" n="2">
                                        This is the way the name is documented in some rabbinic
                                        compilations, (Kosovski, Yerusahlmi, 156).</note>
               <note xml:id="d1e12160" n="3"> See Introduction 6.1.2. See also
                                        Stern, “Aspects of Jewish Society,” 595.</note>
               <note xml:id="d1e12167" n="4"> Josephus dates Joseph son of
                                        Daliah to 70 CE, but
                                        the date of Abba
                                        of-tannaitic-literature’s time is unknown, see Introduction
                                        7.5.1.4.</note>
            </person>
            <person>
               <persName>דלוי<ref spanTo="#d308e0"/>
               </persName>
               <desc>—</desc>
               <state type="provenance">
                  <note>Papyrus, list, Jericho</note>
               </state>
               <bibl>Jer 1</bibl>
               <state type="addl-Descr">
                  <note>—</note>
               </state>
               <floruit>Post-323 BCE<ref spanTo="#d1e12207"/>
               </floruit>
               <note xml:id="d1e12181" n="5"> This seems to me a variation of
                                        this biblical name, see Introduction 2.6.4. It is documented
                                        on ostraca from Edfu from the 3rd C BCE
                                        (TADAE 4,
                                        197, 198, 200, 202).</note>
               <note xml:id="d1e12207" n="6">
                                        On dating this document
                                            see Introduction 7.7.1.</note>
            </person>
            <person>
               <persName>—</persName>
               <desc>Simon (257)’s son</desc>
               <state type="provenance">
                  <note>Dedicatory Inscription, Mt Gerizim</note>
               </state>
               <bibl>Misgav,Qadmoniont33 (2001) 127</bibl>
               <state type="addl-Descr">
                  <note>Samaritan<ref spanTo="#d1e12241"/>
                  </note>
               </state>
               <floruit>
                  <div xmlns="http://www.tei-c.org/ns/1.0">2ndC BCE<ref xmlns="" spanTo="#d1e12254"/>
                  </div>
               </floruit>
               <note xml:id="d1e12241" n="7"> See introduction 6.3.4.</note>
               <note xml:id="d1e12254" n="8">
                                                On the date of the
                                                  Samaritan inscriptions, see Introduction
                                                  7.6.6.</note>
            </person>
         </listPerson>
      </ab>
      <ab type="name" n="דניאל-Daniel">
         <ref spanTo="#d1e12270"/>
         <listPerson>
            <person>
               <persName><ref spanTo="#d310e0"/>
               </persName>
               <persName>דניאיל<ref spanTo="#d313e0"/>
               </persName>
               <desc>Of the LXX translators</desc>
               <state type="provenance">
                  <note>—</note>
               </state>
               <bibl>Arist49</bibl>
               <state type="addl-Descr">
                  <note>Fictitious<ref spanTo="#d1e12320"/>
                  </note>
               </state>
               <floruit>3rdC BCE<ref spanTo="#d1e12339"/>
               </floruit>
               <note xml:id="d1e12286" n="1"> So Josephus transliterates the biblical
                                    name (Schalit, NB, 37). LXX has (H &amp; R
                                    Suppl. 50). On the difference in transliteration between
                                    Josephus and LXX see Introduction 2.1.1.1.</note>
               <note xml:id="d1e12298" n="2"> So according to
                                    Epiphanius, in the Syriac script (Wendland, Aristeae, 143), see Introduction
                                    2.8.3.</note>
               <note xml:id="d1e12320" n="3"> On Arist see Introduction 6.2.1,
                                    and Cohen, JSJ 15 (1984) 55-6.
                                    The name is recorded elsewhere in Egyptian antiquity (Preisigke,
                                        NB, 83).</note>
               <note xml:id="d1e12339" n="4"> For
                                    dating of Arist see
                                    Introduction 7.1.1.</note>
            </person>
            <person>
               <persName>—</persName>
               <desc>Joseph (128)’s father</desc>
               <state type="provenance">
                  <note>Ossuary, Mt Scopus</note>
               </state>
               <bibl>Kloner,ESI9 (1990) 145</bibl>
               <state type="addl-Descr">
                  <note>—</note>
               </state>
               <floruit>Pre-70 CE<ref spanTo="#d1e12372"/>
               </floruit>
               <note xml:id="d1e12372" n="5"> On dating of ossuaries see Introduction
                                    7.6.1.</note>
            </person>
         </listPerson>
      </ab>
      <ab type="name" n="הושע-Hosea">
         <ref spanTo="#d1e12391"/>
         <listPerson>
            <person>
               <persName>—</persName>
               <desc>Simon (114)’s son</desc>
               <state type="provenance">
                  <note>Ossuary, Hizmeh, Avigad, 1967</note>
               </state>
               <bibl>CJO, no. 38</bibl>
               <state type="addl-Descr">
                  <note>—</note>
               </state>
               <floruit>Pre-70 CE<ref spanTo="#d1e12424"/>
               </floruit>
               <note xml:id="d1e12424" n="1"> On dating of ossuaries, see
                                        Introduction 7.6.1.</note>
            </person>
            <person>
               <persName>—</persName>
               <desc>—</desc>
               <state type="provenance">
                  <note>Seal, Jerusalem</note>
               </state>
               <bibl>Sukenik,Kedem1 (1942) 20</bibl>
               <state type="addl-Descr">
                  <note>—</note>
               </state>
               <floruit>Pre-70 CE<ref spanTo="#d1e12454"/>
               </floruit>
               <note xml:id="d1e12454" n="2"> The editor claims the letters look
                                        like those of ossuaries and dates
                                            the inscription it to the Hasmonean period but a slightly later date is also
                                        possible. The terminus ante
                                            quem is dictated by the provenance in the Jerusalem
                                        region, see Introduction 7.6.2.</note>
            </person>
            <person>
               <persName>—</persName>
               <desc>His son</desc>
               <state type="provenance">
                  <note>Ostracon, Masada</note>
               </state>
               <bibl>Mas no. 665</bibl>
               <state type="addl-Descr">
                  <note>—</note>
               </state>
               <floruit>Pre-73 CE<ref spanTo="#d1e12490"/>
               </floruit>
               <note xml:id="d1e12490" n="3"> On dating of the documents from
                                        Masada, see Introduction 7.8.</note>
            </person>
         </listPerson>
      </ab>
      <ab type="name" n="הלל-Hillel">
         <ref spanTo="#d1e12502"/>
         <listPerson>
            <person>
               <persName>—</persName>
               <desc>The Elder<ref spanTo="#d1e12520"/>
               </desc>
               <state type="provenance">
                  <note>—</note>
               </state>
               <bibl>mAb1:12 (Kasovsky,Mishnae, 576)</bibl>
               <state type="addl-Descr">
                  <note>Babylonia<ref spanTo="#d1e12540"/>
                  </note>
               </state>
               <floruit>Pre-70 CE<ref spanTo="#d1e12547"/>
               </floruit>
               <note xml:id="d1e12520" n="1"> In Hebrew – הזקן. On this title
                                        see Introduction 3.2.3. </note>
               <note xml:id="d1e12540" n="2"> Many rabbinic documents indicate that
                                        Hillel migrated to Palestine from Babylonia, see Stern,
                                        “Aspects of Jewish Society,” 570. See also Introduction
                                        6.3.1. </note>
               <note xml:id="d1e12547" n="3"> One of the “pairs,” see Introduction
                                    7.5.1.1.</note>
            </person>
            <person>
               <persName>הילל<ref spanTo="#d314e0"/>
               </persName>
               <desc>Gamaliel (4)’s son<ref spanTo="#d1e12573"/>
               </desc>
               <state type="provenance">
                  <note>—</note>
               </state>
               <bibl>tMQ2:15 (Kasowski,Thosephthae, 479)</bibl>
               <state type="addl-Descr">
                  <note>—</note>
               </state>
               <floruit>Pre-135 CE<ref spanTo="#d1e12598"/>
               </floruit>
               <note xml:id="d1e12561" n="4"> This is obviously a variation
                                        on the same name, as the rabbinic texts themselves suggest
                                        (Kutscher, Hebrew and
                                            Aramaic, 84-5). The extra vocalizing י is no
                                            problem.</note>
               <note xml:id="d1e12573" n="5"> Named after his
                                        ancestor (Hillel no. 1), see Introduction 3.1.3. On the
                                        doubtful ancestory of the Gamaliel family from Hillel, see
                                        Goodblatt, Monarchic
                                            Principle, 152-3.</note>
               <note xml:id="d1e12598" n="6">
                                        He is Rabban Gamaliel’s son,
                                            see Introduction 7.5.1.2.</note>
            </person>
            <person>
               <persName>—</persName>
               <desc>Volosius (1)’s son</desc>
               <state type="provenance">
                  <note>—</note>
               </state>
               <bibl>yKil9:1, 32a (Kosovsky,Yerushalmi, 111)</bibl>
               <state type="addl-Descr">
                  <note>—</note>
               </state>
               <floruit>Pre-200 CE<ref spanTo="#d1e12636"/>
               </floruit>
               <note xml:id="d1e12636" n="7"> In yGit 6:9, 48b he is described as a contemporary of
                                        Rabbi (Judah the Patriarch), see Introduction
                                    7.5.2.</note>
            </person>
            <person>
               <persName>—</persName>
               <desc>Proselyte<ref spanTo="#d1e12653"/>
               </desc>
               <state type="provenance">
                  <note>—</note>
               </state>
               <bibl>AdRN1:15</bibl>
               <state type="addl-Descr">
                  <note>Fictitious<ref spanTo="#d1e12673"/>
                  </note>
               </state>
               <floruit>Pre-70 CE<ref spanTo="#d1e12692"/>
               </floruit>
               <note xml:id="d1e12653" n="8"> According to Klein,
                                        Lĕšonénu 1
                                        (1929) 331, this fictitious figure should be identified with
                                        בן הא הא, mentioned in the Mishnah on whom see under Ha-Ha
                                        (S-H/M). On Klein’s identifications see Introduction
                                        3.3.</note>
               <note xml:id="d1e12673" n="9"> This legend is also found in other
                                        traditions, but only AdRN 1
                                        (not in 2, and see Schechter, AdRN 62, n. 24) does this person have a name.
                                        Because of the tendency of AdRN 1 to invent such details (see under Rachel no
                                        2 – B/F) one assumes that
                                        these are fictitious figures, see Introduction
                                    6.2.3.</note>
               <note xml:id="d1e12692" n="10"> He is associated in this
                                        tradition with Hillel, see Introduction
                                7.5.1.1.</note>
            </person>
            <person>
               <persName>—</persName>
               <desc>—</desc>
               <state type="provenance">
                  <note>Parchment, Muraba‘at</note>
               </state>
               <bibl>Mur 7</bibl>
               <state type="addl-Descr">
                  <note>—</note>
               </state>
               <floruit>Pre-135 CE<ref spanTo="#d1e12719"/>
               </floruit>
               <note xml:id="d1e12719" n="11"> For dating of the Dead Sea
                                        documents, see Introduction 7.7.</note>
            </person>
            <person>
               <persName>—</persName>
               <desc>Garis (1)’s son</desc>
               <state type="provenance">
                  <note>Papyrus, deed, Muraba‘at</note>
               </state>
               <bibl>Mur 24B, C, E</bibl>
               <state type="addl-Descr">
                  <note>—</note>
               </state>
               <floruit>133 CE<ref spanTo="#d1e12747"/>
               </floruit>
               <note xml:id="d1e12747" n="12"> See above, n.
                                12.</note>
            </person>
            <person>
               <persName><ref spanTo="#d316e0"/>
               </persName>
               <desc>Quirinius (2)’sson</desc>
               <state type="provenance">
                  <note>Parchment, Muraba‘at</note>
               </state>
               <bibl>Mur 90</bibl>
               <state type="addl-Descr">
                  <note>Cyrene<ref spanTo="#d1e12789"/>
                  </note>
               </state>
               <floruit>Pre-135 CE<ref spanTo="#d1e12802"/>
               </floruit>
               <note xml:id="d1e12759" n="13"> Josephus does not record this name. In
                                        LXX it is transliterated  (H &amp; R
                                        Suppl. 59). would be the declined Greek form of
                                        the name, see Introduction 2.1.1.1. On the pronunciation of
                                        this name, see Kutscher, Hebrew
                                            and Aramaic, 84-5.</note>
               <note xml:id="d1e12789" n="14"> If this person’s father name () is
                                        not Quirinius, but indicates his place of origin (WGE, 745), than he is not a
                                        Palestinian Jew. See Introduction 6.3.1.</note>
               <note xml:id="d1e12802" n="15"> See above, n.
                                12.</note>
            </person>
            <person>
               <persName><ref spanTo="#d318e0"/>
               </persName>
               <desc>—</desc>
               <state type="provenance">
                  <note>Papyrus, Seelim</note>
               </state>
               <bibl>DJD38, 221</bibl>
               <state type="addl-Descr">
                  <note>—</note>
               </state>
               <floruit>Pre-135 CE<ref spanTo="#d1e12836"/>
               </floruit>
               <note xml:id="d1e12814" n="16"> See above, n. 14.</note>
               <note xml:id="d1e12836" n="17"> See above, n.
                                12.</note>
            </person>
            <person>
               <persName>הל[ל]<ref spanTo="#d319e0"/>
               </persName>
               <desc>Simon (240)’s father</desc>
               <state type="provenance">
                  <note>Ostracon, Masada</note>
               </state>
               <bibl>Mas no. 423</bibl>
               <state type="addl-Descr">
                  <note>—</note>
               </state>
               <floruit>Pre-73 CE<ref spanTo="#d1e12867"/>
               </floruit>
               <note xml:id="d1e12847" n="18"> This is the suggested reading
                                        of the editor.</note>
               <note xml:id="d1e12867" n="19"> For dating of the Masada
                                        documents see Introduction 7.8.</note>
            </person>
            <person>
               <persName>—</persName>
               <desc>The …nusi<ref spanTo="#d1e12885"/>
               </desc>
               <state type="provenance">
                  <note>Jar, Masada</note>
               </state>
               <bibl>Mas no. 473</bibl>
               <state type="addl-Descr">
                  <note>—</note>
               </state>
               <floruit>Pre-73 CE<ref spanTo="#d1e12902"/>
               </floruit>
               <note xml:id="d1e12885" n="20"> In Hebrew –
                                    ה...נוסי.</note>
               <note xml:id="d1e12902" n="21"> See above, n.
                                20.</note>
            </person>
         </listPerson>
      </ab>
      <ab type="name" n="הקוץ-Akos">
         <ref spanTo="#d1e12915"/>
         <listPerson>
            <person>
               <persName><ref spanTo="#d321e0"/>
               </persName>
               <persName>הקץ<ref spanTo="#d323e0"/>
               </persName>
               <desc>—</desc>
               <state type="provenance">
                  <note>Parchment, Muraba‘at; Copper Scroll, Qumran</note>
               </state>
               <bibl>Mur 92; 3Q15 VII:9.</bibl>
               <state type="addl-Descr">
                  <note>Family<ref spanTo="#d1e12994"/>
                  </note>
               </state>
               <floruit>Pre-135 CE<ref spanTo="#d1e13007"/>
               </floruit>
               <note xml:id="d1e12931" n="1">
                                        This is not a Greek name.  (LGPN I, 23) and  (LGPN IIIa, 22) are
                                        recorded, but they are nicknames and not personal names.
                                        From Egypt the following names are recorded: , , , , and Preisigke, NB, 15-7). It could be an Egyptian name. For the
                                        spelling of the priestly clan thus, H &amp; R Suppl. 12.
                                    </note>
               <note xml:id="d1e12972" n="2"> So in the Copper Scroll.
                                </note>
               <note xml:id="d1e12994" n="3">
                                        See Introduction 6.1.2, and Stern, “Aspects of Jewish
                                        Society,” 590-1. Alternatively, it could derive from the
                                        Hebrew עכו. עכו is documented as a female name in 5th C BCE Egypt (TADAE 4, 7:42). </note>
               <note xml:id="d1e13007" n="4"> For dating of the Dead Sea
                                        documents see Introduction 7.7.</note>
            </person>
         </listPerson>
      </ab>
      <ab type="name" n="וניה-Vaniah">
         <ref spanTo="#d1e13027"/>
         <listPerson>
            <person>
               <persName>ונה<ref spanTo="#d324e0"/>
               </persName>
               <desc>Witness</desc>
               <state type="provenance">
                  <note>Papyrus, marriage contract, Babatha archive</note>
               </state>
               <bibl>PYadin 18</bibl>
               <state type="addl-Descr">
                  <note>—</note>
               </state>
               <floruit>128 CE<ref spanTo="#d1e13081"/>
               </floruit>
               <note xml:id="d1e13061" n="1"> For this sort of variation see
                                        Introduction 2.4.2.5.</note>
               <note xml:id="d1e13081" n="2"> For dating of the Dead Sea documents,
                                        see Introduction 7.7.</note>
            </person>
         </listPerson>
      </ab>
      <ab type="name" n="זבדיה-Zebediah">
         <ref spanTo="#d1e13097"/>
         <listPerson>
            <person>
               <persName><ref spanTo="#d326e0"/>
               </persName>
               <desc>Yohanan (18) and Jacob (8)’sfather</desc>
               <state type="provenance">
                  <note>—</note>
               </state>
               <bibl>Matt 4:21 (VKGNT 480)</bibl>
               <state type="addl-Descr">
                  <note>—</note>
               </state>
               <floruit>1stC BCE<ref spanTo="#d1e13173"/>
               </floruit>
               <note xml:id="d1e13122" n="1"> Josephus has  for זבדיה
                                        (Schalit, NB, 48). LXX has ,,, 
                                            ,
                                        (H &amp; R Suppl. 64). None of these are similar to the NT
                                        spelling, yet obviously this is a name of the same family
                                        (זבדיה, זבדיהו, זבדי). This is probably a case of the NT unique orthography,
                                        see Introduction 2.1.1.2.</note>
               <note xml:id="d1e13173" n="2">
                                        For dating in the NT see Introduction 7.3.</note>
            </person>
            <person>
               <persName>—</persName>
               <desc>—</desc>
               <state type="provenance">
                  <note>Ostracon, Jerusalem</note>
               </state>
               <bibl>Naveh,Qedem41 (2000) 10</bibl>
               <state type="addl-Descr">
                  <note>—</note>
               </state>
               <floruit>Pre-70 CE<ref spanTo="#d1e13203"/>
               </floruit>
               <note xml:id="d1e13203" n="3"> On dating of Jewish inscribed
                                        objects from Jerusalem see Introduction
                                7.6.2.</note>
            </person>
            <person>
               <persName>[]<ref spanTo="#d329e0"/>
               </persName>
               <desc>Joseph (167)</desc>
               <state type="provenance">
                  <note>Papyrus, deed, Babatha archive</note>
               </state>
               <bibl>PYadin 5</bibl>
               <state type="addl-Descr">
                  <note>Second name<ref spanTo="#d1e13243"/>
                  </note>
               </state>
               <floruit>110 CE<ref spanTo="#d1e13250"/>
               </floruit>
               <note xml:id="d1e13219" n="4">
                                        This is the suggested reading of the editor. The form זבוד
                                        is also recorded in the Bible – Ezra 8:14. זבוד is
                                        documented from Elephantine Egypt (TADAE 2, no. 3.2). It is
                                        transliterated  in LXX (H &amp; R Suppl. 64). The name in
                                        the document is the same, but with a Greek declension. On
                                        LXX transliteration, see Introduction 2.1.1. On this form
                                        see Introduction 2.6.4. </note>
               <note xml:id="d1e13243" n="5"> On second names see Introduction
                                        6.1.3. </note>
               <note xml:id="d1e13250" n="6"> On dating of the Dead Sea documents
                                        see Introduction 7.7.</note>
            </person>
            <person>
               <persName>[ז]בידא<ref spanTo="#d330e0"/>
               </persName>
               <desc>His wife<ref spanTo="#d1e13268"/>
               </desc>
               <state type="provenance">
                  <note>Ostracon, Masada</note>
               </state>
               <bibl>Mas no. 399</bibl>
               <state type="addl-Descr">
                  <note>—</note>
               </state>
               <floruit>Pre-73 CE<ref spanTo="#d1e13285"/>
               </floruit>
               <note xml:id="d1e13261" n="7"> This is the suggested reading
                                        of the editor, see Introduction 2.4.2.6.</note>
               <note xml:id="d1e13268" n="8"> See Introduction
                                    3.2.7.</note>
               <note xml:id="d1e13285" n="9"> For dating of the Masada
                                        documents, see Introduction 7.8.</note>
            </person>
            <person>
               <persName>זבידו<ref spanTo="#d331e0"/>
               </persName>
               <desc>Ishmael (31)’s son</desc>
               <state type="provenance">
                  <note>Jar, Masada</note>
               </state>
               <bibl>Mas no. 468</bibl>
               <state type="addl-Descr">
                  <note>—</note>
               </state>
               <floruit>Pre-73 CE<ref spanTo="#d1e13328"/>
               </floruit>
               <note xml:id="d1e13296" n="10"> This is probably a Nabatean
                                        variation of the name, see Introduction 2.4.5.1 and Negev,
                                            Qedem 32, no. 372. See
                                        further Naveh, Mas I, 40.
                                        The name is also documented from Persian Egypt, (TADAE 3, no. 3.14), and
                                        among Idumaeans, (AOFCI,
                                        nos. 104, 116, 162, 178).</note>
               <note xml:id="d1e13328" n="11"> See above, n.
                                10.</note>
            </person>
         </listPerson>
      </ab>
      <ab type="name" n="זבי-Zabbi">
         <ref spanTo="#d1e13340"/>
         <listPerson>
            <person>
               <persName><ref spanTo="#d333e0"/>
               </persName>
               <desc>Mattathias (54)’s father</desc>
               <state type="provenance">
                  <note>Papyrus, deed, Babatha archive</note>
               </state>
               <bibl>PYadin 20</bibl>
               <state type="addl-Descr">
                  <note>Nickname?<ref spanTo="#d1e13384"/>
                  </note>
               </state>
               <floruit>130 CE<ref spanTo="#d1e13391"/>
               </floruit>
               <note xml:id="d1e13359" n="1">
                                        The LXX transliteration of זבי is (H &amp; R Suppl.
                                        64), but the more common Hellenistic transliteration would
                                        have been .</note>
               <note xml:id="d1e13384" n="2">
                                        Although this could be understood as a biblical name, in
                                        this case it is probably a nickname, see Introduction
                                        6.1.1.</note>
               <note xml:id="d1e13391" n="3"> For dating of the Dead Sea documents
                                        see Introduction 7.7.</note>
            </person>
         </listPerson>
      </ab>
      <ab type="name" n="זזא-Zaza">
         <ref spanTo="#d1e13403"/>
         <listPerson>
            <person>
               <persName>—</persName>
               <desc>His son</desc>
               <state type="provenance">
                  <note>—</note>
               </state>
               <bibl>yBQ6:7, 5c (Kosovsky,Yerushalmi, 210)</bibl>
               <state type="addl-Descr">
                  <note>Nickname?<ref spanTo="#d1e13441"/>
                  </note>
               </state>
               <floruit>Pre-200 CE<ref spanTo="#d1e13448"/>
               </floruit>
               <note xml:id="d1e13441" n="1">
                                        Despite the fact that this is a biblical name, here it is
                                        here probably used as a nickname. See Introduction
                                        6.1.1.</note>
               <note xml:id="d1e13448" n="2"> According to BT he lived at the
                                        time of Rabban Gamaliel (Gamaliel no. 4 –early 2nd C CE –
                                        bRH 25a).
                                        According to PT he was a contemporary of R. Ishmael, R.
                                        Yosi’s son (Ishamel no. 6 – end of 2nd C CE), see Introduction
                                7.5.2.</note>
            </person>
         </listPerson>
      </ab>
      <ab type="name" n="זכריה-Zachariah">
         <ref spanTo="#d1e13473"/>
         <listPerson>
            <person>
               <persName><ref spanTo="#d335e0"/>
               </persName>
               <persName>זכריא<ref spanTo="#d338e0"/>
               </persName>
               <desc>Of the LXX translators</desc>
               <state type="provenance">
                  <note>—</note>
               </state>
               <bibl>Arist47</bibl>
               <state type="addl-Descr">
                  <note>Fictitious<ref spanTo="#d1e13521"/>
                  </note>
               </state>
               <floruit>3rdC BCE<ref spanTo="#d1e13540"/>
               </floruit>
               <note xml:id="d1e13489" n="1"> This is the transliteration of this
                                        biblical name both in Josephus (Schalit, NB, 49), 1 and 2 Macc and in LXX (H &amp; R Suppl.
                                        66). See Introduction 2.1.2.8.</note>
               <note xml:id="d1e13498" n="2"> So according to
                                        Epiphanius, in the Syriac script (Wendland, Aristeae, 142-3), see Introduction
                                        2.8.3. On the interchange of ה and א see Introduction
                                        2.4.2.7. </note>
               <note xml:id="d1e13521" n="3"> On Arist see Introduction 6.2.1, and Cohen, JSJ 15 (1984) 45-6. The
                                        name is recorded elsewhere in Egyptian antiquity (Preisigke,
                                            NB, 117).</note>
               <note xml:id="d1e13540" n="4">
                                        For dating of Arist see
                                        Introduction 7.1.1.</note>
            </person>
            <person>
               <persName></persName>
               <persName>זכריא<ref spanTo="#d342e0"/></persName>
               <desc>Of the LXX translators</desc>
               <state type="provenance">
                  <note>—</note>
               </state>
               <bibl>Arist48</bibl>
               <state type="addl-Descr">
                  <note>Fictitious<ref spanTo="#d1e13579"/>
                  </note>
               </state>
               <floruit>3rdC BCE<ref spanTo="#d1e13589"/>
               </floruit>
               <note xml:id="d1e13558" n="5"> See above, nn. 2 and 3.</note>
               <note xml:id="d1e13579" n="6"> See above, n. 4.</note>
               <note xml:id="d1e13589" n="7">
                                        See above, n. 5.</note>
            </person>
            <person>
               <persName></persName>
               <persName>זכריא<ref spanTo="#d347e0"/></persName>
               <desc>Of the LXX translators</desc>
               <state type="provenance">
                  <note>—</note>
               </state>
               <bibl>Arist50</bibl>
               <state type="addl-Descr">
                  <note>Fictitious<ref spanTo="#d1e13625"/>
                  </note>
               </state>
               <floruit>3rdC BCE<ref spanTo="#d1e13635"/>
               </floruit>
               <note xml:id="d1e13604" n="8"> See above, nn. 2 and 3.</note>
               <note xml:id="d1e13625" n="9"> See above, n. 4.</note>
               <note xml:id="d1e13635" n="10">
                                        See above, n. 5.</note>
            </person>
            <person>
               <persName><ref spanTo="#d350e0"/>
               </persName>
               <desc>Joseph (5)’s father</desc>
               <state type="provenance">
                  <note>—</note>
               </state>
               <bibl>1 Macc 5:18 (H &amp; R Suppl. 66); AJ12:333 (Schalit,NB, 49)<ref spanTo="#d1e13670"/>.</bibl>
               <state type="addl-Descr">
                  <note>—</note>
               </state>
               <floruit>164 BCE<ref spanTo="#d1e13682"/>
               </floruit>
               <note xml:id="d1e13647" n="11"> See above, n. 2.</note>
               <note xml:id="d1e13670" n="12"> For the
                                                dependence of Josephus on 1 Macc see Introduction
                                                5.1.1.</note>
               <note xml:id="d1e13682" n="13"> On dating in 1 Macc, see
                                        Introduction 7.1.2.</note>
            </person>
            <person>
               <persName><ref spanTo="#d352e0"/></persName>
               <desc>Maccabee’s general<ref spanTo="#d1e13717"/>
               </desc>
               <state type="provenance">
                  <note>—</note>
               </state>
               <bibl>2 Macc 10:19 (H &amp; R Suppl. 65)<ref spanTo="#d1e13736"/>
               </bibl>
               <state type="addl-Descr">
                  <note>—</note>
               </state>
               <floruit>164 BCE<ref spanTo="#d1e13747"/>
               </floruit>
               <note xml:id="d1e13694" n="14"> This is the Greek for זכאי. The form
                                        זכי is biblical, e.g. Ezra 2:9. On such forms see
                                        Introduction 2.4.1.1, and 2.4.1.2. It is however probably a
                                        variation of זכריה, see D. R. Schwartz, “Was Rabban Yohanan
                                        ben Zakkai a Priest?” Sinai
                                        88 (1981) 37, n. 35 (Hebrew), who attempted to show that
                                        זכריה /  was a priestly name, and therefore also
                                        זכאי. Josephus does not transliterate this biblical figure’s
                                        name. LXX transliterates it ,  (H &amp; R
                                        Suppl.65). For the cluster  see Introduction
                                        2.1.2.4. This would be the declined form of the name. On the
                                        difference in transliteration between Josephus and LXX see
                                        Introduction 2.1.1.1. </note>
               <note xml:id="d1e13717" n="15"> Goldsmith, II Maccabees, 390, wishes
                                        to identify this  with Zachariah
                                            no. 4, and suggests that 2 Macc made a mistake by
                                        identifying him as a fellow officer, rather than the father
                                        of another. However, despite the fact that both are
                                        describing the same incident, this is not necessary, because
                                        of the different sources 1 and 2 Macc were using, see below,
                                        n. 17.</note>
               <note xml:id="d1e13736" n="16"> On
                                        the independence of 2 Macc see Introduction
                                    5.1.2.</note>
               <note xml:id="d1e13747" n="17"> On dating in 2 Macc see
                                        Introduction 7.1.3.</note>
            </person>
            <person>
               <persName><ref spanTo="#d355e0"/>
               </persName>
               <desc>Amphiklus (1)’s son</desc>
               <state type="provenance">
                  <note>—</note>
               </state>
               <bibl>BJ4:225 (Schalit,NB, 49)<ref spanTo="#d1e13781"/>; tShab16:7 (Kasowski,Thosephthae, 61)<ref spanTo="#d1e13805"/>.</bibl>
               <state type="addl-Descr">
                  <note>—</note>
               </state>
               <floruit>68 CE<ref spanTo="#d1e13820"/>
               </floruit>
               <note xml:id="d1e13760" n="18"> So in Josephus, see above, n. 2.
                                        Rabbinic literature has זכריה.</note>
               <note xml:id="d1e13781" n="19"> That
                                                  
                                                   in Josephus
                                                should be identified with זכריה בן אבקולס of
                                                rabbinic literature is, I think, quite clear (as
                                                suggested e.g. by Derenbourg, Essai, 267), even though
                                                rabbinic literature assigns to the latter actions
                                                that Josephus ascribes to  (Eleazar no.
                                                8). Rabbinic literature is famous for making this
                                                sort of mistake. Nevertheless, at the background of
                                                rabbinic legend one can find reliable traditions
                                                (which were apparently also available to Josephus)
                                                that the rabbis, because of their disinterest in
                                                history then distorted (Cohen, “Parallel
                                                Traditions,” 7-14). See also Ilan &amp; Price, JQR 84 (1993) 206, n.
                                                66.</note>
               <note xml:id="d1e13805" n="20"> According to BT (bGit. 56a) זכריה בן אבקולס was
                                                responsible for the cessation of the sacrifices in
                                                honour of the Roman emperor, an action that
                                                initiated the hostilities in 66 CE, see above, n.
                                                20. The Tosefta also knows זכריה בן אבקולס but
                                                assigns to him no such action. He is only accused of
                                                being too strict in his observance of the
                                                commandments and thus responsible for the
                                                destruction of the Temple. The Tosefta refers here
                                                to the same person who Josephus identifies as one of
                                                the Zealot leaders. This expression in the Tosefta
                                                gave rise to the Babylonian mistaken historical
                                                speculation.</note>
               <note xml:id="d1e13820" n="21"> On dating according to Josephus see
                                        Introduction 7.2.</note>
            </person>
            <person>
               <persName><ref spanTo="#d357e0"/>
               </persName>
               <desc>Baruch (1)’s son</desc>
               <state type="provenance">
                  <note>—</note>
               </state>
               <bibl>BJ4:335 (Schalit,NB, 49)</bibl>
               <state type="addl-Descr">
                  <note>—</note>
               </state>
               <floruit>68 CE<ref spanTo="#d1e13857"/>
               </floruit>
               <note xml:id="d1e13832" n="22"> See above, n. 2.</note>
               <note xml:id="d1e13857" n="23"> See above, n.
                                22.</note>
            </person>
            <person>
               <persName><ref spanTo="#d359e0"/>
               </persName>
               <desc>Josephus’ friend</desc>
               <state type="provenance">
                  <note>—</note>
               </state>
               <bibl>Vita239 (Schalit,NB, 104)</bibl>
               <state type="addl-Descr">
                  <note>—</note>
               </state>
               <floruit>67 CE<ref spanTo="#d1e13897"/>
               </floruit>
               <note xml:id="d1e13869" n="24"> See above, n. 15. For the use of  in
                                        transliteration of ז, see Introduction 2.1.2.5.</note>
               <note xml:id="d1e13897" n="25"> See above, n.
                                22.</note>
            </person>
            <person>
               <persName><ref spanTo="#d361e0"/>
               </persName>
               <desc>Yohanan (15)’s father</desc>
               <state type="provenance">
                  <note>—</note>
               </state>
               <bibl>Luke 1:5 (VKGNT 480)</bibl>
               <state type="addl-Descr">
                  <note>—</note>
               </state>
               <floruit>1 C BCE<ref spanTo="#d1e13929"/>
               </floruit>
               <note xml:id="d1e13909" n="26"> See above, n. 2.</note>
               <note xml:id="d1e13929" n="27"> For dating according to NT see
                                        Introduction 7.3.</note>
            </person>
            <person>
               <persName><ref spanTo="#d363e0"/>
               </persName>
               <desc>Rich tax-collector</desc>
               <state type="provenance">
                  <note>—</note>
               </state>
               <bibl>Luke 19:2 (VKGNT 480)</bibl>
               <state type="addl-Descr">
                  <note>—</note>
               </state>
               <floruit>27-30 CE<ref spanTo="#d1e13961"/>
               </floruit>
               <note xml:id="d1e13941" n="28"> See above, n. 15.</note>
               <note xml:id="d1e13961" n="29"> See above, n.
                                28.</note>
            </person>
            <person>
               <persName><ref spanTo="#d365e0"/>
               </persName>
               <desc>Jewish Bishop<ref spanTo="#d1e13980"/>
               </desc>
               <state type="provenance">
                  <note>—</note>
               </state>
               <bibl>Eus.EH, 4:5</bibl>
               <state type="addl-Descr">
                  <note>—</note>
               </state>
               <floruit>Pre-135 CE<ref spanTo="#d1e14006"/>
               </floruit>
               <note xml:id="d1e13973" n="30"> See above, n. 15.</note>
               <note xml:id="d1e13980" n="31"> For the list of
                                        Jewish bishops see Introduction 3.2.9. Bauckham, Jude, 76, suggests
                                        tentatively to identify him with Zachariah no. 9, see Introduction
                                    3.3.</note>
               <note xml:id="d1e14006" n="32"> See Introduction
                                    7.4.1.</note>
            </person>
            <person>
               <persName><ref spanTo="#d367e0"/>
               </persName>
               <desc>Jacob (5)’s son</desc>
               <state type="provenance">
                  <note>—</note>
               </state>
               <bibl>Hegessip,Hypomnemata<ref spanTo="#d1e14046"/>
               </bibl>
               <state type="addl-Descr">
                  <note>—</note>
               </state>
               <floruit>70s-90s CE<ref spanTo="#d1e14066"/>
               </floruit>
               <note xml:id="d1e14019" n="33"> This form would most likely
                                            transliterates a name
                                        such as זוכר, although no such name is recorded in the
                                        Bible. The name זכור is recorded (Num 13:5) and is
                                        transliterated in LXX as (H &amp; R
                                        Suppl. 65). Noth too does not record any biblical name in
                                        the form of
                                        qotel. However,
                                        the name does stem from the same root as זכריה.</note>
               <note xml:id="d1e14046" n="34"> In J. A. Cramer, Anacdota Graeca e Codd. Manuscriptis
                                            Bibliothecae Regiae Parisiensis (Oxford 1839) 88.
                                        Bauckham, Jude, 76 suggests
                                        identifying this one tentatively with Zachariah no. 11, see Introduction
                                    3.3.</note>
               <note xml:id="d1e14066" n="35"> This text describes the
                                        persecution against the House
                                        of David during the reign of the Flavians (68-96
                                    CE).</note>
            </person>
            <person>
               <persName><ref spanTo="#d369e0"/>
               </persName>
               <desc>Jesus’ teacher</desc>
               <state type="provenance">
                  <note>—</note>
               </state>
               <bibl>Ev. Thom. 6 (Tischendorf,EA, 145)</bibl>
               <state type="addl-Descr">
                  <note>Fictitious<ref spanTo="#d1e14102"/>
                  </note>
               </state>
               <floruit>10-20 CE<ref spanTo="#d1e14109"/>
               </floruit>
               <note xml:id="d1e14081" n="36"> See above, n. 15.</note>
               <note xml:id="d1e14102" n="37"> All figures appearing in apocryphal
                                        Christian documents are considered fictitious, see
                                        Introduction 6.2.2.</note>
               <note xml:id="d1e14109" n="38"> These would be the years when
                                        Jesus went to school.</note>
            </person>
            <person>
               <persName><ref spanTo="#d371e0"/>
               </persName>
               <desc>Caesarean Jew</desc>
               <state type="provenance">
                  <note>—</note>
               </state>
               <bibl>Clementine Homilies 2:1 (PG2, 77)</bibl>
               <state type="addl-Descr">
                  <note>Fictitious<ref spanTo="#d1e14142"/>
                  </note>
               </state>
               <floruit>30s-40s CE<ref spanTo="#d1e14149"/>
               </floruit>
               <note xml:id="d1e14121" n="39"> See above, n. 15.</note>
               <note xml:id="d1e14142" n="40"> See above, n. 38.</note>
               <note xml:id="d1e14149" n="41"> The time described in this text
                                        is while Peter was still in Palestine, not long after Jesus’
                                        crucifixion.</note>
            </person>
            <person>
               <persName><ref spanTo="#d373e0"/>
               </persName>
               <desc>The architect<ref spanTo="#d1e14168"/>
               </desc>
               <state type="provenance">
                  <note>—</note>
               </state>
               <bibl>Clementine Homilies 2:1 (PG2, 77)</bibl>
               <state type="addl-Descr">
                  <note>Fictitious<ref spanTo="#d1e14189"/>
                  </note>
               </state>
               <floruit>30s-40s CE<ref spanTo="#d1e14196"/>
               </floruit>
               <note xml:id="d1e14161" n="42"> See above, n. 2.</note>
               <note xml:id="d1e14168" n="43"> In Greek – .</note>
               <note xml:id="d1e14189" n="44"> See above, n. 38.</note>
               <note xml:id="d1e14196" n="45"> See above, n.
                                42.</note>
            </person>
            <person>
               <persName>—</persName>
               <desc>Qabutal (1)’s son</desc>
               <state type="provenance">
                  <note>—</note>
               </state>
               <bibl>mYoma1:6 (Kasovsky,Mishnae, 616)</bibl>
               <state type="addl-Descr">
                  <note>—</note>
               </state>
               <floruit>Pre-70 CE<ref spanTo="#d1e14228"/>
               </floruit>
               <note xml:id="d1e14228" n="46"> Here he describes himself as
                                        reading before an officiating High Priest in the Temple, see
                                        Introduction 7.5.1.1.</note>
            </person>
            <person>
               <persName>—</persName>
               <desc>Ha-Qasab (1)’s son</desc>
               <state type="provenance">
                  <note>—</note>
               </state>
               <bibl>mKet2:9 (Kasovsky,Mishnae, 616)</bibl>
               <state type="addl-Descr">
                  <note>—</note>
               </state>
               <floruit>Pre-135 CE<ref spanTo="#d1e14260"/>
               </floruit>
               <note xml:id="d1e14260" n="47"> In mSot 5:1 R. Joshua describes him as his teacher,
                                        see Introduction 7.5.1.1-2.</note>
            </person>
            <person>
               <persName>זכאי<ref spanTo="#d374e0"/>
               </persName>
               <desc>Yohanan (30)’s father</desc>
               <state type="provenance">
                  <note>—</note>
               </state>
               <bibl>mAb2:8 (Kasovsky,Mishnae, 614)</bibl>
               <state type="addl-Descr">
                  <note>—</note>
               </state>
               <floruit>Pre-70 CE<ref spanTo="#d1e14309"/>
               </floruit>
               <note xml:id="d1e14278" n="48"> This is the Hebrew for ,and a
                                        variation on זכי, see Introduction 2.4.1.8. See also above,
                                        15.</note>
               <note xml:id="d1e14309" n="49"> He is the father of the person
                                        whose life represents the transition from a Temple-centered
                                        Judaism to a Temple-less Judaism, see
                                        Introduction 7.5.1.1-2.</note>
            </person>
            <person>
               <persName>זכאי<ref spanTo="#d375e0"/>
               </persName>
               <desc>—</desc>
               <state type="provenance">
                  <note>—</note>
               </state>
               <bibl>tBer2:16 (Kasowski,Thosephthae, -)</bibl>
               <state type="addl-Descr">
                  <note>—</note>
               </state>
               <floruit>Pre-200 CE<ref spanTo="#d1e14351"/>
               </floruit>
               <note xml:id="d1e14326" n="50"> See above, n. 49.</note>
               <note xml:id="d1e14351" n="51"> Mentioned twice in the Tosefta
                                        (also tYad 2:9), but with
                                        no clear chronological context, see Introduction
                                        7.5.1.4.</note>
            </person>
            <person>
               <persName>—</persName>
               <desc>Simon (92)’s father</desc>
               <state type="provenance">
                  <note>Ossuary, Ramah, Dalman, 1914</note>
               </state>
               <bibl>CIJ, no. 1194</bibl>
               <state type="addl-Descr">
                  <note>—</note>
               </state>
               <floruit>Pre-70 CE<ref spanTo="#d1e14383"/>
               </floruit>
               <note xml:id="d1e14383" n="52"> On dating of ossuaries see
                                        Introduction 7.6.1.</note>
            </person>
            <person>
               <persName><ref spanTo="#d377e0"/>
               </persName>
               <desc>Azariah (6)’s father</desc>
               <state type="provenance">
                  <note>Ossuary, Bagatti</note>
               </state>
               <bibl>DF95, no. 30</bibl>
               <state type="addl-Descr">
                  <note>—</note>
               </state>
               <floruit>Pre-70 CE<ref spanTo="#d1e14417"/>
               </floruit>
               <note xml:id="d1e14395" n="53"> See above, n. 2. This declension is
                                        recorded in the document.</note>
               <note xml:id="d1e14417" n="54"> See above, n.
                                53.</note>
            </person>
            <person>
               <persName>—</persName>
               <desc>Azariah (7)’s father<ref spanTo="#d1e14431"/>
               </desc>
               <state type="provenance">
                  <note>Ossuary, Bagatti</note>
               </state>
               <bibl>DF97, no. 36</bibl>
               <state type="addl-Descr">
                  <note>—</note>
               </state>
               <floruit>Pre-70 CE<ref spanTo="#d1e14450"/>
               </floruit>
               <note xml:id="d1e14431" n="55"> This and the
                                        previous ossuary bear exactly the same inscription, but they
                                        obviously refer to two different fathers and sons with the
                                        same name. These names were probably common in one of the
                                        families that buried their dead at Dominus
                                    Flevit.</note>
               <note xml:id="d1e14450" n="56"> See above, n.
                                53.</note>
            </person>
            <person>
               <persName><ref spanTo="#d379e0"/>
               </persName>
               <desc>Simon (112) and Eleazar (89)’s brother</desc>
               <state type="provenance">
                  <note>Ossuary, Bagatti</note>
               </state>
               <bibl>DF98, no. 37</bibl>
               <state type="addl-Descr">
                  <note>—</note>
               </state>
               <floruit>Pre-70 CE<ref spanTo="#d1e14484"/>
               </floruit>
               <note xml:id="d1e14462" n="57"> See above, n. 2. This declension is
                                        recorded in the document. </note>
               <note xml:id="d1e14484" n="58"> See above, n.
                                53.</note>
            </person>
            <person>
               <persName>—</persName>
               <desc>Eleazar (93)’s father</desc>
               <state type="provenance">
                  <note>Ossuary, Mt Scopus, Rahmani, 1980</note>
               </state>
               <bibl>CJO, no. 456</bibl>
               <state type="addl-Descr">
                  <note>—</note>
               </state>
               <floruit>Pre-70 CE<ref spanTo="#d1e14514"/>
               </floruit>
               <note xml:id="d1e14514" n="59"> See above, n.
                                53.</note>
            </person>
            <person>
               <persName>זכר[יה]<ref spanTo="#d380e0"/>
               </persName>
               <desc>—</desc>
               <state type="provenance">
                  <note>Ostracon, Jerusalem</note>
               </state>
               <bibl>Naveh,Qedem41 (2000) 11</bibl>
               <state type="addl-Descr">
                  <note>—</note>
               </state>
               <floruit>Pre-70 CE<ref spanTo="#d1e14548"/>
               </floruit>
               <note xml:id="d1e14525" n="60"> This is the suggested reading
                                        of the editor.</note>
               <note xml:id="d1e14548" n="61"> On dating of Jewish inscribed
                                        objects from Jerusalem see Introduction
                                7.6.2.</note>
            </person>
            <person>
               <persName>—</persName>
               <desc>Yohanan (75)’s son</desc>
               <state type="provenance">
                  <note>Papyrus, deed, Muraba‘at</note>
               </state>
               <bibl>Mur 18</bibl>
               <state type="addl-Descr">
                  <note>—</note>
               </state>
               <floruit>55-6 CE<ref spanTo="#d1e14575"/>
               </floruit>
               <note xml:id="d1e14575" n="62"> On dating of the Dead Sea
                                        documents see Introduction 7.7.</note>
            </person>
            <person>
               <persName>—</persName>
               <desc>Eleazar (111)’s father</desc>
               <state type="provenance">
                  <note>Papyrus, deed, Muraba‘at</note>
               </state>
               <bibl>Mur 29</bibl>
               <state type="addl-Descr">
                  <note>—</note>
               </state>
               <floruit>133 CE<ref spanTo="#d1e14602"/>
               </floruit>
               <note xml:id="d1e14602" n="63"> See above, n.
                                63.</note>
            </person>
            <person>
               <persName>—</persName>
               <desc>Simon (167)’s father</desc>
               <state type="provenance">
                  <note>Papyrus, deed, Muraba‘at</note>
               </state>
               <bibl>Mur 29</bibl>
               <state type="addl-Descr">
                  <note>—</note>
               </state>
               <floruit>133 CE<ref spanTo="#d1e14629"/>
               </floruit>
               <note xml:id="d1e14629" n="64"> See above, n.
                                63.</note>
            </person>
            <person>
               <persName><ref spanTo="#d382e0"/>
               </persName>
               <desc>Joseph (206)’s son</desc>
               <state type="provenance">
                  <note>Papyrus, Seelim</note>
               </state>
               <bibl>DJD38, 222</bibl>
               <state type="addl-Descr">
                  <note>—</note>
               </state>
               <floruit>Pre-135 CE<ref spanTo="#d1e14669"/>
               </floruit>
               <note xml:id="d1e14641" n="65"> See above, n. 15. This scribe adhered
                                        to another transliteration tradition, since he
                                        transliterated כ with dagesh as, see Introduction
                                        2.1.2.4.</note>
               <note xml:id="d1e14669" n="66"> See above, n.
                                63.</note>
            </person>
            <person>
               <persName>[ז]כר[י]ה<ref spanTo="#d383e0"/>
               </persName>
               <desc>—</desc>
               <state type="provenance">
                  <note>Ostracon, Masada</note>
               </state>
               <bibl>Mas no. 418</bibl>
               <state type="addl-Descr">
                  <note>—</note>
               </state>
               <floruit>Pre-73 CE<ref spanTo="#d1e14701"/>
               </floruit>
               <note xml:id="d1e14681" n="67"> This is the suggested reading
                                        of the editor.</note>
               <note xml:id="d1e14701" n="68"> On dating of the documents from
                                        Masada see Introduction 7.8.</note>
            </person>
            <person>
               <persName>זכ[ריה]<ref spanTo="#d384e0"/>
               </persName>
               <desc>—</desc>
               <state type="provenance">
                  <note>Jar, Masada</note>
               </state>
               <bibl>Mas no. 477</bibl>
               <state type="addl-Descr">
                  <note>—</note>
               </state>
               <floruit>Pre-73 CE<ref spanTo="#d1e14732"/>
               </floruit>
               <note xml:id="d1e14712" n="69"> The reading is of the editor.
                                        Naturally זכאי or זכי could also be implied.</note>
               <note xml:id="d1e14732" n="70"> See above, n.
                                69.</note>
            </person>
         </listPerson>
      </ab>
      <ab type="name" n="זמרי-Zamari">
         <ref spanTo="#d1e14744"/>
         <listPerson>
            <person>
               <persName><ref spanTo="#d386e0"/>
               </persName>
               <desc>Jewish general</desc>
               <state type="provenance">
                  <note>—</note>
               </state>
               <bibl>AJ17:29 (Schalit,NB, 49)</bibl>
               <state type="addl-Descr">
                  <note>Babylonia<ref spanTo="#d1e14808"/>
                  </note>
               </state>
               <floruit>1stC BCE<ref spanTo="#d1e14821"/>
               </floruit>
               <note xml:id="d1e14766" n="1"> The name זמרי is transliterated in
                                        Josephus (Schalit, NB, 49) and  in
                                        LXX (H &amp; R Suppl. 65). The cluster  probably
                                        transliterates the Hebrew מר into Greek. However, for the
                                        King of Israel by this name, the version  is also
                                        recorded (Schalit, ibid.).
                                    </note>
               <note xml:id="d1e14808" n="2"> On his coming to Palestine from
                                        Babylonia see Josephus, AJ
                                        17:23-5 (29). See Introduction 6.3.1.</note>
               <note xml:id="d1e14821" n="3"> On
                                        dating according to Josephus see Introduction
                                    7.2.</note>
            </person>
            <person>
               <persName>זמרא<ref spanTo="#d387e0"/>
               </persName>
               <desc>Joseph (77)’s father</desc>
               <state type="provenance">
                  <note>—</note>
               </state>
               <bibl>yPeah1:1, 15d(Kosovsky,Yerushalmi, 211)</bibl>
               <state type="addl-Descr">
                  <note>Nickname?<ref spanTo="#d1e14862"/>
                  </note>
               </state>
               <floruit>Pre-200 CE<ref spanTo="#d1e14869"/>
               </floruit>
               <note xml:id="d1e14832" n="4"> For this being a variation of the same
                                        name, see Introduction 2.4.2.1.</note>
               <note xml:id="d1e14862" n="5">
                                        Here this need not necessarily be a personal name of the
                                        father. It could be a nickname, see Introduction
                                    6.1.1.</note>
               <note xml:id="d1e14869" n="6"> In PT there is no chronological
                                        indication that this sage was a tanna, but in BT
                                        (bKet. 62b)
                                        it is suggested that he was the father of Rabbi’s daughter
                                        in law, namely that he lived at the end of the 2nd
                                C.</note>
            </person>
         </listPerson>
      </ab>
      <ab type="name" n="חגבא-Hagaba">
         <ref spanTo="#d1e14891"/>
         <listPerson>
            <person>
               <persName><ref spanTo="#d389e0"/>
               </persName>
               <desc>Apostle</desc>
               <state type="provenance">
                  <note>—</note>
               </state>
               <bibl>Acts 11:28 (VKGNT 2)</bibl>
               <state type="addl-Descr">
                  <note>—</note>
               </state>
               <floruit>30s CE<ref spanTo="#d1e14939"/>
               </floruit>
               <note xml:id="d1e14910" n="1">
                                        This is not a recorded Greek name. WGE, 5, mention a town in Syria by
                                        the name of . In LXX the form  is used for the
                                        biblical חגבא (H &amp; R Suppl. 4).</note>
               <note xml:id="d1e14939" n="2"> For dating according to NT see
                                        Introduction 7.3.</note>
            </person>
         </listPerson>
      </ab>
      <ab type="name" n="חגי-Hagai">
         <ref spanTo="#d1e14948"/>
         <listPerson>
            <person>
               <persName><ref spanTo="#d391e0"/>
               </persName>
               <desc>Levite<ref spanTo="#d1e14990"/></desc>
               <state type="provenance">
                  <note>—</note>
               </state>
               <bibl>Acta Pilati A:14 (Tischendorf,EA259)</bibl>
               <state type="addl-Descr">
                  <note>Fictitious<ref spanTo="#d1e15012"/>
                  </note>
               </state>
               <floruit>30 CE<ref spanTo="#d1e15019"/>
               </floruit>
               <note xml:id="d1e14968" n="1"> This is
                                        the way the name is transliterated in LXX (R &amp; H Suppl.
                                        5). This form, as well as  and  are
                                        recorded on papyri from Egypt (Preisigke, NB, 6; Foraboschi, Onomasticon, 18).</note>
               <note xml:id="d1e14990" n="2"> In Greek – .</note>
               <note xml:id="d1e15012" n="3"> All figures appearing in apocryphal
                                        Christian documents are considered fictitious, see
                                        Introduction 6.2.2. </note>
               <note xml:id="d1e15019" n="4"> This book all takes place on the year
                                        of Jesus’ execution.</note>
            </person>
            <person>
               <persName><ref spanTo="#d393e0"/>
               </persName>
               <desc>Of Yabneh<ref spanTo="#d1e15038"/>
               </desc>
               <state type="provenance">
                  <note>—</note>
               </state>
               <bibl>Clementine Homilies 2:1 (PG2, 77)</bibl>
               <state type="addl-Descr">
                  <note>Fictitious<ref spanTo="#d1e15061"/>
                  </note>
               </state>
               <floruit>30s-40s CE<ref spanTo="#d1e15068"/>
               </floruit>
               <note xml:id="d1e15031" n="5"> See above, n. 2.</note>
               <note xml:id="d1e15038" n="6"> In Greek – .</note>
               <note xml:id="d1e15061" n="7"> See above, n. 4.</note>
               <note xml:id="d1e15068" n="8"> The time described in this text
                                        is while Peter was still in Palestine, not long after Jesus’
                                        crucifixion.</note>
            </person>
            <person>
               <persName>—<ref spanTo="#d394e0"/>
               </persName>
               <desc>—</desc>
               <state type="provenance">
                  <note>Ossuary, Kidron, Husseini, 1934</note>
               </state>
               <bibl>CJO, no. 54</bibl>
               <state type="addl-Descr">
                  <note>—</note>
               </state>
               <floruit>Pre-70 CE<ref spanTo="#d1e15104"/>
               </floruit>
               <note xml:id="d1e15079" n="9"> The reading is Naveh’s (CJO, no. 89). It is not
                                        obvious.</note>
               <note xml:id="d1e15104" n="10"> On dating of ossuaries see
                                        Introduction 7.6.1.</note>
            </person>
            <person>
               <persName>—</persName>
               <desc>Joseph (116)’s father</desc>
               <state type="provenance">
                  <note>Ossuary, French Hill, Geraty, 1975</note>
               </state>
               <bibl>CJO, no. 603</bibl>
               <state type="addl-Descr">
                  <note>—</note>
               </state>
               <floruit>Pre-70 CE<ref spanTo="#d1e15133"/>
               </floruit>
               <note xml:id="d1e15133" n="11"> See above, n.
                                11.</note>
            </person>
            <person>
               <persName>—<ref spanTo="#d395e0"/>
               </persName>
               <desc>Joseph (130)’s father</desc>
               <state type="provenance">
                  <note>Ossuary, K9920</note>
               </state>
               <bibl>Misgav,Ossuaries, 132</bibl>
               <state type="addl-Descr">
                  <note>—</note>
               </state>
               <floruit>Pre-70 CE<ref spanTo="#d1e15170"/>
               </floruit>
               <note xml:id="d1e15144" n="12"> This is Misgav’s reading.
                                        Hachlili, IAAR 7, 58, could
                                        not read it.</note>
               <note xml:id="d1e15170" n="13"> See above, n.
                                11.</note>
            </person>
            <person>
               <persName><ref spanTo="#d397e0"/>
               </persName>
               <desc>Aiala (2)’s son</desc>
               <state type="provenance">
                  <note>Parchment, Muraba‘at</note>
               </state>
               <bibl>Mur 94</bibl>
               <state type="addl-Descr">
                  <note>—</note>
               </state>
               <floruit>Pre-135 CE<ref spanTo="#d1e15212"/>
               </floruit>
               <note xml:id="d1e15183" n="14"> This may be the beginning of a Greek
                                        name such as  (for such names see WGE, 5-6).
                                        DJD 2,
                                        226, interpreted it as deriving from a Semitic name such as
                                        חגא. I assume it as variation of חגי.</note>
               <note xml:id="d1e15212" n="15"> On dating of the Dead Sea
                                        documents see Introduction 7.7.</note>
            </person>
            <person>
               <persName>—</persName>
               <desc>His son</desc>
               <state type="provenance">
                  <note>Ostracon, Masada</note>
               </state>
               <bibl>Mas no. 422</bibl>
               <state type="addl-Descr">
                  <note>—</note>
               </state>
               <floruit>Pre-73 CE<ref spanTo="#d1e15239"/>
               </floruit>
               <note xml:id="d1e15239" n="16"> For dating of the Masada
                                        documents see Introduction 7.8.</note>
            </person>
            <person>
               <persName>—</persName>
               <desc>Qimi (1)’s son</desc>
               <state type="provenance">
                  <note>Dedicatory Inscription Mt Gerizim</note>
               </state>
               <bibl>Misgav,Qadmoniont33 (2001) 129</bibl>
               <state type="addl-Descr">
                  <note>Samaritan<ref spanTo="#d1e15272"/>
                  </note>
               </state>
               <floruit>
                  <div xmlns="http://www.tei-c.org/ns/1.0">2ndC BCE<ref xmlns="" spanTo="#d1e15285"/>
                  </div>
               </floruit>
               <note xml:id="d1e15272" n="17"> See Introduction 6.3.4.</note>
               <note xml:id="d1e15285" n="18">
                                                On the date of the
                                                  Samaritan inscriptions, see Introduction
                                                  7.6.6.</note>
            </person>
         </listPerson>
      </ab>
      <ab type="name" n="חדד-Hadad">
         <ref spanTo="#d1e15300"/>
         <listPerson>
            <person>
               <persName>חדר<ref spanTo="#d399e0"/>
               </persName>
               <desc>Judah (155)’s son</desc>
               <state type="provenance">
                  <note>Papyrus, deed, “Seyal”</note>
               </state>
               <bibl>Se 8a</bibl>
               <state type="addl-Descr">
                  <note>—</note>
               </state>
               <floruit>134-5 CE<ref spanTo="#d1e15347"/>
               </floruit>
               <note xml:id="d1e15327" n="1"> On the interchange of the letters ד
                                        and ר see Introduction 2.7.4.</note>
               <note xml:id="d1e15347" n="2"> For dating of the Dead Sea documents
                                        see Introduction 7.7.</note>
            </person>
            <person>
               <persName>—</persName>
               <desc>Eleazar (167)’s father</desc>
               <state type="provenance">
                  <note>Jar, Masada</note>
               </state>
               <bibl>Mas no. 469</bibl>
               <state type="addl-Descr">
                  <note>—</note>
               </state>
               <floruit>Pre-73 CE<ref spanTo="#d1e15374"/>
               </floruit>
               <note xml:id="d1e15374" n="3"> For dating of the Masada documents see
                                        Introduction 7.8.</note>
            </person>
         </listPerson>
      </ab>
      <ab type="name" n="חור-Hur">
         <ref spanTo="#d1e15386"/>
         <listPerson>
            <person>
               <persName>—</persName>
               <desc>Hananiah (61)’s father</desc>
               <state type="provenance">
                  <note>Ostracon, Tell-al-Fûl</note>
               </state>
               <bibl>Rast,AASOR45 (1978) 113</bibl>
               <state type="addl-Descr">
                  <note>Nickname?<ref spanTo="#d1e15422"/>
                  </note>
               </state>
               <floruit>3rd-2ndC BCE<ref spanTo="#d1e15435"/>
               </floruit>
               <note xml:id="d1e15422" n="1">
                                        Despite the fact that this is a biblical name, it is here
                                        probably a nickname, see Introduction 6.1.1.</note>
               <note xml:id="d1e15435" n="2"> For dating see
                                        Rast, AASOR 45 (1978)
                                        113-4.</note>
            </person>
         </listPerson>
      </ab>
      <ab type="name" n="חזיר-Hezir">
         <ref spanTo="#d1e15450"/>
         <listPerson>
            <person>
               <persName>—</persName>
               <desc>His sons<ref spanTo="#d1e15471"/>
               </desc>
               <state type="provenance">
                  <note>Tomb inscription, Kidron, de Vogüé, 1864</note>
               </state>
               <bibl>CIJ, no. 1394</bibl>
               <state type="addl-Descr">
                  <note>Family<ref spanTo="#d1e15488"/>
                  </note>
               </state>
               <floruit>Pre-70 CE<ref spanTo="#d1e15495"/>
               </floruit>
               <note xml:id="d1e15471" n="1"> On Klein’s identfication of the Hezir
                                        priests see Introduction 3.3.</note>
               <note xml:id="d1e15488" n="2">
                                        See Introduction 6.1.2 and also Stern, “Aspects of Jewish
                                        Society,” 594-5.</note>
               <note xml:id="d1e15495" n="3"> On dating of Jerusalem inscriptions
                                        see Introduction 7.6.2.</note>
            </person>
         </listPerson>
      </ab>
      <ab type="name" n="חזקיה-Hezekiah">
         <ref spanTo="#d1e15508"/>
         <listPerson>
            <person>
               <persName><ref spanTo="#d401e0"/>
               </persName>
               <persName>חזקיא<ref spanTo="#d404e0"/>
               </persName>
               <desc>Of the LXX translators</desc>
               <state type="provenance">
                  <note>—</note>
               </state>
               <bibl>Arist47</bibl>
               <state type="addl-Descr">
                  <note>Fictitious<ref spanTo="#d1e15561"/>
                  </note>
               </state>
               <floruit>3rdC BCE<ref spanTo="#d1e15596"/>
               </floruit>
               <note xml:id="d1e15527" n="1"> This is the spelling both in Josephus
                                        (Schalit, NB, 41) and in LXX (H &amp;
                                        R Suppl. 54). See also below,
                                        n. 4.</note>
               <note xml:id="d1e15539" n="2"> So according to Epiphanius, in the
                                        Syriac script (Wendland, Aristeae, 142), see Introduction 2.8.3. On the
                                        interchange of ה and א see Introduction
                                2.4.2.7.</note>
               <note xml:id="d1e15561" n="3"> On Arist see Introduction 6.2.1, and Cohen, JSJ 15 (1984) 58. The name
                                        (as /) is recorded
                                        elsewhere in Egyptian antiquity (Preisigke, NB, 146). The form  is also
                                        recorded, (Forbaschi, Onomasticon, 102). And see also in CPJ 1, no. 29.</note>
               <note xml:id="d1e15596" n="4">
                                        For dating of Arist see
                                        Introduction 7.1.1.</note>
            </person>
            <person>
               <persName></persName>
               <persName>חזקיא<ref spanTo="#d408e0"/>
               </persName>
               <desc>Of the LXX translators</desc>
               <state type="provenance">
                  <note>—</note>
               </state>
               <bibl>Arist47</bibl>
               <state type="addl-Descr">
                  <note>Fictitious<ref spanTo="#d1e15634"/>
                  </note>
               </state>
               <floruit>3rdC BCE<ref spanTo="#d1e15644"/>
               </floruit>
               <note xml:id="d1e15614" n="5"> See above, nn. 2 and 3.</note>
               <note xml:id="d1e15634" n="6"> See above, n. 4.</note>
               <note xml:id="d1e15644" n="7">
                                        See above, n. 5.</note>
            </person>
            <person>
               <persName><ref spanTo="#d410e0"/>
               </persName>
               <desc>Rebel<ref spanTo="#d1e15663"/>
               </desc>
               <state type="provenance">
                  <note>—</note>
               </state>
               <bibl>BJ1:204;AJ14:159 (Schalit,NB, 41)</bibl>
               <state type="addl-Descr">
                  <note>—</note>
               </state>
               <floruit>47 BCE<ref spanTo="#d1e15691"/>
               </floruit>
               <note xml:id="d1e15656" n="8"> See above, n. 2.</note>
               <note xml:id="d1e15663" n="9"> In Greek – .
                                    </note>
               <note xml:id="d1e15691" n="10"> On dating according to Josephus see
                                        Introduction 7.2.</note>
            </person>
            <person>
               <persName><ref spanTo="#d412e0"/>
               </persName>
               <desc>Hanan (4)’s brother</desc>
               <state type="provenance">
                  <note>—</note>
               </state>
               <bibl>BJ2:429 (Schalit,NB, 41)</bibl>
               <state type="addl-Descr">
                  <note>—</note>
               </state>
               <floruit>66 CE<ref spanTo="#d1e15728"/>
               </floruit>
               <note xml:id="d1e15703" n="11"> See above, n. 2.</note>
               <note xml:id="d1e15728" n="12"> See above, n. 11.</note>
            </person>
            <person>
               <persName><ref spanTo="#d414e0"/>
               </persName>
               <desc>Chobares (1)’s son</desc>
               <state type="provenance">
                  <note>—</note>
               </state>
               <bibl>BJ5:6 (Schalit,NB, 41)</bibl>
               <state type="addl-Descr">
                  <note>—</note>
               </state>
               <floruit>70 CE<ref spanTo="#d1e15765"/>
               </floruit>
               <note xml:id="d1e15740" n="13"> See above, n. 2.</note>
               <note xml:id="d1e15765" n="14"> See above, n. 11.</note>
            </person>
            <person>
               <persName><ref spanTo="#d416e0"/>
               </persName>
               <persName>יחזקיה<ref spanTo="#d418e0"/>
               </persName>
               <desc>Governor, priest<ref spanTo="#d1e15789"/>
               </desc>
               <state type="provenance">
                  <note>Coins<ref spanTo="#d1e15799"/>
                  </note>
               </state>
               <bibl>CA1:187 (Schalit,NB, 41); AJC1, 2:10-12.</bibl>
               <state type="addl-Descr">
                  <note>—</note>
               </state>
               <floruit>3rdC BCE<ref spanTo="#d1e15840"/>
               </floruit>
               <note xml:id="d1e15778" n="15"> So in Josephus, see above, n.
                                    2.</note>
               <note xml:id="d1e15782" n="16"> So on the coins. The form יחזקיה
                                        is also recorded in the Bible (Ezra 2:16). It is either an
                                        extended form of חזקיה, or a Yahavistic development of
                                        יחזקאל. I choose the former because by the Second Temple
                                        period this would have been the usual understanding. The
                                        Yahavistic reforms of Josiah would have been part of
                                        history, and the name יחזקאל, very rare (see under that
                                        entry).</note>
               <note xml:id="d1e15789" n="17"> In Hebrew on
                                        the coins – הפחה. Josephus designates him  –
                                        “priest”.</note>
               <note xml:id="d1e15799" n="18"> On the identity of יחזקיה on
                                        the coins with the priest mentioned in Josephus’ CA, see AJC 1:33-4,
                                            see Introduction 3.3. If this identification is
                                        rejected than the person mentioned on these coins is
                                        probably too early to be mentioned in this
                                    corpus.</note>
               <note xml:id="d1e15840" n="19"> See above, n.
                                        11.</note>
            </person>
            <person>
               <persName>—</persName>
               <desc>Geron (2)’s son</desc>
               <state type="provenance">
                  <note>—</note>
               </state>
               <bibl>mShab1:4 (Kasovsky,Mishnae, 665)</bibl>
               <state type="addl-Descr">
                  <note>—</note>
               </state>
               <floruit>Pre-70 CE<ref spanTo="#d1e15872"/>
               </floruit>
               <note xml:id="d1e15872" n="20"> His son is described here as a
                                        contemporary of Beit Shammai and Beit Hillel, see
                                        Introduction 7.5.1.1.</note>
            </person>
            <person>
               <persName>—</persName>
               <desc>Aqash (3)’s father</desc>
               <state type="provenance">
                  <note>—</note>
               </state>
               <bibl>SifraShemini par. 7:8 (Kosovsky,Sifra, 13*)</bibl>
               <state type="addl-Descr">
                  <note>—</note>
               </state>
               <floruit>Pre-70 CE<ref spanTo="#d1e15905"/>
               </floruit>
               <note xml:id="d1e15905" n="21">
                                        Associated in this tradition with Rabban Gamaliel the Elder, see
                                        Introduction 7.5.1.1.</note>
            </person>
            <person>
               <persName>—</persName>
               <desc>Menahem (16)’s father</desc>
               <state type="provenance">
                  <note>—</note>
               </state>
               <bibl>yBer2:4, 5a (Kosovsky,Yerushalmi, -)</bibl>
               <state type="addl-Descr">
                  <note>Fictitious<ref spanTo="#d1e15938"/>
                  </note>
               </state>
               <floruit>Post-70 CE<ref spanTo="#d1e15948"/>
               </floruit>
               <note xml:id="d1e15938" n="22"> See Introduction 6.2. On the
                                        fictitious character of this person see, under Menahem no. 16.</note>
               <note xml:id="d1e15948" n="23"> This tradition tells us that
                                        this person was born on the day the Temple was destroyed,
                                        i.e. in 70 C, see Introduction
                                            7.5.2.</note>
            </person>
            <person>
               <persName>—</persName>
               <desc>Hiyya (1)’s son</desc>
               <state type="provenance">
                  <note>—</note>
               </state>
               <bibl>yKil9:4, 32b (Kosovsky,Yerushalmi, 244)</bibl>
               <state type="addl-Descr">
                  <note>Babylonia<ref spanTo="#d1e15981"/>
                  </note>
               </state>
               <floruit>Pre-200 CE<ref spanTo="#d1e15991"/>
               </floruit>
               <note xml:id="d1e15981" n="24"> R. Hiyya is reputed to be a Rabbi of
                                        Babylonian descent (bSan
                                        5a). Whether his sons were born when he was still in
                                        Babylonia or after his migration to Palestine is not
                                        absolutely clear. See Introduction 6.3.1.</note>
               <note xml:id="d1e15991" n="25"> He was R. Hiyya’s son, and see
                                        Introduction 7.5.2.</note>
            </person>
            <person>
               <persName><ref spanTo="#d420e0"/>
               </persName>
               <desc>—</desc>
               <state type="provenance">
                  <note>Ossuary, Shu‘afat, Abel, 1913</note>
               </state>
               <bibl>CIJ, no. 1229</bibl>
               <state type="addl-Descr">
                  <note>Palmyra<ref spanTo="#d1e16023"/>
                  </note>
               </state>
               <floruit>Pre-70 CE<ref spanTo="#d1e16030"/>
               </floruit>
               <note xml:id="d1e16003" n="26"> See above, n. 2. </note>
               <note xml:id="d1e16023" n="27"> See Introduction 6.3.1.1.</note>
               <note xml:id="d1e16030" n="28"> On dating of ossuaries see
                                        Introduction 7.6.1.</note>
            </person>
            <person>
               <persName>יחקיה<ref spanTo="#d421e0"/>
               </persName>
               <desc>Mariam (30)’s husband</desc>
               <state type="provenance">
                  <note>Ossuary, Silwan, Spoer, 1907</note>
               </state>
               <bibl>CIJ, no. 1341</bibl>
               <state type="addl-Descr">
                  <note>—</note>
               </state>
               <floruit>Pre-70 CE<ref spanTo="#d1e16067"/>
               </floruit>
               <note xml:id="d1e16042" n="29"> This is the form יחזקיה (see
                                        above, n. 17) in which the ז
                                        has fallen, see Introduction 2.7.1.</note>
               <note xml:id="d1e16067" n="30"> See above, n.
                                29.</note>
            </person>
            <person>
               <persName><ref spanTo="#d423e0"/>
               </persName>
               <persName>יחקיה<ref spanTo="#d425e0"/>
               </persName>
               <desc>Jonathan (41)’s father</desc>
               <state type="provenance">
                  <note>Ossuary</note>
               </state>
               <bibl>CJO, no. 232</bibl>
               <state type="addl-Descr">
                  <note>—</note>
               </state>
               <floruit>Pre-70 CE<ref spanTo="#d1e16105"/>
               </floruit>
               <note xml:id="d1e16079" n="31"> The inscription is bilingual, see
                                        above, n. 2. This declension is recorded in the
                                        document.</note>
               <note xml:id="d1e16083" n="32"> The inscription
                                        is bilingual. This is how the name appears in Hebrew, see
                                        above, 30.</note>
               <note xml:id="d1e16105" n="33"> See above, n.
                                29.</note>
            </person>
            <person>
               <persName><ref spanTo="#d427e0"/>
               </persName>
               <desc>—</desc>
               <state type="provenance">
                  <note>Ossuary, Ben-Zvi Rd, Bahat, 1982</note>
               </state>
               <bibl>CJO, no. 330</bibl>
               <state type="addl-Descr">
                  <note>—</note>
               </state>
               <floruit>Pre-70 CE<ref spanTo="#d1e16142"/>
               </floruit>
               <note xml:id="d1e16117" n="34"> For  transliterating ז, see
                                        Introduction 2.1.2.5.</note>
               <note xml:id="d1e16142" n="35"> See above, n.
                                29.</note>
            </person>
            <person>
               <persName>—</persName>
               <desc>—</desc>
               <state type="provenance">
                  <note>Ossuary, Mt Scopus, Ben-Arieh, 1982</note>
               </state>
               <bibl>CJO, no. 380</bibl>
               <state type="addl-Descr">
                  <note>—</note>
               </state>
               <floruit>Pre-70 CE<ref spanTo="#d1e16171"/>
               </floruit>
               <note xml:id="d1e16171" n="36"> See above, n.
                                29.</note>
            </person>
            <person>
               <persName>חזקיא<ref spanTo="#d428e0"/>
               </persName>
               <desc>Of Holon,<ref spanTo="#d1e16189"/>Priest, Simon (145)’s son</desc>
               <state type="provenance">
                  <note>Ossuary, private collection</note>
               </state>
               <bibl>Naveh,IOS9 (1979) 17</bibl>
               <state type="addl-Descr">
                  <note>—</note>
               </state>
               <floruit>Pre-70 CE<ref spanTo="#d1e16212"/>
               </floruit>
               <note xml:id="d1e16182" n="37"> See above, n. 3.</note>
               <note xml:id="d1e16189" n="38"> In Aramaic – זי מנ חלונ.</note>
               <note xml:id="d1e16212" n="39"> See above, n.
                                29.</note>
            </person>
            <person>
               <persName>ח[ז]קיה<ref spanTo="#d429e0"/>
               </persName>
               <desc>Mattathias (35)’s father</desc>
               <state type="provenance">
                  <note>Ossuary, Dominus Flevit</note>
               </state>
               <bibl>Puech,RB90 (1983) 515</bibl>
               <state type="addl-Descr">
                  <note>—</note>
               </state>
               <floruit>Pre-70 CE<ref spanTo="#d1e16246"/>
               </floruit>
               <note xml:id="d1e16223" n="40"> This is the suggested reading
                                        of the editor.</note>
               <note xml:id="d1e16246" n="41"> See above, n.
                                29.</note>
            </person>
            <person>
               <persName>יחזקיה<ref spanTo="#d430e0"/>
               </persName>
               <desc>Shemayah (5)’s son</desc>
               <state type="provenance">
                  <note>Ostracon, Jerusalem</note>
               </state>
               <bibl>DJ202</bibl>
               <state type="addl-Descr">
                  <note>—</note>
               </state>
               <floruit>Pre-70 CE<ref spanTo="#d1e16280"/>
               </floruit>
               <note xml:id="d1e16258" n="42"> See above, n. 17.</note>
               <note xml:id="d1e16280" n="43"> For dating of Jewish inscribed
                                        artifacts from Jerusalem see Introduction
                                7.6.2.</note>
            </person>
            <person>
               <persName>חזקא<ref spanTo="#d431e0"/>
               </persName>
               <desc>His son</desc>
               <state type="provenance">
                  <note>Papyrus, deed, Muraba‘at</note>
               </state>
               <bibl>Mur 22</bibl>
               <state type="addl-Descr">
                  <note>—</note>
               </state>
               <floruit>131 CE<ref spanTo="#d1e16311"/>
               </floruit>
               <note xml:id="d1e16291" n="44"> For this variation see
                                        Introduction 2.4.2.5.</note>
               <note xml:id="d1e16311" n="45"> For dating of the Dead Sea
                                        documents see Introduction 7.7.</note>
            </person>
            <person>
               <persName>חזק<ref spanTo="#d432e0"/>
               </persName>
               <desc>Mattathias (58)’s son<ref spanTo="#d1e16329"/>
               </desc>
               <state type="provenance">
                  <note>Parchment, deed “Seyal”</note>
               </state>
               <bibl>Se 7</bibl>
               <state type="addl-Descr">
                  <note>—</note>
               </state>
               <floruit>134-5 CE<ref spanTo="#d1e16349"/>
               </floruit>
               <note xml:id="d1e16322" n="46"> For this abbreviation of חזקיה see
                                        Introduction 2.6.2.</note>
               <note xml:id="d1e16329" n="47"> On this person
                                        see Introduction 3.3.1.3.
                                    </note>
               <note xml:id="d1e16349" n="48"> See above, n.
                                46.</note>
            </person>
            <person>
               <persName>חזק<ref spanTo="#d433e0"/>
               </persName>
               <desc>Mattathias (61)’s father<ref spanTo="#d1e16367"/>
               </desc>
               <state type="provenance">
                  <note>Papyrus, “Qumran”<ref spanTo="#d1e16374"/>
                  </note>
               </state>
               <bibl>4Q359</bibl>
               <state type="addl-Descr">
                  <note>—</note>
               </state>
               <floruit>Pre-135 CE<ref spanTo="#d1e16388"/>
               </floruit>
               <note xml:id="d1e16360" n="49"> See above, n. 47.</note>
               <note xml:id="d1e16367" n="50"> See above, n.
                                        48.</note>
               <note xml:id="d1e16374" n="51"> For the correct
                                        provenance of these documents see Introduction
                                    4.5.4.1.</note>
               <note xml:id="d1e16388" n="52"> See above, n.
                                46.</note>
            </person>
            <person>
               <persName>—</persName>
               <desc>His son</desc>
               <state type="provenance">
                  <note>Papyrus, Nahal David</note>
               </state>
               <bibl>DJD38, 127</bibl>
               <state type="addl-Descr">
                  <note>—</note>
               </state>
               <floruit>135 CE<ref spanTo="#d1e16417"/>
               </floruit>
               <note xml:id="d1e16417" n="53"> See above, n.
                                46.</note>
            </person>
            <person>
               <persName>—</persName>
               <desc>—</desc>
               <state type="provenance">
                  <note>Papyrus, Jericho</note>
               </state>
               <bibl>Jer 11</bibl>
               <state type="addl-Descr">
                  <note>—</note>
               </state>
               <floruit>Pre-135 CE<ref spanTo="#d1e16444"/>
               </floruit>
               <note xml:id="d1e16444" n="54"> See above, n.
                                46.</note>
            </person>
            <person>
               <persName>—</persName>
               <desc>—</desc>
               <state type="provenance">
                  <note>Ostracon, Masada</note>
               </state>
               <bibl>Mas no. 385</bibl>
               <state type="addl-Descr">
                  <note>—</note>
               </state>
               <floruit>Pre-73 CE<ref spanTo="#d1e16472"/>
               </floruit>
               <note xml:id="d1e16472" n="55"> For dating of the Masada
                                        documents see Introduction 7.8.</note>
            </person>
            <person>
               <persName>חזקין<ref spanTo="#d434e0"/>
               </persName>
               <desc>—</desc>
               <state type="provenance">
                  <note>Ostracon Masada</note>
               </state>
               <bibl>Mas no. 386</bibl>
               <state type="addl-Descr">
                  <note>—</note>
               </state>
               <floruit>Pre-73 CE<ref spanTo="#d1e16503"/>
               </floruit>
               <note xml:id="d1e16483" n="56"> For the ן suffix, see
                                        Introduction 2.4.3.2.</note>
               <note xml:id="d1e16503" n="57"> See above, n.
                                56.</note>
            </person>
            <person>
               <persName>חז[קיה]<ref spanTo="#d435e0"/>
               </persName>
               <desc>—</desc>
               <state type="provenance">
                  <note>Ostracon, Masada</note>
               </state>
               <bibl>Mas no. 387</bibl>
               <state type="addl-Descr">
                  <note>—</note>
               </state>
               <floruit>Pre-73 CE<ref spanTo="#d1e16534"/>
               </floruit>
               <note xml:id="d1e16514" n="58"> This is the suggested reading
                                        of the editor. חזק is just as likely.</note>
               <note xml:id="d1e16534" n="59"> See above, n.
                                56.</note>
            </person>
         </listPerson>
      </ab>
      <ab type="name" n="חכליה-Hakhiliah">
         <ref spanTo="#d1e16546"/>
         <listPerson>
            <person>
               <persName>חכלה<ref spanTo="#d436e0"/>
               </persName>
               <desc>—</desc>
               <state type="provenance">
                  <note>Ostracon, Masada</note>
               </state>
               <bibl>Mas no. 407</bibl>
               <state type="addl-Descr">
                  <note>—</note>
               </state>
               <floruit>Pre-73 CE<ref spanTo="#d1e16581"/>
               </floruit>
               <note xml:id="d1e16561" n="1"> For this variant form see Introduction
                                        2.4.2.5.</note>
               <note xml:id="d1e16581" n="2"> On dating of the Masada documents see
                                        Introduction 7.8.</note>
            </person>
         </listPerson>
      </ab>
      <ab type="name" n="חלקיה-Helkiah">
         <ref spanTo="#d1e16593"/>
         <listPerson>
            <person>
               <persName>חלקיא<ref spanTo="#d438e0"/>
               </persName>
               <desc>Of the LXX translators</desc>
               <state type="provenance">
                  <note>—</note>
               </state>
               <bibl>Arist48</bibl>
               <state type="addl-Descr">
                  <note>Fictitious<ref spanTo="#d1e16635"/>
                  </note>
               </state>
               <floruit>3rdC BCE<ref spanTo="#d1e16654"/>
               </floruit>
               <note xml:id="d1e16609" n="1"> So according to
                                        Epiphanius, in the Syriac script (Wendland, Aristeae, 143), see Introduction
                                        2.8.3. On the interchange of ה and א see Introduction
                                        2.4.2.7. The name is absent from the mss of Aristeas (e.g.
                                        H. G. Meechham, The Letter of
                                            Aristeas: A Linguistic Study with Special Reference to
                                            the Greek Bible [Manchester 1935] 212).</note>
               <note xml:id="d1e16635" n="2"> On Arist see Introduction 6.2.1. The name is recorded
                                        elsewhere in Egyptian antiquity (Preisigke, NB, 474; CPJ 2, no. 417).</note>
               <note xml:id="d1e16654" n="3">
                                        For dating of Arist see
                                        Introduction 7.1.1.</note>
            </person>
            <person>
               <persName><ref spanTo="#d440e0"/>
               </persName>
               <desc>Judah (12)’s father</desc>
               <state type="provenance">
                  <note>—</note>
               </state>
               <bibl>BJ5:6 (Schalit,NB, 126)</bibl>
               <state type="addl-Descr">
                  <note>—</note>
               </state>
               <floruit>70 BCE<ref spanTo="#d1e16706"/>
               </floruit>
               <note xml:id="d1e16669" n="4"> This is one of the spelling forms of
                                        this name in LXX (the declined one. We also find , ,  and
                                        also  – H &amp; R Suppl. 59, 159). For the
                                        transliteration see Introduction 2.1.2.8.</note>
               <note xml:id="d1e16706" n="5"> On dating according to Josephus
                                        see Introduction 7.2.</note>
            </person>
            <person>
               <persName><ref spanTo="#d442e0"/>
               </persName>
               <desc>Cyprus (4)’s husband<ref spanTo="#d1e16731"/>
               </desc>
               <state type="provenance">
                  <note>—</note>
               </state>
               <bibl>AJ18:138 (Schalit, 43)</bibl>
               <state type="addl-Descr">
                  <note>—</note>
               </state>
               <floruit>1 C CE<ref spanTo="#d1e16761"/>
               </floruit>
               <note xml:id="d1e16718" n="6"> This is Josephus’ spelling of the
                                        biblical name (Schalit, NB, 43). On
                                        Josephus’ orthography see Introduction 2.1.1.1.</note>
               <note xml:id="d1e16731" n="7"> For an attempt to identify this person
                                        with Alcius no. 2, see
                                        Rosenfeld, IEJ 38 (1988)
                                        238. For a refutation see Schwartz, IEJ 40 (1990) 50, 52. See also Introduction 3.3.</note>
               <note xml:id="d1e16761" n="8"> See above, n.
                                6.</note>
            </person>
            <person>
               <persName><ref spanTo="#d444e0"/>
               </persName>
               <desc>Agrippa (1)’s friend</desc>
               <state type="provenance">
                  <note>—</note>
               </state>
               <bibl>AJ18:273 (Schalit,NB, 44)</bibl>
               <state type="addl-Descr">
                  <note>—</note>
               </state>
               <floruit>40 CE<ref spanTo="#d1e16798"/>
               </floruit>
               <note xml:id="d1e16773" n="9"> See above, n. 7.</note>
               <note xml:id="d1e16798" n="10"> See above, n.
                                6.</note>
            </person>
            <person>
               <persName><ref spanTo="#d446e0"/>
               </persName>
               <desc>Temple treasurer<ref spanTo="#d1e16817"/>
               </desc>
               <state type="provenance">
                  <note>—</note>
               </state>
               <bibl>AJ20:194 (Schalit,NB, 44)</bibl>
               <state type="addl-Descr">
                  <note>—</note>
               </state>
               <floruit>58 CE<ref spanTo="#d1e16842"/>
               </floruit>
               <note xml:id="d1e16810" n="11"> See above, n. 7.</note>
               <note xml:id="d1e16817" n="12"> In Greek – .</note>
               <note xml:id="d1e16842" n="13"> See above, n.
                                6.</note>
            </person>
            <person>
               <persName><ref spanTo="#d448e0"/>
               </persName>
               <desc>Ossian sect Founder</desc>
               <state type="provenance">
                  <note>—</note>
               </state>
               <bibl>Epiph.Pan. 19</bibl>
               <state type="addl-Descr">
                  <note>—</note>
               </state>
               <floruit>96-117 CE<ref spanTo="#d1e16878"/>
               </floruit>
               <note xml:id="d1e16855" n="14"> I assume this is a variant
                                        transliteration of this name. </note>
               <note xml:id="d1e16878" n="15"> Epiphanius, ad loc. claims that he was active at
                                        the time of the emperor Trajan.</note>
            </person>
            <person>
               <persName>—</persName>
               <desc>Abba,<ref spanTo="#d1e16895"/>Honi (5)’s grandson</desc>
               <state type="provenance">
                  <note>—</note>
               </state>
               <bibl>bTaan23a (Kosowsky,Babylonico, 16)</bibl>
               <state type="addl-Descr">
                  <note>Fictitious<ref spanTo="#d1e16915"/>
                  </note>
               </state>
               <floruit>Pre-70 CE<ref spanTo="#d1e16922"/>
               </floruit>
               <note xml:id="d1e16895" n="16"> On this title see Introduction
                                        3.2.1.</note>
               <note xml:id="d1e16915" n="17"> See Introduction 6.2. The fictitious
                                        character of this ancient figure is obvious because, on the
                                        one hand, he is only mentioned in BT, and on the other hand,
                                        he is mentioned in a literary context of mythical
                                        rainmakers. Making him a relation of חוני המעגל, the famous
                                        rainmaker, would be a typical literary strategy of BT
                                        (Safrai, “Tales of the Sages”).</note>
               <note xml:id="d1e16922" n="18"> No identifiable rabbi is mentioned in
                                        his vicinity, but a calculation of how old can the grandson
                                        of a man who lived ca 65 BCE still places him prior to 70
                                        CE.</note>
            </person>
            <person>
               <persName><ref spanTo="#d450e0"/>
               </persName>
               <desc>Simon (157)’s son</desc>
               <state type="provenance">
                  <note>Inscription, Hebron Hills</note>
               </state>
               <bibl>Damati,Qadmoniot15 (1983) 121</bibl>
               <state type="addl-Descr">
                  <note>—</note>
               </state>
               <floruit>Pre-135 CE<ref spanTo="#d1e16957"/>
               </floruit>
               <note xml:id="d1e16934" n="19"> See above, n. 7. </note>
               <note xml:id="d1e16957" n="20"> The excavator (Damati, Qadmoniot 15 [1983] 121)
                                        assigns this structure to the Herodian period. See also
                                        Introduction 7.6.3.</note>
            </person>
            <person>
               <persName>—<ref spanTo="#d451e0"/>
               </persName>
               <desc>Eleazar (135)’s father</desc>
               <state type="provenance">
                  <note>Papyri, Babatha archive</note>
               </state>
               <bibl>PYadin 6, 8, 19, 26</bibl>
               <state type="addl-Descr">
                  <note>—</note>
               </state>
               <floruit>119-131 CE<ref spanTo="#d1e16997"/>
               </floruit>
               <note xml:id="d1e16971" n="21"> The reading is according to Lewis, JDS 2, 114. Yardeni, TAHNDTJD, reads חלתיה for
                                        this person, but the name makes no sense. Perhaps this חלקיה
                                        had a special way of writing the letter ק.</note>
               <note xml:id="d1e16997" n="22"> On dating of the Dead Sea
                                        documents see Introduction 7.7.</note>
            </person>
            <person>
               <persName>הלקי<ref spanTo="#d452e0"/>
               </persName>
               <desc>His son</desc>
               <state type="provenance">
                  <note>Ostracon, Masada</note>
               </state>
               <bibl>Mas no. 420</bibl>
               <state type="addl-Descr">
                  <note>—</note>
               </state>
               <floruit>Pre-73 CE<ref spanTo="#d1e17031"/>
               </floruit>
               <note xml:id="d1e17008" n="23"> Naveh, Mas I, 24, read הלקי as short for
                                        חלקיה, see Introduction 2.4.1.1. ה and ח are
                                        interchangeable, see Introduction 2.5.1.</note>
               <note xml:id="d1e17031" n="24"> On dating of the Masada
                                        documents see Introduction 7.8.</note>
            </person>
         </listPerson>
      </ab>
      <ab type="name" n="חנוך-Enoch">
         <ref spanTo="#d1e17043"/>
         <listPerson>
            <person>
               <persName>—</persName>
               <desc>Eleazar (38)’s father</desc>
               <state type="provenance">
                  <note>—</note>
               </state>
               <bibl>mEd5:6 (Kasovsky,Mishnae, 716)</bibl>
               <state type="addl-Descr">
                  <note>Nickname?<ref spanTo="#d1e17084"/>
                  </note>
               </state>
               <floruit>Pre-135 CE<ref spanTo="#d1e17091"/>
               </floruit>
               <note xml:id="d1e17084" n="1">
                                        Despite the fact that this is a biblical name, it is here
                                        probably a nickname, see Introduction 6.1.1, and above, n.
                                        1.</note>
               <note xml:id="d1e17091" n="2"> In mEd 5:6, R. Judah
                                        mentions him,
                                        see Introduction
                                            7.5.1.2-3.</note>
            </person>
         </listPerson>
      </ab>
      <ab type="name" n="חנמאל-Hanamel">
         <ref spanTo="#d1e17115"/>
         <listPerson>
            <person>
               <persName>—</persName>
               <desc>High Priest<ref spanTo="#d1e17133"/>
               </desc>
               <state type="provenance">
                  <note>—</note>
               </state>
               <bibl>mPar3:5 (Kasovsky,Mishnae, 716)</bibl>
               <state type="addl-Descr">
                  <note>Egypt<ref spanTo="#d1e17165"/>
                  </note>
               </state>
               <floruit>Pre-70 CE<ref spanTo="#d1e17172"/>
               </floruit>
               <note xml:id="d1e17133" n="1"> Should probably be identified with
                                             of Babylonia, mentioned in Josephus
                                        (see under Hananel no. 1), because rabbinic literature
                                        mentions the latter as an officiating high priest, and the
                                        assumption is that Josephus presents us with the complete
                                        list of Second Temple officiating high priests. The origin
                                        (Egyptian rather than Babylonian) may be a rabbinic
                                        distortion, based perhaps on a confusion between this priest
                                        and  (Simon no. 24), the high
                                        priest who followed , who, according to Josephus, came from
                                        Egypt. The name חנמאל is probably Egyptian (Ranke, ÄPN 2, 268, no. 30). If
                                        there is no confusion, we could assume that rabbinic
                                        literature is refering to one of the persons occaisionally
                                        designated “high priest” without actually being one, see
                                        Introduction 3.2.5.</note>
               <note xml:id="d1e17165" n="2"> He
                                        is designated המצרי in rabbinic literature. See Introduction
                                        6.3.1.</note>
               <note xml:id="d1e17172" n="3"> Associated with the Temple service,
                                        see Introduction 7.5.1.1.</note>
            </person>
         </listPerson>
      </ab>
      <ab type="name" n="חנן-Hanan">
         <ref spanTo="#d1e17184"/>
         <listPerson>
            <person>
               <persName><ref spanTo="#d454e0"/>
               </persName>
               <persName><ref spanTo="#d457e0"/></persName>
               <desc>Seth (1)’s son<ref spanTo="#d1e17226"/>
               </desc>
               <state type="provenance">
                  <note>—</note>
               </state>
               <bibl>BJ2:240;AJ18:26 (Schalit,NB, 11); Luke 3:2 (VKGNT 63); bPes57a (Kosowsky,Babylonico, -).</bibl>
               <state type="addl-Descr">
                  <note>—</note>
               </state>
               <floruit>6-15 CE<ref spanTo="#d1e17315"/>
               </floruit>
               <note xml:id="d1e17200" n="1"> So in Josephus. I assume this is his
                                        transliteration of חנן, the name of this priestly family
                                        recorded in rabbinic literature as בית חנן. LXX has  (H
                                        &amp; R Suppl. 17). On the difference in transliteration
                                        between Josephus and LXX see Introduction 2.1.1.1.
                                    </note>
               <note xml:id="d1e17209" n="2"> So
                                        in NT. This is another idiosyncratic NT orthography. On the
                                        abbrevaition of biblical names in the transliteration
                                        process, see Introduction 2.1.3. This form is not found in
                                        Josephus (Schalit, NB, 11. There the
                                        form 
                                        is used for an Egyptian Pharaoh, but it is only one variant
                                        of the name) or in LXX, except in the apocryphal books, for
                                        which we have no way of knowing what biblical name it is
                                        transliterating (H &amp; R Suppl. 18). However, the person
                                        thus transliterated in NT is clearly identical with of
                                        Josephus (Stern, “Aspects of Jewish Society,”
                                    607).</note>
               <note xml:id="d1e17226" n="3"> In AJ 20:198 Josephus relates the fact that
                                        this person had five sons who were all nominated to the high
                                        priesthood. However, in his writings, he only identifies 
                                        (Hanan no. 4) and  (Jonathan no. 7) as his sons. Another
                                        two were, apparently, , who in AJ 18:123 is described as ’s brother
                                        (Theophilos no. 3 G/M) and  who is
                                        described as such in AJ
                                            19:316 (Mattathias no.
                                        11). If we assume that Josephus’ list of high priests is
                                        more or less complete, we must assume that the fifth son was
                                        a certain , mentioned in AJ 18:34 (Eleazar no. 21), even though Josephus himself does
                                        not hint at this. This proliferation of high priests led to
                                        the father’s name becoming a famous family name (bPes 57a and Stern,
                                        “Aspects of Jewish Society,” 607).</note>
               <note xml:id="d1e17315" n="4"> On dating according to Josephus see
                                        Introduction 7.2.</note>
            </person>
            <person>
               <persName><ref spanTo="#d460e0"/>
               </persName>
               <desc>Hananiah (2)’s son</desc>
               <state type="provenance">
                  <note>—</note>
               </state>
               <bibl>BJ2:243;AJ20:131 (Schalit,NB, 11)</bibl>
               <state type="addl-Descr">
                  <note>—</note>
               </state>
               <floruit>52 CE<ref spanTo="#d1e17355"/>
               </floruit>
               <note xml:id="d1e17327" n="5"> See above, n. 2.</note>
               <note xml:id="d1e17355" n="6"> See above, n. 5.</note>
            </person>
            <person>
               <persName><ref spanTo="#d462e0"/>
               </persName>
               <desc>Jonathan (9)’s son<ref spanTo="#d1e17374"/>
               </desc>
               <state type="provenance">
                  <note>—</note>
               </state>
               <bibl>BJ2:533 (Schalit,NB, 11)</bibl>
               <state type="addl-Descr">
                  <note>—</note>
               </state>
               <floruit>66 CE<ref spanTo="#d1e17396"/>
               </floruit>
               <note xml:id="d1e17367" n="7"> See above, n. 2.</note>
               <note xml:id="d1e17374" n="8"> Perhaps named
                                        after his grandfather (Hanan no. 1), see Introduction 3.1.1.
                                        See also under Jonathan nos. 7 and 9. </note>
               <note xml:id="d1e17396" n="9"> See above, n. 5.</note>
            </person>
            <person>
               <persName><ref spanTo="#d464e0"/>
               </persName>
               <desc>High Priest, Hanan (1)’s son<ref spanTo="#d1e17415"/>
               </desc>
               <state type="provenance">
                  <note>—</note>
               </state>
               <bibl>BJ2:563;AJ20:197;Vita193 (Schalit,NB, 11)</bibl>
               <state type="addl-Descr">
                  <note>—</note>
               </state>
               <floruit>62-66 CE<ref spanTo="#d1e17443"/>
               </floruit>
               <note xml:id="d1e17408" n="10"> See above, n. 2.</note>
               <note xml:id="d1e17415" n="11">
                                        Named after his father, see Introduction 3.1.2. </note>
               <note xml:id="d1e17443" n="12"> See above, n.
                                5.</note>
            </person>
            <person>
               <persName><ref spanTo="#d466e0"/>
               </persName>
               <desc>Bagadates (1)’s son</desc>
               <state type="provenance">
                  <note>—</note>
               </state>
               <bibl>BJ5:531 (Schalit,NB, 11)<ref spanTo="#d1e17473"/>
               </bibl>
               <state type="addl-Descr">
                  <note>—</note>
               </state>
               <floruit>70 CE<ref spanTo="#d1e17510"/>
               </floruit>
               <note xml:id="d1e17455" n="13"> See above, n. 2.</note>
               <note xml:id="d1e17473" n="14"> I assume, with Schalit (NB, 11), that of BJ
                                        5:531 should be identified
                                            with
                                             of BJ 6:229. Further on this
                                        problem, see Ilan &amp; Price, JQR 84 (1993) 196-7.</note>
               <note xml:id="d1e17510" n="15"> See above, n.
                                        5.</note>
            </person>
            <person>
               <persName>Ананъ<ref spanTo="#d467e0"/>
               </persName>
               <desc>Priest</desc>
               <state type="provenance">
                  <note>—</note>
               </state>
               <bibl>SlavonicBJ1:364</bibl>
               <state type="addl-Descr">
                  <note>—</note>
               </state>
               <floruit>32 BCE<ref spanTo="#d1e17548"/>
               </floruit>
               <note xml:id="d1e17522" n="16"> In Slavic, see Introduction
                                        2.8.6. This version, with this case ending, is found in
                                        Istrin, La prise de
                                            Jérusalem, 56.</note>
               <note xml:id="d1e17548" n="17"> This story is interpolated in
                                        the Slavonic Josephus exactly at this
                                juncture.</note>
            </person>
            <person>
               <persName><ref spanTo="#d470e0"/>
               </persName>
               <desc>The scribe<ref spanTo="#d1e17569"/>
               </desc>
               <state type="provenance">
                  <note>—</note>
               </state>
               <bibl>PE Jacobi15:1 (Tischendorf,EA, 28)</bibl>
               <state type="addl-Descr">
                  <note>Fictitious<ref spanTo="#d1e17592"/>
                  </note>
               </state>
               <floruit>1 BCE<ref spanTo="#d1e17599"/>
               </floruit>
               <note xml:id="d1e17562" n="18">
                                        See above, n. 3. Obviously the author of this composition
                                        was influenced by NT orthography.</note>
               <note xml:id="d1e17569" n="19"> In Greek – .</note>
               <note xml:id="d1e17592" n="20"> All figures appearing in apocryphal
                                        Christian documents are considered fictitious, see
                                        Introduction 6.2.2. </note>
               <note xml:id="d1e17599" n="21"> Is active at the birth of
                                    Jesus.</note>
            </person>
            <person>
               <persName>—</persName>
               <desc>Abshalom (6)’s son<ref spanTo="#d1e17613"/>
               </desc>
               <state type="provenance">
                  <note>—</note>
               </state>
               <bibl>mKet13:1 (Kasovsky,Mishnae, 716)</bibl>
               <state type="addl-Descr">
                  <note>—</note>
               </state>
               <floruit>Pre-70 CE<ref spanTo="#d1e17641"/>
               </floruit>
               <note xml:id="d1e17613" n="22"> BT
                                        (bBer 22a)
                                        mentions a tana called נתן בן אבישלום, but in the ms. tradition the name is אלעזר
                                        בן שמוע, so presumably there is no such person. I mention
                                        him here because חנן בן אבישלום is the closest
                                    name.</note>
               <note xml:id="d1e17641" n="23"> Described here as a judge
                                        (מדיני גזרות) in Jerusalem, see Introduction
                                    7.5.1.1.</note>
            </person>
            <person>
               <persName>חנין<ref spanTo="#d471e0"/>
               </persName>
               <desc>Joseph (49)’s father</desc>
               <state type="provenance">
                  <note>—</note>
               </state>
               <bibl>mMidot2:6 (Kasovsky,Mishnae, 716)</bibl>
               <state type="addl-Descr">
                  <note>—</note>
               </state>
               <floruit>Pre-70 CE<ref spanTo="#d1e17679"/>
               </floruit>
               <note xml:id="d1e17652" n="24"> This is probably an Aramicized
                                        form of חנן (Zunz, Namen,
                                        22). See also Introduction 2.4.3.2.</note>
               <note xml:id="d1e17679" n="25"> Most of his traditions,
                                        including this one, refer to the Temple. In bPes 57a he criticizes the High
                                        Priestly houses. In the Tosefta
                                        (tMen 13:21)
                                        this tradition is associated with יוסי בן יוחנן איש ירושלים
                                        (Joseph no. 45), but see Lieberman, TR 2, 265. See Introduction
                                        7.5.1.1.</note>
            </person>
            <person>
               <persName>יוחנן<ref spanTo="#d472e0"/>
               </persName>
               <desc>Of Yani,<ref spanTo="#d1e17709"/>Joseph (53)’s father</desc>
               <state type="provenance">
                  <note>—</note>
               </state>
               <bibl>tKil2:1 (Kasowski,Thosephthae, 261)</bibl>
               <state type="addl-Descr">
                  <note>—</note>
               </state>
               <floruit>Pre-200 CE<ref spanTo="#d1e17731"/>
               </floruit>
               <note xml:id="d1e17699" n="26"> In PT (yKil 2:6 28a) he is designated
                                        thus.</note>
               <note xml:id="d1e17709" n="27"> In Hebrew – איש יאני / ואני /
                                        יוני.</note>
               <note xml:id="d1e17731" n="28"> In this tradition he is
                                        described as a contemporary of Eliezer, R. Simon’s son, see
                                        Introduction 7.5.1.3-4.</note>
            </person>
            <person>
               <persName>—</persName>
               <desc>Menahem (11)’s son</desc>
               <state type="provenance">
                  <note>—</note>
               </state>
               <bibl>tSot1:2 (Kasowski,Thosephthae, 261)</bibl>
               <state type="addl-Descr">
                  <note>—</note>
               </state>
               <floruit>Pre-200 CE<ref spanTo="#d1e17766"/>
               </floruit>
               <note xml:id="d1e17766" n="29"> This is the only tradition in
                                        which he is mentioned and the chronological context is not
                                        quite clear, although he could be construed as a
                                        contemporary of R. Aqiba, see Introduction
                                    7.5.1.4.</note>
            </person>
            <person>
               <persName>—</persName>
               <desc>—</desc>
               <state type="provenance">
                  <note>—</note>
               </state>
               <bibl>tOhil18:16 (Kasowski,Thosephthae, 261)</bibl>
               <state type="addl-Descr">
                  <note>—</note>
               </state>
               <floruit>Pre-200 CE<ref spanTo="#d1e17799"/>
               </floruit>
               <note xml:id="d1e17799" n="30"> See Introduction
                                    7.5.1.4.</note>
            </person>
            <person>
               <persName>חנין<ref spanTo="#d473e0"/>
               </persName>
               <desc>Abba<ref spanTo="#d1e17817"/>
               </desc>
               <state type="provenance">
                  <note>—</note>
               </state>
               <bibl>Mekh. dRI, 22 (Kosovsky,Mechilta, 1*)<ref spanTo="#d1e17832"/>
               </bibl>
               <state type="addl-Descr">
                  <note>—</note>
               </state>
               <floruit>Pre-200 CE<ref spanTo="#d1e17848"/>
               </floruit>
               <note xml:id="d1e17810" n="31"> See above, n. 25.</note>
               <note xml:id="d1e17817" n="32"> On this title see Introduction
                                        3.2.1. </note>
               <note xml:id="d1e17832" n="33"> This person
                                        appears once in Mekh. dRI
                                        and nowhere else, see Introduction 5.7.1.</note>
               <note xml:id="d1e17848" n="34"> This is the only tradition in
                                        which he is mentioned and the chronological context is not
                                        quite clear, although it implies that he is later than R.
                                        Eliezer, see Introduction 7.5.1.4.</note>
            </person>
            <person>
               <persName>—</persName>
               <desc>Pitom (1)’s son</desc>
               <state type="provenance">
                  <note>—</note>
               </state>
               <bibl>bTaan22b (Kosowsky,Babylonico, 524)</bibl>
               <state type="addl-Descr">
                  <note>—</note>
               </state>
               <floruit>Post-135 CE<ref spanTo="#d1e17880"/>
               </floruit>
               <note xml:id="d1e17880" n="35"> He is described here as R.
                                        Aqiba’s disciple, see Introduction 7.5.2.</note>
            </person>
            <person>
               <persName>—</persName>
               <desc>The Hidden,<ref spanTo="#d1e17894"/>Honi (5)’s son</desc>
               <state type="provenance">
                  <note>—</note>
               </state>
               <bibl>bTaan23b (Kosowsky,Babylonico, 523)</bibl>
               <state type="addl-Descr">
                  <note>Fictitious<ref spanTo="#d1e17914"/>
                  </note>
               </state>
               <floruit>Pre-70 CE<ref spanTo="#d1e17921"/>
               </floruit>
               <note xml:id="d1e17894" n="36"> In Hebrew –
                                        הנחבא.</note>
               <note xml:id="d1e17914" n="37"> See Introduction 6.2. The fictitious
                                        character of this ancient figure is obvious because, on the
                                        one hand, he is only mentioned in BT, and on the other hand,
                                        he is mentioned in a literary context of mythical
                                        rainmakers. Making him a relation of חוני המעגל, the famous
                                        rainmaker, would be a typical literary strategy of BT
                                        (Safrai, “Tales of the Sages”).</note>
               <note xml:id="d1e17921" n="38"> No identifiable rabbi is
                                        mentioned in his vicinity, but a calculation of how old can
                                        the grandson of a man who lived ca. 65 BCE still places him prior to 70
                                    CE.</note>
            </person>
            <person>
               <persName>—</persName>
               <desc>The Egyptian<ref spanTo="#d1e17938"/>
               </desc>
               <state type="provenance">
                  <note>—</note>
               </state>
               <bibl>bSan17b (Kosowsky,Babylonico, 523-4)</bibl>
               <state type="addl-Descr">
                  <note>Egypt<ref spanTo="#d1e17958"/>
                  </note>
               </state>
               <floruit>Pre-135 CE<ref spanTo="#d1e17965"/>
               </floruit>
               <note xml:id="d1e17938" n="39"> In Hebrew –
                                        המצרי.</note>
               <note xml:id="d1e17958" n="40">
                                        See Introduction 6.3.1.</note>
               <note xml:id="d1e17965" n="41"> According to bKet 105a, he was a judge in
                                        Jerusalem together with חנן בן אבשלום and אדמון בן גידאי. In bSah 17b, however, he is associated
                                        in a list of names with שמעון בן זומא (Simon no. 64), שמעון
                                        בן עזאי (Simon no. 57) and חנינא בן חכינאי (Hananiah no.
                                        18), who are of the generation of R. Aqiba. See Introduction
                                        7.5.2.</note>
            </person>
            <person>
               <persName>—</persName>
               <desc>Metron (1)’s son</desc>
               <state type="provenance">
                  <note>—</note>
               </state>
               <bibl>S of S Zuta8:14</bibl>
               <state type="addl-Descr">
                  <note>Fictitious<ref spanTo="#d1e18001"/>
                  </note>
               </state>
               <floruit>66 CE<ref spanTo="#d1e18014"/>
               </floruit>
               <note xml:id="d1e18001" n="42"> On this text see Lieberman, Greek, 182. He identifies
                                        this חנין with , (Hananiah no. 2)
                                        massacred by the Sicarii in 66 CE. If, however, this
                                        identification is rejected, than one has to contend that his
                                        person is fictitious because of the late date of the midrash
                                        in which he appears, see Introduction 6.2.3.</note>
               <note xml:id="d1e18014" n="43"> The tradition in which he is
                                        mentioned describes an event that took place in Jerusalem
                                        during the revolt against Rome.</note>
            </person>
            <person>
               <persName>חנון<ref spanTo="#d474e0"/>
               </persName>
               <desc>Honi (9)’s son</desc>
               <state type="provenance">
                  <note>Ossuary, Gezer, Macalister, 1912</note>
               </state>
               <bibl>CIJ, no. 1177</bibl>
               <state type="addl-Descr">
                  <note>—</note>
               </state>
               <floruit>Pre-70 CE<ref spanTo="#d1e18054"/>
               </floruit>
               <note xml:id="d1e18026" n="44"> This form is also found in the
                                        Bible, e.g. 2 Sam 10:1 (name
                                        of the king of the Ammonites). However, it is doubtful whether in Second Temple
                                        times the name was viewed as altogether different from חנין.
                                        Furthermore, in epigraphic sources, the letters ו and י are
                                        hardly distinguishable. See also Introduction
                                    2.4.3.2.</note>
               <note xml:id="d1e18054" n="45"> On dating of ossuaries see
                                        Introduction 7.6.1.</note>
            </person>
            <person>
               <persName><ref spanTo="#d476e0"/>
               </persName>
               <desc>—</desc>
               <state type="provenance">
                  <note>Ossuary, Shu‘afat, Abel, 1913</note>
               </state>
               <bibl>CIJ, no. 1224</bibl>
               <state type="addl-Descr">
                  <note>Palmyra<ref spanTo="#d1e18108"/>
                  </note>
               </state>
               <floruit>Pre-70 CE<ref spanTo="#d1e18115"/>
               </floruit>
               <note xml:id="d1e18066" n="46"> The name was found on an ossuary in a
                                        cave with many Latin names
                                        (e.g. ). Abel RB 10 (1913) 274, who first published the finds
                                        suggested that this was the Latin name Anius. However, just
                                            as is traditionally understood as חנן, so
                                            too
                                             could be interpreted as חנין. For the
                                        single  see
                                        Introduction 2.3.4. The form is recorded in ancient Egypt
                                        (Preisigke, NB, 32).</note>
               <note xml:id="d1e18108" n="47"> See Introduction 6.3.1.1.</note>
               <note xml:id="d1e18115" n="48"> See above, n.
                                46.</note>
            </person>
            <person>
               <persName>—</persName>
               <desc>His sons</desc>
               <state type="provenance">
                  <note>Ossuary, Greek Colony, Sukenik, 1926</note>
               </state>
               <bibl>CIJ, no. 1360</bibl>
               <state type="addl-Descr">
                  <note>—</note>
               </state>
               <floruit>Pre-70 CE<ref spanTo="#d1e18144"/>
               </floruit>
               <note xml:id="d1e18144" n="49"> See above, n.
                                46.</note>
            </person>
            <person>
               <persName>חנין<ref spanTo="#d477e0"/>
               </persName>
               <persName><ref spanTo="#d480e0"/>
               </persName>
               <desc>Of Scythopolis<ref spanTo="#d1e18177"/>
               </desc>
               <state type="provenance">
                  <note>Ossuary, Syrian Orphanage, Lidzbarski, 1905</note>
               </state>
               <bibl>CIJ, no. 1373</bibl>
               <state type="addl-Descr">
                  <note>—</note>
               </state>
               <floruit>Pre-70 CE<ref spanTo="#d1e18199"/>
               </floruit>
               <note xml:id="d1e18155" n="50"> The inscription is bilingual.
                                        For this reading of the Hebrew see Misgav, Tarbiz 66 (1997) 124-5. See above, n.
                                        25. The original publisher
                                        read the name once as חנין and once as אנין, suggesting the
                                        decline of the gutturals. See Introduction 2.5.1.</note>
               <note xml:id="d1e18167" n="51"> The inscription
                                        is bilingual. Thus in Greek, see
                                            above, n. 47. </note>
               <note xml:id="d1e18177" n="52"> In Hebrew –
                                        הבשני; in Greek – .</note>
               <note xml:id="d1e18199" n="53"> See above, n.
                                46.</note>
            </person>
            <person>
               <persName>חןן<ref spanTo="#d481e0"/>
               </persName>
               <desc>—</desc>
               <state type="provenance">
                  <note>Ossuary, Gibat Hamibtar, Kloner, 1971</note>
               </state>
               <bibl>CJO, no. 430</bibl>
               <state type="addl-Descr">
                  <note>—</note>
               </state>
               <floruit>Pre-70 CE<ref spanTo="#d1e18238"/>
               </floruit>
               <note xml:id="d1e18210" n="54"> This is Naveh’s reading (in
                                        Rahmani, CJO 430). A.
                                        Kloner “A Burial Cave of the Second Temple Period at Giv‘at
                                        Hamivtar, Jerusalem,” in A. Oppenheimer, U. Rappaport and M.
                                        Stern (eds.),
                                        Jerusalem in the Second Temple Period: Abraham Schalit Memorial Volume (Jerusalem
                                        1980) 205 (Hebrew), read הלל. Naveh’s reading is based on
                                        the indistinguishable character of a medial and final נ, see
                                        Introduction 2.7.5.</note>
               <note xml:id="d1e18238" n="55"> See above, n.
                                46.</note>
            </person>
            <person>
               <persName>חנין<ref spanTo="#d482e0"/>
               </persName>
               <desc>Samuel (16)’s brother</desc>
               <state type="provenance">
                  <note>Ossuary, Mt Scopus, Kloner 1975</note>
               </state>
               <bibl>CJO, no. 570</bibl>
               <state type="addl-Descr">
                  <note>—</note>
               </state>
               <floruit>Pre-70 CE<ref spanTo="#d1e18271"/>
               </floruit>
               <note xml:id="d1e18249" n="56"> See above, n. 25.</note>
               <note xml:id="d1e18271" n="57"> See above, n.
                                46.</note>
            </person>
            <person>
               <persName><ref spanTo="#d484e0"/>
               </persName>
               <desc>—</desc>
               <state type="provenance">
                  <note>Ossuary, Rahmani, 1980</note>
               </state>
               <bibl>CJO, no. 829</bibl>
               <state type="addl-Descr">
                  <note>—</note>
               </state>
               <floruit>Pre-70 CE<ref spanTo="#d1e18312"/>
               </floruit>
               <note xml:id="d1e18284" n="58"> This is another declined spelling
                                        variant of חנן. Alternatively, it could be viewed as חנניה
                                            (), in which has fallen, see
                                        Introduction 2.7.1.</note>
               <note xml:id="d1e18312" n="59"> See above, n.
                                46.</note>
            </person>
            <person>
               <persName>—</persName>
               <desc>—</desc>
               <state type="provenance">
                  <note>Ostracon, Jerusalem</note>
               </state>
               <bibl>Naveh,Qedem41 (2000) 11</bibl>
               <state type="addl-Descr">
                  <note>—</note>
               </state>
               <floruit>Pre-70 CE<ref spanTo="#d1e18342"/>
               </floruit>
               <note xml:id="d1e18342" n="60"> On dating of Jewish inscribed
                                        objects from Jerusalem see Introduction
                                7.6.2.</note>
            </person>
            <person>
               <persName>חנין<ref spanTo="#d485e0"/>
               </persName>
               <desc>—</desc>
               <state type="provenance">
                  <note>Ostracon, Gezer</note>
               </state>
               <bibl>Seger,BASOR264 (1986) 52</bibl>
               <state type="addl-Descr">
                  <note>—</note>
               </state>
               <floruit>3rdC BCE<ref spanTo="#d1e18379"/>
               </floruit>
               <note xml:id="d1e18353" n="61"> See above, n. 25.</note>
               <note xml:id="d1e18379" n="62"> On
                                        inscribed material from Gezer see Introduction 7.6.4.
                                    </note>
            </person>
            <person>
               <persName>חנין<ref spanTo="#d486e0"/>
               </persName>
               <desc>Abshalom (9)’s father</desc>
               <state type="provenance">
                  <note>Papyrus, deed, Muraba‘at</note>
               </state>
               <bibl>Mur 18</bibl>
               <state type="addl-Descr">
                  <note>—</note>
               </state>
               <floruit>55-6 CE<ref spanTo="#d1e18410"/>
               </floruit>
               <note xml:id="d1e18390" n="63"> See above, n. 25.</note>
               <note xml:id="d1e18410" n="64"> On dating of the Dead Sea
                                        documents see Introduction 7.7.</note>
            </person>
            <person>
               <persName>חנין<ref spanTo="#d487e0"/>
               </persName>
               <desc>Hananiah (66)’s son</desc>
               <state type="provenance">
                  <note>Papyrus, deed, Muraba‘at</note>
               </state>
               <bibl>Mur 22</bibl>
               <state type="addl-Descr">
                  <note>—</note>
               </state>
               <floruit>131 CE<ref spanTo="#d1e18441"/>
               </floruit>
               <note xml:id="d1e18421" n="65"> See above, n. 25.</note>
               <note xml:id="d1e18441" n="66"> See above, n.
                                65.</note>
            </person>
            <person>
               <persName>חנין<ref spanTo="#d488e0"/>
               </persName>
               <desc>Jonathan (55)’s son<ref spanTo="#d1e18459"/>
               </desc>
               <state type="provenance">
                  <note>Papyrus, deed, Muraba‘at</note>
               </state>
               <bibl>Mur 30</bibl>
               <state type="addl-Descr">
                  <note>—</note>
               </state>
               <floruit>134 CE<ref spanTo="#d1e18476"/>
               </floruit>
               <note xml:id="d1e18452" n="67"> See above, n. 25.</note>
               <note xml:id="d1e18459" n="68"> A שלום ברת חוני
                                        בר יהונתן is important in Mur 30. Whether her father is to
                                        be identified with חנין בר יהונתן, who is also her neighbor
                                        is difficult to decide.</note>
               <note xml:id="d1e18476" n="69"> See above, n.
                                65.</note>
            </person>
            <person>
               <persName>חנין<ref spanTo="#d489e0"/>
               </persName>
               <desc>Simon (171)’s father</desc>
               <state type="provenance">
                  <note>Papyrus, Muraba‘at</note>
               </state>
               <bibl>Mur 33</bibl>
               <state type="addl-Descr">
                  <note>—</note>
               </state>
               <floruit>Pre-135 CE<ref spanTo="#d1e18508"/>
               </floruit>
               <note xml:id="d1e18488" n="70"> See above, n. 25.</note>
               <note xml:id="d1e18508" n="71"> See above, n.
                                65.</note>
            </person>
            <person>
               <persName><ref spanTo="#d491e0"/>
               </persName>
               <desc>—</desc>
               <state type="provenance">
                  <note>Parchment, Muraba‘at</note>
               </state>
               <bibl>Mur 91</bibl>
               <state type="addl-Descr">
                  <note>—</note>
               </state>
               <floruit>Pre-135 CE<ref spanTo="#d1e18549"/>
               </floruit>
               <note xml:id="d1e18520" n="72"> See above, 45. This is probably the
                                        Greek rendering of חנון (DJD 2, 222), although in LXX the name is
                                        indistinguishable from חנן (H &amp; R Suppl. 17) and in
                                        Josephus it is spelt  (Schalit, NB, 12). For the ending, making it
                                        perhaps a חנוני, see Introduction 2.1.2.2.</note>
               <note xml:id="d1e18549" n="73"> See above, n.
                                65.</note>
            </person>
            <person>
               <persName><ref spanTo="#d493e0"/>
               </persName>
               <desc>—</desc>
               <state type="provenance">
                  <note>Papyrus, marriage contract, Muraba‘at</note>
               </state>
               <bibl>Mur 115</bibl>
               <state type="addl-Descr">
                  <note>—</note>
               </state>
               <floruit>124 CE<ref spanTo="#d1e18581"/>
               </floruit>
               <note xml:id="d1e18561" n="74"> See above, n. 2.</note>
               <note xml:id="d1e18581" n="75"> See above, n.
                                65.</note>
            </person>
            <person>
               <persName>[]<ref spanTo="#d496e0"/>
               </persName>
               <desc>Joshua (82)’s father</desc>
               <state type="provenance">
                  <note>Papyrus, deed, Babatha archive</note>
               </state>
               <bibl>PYadin 21</bibl>
               <state type="addl-Descr">
                  <note>—</note>
               </state>
               <floruit>130 CE<ref spanTo="#d1e18620"/>
               </floruit>
               <note xml:id="d1e18597" n="76"> The editor
                                        suggested , but there is no room on the papyrus
                                        for such a long name, see above.
                                            n. 2.</note>
               <note xml:id="d1e18620" n="77"> See above, n.
                                65.</note>
            </person>
            <person>
               <persName>חנין<ref spanTo="#d497e0"/>
               </persName>
               <desc>Ishmael (26)’s son</desc>
               <state type="provenance">
                  <note>Papyrus, letter, Heber</note>
               </state>
               <bibl>PYadin 54</bibl>
               <state type="addl-Descr">
                  <note>—</note>
               </state>
               <floruit>132-5 CE<ref spanTo="#d1e18651"/>
               </floruit>
               <note xml:id="d1e18631" n="78"> See above, n. 25.</note>
               <note xml:id="d1e18651" n="79"> See above, n.
                                65.</note>
            </person>
            <person>
               <persName>—</persName>
               <desc>—</desc>
               <state type="provenance">
                  <note>Parchment, “Qumran”<ref spanTo="#d1e18668"/>
                  </note>
               </state>
               <bibl>4Q348</bibl>
               <state type="addl-Descr">
                  <note>—</note>
               </state>
               <floruit>Pre-70 CE<ref spanTo="#d1e18682"/>
               </floruit>
               <note xml:id="d1e18668" n="80"> For the correct
                                        provenance of these documents see Introduction
                                    4.5.4.1.</note>
               <note xml:id="d1e18682" n="81"> This document is dated to
                                        before 70 CE because it mentions a high
                                priest.</note>
            </person>
            <person>
               <persName><ref spanTo="#d499e0"/>
               </persName>
               <desc>Hanan (37)’s son<ref spanTo="#d1e18702"/>
               </desc>
               <state type="provenance">
                  <note>Papyrus, letter, Seelim</note>
               </state>
               <bibl>DJD38, 222</bibl>
               <state type="addl-Descr">
                  <note>—</note>
               </state>
               <floruit>Pre-135 CE<ref spanTo="#d1e18721"/>
               </floruit>
               <note xml:id="d1e18695" n="82"> See above, n. 2. </note>
               <note xml:id="d1e18702" n="83"> Named after is
                                        father, see Introduction 3.1.2.</note>
               <note xml:id="d1e18721" n="84"> See above, n.
                                65.</note>
            </person>
            <person>
               <persName><ref spanTo="#d501e0"/>
               </persName>
               <desc>Hanan (36)’s father</desc>
               <state type="provenance">
                  <note>Papyrus, letter, Seelim</note>
               </state>
               <bibl>DJD38, 222</bibl>
               <state type="addl-Descr">
                  <note>—</note>
               </state>
               <floruit>Pre-135 CE<ref spanTo="#d1e18755"/>
               </floruit>
               <note xml:id="d1e18733" n="85"> See above, n. 2. This declension is
                                        recorded in the document. </note>
               <note xml:id="d1e18755" n="86"> See above, n.
                                65.</note>
            </person>
            <person>
               <persName>[ ]<ref spanTo="#d504e0"/>
               </persName>
               <desc>—</desc>
               <state type="provenance">
                  <note>Papyrus, letter, Heber</note>
               </state>
               <bibl>Lifschitz,Aegyptus42 (1962) 248</bibl>
               <state type="addl-Descr">
                  <note>—</note>
               </state>
               <floruit>132-5 CE<ref spanTo="#d1e18797"/>
               </floruit>
               <note xml:id="d1e18771" n="87"> This is the
                                        suggested reading of the editor. See above, n. 2. The
                                        declension is recorded in the document. On the double  see
                                        Introduction 2.3.4.</note>
               <note xml:id="d1e18797" n="88"> See above, n.
                                65.</note>
            </person>
            <person>
               <persName>חנון<ref spanTo="#d505e0"/>
               </persName>
               <desc>His son</desc>
               <state type="provenance">
                  <note>Ostracon, Masada</note>
               </state>
               <bibl>Mas no. 421</bibl>
               <state type="addl-Descr">
                  <note>—</note>
               </state>
               <floruit>Pre-73 CE<ref spanTo="#d1e18828"/>
               </floruit>
               <note xml:id="d1e18808" n="89"> See above, n. 45.</note>
               <note xml:id="d1e18828" n="90"> On dating of the Masada
                                        documents see Introduction 7.8.</note>
            </person>
         </listPerson>
      </ab>
      <ab type="name" n="חננאל-Hananel">
         <ref spanTo="#d1e18841"/>
         <listPerson>
            <person>
               <persName><ref spanTo="#d507e0"/>
               </persName>
               <desc>High Priest<ref spanTo="#d1e18867"/>
               </desc>
               <state type="provenance">
                  <note>—</note>
               </state>
               <bibl>AJ15:22 (Schalit,NB, 11)</bibl>
               <state type="addl-Descr">
                  <note>Babylonia<ref spanTo="#d1e18893"/>
                  </note>
               </state>
               <floruit>37 BCE<ref spanTo="#d1e18903"/>
               </floruit>
               <note xml:id="d1e18857" n="1">
                                        חננאל is transliterated in LXX as  (H &amp; R
                                        Suppl. 17). This is Josephus’ declined version. On Josephus
                                        and LXX transliterations, see Introduction
                                    2.1.1.1.</note>
               <note xml:id="d1e18867" n="2"> Should probably be identified with
                                        חנמאל המצרי (see Hanamel no. 1), because rabbinic literature
                                        mentions the latter as an officiating high priest, and the
                                        assumption is that Josephus presents us with the complete
                                        list of Second Temple officiating high priests. The origin
                                        (Egyptian rather than Babylonian) may be a rabbinic
                                        distortion, based perhaps on a confusion between this priest
                                        and , (Simon no. 24) the high
                                        priest who followed , who, according to Josephus, came from
                                        Egypt. </note>
               <note xml:id="d1e18893" n="3">
                                        Josephus, ad loc. claims
                                        this priest came from Babylonia. See Introduction
                                    6.3.1.</note>
               <note xml:id="d1e18903" n="4"> On dating according to Josephus see
                                        Introduction 7.2.</note>
            </person>
         </listPerson>
      </ab>
      <ab type="name" n="חנניה-Hananiah">
         <ref spanTo="#d1e18915"/>
         <listPerson>
            <person>
               <persName><ref spanTo="#d509e0"/>
               </persName>
               <persName>חנניא<ref spanTo="#d512e0"/>
               </persName>
               <desc>Of the LXX translators</desc>
               <state type="provenance">
                  <note>—</note>
               </state>
               <bibl>Arist48</bibl>
               <state type="addl-Descr">
                  <note>Fictitious<ref spanTo="#d1e18963"/>
                  </note>
               </state>
               <floruit>3rdC BCE<ref spanTo="#d1e18982"/>
               </floruit>
               <note xml:id="d1e18931" n="1"> This is the spelling both in LXX (H
                                        &amp; R Suppl. 17) and in Josephus (Schalit, NB, 11).</note>
               <note xml:id="d1e18940" n="2"> So according to
                                        Epiphanius, in the Syriac script (Wendland, Aristeae, 143), see Introduction
                                        2.8.3. On the interchange of ה and א see Introduction
                                        2.4.2.7.</note>
               <note xml:id="d1e18963" n="3"> On Arist see Introduction 6.2.1, and Cohen, JSJ 15 (1984) 53. The name
                                        is recorded elsewhere in Egyptian antiquity (Preisigke, NB, 29).</note>
               <note xml:id="d1e18982" n="4">
                                        For dating of Arist see
                                        Introduction 7.1.1.</note>
            </person>
            <person>
               <persName><ref spanTo="#d514e0"/>
               </persName>
               <persName>יוחנן<ref spanTo="#d516e0"/>
               </persName>
               <desc>High Priest, Nedebai (1)’s son</desc>
               <state type="provenance">
                  <note>—</note>
               </state>
               <bibl>BJ2:243;AJ20:103 (Schalit,NB, 11); Acts 23:2 (VKGNT 51); bPes57a (Kosowsky,Babylonico, 788).</bibl>
               <state type="addl-Descr">
                  <note>—</note>
               </state>
               <floruit>49-68 CE<ref spanTo="#d1e19049"/>
               </floruit>
               <note xml:id="d1e18997" n="5"> So in Josephus and NT, see above, n.
                                        2.</note>
               <note xml:id="d1e19001" n="6"> So in rabbinic literature. On
                                        the assumption that Josephus’ list of officiating high
                                        priests is a closed one, and on the assumption that נדבאי
                                        rather than נרבאי is the correct reading, יוחנן בן נדבאי
                                        mentioned in BT (bPes. 57a)
                                        in the famous dirge against Second Temple priests should be
                                        identified with   mentioned in
                                        Josephus. Although the names חנניה and יוחנן are anagrams
                                        one of the other, and mean virtually the same in Hebrew
                                        (=Yahweh has graced), the two cannot be assumed to be the
                                        same name, and a mistake was made by one of the sources
                                        (obviously rabbinic literature).</note>
               <note xml:id="d1e19049" n="7"> On dating according to Josephus see
                                        Introduction 7.2.</note>
            </person>
            <person>
               <persName><ref spanTo="#d518e0"/>
               </persName>
               <desc>Eleazar (8)’s father<ref spanTo="#d1e19068"/>
               </desc>
               <state type="provenance">
                  <note>—</note>
               </state>
               <bibl>BJ2:409 (Schalit,NB, 90)</bibl>
               <state type="addl-Descr">
                  <note>—</note>
               </state>
               <floruit>66 CE<ref spanTo="#d1e19118"/>
               </floruit>
               <note xml:id="d1e19061" n="8"> See above, n. 2.</note>
               <note xml:id="d1e19068" n="9"> The decision
                                        to separate this person from the previous is a random one.
                                            
                                        the father of   of the Temple, also
                                        fashioned “son of the High Priest ( 
                                            
                                        BJ 2:409)” would suggest the identification
                                        of the two. However, Josephus himself does not make this
                                        point too clearly and is rather loose in his use of the
                                        title “high priest,” and see
                                        above, under Eleazar no. 11. On the problems arising from
                                        the identification of these
                                            persons, see Ilan &amp; Price, JQR 84 (1993) 203, n. 58. And see
                                        also, above, under Eleazar, no. 61.</note>
               <note xml:id="d1e19118" n="10"> See above, n. 8.</note>
            </person>
            <person>
               <persName><ref spanTo="#d520e0"/>
               </persName>
               <desc>Simon (11)’s father</desc>
               <state type="provenance">
                  <note>—</note>
               </state>
               <bibl>BJ2:418 (Schalit,NB, 11)</bibl>
               <state type="addl-Descr">
                  <note>—</note>
               </state>
               <floruit>66 CE<ref spanTo="#d1e19155"/>
               </floruit>
               <note xml:id="d1e19130" n="11"> See above, n. 2.</note>
               <note xml:id="d1e19155" n="12"> See above, n. 8.</note>
            </person>
            <person>
               <persName><ref spanTo="#d522e0"/>
               </persName>
               <desc>The Sadducee<ref spanTo="#d1e19174"/>
               </desc>
               <state type="provenance">
                  <note>—</note>
               </state>
               <bibl>BJ2:451;Vita197 (Schalit,NB, 11)</bibl>
               <state type="addl-Descr">
                  <note>—</note>
               </state>
               <floruit>67 CE<ref spanTo="#d1e19205"/>
               </floruit>
               <note xml:id="d1e19167" n="13"> See above, n. 2.</note>
               <note xml:id="d1e19174" n="14"> On the
                                        affiliation see Introduction 3.2.8. The assumption here is
                                        that 
                                        is not a personal name but a sectarian affiliation, see Ilan
                                        &amp; Price, JQR 84 (1993)
                                        192-5. </note>
               <note xml:id="d1e19205" n="15"> See above, n. 8.</note>
            </person>
            <person>
               <persName><ref spanTo="#d524e0"/>
               </persName>
               <desc>Yohanan (11)’s father</desc>
               <state type="provenance">
                  <note>—</note>
               </state>
               <bibl>BJ2:568 (Schalit,NB, 11)</bibl>
               <state type="addl-Descr">
                  <note>—</note>
               </state>
               <floruit>66 CE<ref spanTo="#d1e19243"/>
               </floruit>
               <note xml:id="d1e19218" n="16"> See above, n. 2.</note>
               <note xml:id="d1e19243" n="17"> See above, n. 8.</note>
            </person>
            <person>
               <persName><ref spanTo="#d526e0"/>
               </persName>
               <desc>Zealot</desc>
               <state type="provenance">
                  <note>—</note>
               </state>
               <bibl>BJ4:232 (Schalit,NB, 11)</bibl>
               <state type="addl-Descr">
                  <note>—</note>
               </state>
               <floruit>68 CE<ref spanTo="#d1e19280"/>
               </floruit>
               <note xml:id="d1e19255" n="18"> See above, n. 2.</note>
               <note xml:id="d1e19280" n="19"> See above, n. 8.</note>
            </person>
            <person>
               <persName><ref spanTo="#d528e0"/>
               </persName>
               <desc>Zealot<ref spanTo="#d1e19299"/>
               </desc>
               <state type="provenance">
                  <note>—</note>
               </state>
               <bibl>BJ4:232 (Schalit,NB, 11)</bibl>
               <state type="addl-Descr">
                  <note>—</note>
               </state>
               <floruit>68 CE<ref spanTo="#d1e19324"/>
               </floruit>
               <note xml:id="d1e19292" n="20"> See above, n. 2.</note>
               <note xml:id="d1e19299" n="21"> Not identical with the
                                        previous one, see in Josephus BJ 4:232.</note>
               <note xml:id="d1e19324" n="22"> See above, n. 8.</note>
            </person>
            <person>
               <persName><ref spanTo="#d530e0"/>
               </persName>
               <desc>Priest, Masabala (1)’s son</desc>
               <state type="provenance">
                  <note>—</note>
               </state>
               <bibl>BJ5:532 (Schalit,NB, 11)</bibl>
               <state type="addl-Descr">
                  <note>—</note>
               </state>
               <floruit>70 CE<ref spanTo="#d1e19361"/>
               </floruit>
               <note xml:id="d1e19336" n="23"> See above, n. 2.</note>
               <note xml:id="d1e19361" n="24"> See above, n. 8.</note>
            </person>
            <person>
               <persName><ref spanTo="#d532e0"/>
               </persName>
               <desc>Joshua (8)’sfather</desc>
               <state type="provenance">
                  <note>—</note>
               </state>
               <bibl>BJ6:300 (Schalit,NB, 11)</bibl>
               <state type="addl-Descr">
                  <note>—</note>
               </state>
               <floruit>62 CE<ref spanTo="#d1e19401"/>
               </floruit>
               <note xml:id="d1e19373" n="25"> See above, n. 2.</note>
               <note xml:id="d1e19401" n="26"> See above, n. 8.</note>
            </person>
            <person>
               <persName><ref spanTo="#d534e0"/>
               </persName>
               <desc>Jewish merchant</desc>
               <state type="provenance">
                  <note>—</note>
               </state>
               <bibl>AJ20:34 (Schalit,NB, 11)</bibl>
               <state type="addl-Descr">
                  <note>—</note>
               </state>
               <floruit>40 CE<ref spanTo="#d1e19438"/>
               </floruit>
               <note xml:id="d1e19413" n="27"> See above, n. 2.</note>
               <note xml:id="d1e19438" n="28"> See above, n. 8.</note>
            </person>
            <person>
               <persName><ref spanTo="#d536e0"/>
               </persName>
               <desc>Rich Christian convert</desc>
               <state type="provenance">
                  <note>—</note>
               </state>
               <bibl>Acts 5:1 (VKGNT 51)</bibl>
               <state type="addl-Descr">
                  <note>—</note>
               </state>
               <floruit>30s CE<ref spanTo="#d1e19471"/>
               </floruit>
               <note xml:id="d1e19451" n="29"> See above, n. 2.</note>
               <note xml:id="d1e19471" n="30"> On dating in NT see Introduction 7.3.</note>
            </person>
            <person>
               <persName><ref spanTo="#d538e0"/>
               </persName>
               <desc>Apostle</desc>
               <state type="provenance">
                  <note>—</note>
               </state>
               <bibl>Acts 9:10 (VKGNT 51)</bibl>
               <state type="addl-Descr">
                  <note>—</note>
               </state>
               <floruit>30s CE<ref spanTo="#d1e19506"/>
               </floruit>
               <note xml:id="d1e19486" n="31"> See above, n. 2.</note>
               <note xml:id="d1e19506" n="32"> See above, n. 31.</note>
            </person>
            <person>
               <persName>ΑNαNια<ref spanTo="#d544e0"/>
               </persName>
               <desc>Resurrected with Jesus</desc>
               <state type="provenance">
                  <note>—</note>
               </state>
               <bibl>Coptic Bartholomew (Budge,Copt. Apoc.1)</bibl>
               <state type="addl-Descr">
                  <note>Fictitious<ref spanTo="#d1e19550"/>
                  </note>
               </state>
               <floruit>30 CE<ref spanTo="#d1e19557"/>
               </floruit>
               <note xml:id="d1e19526" n="33"> In Coptic characters, see Introduction 2.8.4.</note>
               <note xml:id="d1e19550" n="34"> All figures appearing in apocryphal
                                        Christian documents are considered fictitious, see
                                        Introduction 6.2.2. </note>
               <note xml:id="d1e19557" n="35"> The story is associated with Jesus’
                                        death and resurrection.</note>
            </person>
            <person>
               <persName><ref spanTo="#d546e0"/>
               </persName>
               <desc>Of Yabneh<ref spanTo="#d1e19577"/>
               </desc>
               <state type="provenance">
                  <note>—</note>
               </state>
               <bibl>Clementine Homilies 2:1 (PG2, 77)</bibl>
               <state type="addl-Descr">
                  <note>Fictitious<ref spanTo="#d1e19602"/>
                  </note>
               </state>
               <floruit>30s-40s CE<ref spanTo="#d1e19609"/>
               </floruit>
               <note xml:id="d1e19570" n="36"> See above, n. 2.</note>
               <note xml:id="d1e19577" n="37"> In Greek – .</note>
               <note xml:id="d1e19602" n="38"> See above, n. 35.</note>
               <note xml:id="d1e19609" n="39"> The time described in this text is
                                        while Peter was still in Palestine, not long after Jesus’
                                        crucifixion.</note>
            </person>
            <person>
               <persName>חנינא<ref spanTo="#d547e0"/>
               </persName>
               <desc>Dositheus (13)’s son</desc>
               <state type="provenance">
                  <note>—</note>
               </state>
               <bibl>mBer5:5 (Kasovsky,Mishnae, 716)</bibl>
               <state type="addl-Descr">
                  <note>—</note>
               </state>
               <floruit>Pre-135 CE<ref spanTo="#d1e19648"/>
               </floruit>
               <note xml:id="d1e19620" n="40"> חנינא, sometimes with a final
                                        ה and sometimes with a final א (see Introduction 2.4.2.3) is
                                        an Aramicized variant of the name חנניה (see Introduction
                                        2.4.2.6). That it was intermittently used could be amply
                                        demonstrated by consulting Kosovsky’s name concordance for
                                        PT, e.g. חנינא/חנניה בן עקביה (Kosovsky, Yerushalmi, 276), where the two forms
                                        are consistantly confused.</note>
               <note xml:id="d1e19648" n="41"> In the tannaitic literature
                                        there is no chronological indiction for חנינא בן דוסא.
                                        However, both PT (e.g.
                                        yBer 5:6,
                                        9d) and BT (bBer 34b) agree
                                        that he was of the generation of Rabban Gamliel at Yabneh,
                                        see Introduction 7.5.1.2.</note>
            </person>
            <person>
               <persName>חנינא<ref spanTo="#d548e0"/>
               </persName>
               <desc>Antigonus (3)’sson</desc>
               <state type="provenance">
                  <note>—</note>
               </state>
               <bibl>mShebi6:3 (Kasovsky,Mishnae, 716)</bibl>
               <state type="addl-Descr">
                  <note>—</note>
               </state>
               <floruit>Pre-200 CE<ref spanTo="#d1e19693"/>
               </floruit>
               <note xml:id="d1e19665" n="42"> See above, n. 41.</note>
               <note xml:id="d1e19693" n="43"> See Introduction
                                    7.5.1.4.</note>
            </person>
            <person>
               <persName>—</persName>
               <desc>Hakhinai (1)’s son</desc>
               <state type="provenance">
                  <note>—</note>
               </state>
               <bibl>mKil4:8 (Kasovsky,Mishnae, 717)</bibl>
               <state type="addl-Descr">
                  <note>—</note>
               </state>
               <floruit>Pre-135 CE<ref spanTo="#d1e19726"/>
               </floruit>
               <note xml:id="d1e19726" n="44"> His association with R. Joshua
                                        and R. Aqiba is indicated e.g. in tBer
                                        4:18, see Introduction
                                        7.5.1.2.</note>
            </person>
            <person>
               <persName>—</persName>
               <desc>Hezekiah (7)’s son</desc>
               <state type="provenance">
                  <note>—</note>
               </state>
               <bibl>mShab1:4 (Kasovsky,Mishnae, 716)</bibl>
               <state type="addl-Descr">
                  <note>—</note>
               </state>
               <floruit>Pre-70 CE<ref spanTo="#d1e19764"/>
               </floruit>
               <note xml:id="d1e19764" n="45"> Associated here with Beit
                                        Shammai and Beit Hillel, see Introduction
                                    7.5.1.1.</note>
            </person>
            <person>
               <persName>—</persName>
               <desc>Temple deputy<ref spanTo="#d1e19778"/>
               </desc>
               <state type="provenance">
                  <note>—</note>
               </state>
               <bibl>mPes1:6 (Kasovsky,Mishnae, 717)</bibl>
               <state type="addl-Descr">
                  <note>—</note>
               </state>
               <floruit>Pre-70 CE<ref spanTo="#d1e19800"/>
               </floruit>
               <note xml:id="d1e19778" n="46"> In Hebrew –
                                        הסגן.</note>
               <note xml:id="d1e19800" n="47"> Lived during Temple times,
                                        e.g.
                                        mSheq 6:1,
                                        and see Introduction 7.5.1.1.</note>
            </person>
            <person>
               <persName>—</persName>
               <desc>Tiridates (1)’s son</desc>
               <state type="provenance">
                  <note>—</note>
               </state>
               <bibl>mTaan2:5 (Kasovsky,Mishnae, 717)</bibl>
               <state type="addl-Descr">
                  <note>—</note>
               </state>
               <floruit>135 CE<ref spanTo="#d1e19835"/>
               </floruit>
               <note xml:id="d1e19835" n="48"> Already in tannaitic
                                        literature, Sifre Deut 307,
                                        he is viewed as a martyr of the Bar-Kokhba-Revolt aftermath,
                                        see Introduction 7.5.1.2.</note>
            </person>
            <person>
               <persName>—</persName>
               <desc>Aqub (3)’s son</desc>
               <state type="provenance">
                  <note>—</note>
               </state>
               <bibl>mKet(Kasovsky,Mishnae, 717)</bibl>
               <state type="addl-Descr">
                  <note>—</note>
               </state>
               <floruit>Post-135 CE<ref spanTo="#d1e19870"/>
               </floruit>
               <note xml:id="d1e19870" n="49"> Tannaitic
                                        literature does not give clear chronological indications for
                                        this person, but in bMQ 21a
                                        he is presented as a contemporary of R. Judah, see
                                        Introduction 7.5.1.3.</note>
            </person>
            <person>
               <persName>חנינא<ref spanTo="#d549e0"/>
               </persName>
               <desc>Of Ono<ref spanTo="#d1e19891"/>
               </desc>
               <state type="provenance">
                  <note>—</note>
               </state>
               <bibl>mGit6:7 (Kasovsky,Mishnae, 716)</bibl>
               <state type="addl-Descr">
                  <note>—</note>
               </state>
               <floruit>Pre-135 CE<ref spanTo="#d1e19913"/>
               </floruit>
               <note xml:id="d1e19884" n="50"> See above, n. 41.</note>
               <note xml:id="d1e19891" n="51"> In Hebrew – איש אונו.
                                    </note>
               <note xml:id="d1e19913" n="52"> In the Mishnah here, he is
                                        described as bringing a ruling from prison, which is usually
                                        interpreted as coming from R. Aqiba, who was the most famous
                                        prisoner, but the text does not mention the captive sage. In
                                            tSan 2:13, however, he
                                        is clearly mentioned as a contemporary of Rabban Gamaliel,
                                        see Introduction 7.5.1.2. </note>
            </person>
            <person>
               <persName>חנינא<ref spanTo="#d550e0"/>
               </persName>
               <desc>Gamaliel (6)’s son</desc>
               <state type="provenance">
                  <note>—</note>
               </state>
               <bibl>mQid3:4 (Kasovsky,Mishnae, 716)</bibl>
               <state type="addl-Descr">
                  <note>—</note>
               </state>
               <floruit>Post-135 CE<ref spanTo="#d1e19953"/>
               </floruit>
               <note xml:id="d1e19928" n="53"> See above, n. 41.</note>
               <note xml:id="d1e19953" n="54"> In tPar 4:9 he is portrayed as
                                        a contemporary of R. Simon, see Introduction
                                    7.5.1.3.</note>
            </person>
            <person>
               <persName>—</persName>
               <desc>Aqash (1)’s son</desc>
               <state type="provenance">
                  <note>—</note>
               </state>
               <bibl>mMak3:16 (Kasovsky,Mishnae, 717)</bibl>
               <state type="addl-Descr">
                  <note>—</note>
               </state>
               <floruit>Pre-200 CE<ref spanTo="#d1e19988"/>
               </floruit>
               <note xml:id="d1e19988" n="55"> See Introduction
                                    7.5.1.4.</note>
            </person>
            <person>
               <persName>—</persName>
               <desc>Joshua (24)’s father</desc>
               <state type="provenance">
                  <note>—</note>
               </state>
               <bibl>mAb2:8 (Kasovsky,Mishnae, 716)</bibl>
               <state type="addl-Descr">
                  <note>—</note>
               </state>
               <floruit>Pre-70 CE<ref spanTo="#d1e20020"/>
               </floruit>
               <note xml:id="d1e20020" n="56"> His son is R. Joshua, see
                                        Introduction 7.5.1.1.</note>
            </person>
            <person>
               <persName>נחוניון<ref spanTo="#d551e0"/>
               </persName>
               <desc>Joshua (24)’s brother’s son</desc>
               <state type="provenance">
                  <note>—</note>
               </state>
               <bibl>tPeah3:5 (Kasowski,Thosephthae, 261)</bibl>
               <state type="addl-Descr">
                  <note>—</note>
               </state>
               <floruit>Post-135 CE<ref spanTo="#d1e20059"/>
               </floruit>
               <note xml:id="d1e20031" n="57"> So he seems to be called in
                                            yNed 6:13,
                                    40a.</note>
               <note xml:id="d1e20059" n="58"> Tannaitic
                                        literature is not clear on a chronological marker for this sage. However, both PT
                                            (yNed 6:13, 40a) and BT
                                            (bBer 63a) agree that
                                        he was active after the Bar Kokhba Revolt. If he was R.
                                        Joshua’s nephew, this fits chronologically, see Introduction
                                        7.5.1.3.</note>
            </person>
            <person>
               <persName>חנינא<ref spanTo="#d552e0"/>
               </persName>
               <desc>Joseph (37)’s son</desc>
               <state type="provenance">
                  <note>—</note>
               </state>
               <bibl>tRH4:5 (Kasowski,Thosephthae, 262)</bibl>
               <state type="addl-Descr">
                  <note>—</note>
               </state>
               <floruit>Post-135 CE<ref spanTo="#d1e20104"/>
               </floruit>
               <note xml:id="d1e20079" n="59"> See above, n. 41.</note>
               <note xml:id="d1e20104" n="60"> His father,
                                        R. Yosi the Galilean, was a contemporary of R. Aqiba, see
                                        Introduction 7.5.1.2-3.</note>
            </person>
            <person>
               <persName>—</persName>
               <desc>Adai (1)’s son<ref spanTo="#d1e20121"/>
               </desc>
               <state type="provenance">
                  <note>—</note>
               </state>
               <bibl>tEd3:4 (Kasowski,Thosephthae, 262)</bibl>
               <state type="addl-Descr">
                  <note>—</note>
               </state>
               <floruit>Pre-200 CE<ref spanTo="#d1e20146"/>
               </floruit>
               <note xml:id="d1e20121" n="61"> This is the
                                        only appearance of this name. On alternative readings of it
                                        in Medieval Jewish literature see Lieberman, TR 2, 185. </note>
               <note xml:id="d1e20146" n="62"> See Introduction
                                    7.5.1.4.</note>
            </person>
            <person>
               <persName>חנינא<ref spanTo="#d553e0"/>
               </persName>
               <desc>Joseph (59)’s father</desc>
               <state type="provenance">
                  <note>—</note>
               </state>
               <bibl>tArak5:9 (Kasowski,Thosephthae, -)</bibl>
               <state type="addl-Descr">
                  <note>—</note>
               </state>
               <floruit>Pre-200 CE<ref spanTo="#d1e20183"/>
               </floruit>
               <note xml:id="d1e20158" n="63"> See above, n. 41.</note>
               <note xml:id="d1e20183" n="64"> See Introduction
                                    7.5.1.4.</note>
            </person>
            <person>
               <persName>—</persName>
               <desc>Simon (75)’s father</desc>
               <state type="provenance">
                  <note>—</note>
               </state>
               <bibl>tKel BQ4:17 (Kasowski,Thosephthae, -)</bibl>
               <state type="addl-Descr">
                  <note>—</note>
               </state>
               <floruit>Pre-200 CE<ref spanTo="#d1e20215"/>
               </floruit>
               <note xml:id="d1e20215" n="65"> See Introduction
                                    7.5.1.4.</note>
            </person>
            <person>
               <persName>—</persName>
               <desc>Hananiah (33)’s son<ref spanTo="#d1e20229"/>
               </desc>
               <state type="provenance">
                  <note>—</note>
               </state>
               <bibl>tNid5:15 (Kasowski,Thosephthae, 262)</bibl>
               <state type="addl-Descr">
                  <note>—</note>
               </state>
               <floruit>Pre-135 CE<ref spanTo="#d1e20251"/>
               </floruit>
               <note xml:id="d1e20229" n="66"> Named after
                                        his father, see Introduction 3.1.2.</note>
               <note xml:id="d1e20251" n="67"> This tradition associates him
                                        with Rabban Gamaliel, see Introduction
                                7.5.1.2.</note>
            </person>
            <person>
               <persName>—</persName>
               <desc>Hananiah (32)’s father</desc>
               <state type="provenance">
                  <note>—</note>
               </state>
               <bibl>tNid5:15 (Kasowski,Thosephthae, 262)</bibl>
               <state type="addl-Descr">
                  <note>—</note>
               </state>
               <floruit>Pre-135 CE<ref spanTo="#d1e20283"/>
               </floruit>
               <note xml:id="d1e20283" n="68"> This tradition associates him
                                        with Rabban Gamaliel, see Introduction
                                7.5.1.2.</note>
            </person>
            <person>
               <persName>—</persName>
               <desc>Halnisi (1)’s son</desc>
               <state type="provenance">
                  <note>—</note>
               </state>
               <bibl>Mekh. dRI, 99 (Kosovsky,Mechilta, 14*)<ref spanTo="#d1e20308"/>
               </bibl>
               <state type="addl-Descr">
                  <note>—</note>
               </state>
               <floruit>Pre-200 CE<ref spanTo="#d1e20324"/>
               </floruit>
               <note xml:id="d1e20308" n="69"> This person
                                        appears once in Mekh. dRI
                                        and nowhere else, see Introduction 5.7.1.</note>
               <note xml:id="d1e20324" n="70"> See Introduction 7.5.1.4.
                                    </note>
            </person>
            <person>
               <persName>—</persName>
               <desc>Adi (5)’s son</desc>
               <state type="provenance">
                  <note>—</note>
               </state>
               <bibl>Mekh. dRI, 183 (Kosovsky,Mechilta, 14*)</bibl>
               <state type="addl-Descr">
                  <note>—</note>
               </state>
               <floruit>Pre-200 CE<ref spanTo="#d1e20359"/>
               </floruit>
               <note xml:id="d1e20359" n="71"> See Introduction 7.5.1.4.
                                    </note>
            </person>
            <person>
               <persName>—</persName>
               <desc>Judah (57)’s son</desc>
               <state type="provenance">
                  <note>—</note>
               </state>
               <bibl>SifraTzav par. 2:3 (Kosovsky,Sifra, 14*)</bibl>
               <state type="addl-Descr">
                  <note>—</note>
               </state>
               <floruit>Pre-135 CE<ref spanTo="#d1e20392"/>
               </floruit>
               <note xml:id="d1e20392" n="72"> In this tradition, he is
                                        speaking directly to R. Aqiba, see Introduction
                                    7.5.1.2.</note>
            </person>
            <person>
               <persName>—</persName>
               <desc>Judah (61)’s father<ref spanTo="#d1e20406"/>
               </desc>
               <state type="provenance">
                  <note>—</note>
               </state>
               <bibl>Sifre Deut333, no. 306 (Kosovsky,Sifrei, 21*)</bibl>
               <state type="addl-Descr">
                  <note>—</note>
               </state>
               <floruit>Pre-200 CE<ref spanTo="#d1e20431"/>
               </floruit>
               <note xml:id="d1e20406" n="73"> For an
                                        identification of this person with the previous sage see B.
                                        Ratner, Ahawath Zion
                                            We-Jeruscholaim Traktat Pesachim (Petrokov 1908) 73
                                        (Hebrew).</note>
               <note xml:id="d1e20431" n="74"> See Introduction 7.5.1.4.
                                    </note>
            </person>
            <person>
               <persName>—</persName>
               <desc>Of Tibon<ref spanTo="#d1e20445"/>
               </desc>
               <state type="provenance">
                  <note>—</note>
               </state>
               <bibl>Sifre Deut373, no. 323 (Kosovsky,Sifrei, 16*)</bibl>
               <state type="addl-Descr">
                  <note>—</note>
               </state>
               <floruit>Pre-200 CE<ref spanTo="#d1e20467"/>
               </floruit>
               <note xml:id="d1e20445" n="75"> In Hebrew – איש טבעין /
                                        טבעים.</note>
               <note xml:id="d1e20467" n="76"> See Introduction 7.5.1.4.
                                    </note>
            </person>
            <person>
               <persName>—</persName>
               <desc>Amram (3)’s son</desc>
               <state type="provenance">
                  <note>Ossuary, Mt Scopus, Sukenik, 1925</note>
               </state>
               <bibl>CIJ, no. 1262</bibl>
               <state type="addl-Descr">
                  <note>—</note>
               </state>
               <floruit>Pre-70 CE<ref spanTo="#d1e20496"/>
               </floruit>
               <note xml:id="d1e20496" n="77"> On dating of ossuaries see
                                        Introduction 7.6.1.</note>
            </person>
            <person>
               <persName>—</persName>
               <desc>Judah (88)’s father</desc>
               <state type="provenance">
                  <note>Ossuary, Mt of Offence, Clermont Ganneau, 1874</note>
               </state>
               <bibl>CIJ, no. 1307</bibl>
               <state type="addl-Descr">
                  <note>—</note>
               </state>
               <floruit>Pre-70 CE<ref spanTo="#d1e20525"/>
               </floruit>
               <note xml:id="d1e20525" n="78"> See above, n.
                                78.</note>
            </person>
            <person>
               <persName>—</persName>
               <desc>Menahem (20)’s son</desc>
               <state type="provenance">
                  <note>Ossuary, Bagatti</note>
               </state>
               <bibl>DF93, no. 26</bibl>
               <state type="addl-Descr">
                  <note>—</note>
               </state>
               <floruit>Pre-70 CE<ref spanTo="#d1e20554"/>
               </floruit>
               <note xml:id="d1e20554" n="79"> See above, n.
                                78.</note>
            </person>
            <person>
               <persName>—</persName>
               <desc>—</desc>
               <state type="provenance">
                  <note>Ossuary, Jebel Muqaber, Milik, 1985</note>
               </state>
               <bibl>DF93</bibl>
               <state type="addl-Descr">
                  <note>—</note>
               </state>
               <floruit>Pre-70 CE<ref spanTo="#d1e20584"/>
               </floruit>
               <note xml:id="d1e20584" n="80"> See above, n.
                                78.</note>
            </person>
            <person>
               <persName>—</persName>
               <desc>Simon (111)’s son</desc>
               <state type="provenance">
                  <note>Ossuary, Bagatti</note>
               </state>
               <bibl>DF96, no. 34</bibl>
               <state type="addl-Descr">
                  <note>—</note>
               </state>
               <floruit>Pre-70 CE<ref spanTo="#d1e20613"/>
               </floruit>
               <note xml:id="d1e20613" n="81"> See above, n.
                                78.</note>
            </person>
            <person>
               <persName>—</persName>
               <desc>Martha (11)’s father</desc>
               <state type="provenance">
                  <note>Ossuary, Kidron, Sukenik, 1936</note>
               </state>
               <bibl>CJO, no. 67</bibl>
               <state type="addl-Descr">
                  <note>—</note>
               </state>
               <floruit>Pre-70 CE<ref spanTo="#d1e20642"/>
               </floruit>
               <note xml:id="d1e20642" n="82"> See above, n.
                                78.</note>
            </person>
            <person>
               <persName>חנןיה<ref spanTo="#d554e0"/>
               </persName>
               <desc>Honi (12)’sfather</desc>
               <state type="provenance">
                  <note>Ossuary, Jerusalem</note>
               </state>
               <bibl>CJO, no. 132</bibl>
               <state type="addl-Descr">
                  <note>—</note>
               </state>
               <floruit>Pre-70 CE<ref spanTo="#d1e20684"/>
               </floruit>
               <note xml:id="d1e20653" n="83"> The way this name is written,
                                        with a final ן in the middle of the word, suggests either
                                        that the scribe understood this name as comprised of two separate words (as it
                                        actually is) or that the
                                        final letters were not yet completely fixed, see
                                        Introduction 2.7.5.</note>
               <note xml:id="d1e20684" n="84"> See above, n.
                                78.</note>
            </person>
            <person>
               <persName>חנניא<ref spanTo="#d555e0"/>
               </persName>
               <desc>Imma (6)’s father</desc>
               <state type="provenance">
                  <note>Ossuary, Jerusalem</note>
               </state>
               <bibl>CJO, no. 257</bibl>
               <state type="addl-Descr">
                  <note>—</note>
               </state>
               <floruit>Pre-70 CE<ref spanTo="#d1e20717"/>
               </floruit>
               <note xml:id="d1e20695" n="85"> See above, n. 3.</note>
               <note xml:id="d1e20717" n="86"> See above, n.
                                78.</note>
            </person>
            <person>
               <persName>—</persName>
               <desc>And Martha (16)</desc>
               <state type="provenance">
                  <note>Ossuary, French Hill, A. Mazar, 1977</note>
               </state>
               <bibl>CJO, no. 354</bibl>
               <state type="addl-Descr">
                  <note>—</note>
               </state>
               <floruit>Pre-70 CE<ref spanTo="#d1e20746"/>
               </floruit>
               <note xml:id="d1e20746" n="87"> See above, n.
                                78.</note>
            </person>
            <person>
               <persName>—</persName>
               <desc>Atuf (1)</desc>
               <state type="provenance">
                  <note>Ossuary, Mt Scopus, Vitto, 1972</note>
               </state>
               <bibl>CJO, no. 390</bibl>
               <state type="addl-Descr">
                  <note>—</note>
               </state>
               <floruit>Pre-70 CE<ref spanTo="#d1e20776"/>
               </floruit>
               <note xml:id="d1e20776" n="88"> See above, n.
                                78.</note>
            </person>
            <person>
               <persName>—</persName>
               <desc>—</desc>
               <state type="provenance">
                  <note>Ossuary, Mt Scopus, Vitto, 1972</note>
               </state>
               <bibl>CJO, no. 469</bibl>
               <state type="addl-Descr">
                  <note>—</note>
               </state>
               <floruit>Pre-70 CE<ref spanTo="#d1e20805"/>
               </floruit>
               <note xml:id="d1e20805" n="89"> See above, n.
                                78.</note>
            </person>
            <person>
               <persName><ref spanTo="#d557e0"/>
               </persName>
               <desc>—</desc>
               <state type="provenance">
                  <note>Ossuary, Mt Scopus, Kloner, 1974</note>
               </state>
               <bibl>CJO, no. 475</bibl>
               <state type="addl-Descr">
                  <note>—</note>
               </state>
               <floruit>Pre-70 CE<ref spanTo="#d1e20839"/>
               </floruit>
               <note xml:id="d1e20817" n="90"> This is probably the Greek rendering
                                        of חנינא. See above, n. 41. </note>
               <note xml:id="d1e20839" n="91"> See above, n.
                                78.</note>
            </person>
            <person>
               <persName>—</persName>
               <desc>Simon (121)’s son</desc>
               <state type="provenance">
                  <note>Ossuary, Mt Scopus, Kloner 1974</note>
               </state>
               <bibl>CJO, no. 488</bibl>
               <state type="addl-Descr">
                  <note>—</note>
               </state>
               <floruit>Pre-70 CE<ref spanTo="#d1e20868"/>
               </floruit>
               <note xml:id="d1e20868" n="92"> See above, n.
                                78.</note>
            </person>
            <person>
               <persName>חננא<ref spanTo="#d558e0"/>
               </persName>
               <desc>Zohamai (2)</desc>
               <state type="provenance">
                  <note>Ossuary, Mt Scopus, Kloner, 1975</note>
               </state>
               <bibl>CJO, no. 579</bibl>
               <state type="addl-Descr">
                  <note>—</note>
               </state>
               <floruit>Pre-70 CE<ref spanTo="#d1e20901"/>
               </floruit>
               <note xml:id="d1e20879" n="93"> For this form see Introduction
                                        2.4.2.5. It could likewise be interpreted as חנן with an
                                        Aramaic א suffix, see Introduction 2.4.2.9.</note>
               <note xml:id="d1e20901" n="94"> See above, n.
                                78.</note>
            </person>
            <person>
               <persName><ref spanTo="#d560e0"/>
               </persName>
               <desc>—</desc>
               <state type="provenance">
                  <note>Ossuary, Rahmani, 1980</note>
               </state>
               <bibl>CJO, no. 829</bibl>
               <state type="addl-Descr">
                  <note>—</note>
               </state>
               <floruit>Pre-70 CE<ref spanTo="#d1e20935"/>
               </floruit>
               <note xml:id="d1e20913" n="95"> See above, n. 2. </note>
               <note xml:id="d1e20935" n="96"> See above, n.
                                78.</note>
            </person>
            <person>
               <persName>—</persName>
               <desc>Joseph (121)’s father</desc>
               <state type="provenance">
                  <note>Ossuary, Mt Scopus, Sussman, 1992</note>
               </state>
               <bibl>CJO, no. 893</bibl>
               <state type="addl-Descr">
                  <note>—</note>
               </state>
               <floruit>Pre-70 CE<ref spanTo="#d1e20965"/>
               </floruit>
               <note xml:id="d1e20965" n="97"> See above, n.
                                78.</note>
            </person>
            <person>
               <persName>—</persName>
               <desc>The Nazirite,<ref spanTo="#d1e20979"/>Jonathan (43)’s son</desc>
               <state type="provenance">
                  <note>Ossuary, Mt Scopus</note>
               </state>
               <bibl>Avigad,IEJ21 (1971) 194</bibl>
               <state type="addl-Descr">
                  <note>—</note>
               </state>
               <floruit>Pre-70 CE<ref spanTo="#d1e20999"/>
               </floruit>
               <note xml:id="d1e20979" n="98"> In Hebrew –
                                        הנזר.</note>
               <note xml:id="d1e20999" n="99"> See above, n.
                                78.</note>
            </person>
            <person>
               <persName>חנןיה<ref spanTo="#d561e0"/>
               </persName>
               <desc>Simon (149)’s son</desc>
               <state type="provenance">
                  <note>Ossuary, French Hill</note>
               </state>
               <bibl>Gershuny &amp; Zissu,Atiqot30 (1997) 46*</bibl>
               <state type="addl-Descr">
                  <note>—</note>
               </state>
               <floruit>Pre-70 CE<ref spanTo="#d1e21033"/>
               </floruit>
               <note xml:id="d1e21010" n="100"> See above, n. 84.</note>
               <note xml:id="d1e21033" n="101"> See above, n.
                                78.</note>
            </person>
            <person>
               <persName>—</persName>
               <desc>—</desc>
               <state type="provenance">
                  <note>Ostracon, Jerusalem</note>
               </state>
               <bibl>Naveh,Qedem41 (2000) 9</bibl>
               <state type="addl-Descr">
                  <note>—</note>
               </state>
               <floruit>Pre-70 CE<ref spanTo="#d1e21063"/>
               </floruit>
               <note xml:id="d1e21063" n="102"> On dating of Jewish inscribed
                                        objects from Jerusalem see Introduction
                                7.6.2.</note>
            </person>
            <person>
               <persName>—</persName>
               <desc>Qorshai (2)’s father</desc>
               <state type="provenance">
                  <note>Ostracon, Jerusalem</note>
               </state>
               <bibl>Naveh,Qedem41 (2000) 13</bibl>
               <state type="addl-Descr">
                  <note>—</note>
               </state>
               <floruit>Pre-70 CE<ref spanTo="#d1e21093"/>
               </floruit>
               <note xml:id="d1e21093" n="103"> See above, n.
                                103.</note>
            </person>
            <person>
               <persName>—</persName>
               <desc>Eleazar (102)’s son</desc>
               <state type="provenance">
                  <note>Tomb inscription, Ein Sinyeh, Clermont-Ganneau, 1897</note>
               </state>
               <bibl>CIJ, no. 1170</bibl>
               <state type="addl-Descr">
                  <note>—</note>
               </state>
               <floruit>Pre-135 CE<ref spanTo="#d1e21122"/>
               </floruit>
               <note xml:id="d1e21122" n="104"> On dating of inscriptions from
                                        the Judaean region see Introduction 7.6.3.</note>
            </person>
            <person>
               <persName>חנינא<ref spanTo="#d562e0"/>
               </persName>
               <desc>—</desc>
               <state type="provenance">
                  <note>Ostracon, Gezer</note>
               </state>
               <bibl>Yardeni,TAHNDTJD, 362</bibl>
               <state type="addl-Descr">
                  <note>—</note>
               </state>
               <floruit>3rdC BCE<ref spanTo="#d1e21160"/>
               </floruit>
               <note xml:id="d1e21134" n="105"> See above, n. 41. The reading
                                        is according to Yardeni. Seger and Rosenbaum could not read
                                        it.</note>
               <note xml:id="d1e21160" n="106">
                                        On inscribed material from Gezer see Introduction 7.6.4.
                                    </note>
            </person>
            <person>
               <persName>—</persName>
               <desc>Hur (1)’s son</desc>
               <state type="provenance">
                  <note>Ostracon, Tell al-Fûl</note>
               </state>
               <bibl>Rast,AASOR45 (1978) 113</bibl>
               <state type="addl-Descr">
                  <note>—</note>
               </state>
               <floruit>3rd-2ndC BCE<ref spanTo="#d1e21196"/>
               </floruit>
               <note xml:id="d1e21196" n="107"> For dating
                                        see Rast,
                                        AASOR 45
                                        (1978) 113-4.</note>
            </person>
            <person>
               <persName>חנניא<ref spanTo="#d563e0"/>
               </persName>
               <desc>Witness<ref spanTo="#d1e21217"/>
               </desc>
               <state type="provenance">
                  <note>Jar-handle, Jeleme</note>
               </state>
               <bibl>Naveh,IOS9 (1979) 23</bibl>
               <state type="addl-Descr">
                  <note>—</note>
               </state>
               <floruit>1stC CE<ref spanTo="#d1e21240"/>
               </floruit>
               <note xml:id="d1e21210" n="108"> See above, n. 3.</note>
               <note xml:id="d1e21217" n="109"> In Aramaic – שהד.</note>
               <note xml:id="d1e21240" n="110">
                                        This is the editor’s dating, see Naveh, IOS 9 (1979) 23.</note>
            </person>
            <person>
               <persName>—</persName>
               <desc>Joseph (137)’s father</desc>
               <state type="provenance">
                  <note>Ostracon, Gezer</note>
               </state>
               <bibl>Seger,BASOR264 (1986) 52</bibl>
               <state type="addl-Descr">
                  <note>—</note>
               </state>
               <floruit>3rdC BCE<ref spanTo="#d1e21276"/>
               </floruit>
               <note xml:id="d1e21276" n="111">
                                        See above, n. 107.</note>
            </person>
            <person>
               <persName><ref spanTo="#d565e0"/>
               </persName>
               <desc>Jewish soldier</desc>
               <state type="provenance">
                  <note>Papyrus, Zenon archive, Egypt</note>
               </state>
               <bibl>CJPno. 1</bibl>
               <state type="addl-Descr">
                  <note>—</note>
               </state>
               <floruit>259 BCE<ref spanTo="#d1e21314"/>
               </floruit>
               <note xml:id="d1e21288" n="112"> See above, n. 2. The declension is
                                        recorded in the document.</note>
               <note xml:id="d1e21314" n="113"> The document is internally
                                        dated.</note>
            </person>
            <person>
               <persName>חננה<ref spanTo="#d566e0"/>
               </persName>
               <desc>Eleazar (109)’s father</desc>
               <state type="provenance">
                  <note>Papyrus, Masada divorce bill, Muraba‘at</note>
               </state>
               <bibl>Mur 19</bibl>
               <state type="addl-Descr">
                  <note>—</note>
               </state>
               <floruit>72 CE<ref spanTo="#d1e21348"/>
               </floruit>
               <note xml:id="d1e21325" n="114"> See above, n. 94. On the interchange of א and ה see
                                            Introduction 2.4.2.3.
                                    </note>
               <note xml:id="d1e21348" n="115"> On dating of the Dead Sea
                                        documents see Introduction 7.7.</note>
            </person>
            <person>
               <persName>חנינא<ref spanTo="#d567e0"/>
               </persName>
               <desc>Hanan (28)’s father</desc>
               <state type="provenance">
                  <note>Papyrus, deed, Muraba‘at</note>
               </state>
               <bibl>Mur 22</bibl>
               <state type="addl-Descr">
                  <note>—</note>
               </state>
               <floruit>131 CE<ref spanTo="#d1e21380"/>
               </floruit>
               <note xml:id="d1e21360" n="116"> See above, n. 41.</note>
               <note xml:id="d1e21380" n="117"> See above, n.
                                116.</note>
            </person>
            <person>
               <persName>חנינא<ref spanTo="#d568e0"/>
               </persName>
               <desc>Yohanan (81)’s son</desc>
               <state type="provenance">
                  <note>Papyrus, deed, Muraba‘at</note>
               </state>
               <bibl>Mur 25</bibl>
               <state type="addl-Descr">
                  <note>—</note>
               </state>
               <floruit>133 CE<ref spanTo="#d1e21411"/>
               </floruit>
               <note xml:id="d1e21391" n="118"> See above, n. 41.</note>
               <note xml:id="d1e21411" n="119"> See above, n.
                                116.</note>
            </person>
            <person>
               <persName>חנינה<ref spanTo="#d569e0"/>
               </persName>
               <desc>—</desc>
               <state type="provenance">
                  <note>Papyrus, deed, Muraba‘at</note>
               </state>
               <bibl>Mur 27</bibl>
               <state type="addl-Descr">
                  <note>—</note>
               </state>
               <floruit>Pre-135 CE<ref spanTo="#d1e21442"/>
               </floruit>
               <note xml:id="d1e21422" n="120"> See above, n. 41. On the
                                        interchange of א and ה see Introduction 2.4.2.3.</note>
               <note xml:id="d1e21442" n="121"> See above, n.
                                116.</note>
            </person>
            <person>
               <persName>—</persName>
               <desc>Jonathan (58)’s father</desc>
               <state type="provenance">
                  <note>Papyrus, deed, Muraba‘at</note>
               </state>
               <bibl>Mur 30</bibl>
               <state type="addl-Descr">
                  <note>—</note>
               </state>
               <floruit>134 CE<ref spanTo="#d1e21469"/>
               </floruit>
               <note xml:id="d1e21469" n="122"> See above, n.
                                116.</note>
            </person>
            <person>
               <persName>חננין<ref spanTo="#d570e0"/>
               </persName>
               <desc>—</desc>
               <state type="provenance">
                  <note>Papyrus, Muraba‘at</note>
               </state>
               <bibl>Mur 38</bibl>
               <state type="addl-Descr">
                  <note>—</note>
               </state>
               <floruit>Pre-135 CE<ref spanTo="#d1e21500"/>
               </floruit>
               <note xml:id="d1e21480" n="123"> On this suffix see
                                        Introduction 2.4.3.2.</note>
               <note xml:id="d1e21500" n="124"> See above, n.
                                116.</note>
            </person>
            <person>
               <persName><ref spanTo="#d572e0"/>
               </persName>
               <desc>—</desc>
               <state type="provenance">
                  <note>Parchment, Muraba‘at</note>
               </state>
               <bibl>Mur 89</bibl>
               <state type="addl-Descr">
                  <note>—</note>
               </state>
               <floruit>Pre-135 CE<ref spanTo="#d1e21541"/>
               </floruit>
               <note xml:id="d1e21512" n="125"> This is another transliteration of
                                        חנינא, see above, n. 91. On
                                            
                                        replacing 
                                        see Introduction 2.3.2.</note>
               <note xml:id="d1e21541" n="126"> See above, n.
                                116.</note>
            </person>
            <person>
               <persName><ref spanTo="#d574e0"/>
               </persName>
               <persName>חנןיה<ref spanTo="#d576e0"/>
               </persName>
               <desc>Joseph (169)’s father<ref spanTo="#d1e21568"/>
               </desc>
               <state type="provenance">
                  <note>Papyri-parchment, Heber -“Seyal”</note>
               </state>
               <bibl>PYadin 6, 14, 15, 17, 18, 21, 22; Se 49, 64.</bibl>
               <state type="addl-Descr">
                  <note>—</note>
               </state>
               <floruit>119-33 CE<ref spanTo="#d1e21593"/>
               </floruit>
               <note xml:id="d1e21554" n="127"> The documents are bilingual. This is
                                        the Greek version. This is a non-declined transliteration.
                                        In LXX חנניה is also occasionally transliterated thus (H
                                        &amp; R Suppl. 17).</note>
               <note xml:id="d1e21558" n="128"> The documents
                                        are bilingual. This is the Hebrew version, see above, n.
                                            84. This person’s name is
                                        repeatedly written with the final ן in a medial position in
                                        all the documents in which he signs his name, indicating
                                        that he knew the difference between the two letters and
                                        chose to write it thus.</note>
               <note xml:id="d1e21568" n="129"> See
                                        Introduction 3.3.1.1.
                                    </note>
               <note xml:id="d1e21593" n="130"> See above, n.
                                116.</note>
            </person>
            <person>
               <persName><ref spanTo="#d578e0"/>
               </persName>
               <desc>Judah (144)’s father, Shamla (2)’s son</desc>
               <state type="provenance">
                  <note>Papyri, Babatha archive</note>
               </state>
               <bibl>PYadin 18, 20</bibl>
               <state type="addl-Descr">
                  <note>—</note>
               </state>
               <floruit>128-30 CE<ref spanTo="#d1e21628"/>
               </floruit>
               <note xml:id="d1e21605" n="131"> The name appears in both languages in
                                        the document. This is the Greek version, see above, n. 2.
                                        The declension is recorded in the document.</note>
               <note xml:id="d1e21628" n="132"> See above, n.
                                116.</note>
            </person>
            <person>
               <persName>—</persName>
               <desc>Hita (1)’s son</desc>
               <state type="provenance">
                  <note>Papyrus, deed, Heber</note>
               </state>
               <bibl>PYadin 46</bibl>
               <state type="addl-Descr">
                  <note>—</note>
               </state>
               <floruit>Pre-135 CE<ref spanTo="#d1e21655"/>
               </floruit>
               <note xml:id="d1e21655" n="133"> See above, n.
                                116.</note>
            </person>
            <person>
               <persName>חנני[ה]<ref spanTo="#d579e0"/>
               </persName>
               <desc>Eleazar (152)’s father</desc>
               <state type="provenance">
                  <note>Papyrus, divorce bill, “Seyal”</note>
               </state>
               <bibl>Se 13</bibl>
               <state type="addl-Descr">
                  <note>—</note>
               </state>
               <floruit>134-5 CE<ref spanTo="#d1e21686"/>
               </floruit>
               <note xml:id="d1e21666" n="134"> This is the suggested reading
                                        of the editor. The form חנני is also found in the Bible,
                                        e.g. 1 Kgs 16:1. For this abbreviation form see also
                                        Introduction 2.4.1.1.</note>
               <note xml:id="d1e21686" n="135"> See above, n.
                                116.</note>
            </person>
            <person>
               <persName>—</persName>
               <desc>—</desc>
               <state type="provenance">
                  <note>Papyrus, payment list, Jericho</note>
               </state>
               <bibl>
                  <div xmlns="http://www.tei-c.org/ns/1.0">Jer 1</div>
               </bibl>
               <state type="addl-Descr">
                  <note>—</note>
               </state>
               <floruit>Post-323 BCE<ref spanTo="#d1e21718"/>
               </floruit>
               <note xml:id="d1e21718" n="136"> On dating of
                                        this document see Introduction 7.7.1.</note>
            </person>
            <person>
               <persName><ref spanTo="#d580e0"/>
               </persName>
               <desc>—</desc>
               <state type="provenance">
                  <note>Papyrus, Seelim</note>
               </state>
               <bibl>DJD38, 221</bibl>
               <state type="addl-Descr">
                  <note>—</note>
               </state>
               <floruit>Pre-135 CE<ref spanTo="#d1e21752"/>
               </floruit>
               <note xml:id="d1e21729" n="137">
                                        See above, n.
                                        126.</note>
               <note xml:id="d1e21752" n="138"> See above, n.
                                116.</note>
            </person>
            <person>
               <persName>—</persName>
               <desc>Nothus (1)<ref spanTo="#d1e21767"/>
               </desc>
               <state type="provenance">
                  <note>Scroll, Qumran</note>
               </state>
               <bibl>4Q477</bibl>
               <state type="addl-Descr">
                  <note>—</note>
               </state>
               <floruit>Pre-70 CE<ref spanTo="#d1e21784"/>
               </floruit>
               <note xml:id="d1e21767" n="139"> On names in
                                        the Qumran documents see Introduction 3.2.8.</note>
               <note xml:id="d1e21784" n="140"> On dating of the documents
                                        from Qumran see Introduction 7.7.2.</note>
            </person>
            <person>
               <persName>—</persName>
               <desc>Simon (234)’s son<ref spanTo="#d1e21798"/>
               </desc>
               <state type="provenance">
                  <note>Scroll, Qumran</note>
               </state>
               <bibl>4Q477</bibl>
               <state type="addl-Descr">
                  <note>—</note>
               </state>
               <floruit>Pre-70 CE<ref spanTo="#d1e21815"/>
               </floruit>
               <note xml:id="d1e21798" n="141"> See above, n.
                                        140.</note>
               <note xml:id="d1e21815" n="142"> See above, n.
                                141.</note>
            </person>
            <person>
               <persName>חנני<ref spanTo="#d581e0"/>
               </persName>
               <desc>Simon (235)’s son</desc>
               <state type="provenance">
                  <note>Ostracon, Masada</note>
               </state>
               <bibl>Avigad,IEJ7 (1957) 59</bibl>
               <state type="addl-Descr">
                  <note>—</note>
               </state>
               <floruit>Pre-73 CE<ref spanTo="#d1e21849"/>
               </floruit>
               <note xml:id="d1e21826" n="143"> See above, n. 135.</note>
               <note xml:id="d1e21849" n="144"> On dating of the Masada
                                        documents see Introduction 7.8.</note>
            </person>
            <person>
               <persName>—</persName>
               <desc>—</desc>
               <state type="provenance">
                  <note>Ostracon, Masada</note>
               </state>
               <bibl>Mas no. 392</bibl>
               <state type="addl-Descr">
                  <note>—</note>
               </state>
               <floruit>Pre-73 CE<ref spanTo="#d1e21876"/>
               </floruit>
               <note xml:id="d1e21876" n="145"> See above, n.
                                145.</note>
            </person>
            <person>
               <persName>חננ[יה]<ref spanTo="#d582e0"/>
               </persName>
               <desc>His son</desc>
               <state type="provenance">
                  <note>Ostracon, Masada</note>
               </state>
               <bibl>Mas no. 406</bibl>
               <state type="addl-Descr">
                  <note>—</note>
               </state>
               <floruit>Pre-73 CE<ref spanTo="#d1e21907"/>
               </floruit>
               <note xml:id="d1e21887" n="146"> This is the suggested reading
                                        of the editor. חננ is also likely.</note>
               <note xml:id="d1e21907" n="147"> See above, n.
                                145.</note>
            </person>
            <person>
               <persName>ח[נני]ה<ref spanTo="#d583e0"/>
               </persName>
               <desc>High Priest<ref spanTo="#d1e21925"/>
               </desc>
               <state type="provenance">
                  <note>Ostracon, Masada</note>
               </state>
               <bibl>Mas no. 461</bibl>
               <state type="addl-Descr">
                  <note>—</note>
               </state>
               <floruit>Pre-73 CE<ref spanTo="#d1e21954"/>
               </floruit>
               <note xml:id="d1e21918" n="148"> This is the suggested reading
                                        of the editor.</note>
               <note xml:id="d1e21925" n="149"> For a
                                        possible identification of this חנניה with (Hananiah no. 2),
                                        the High Priest, see M. Wise,
                                        Thunder in Gemini and Other Essays on the History, Language and Literature of Second Temple Palestine (Sheffield
                                        1994) 51-100. The identification is uncertain, particularly
                                        since so little of the high priest’s name was preserved on
                                        this sherd. One should keep in mind that persons belonging
                                        to high priestly families also fashioned themselves “high
                                        priests”, see Introduction 3.2.5. And see also Eshel, Zion 64 (1999)
                                        501-2 and Introduction 3.3.
                                    </note>
               <note xml:id="d1e21954" n="150"> See above, n.
                                145.</note>
            </person>
            <person>
               <persName>חנני[ה]<ref spanTo="#d584e0"/>
               </persName>
               <desc>—</desc>
               <state type="provenance">
                  <note>Jar, Masada</note>
               </state>
               <bibl>Mas no. 486</bibl>
               <state type="addl-Descr">
                  <note>—</note>
               </state>
               <floruit>Pre-73 CE<ref spanTo="#d1e21986"/>
               </floruit>
               <note xml:id="d1e21966" n="151"> This is the suggested reading
                                        of the editor. Of course חנני is also likely, see above, n.
                                        135.</note>
               <note xml:id="d1e21986" n="152"> See above, n.
                                145.</note>
            </person>
            <person>
               <persName>חנינא<ref spanTo="#d585e0"/>
               </persName>
               <desc>—</desc>
               <state type="provenance">
                  <note>Jar, Masada</note>
               </state>
               <bibl>Mas no. 488</bibl>
               <state type="addl-Descr">
                  <note>—</note>
               </state>
               <floruit>Pre-73 CE<ref spanTo="#d1e22017"/>
               </floruit>
               <note xml:id="d1e21997" n="153"> See above, n. 41.</note>
               <note xml:id="d1e22017" n="154"> See above, n.
                                145.</note>
            </person>
            <person>
               <persName>—</persName>
               <desc>—</desc>
               <state type="provenance">
                  <note>Ossuary, , Mount of Offence, Clermont-Ganneau, 1883</note>
               </state>
               <bibl>Gibson &amp; Avni,RB105 (1998) 172</bibl>
               <state type="addl-Descr">
                  <note>—</note>
               </state>
               <floruit>Pre-70 CE<ref spanTo="#d1e22053"/>
               </floruit>
               <note xml:id="d1e22053" n="155">
                                        See above, n. 78.</note>
            </person>
         </listPerson>
      </ab>
      <ab type="name" n="חצרון-Hesron">
         <ref spanTo="#d1e22065"/>
         <listPerson>
            <person>
               <persName><ref spanTo="#d588e0"/>
               </persName>
               <desc>Simon (19)’s father</desc>
               <state type="provenance">
                  <note>—</note>
               </state>
               <bibl>BJ5:6 (Schalit,NB, 46)</bibl>
               <state type="addl-Descr">
                  <note>—</note>
               </state>
               <floruit>69 CE<ref spanTo="#d1e22109"/>
               </floruit>
               <note xml:id="d1e22081" n="1">
                                        This is how Josephus and LXX transliterate the biblical
                                        חצרון (Schalit, NB, 46; H &amp; R
                                        Suppl. 62).</note>
               <note xml:id="d1e22109" n="2"> On dating according to Josephus see
                                        Introduction 7.2.</note>
            </person>
            <person>
               <persName>[]<ref spanTo="#d591e0"/>
               </persName>
               <desc>Joshua (67)’s father</desc>
               <state type="provenance">
                  <note>Parchment, Muraba‘at</note>
               </state>
               <bibl>Mur 89</bibl>
               <state type="addl-Descr">
                  <note>—</note>
               </state>
               <floruit>Pre-135 CE<ref spanTo="#d1e22154"/>
               </floruit>
               <note xml:id="d1e22125" n="3"> This is the
                                        suggested reading of the editor. This transliteration of the
                                        name is unknown. There is only one other case in this corpus
                                        where 
                                        transliterates צ, see  for שלמציון
                                        (Shelamzion no. 22 S-H/F). Alternatively, this may be an
                                        elaborate form of the name עזרא (DJD 2, 217).</note>
               <note xml:id="d1e22154" n="4"> On dating of the Dead Sea
                                        documents see Introduction 7.7.</note>
            </person>
         </listPerson>
      </ab>
      <ab type="name" n="חרשא-Harasha">
         <ref spanTo="#d1e22166"/>
         <listPerson>
            <person>
               <persName>חרש<ref spanTo="#d592e0"/>
               </persName>
               <desc>Mattathias (23)’s father</desc>
               <state type="provenance">
                  <note>—</note>
               </state>
               <bibl>mAb4:15 (Kasovsky,Mishnae, -)</bibl>
               <state type="addl-Descr">
                  <note>Nickname?<ref spanTo="#d1e22205"/>
                  </note>
               </state>
               <floruit>Pre-200 CE<ref spanTo="#d1e22215"/>
               </floruit>
               <note xml:id="d1e22181" n="1"> On this variant form see
                                        Introduction 2.6.2. </note>
               <note xml:id="d1e22205" n="2"> This could also be construed as a
                                        nickname, since it means “smith” and was a popular and
                                        important occupation at the time (and is probably also the
                                        origin of the biblical name. And note also the wide
                                        distribution of the name “Smith” among English-speaking
                                        people, and Schmidt among the Germans). Stark, PNPI, 90, however, derives the name
                                        from “deaf”. See also Introduction 6.1.1. And see also under
                                        נפח (Napah – S-H/M).</note>
               <note xml:id="d1e22215" n="3"> According to Mekh. dRI 228, he is a contemporary
                                        of R. Eliezer Haqapar (Eleazar no.
                                            46), see under him, and see Introduction
                                        7.5.1.4.</note>
            </person>
            <person>
               <persName>—</persName>
               <desc>Of Ginnosar,<ref spanTo="#d1e22235"/>Jonathan (23)’s father</desc>
               <state type="provenance">
                  <note>—</note>
               </state>
               <bibl>tKel BB5:6 (Kasowski,Thosephthae, -)</bibl>
               <state type="addl-Descr">
                  <note>Nickname?<ref spanTo="#d1e22256"/>
                  </note>
               </state>
               <floruit>Pre-135 CE<ref spanTo="#d1e22263"/>
               </floruit>
               <note xml:id="d1e22235" n="4"> In Hebrew –
                                        איש גינוסר.</note>
               <note xml:id="d1e22256" n="5"> See above, n. 3.</note>
               <note xml:id="d1e22263" n="6"> Here he is described as
                                        associating with the sages at Yabneh, see Introduction
                                        7.5.1.2.</note>
            </person>
            <person>
               <persName>חרשה<ref spanTo="#d593e0"/>
               </persName>
               <desc>Saul (21)’s father</desc>
               <state type="provenance">
                  <note>Papyrus, deed, “Seyal”</note>
               </state>
               <bibl>Se 8</bibl>
               <state type="addl-Descr">
                  <note>Nickname?<ref spanTo="#d1e22293"/>
                  </note>
               </state>
               <floruit>135 CE<ref spanTo="#d1e22300"/>
               </floruit>
               <note xml:id="d1e22274" n="7"> For the interchange of א and ה
                                        see Introduction 2.4.2.3.</note>
               <note xml:id="d1e22293" n="8"> See above, n. 3.</note>
               <note xml:id="d1e22300" n="9"> On dating of the Dead Sea documents
                                        see Introduction 7.7.</note>
            </person>
            <person>
               <persName>—<ref spanTo="#d594e0"/>
               </persName>
               <desc>His son</desc>
               <state type="provenance">
                  <note>Ostracon, Masada</note>
               </state>
               <bibl>Mas no. 421</bibl>
               <state type="addl-Descr">
                  <note>Nickname?<ref spanTo="#d1e22333"/>
                  </note>
               </state>
               <floruit>Pre-73 CE<ref spanTo="#d1e22340"/>
               </floruit>
               <note xml:id="d1e22311" n="10"> For an interpretation of this name
                                        see Naveh, Mas I,
                                    26.</note>
               <note xml:id="d1e22333" n="11"> See above, n. 3.</note>
               <note xml:id="d1e22340" n="12"> On dating of the Masada
                                        documents see Introduction 7.8.</note>
            </person>
         </listPerson>
      </ab>
      <ab type="name" n="חשוב-Hashub">
         <ref spanTo="#d1e22352"/>
         <listPerson>
            <person>
               <persName></persName>
               <persName><ref spanTo="#d598e0"/>
               </persName>
               <desc>—</desc>
               <state type="provenance">
                  <note>Ossuary, Mt Scopus, Ben Arieh, 1978</note>
               </state>
               <bibl>CJO, no. 383</bibl>
               <state type="addl-Descr">
                  <note>—</note>
               </state>
               <floruit>Pre-70 CE<ref spanTo="#d1e22408"/>
               </floruit>
               <note xml:id="d1e22371" n="1"> In LXX the
                                        form is used for חשוב (H &amp; R Suppl. 24). It
                                        appears twice on the ossuary in the genitive. However, note
                                        the nominative form on this ossuary (), without the , repeated
                                        five times.  is not a recorded Greek name. It is recorded
                                        once on a Papyrus from Egypt (Foraboschi, Onomasticon, 58).</note>
               <note xml:id="d1e22408" n="2"> On dating of ossuaries see
                                        Introduction 7.6.1.</note>
            </person>
         </listPerson>
      </ab>
      <ab type="name" n="טוביה-Tobiah">
         <ref spanTo="#d1e22420"/>
         <listPerson>
            <person>
               <persName><ref spanTo="#d600e0"/>
               </persName>
               <persName><ref spanTo="#d603e0"/>
               </persName>
               <desc>Of Transjordan<ref spanTo="#d1e22470"/>
               </desc>
               <state type="provenance">
                  <note>Papyri, Zenon archive, Egypt</note>
               </state>
               <bibl>2 Macc 3:11 (H &amp; R Suppl. 151)<ref spanTo="#d1e22489"/>; BJ1:31;AJ12:160 (Schalit,NB, 120); CPJnos. 4, 5.</bibl>
               <state type="addl-Descr">
                  <note>—</note>
               </state>
               <floruit>3rdC BCE<ref spanTo="#d1e22520"/>
               </floruit>
               <note xml:id="d1e22442" n="1"> Thus in Josephus and 2 Macc. LXX has
                                        this transliteration, next to , , ,  and (H &amp; R
                                        Suppl. 151).</note>
               <note xml:id="d1e22463" n="2"> This is the orthography of the Zenon
                                        Papyri, see Introduction 2.3.3.1.</note>
               <note xml:id="d1e22470" n="3"> On the name Tobias as a
                                        personal and family name, and on the identification of the
                                        man mentioned in the Zenon Papyri with the man mentioned in
                                        Josephus (both of Transjordan), see B. Mazar, “The Tobiads,”
                                            IEJ 7 (1957) 137-45,
                                        229-38. For the suggestion that he is of this family, but
                                        perhaps the grandfather of the Tobias mentioned by Josephus,
                                        see D. R. Schwartz, “Josephus’ Tobiads: Back to the Second
                                        Century?” in M. Goodman (ed.), Jews in a Graeco-Roman World (Oxford 1998) 47-61
                                        (particularly 59-60).</note>
               <note xml:id="d1e22489" n="4"> On
                                                the independent character of 2 Macc see Introduction
                                                5.1.2.</note>
               <note xml:id="d1e22520" n="5">
                                        On dating in 2 Macc see Introduction
                                7.1.3.</note>
            </person>
            <person>
               <persName><ref spanTo="#d605e0"/>
               </persName>
               <desc>Jewish Bishop<ref spanTo="#d1e22539"/>
               </desc>
               <state type="provenance">
                  <note>—</note>
               </state>
               <bibl>Eus.EH, 4:5</bibl>
               <state type="addl-Descr">
                  <note>—</note>
               </state>
               <floruit>Pre-135 CE<ref spanTo="#d1e22559"/>
               </floruit>
               <note xml:id="d1e22532" n="6"> See above, n. 2.</note>
               <note xml:id="d1e22539" n="7"> On this list
                                        see Introduction 3.2.9.</note>
               <note xml:id="d1e22559" n="8"> See Introduction
                                7.4.1.</note>
            </person>
            <person>
               <persName>טוביא<ref spanTo="#d607e0"/>
               </persName>
               <desc>Tabitha (2)’s father</desc>
               <state type="provenance">
                  <note>—</note>
               </state>
               <bibl>Syriac Assumption of the Virgin 2 (Lewis,AS, 42)</bibl>
               <state type="addl-Descr">
                  <note>Fictitious<ref spanTo="#d1e22592"/>
                  </note>
               </state>
               <floruit>1stC CE<ref spanTo="#d1e22602"/>
               </floruit>
               <note xml:id="d1e22571" n="9"> The name appears in the text in Syriac
                                        characters, see Introduction 2.8.3. It is clearly
                                        Aramicized. For the interchange of א and ה in Aramaic see
                                        Introduction 2.4.2.7.</note>
               <note xml:id="d1e22592" n="10"> All figures appearing in apocryphal
                                        Christian documents are considered fictitious, see
                                        Introduction 6.2.2. </note>
               <note xml:id="d1e22602" n="11"> This text
                                        tells of the death of Mary the mother of Jesus, which
                                        occurred sometime in the 1st C CE.</note>
            </person>
            <person>
               <persName>טבי<ref spanTo="#d608e0"/>
               </persName>
               <desc>Gamaliel (4)’s slave</desc>
               <state type="provenance">
                  <note>—</note>
               </state>
               <bibl>mBer2:7 (Kasovsky,Mishnae, 734)</bibl>
               <state type="addl-Descr">
                  <note>—</note>
               </state>
               <floruit>Pre-135 CE<ref spanTo="#d1e22641"/>
               </floruit>
               <note xml:id="d1e22616" n="12"> On this variation of the name see
                                        Introduction 2.4.1.1. </note>
               <note xml:id="d1e22641" n="13"> His master is Rabban Gamaliel,
                                        see Introduction 7.5.1.2.</note>
            </person>
            <person>
               <persName>—</persName>
               <desc>The Physician<ref spanTo="#d1e22655"/>
               </desc>
               <state type="provenance">
                  <note>—</note>
               </state>
               <bibl>mRH1:7 (Kasovsky,Mishnae, 743)</bibl>
               <state type="addl-Descr">
                  <note>—</note>
               </state>
               <floruit>Pre-70 CE<ref spanTo="#d1e22677"/>
               </floruit>
               <note xml:id="d1e22655" n="14"> In Hebrew –
                                        הרופא.</note>
               <note xml:id="d1e22677" n="15"> Described as being in Jerusalem,
                                        see Introduction 7.5.1.1.</note>
            </person>
            <person>
               <persName>טבאי<ref spanTo="#d609e0"/>
               </persName>
               <desc>Judah (35)’s father</desc>
               <state type="provenance">
                  <note>—</note>
               </state>
               <bibl>mAb1:8 (Kasovsky,Mishnae, 734)</bibl>
               <state type="addl-Descr">
                  <note>—</note>
               </state>
               <floruit>Pre-70 CE<ref spanTo="#d1e22714"/>
               </floruit>
               <note xml:id="d1e22689" n="16"> See above, n. 13. טבי and טבאי
                                        are interchangeable, see Introduction 2.4.1.8.</note>
               <note xml:id="d1e22714" n="17"> Of the “Pairs,” see Introduction
                                        7.5.1.1.</note>
            </person>
            <person>
               <persName>—</persName>
               <desc>Agra (3)’s son</desc>
               <state type="provenance">
                  <note>Ossuary, Bagatti</note>
               </state>
               <bibl>DF96, no. 33</bibl>
               <state type="addl-Descr">
                  <note>—</note>
               </state>
               <floruit>Pre-70 CE<ref spanTo="#d1e22743"/>
               </floruit>
               <note xml:id="d1e22743" n="18"> On dating of ossuaries see
                                        Introduction 7.6.1.</note>
            </person>
            <person>
               <persName>טיבו<ref spanTo="#d610e0"/>
               </persName>
               <desc>His wife<ref spanTo="#d1e22773"/>
               </desc>
               <state type="provenance">
                  <note>Ostracon, Masada</note>
               </state>
               <bibl>Mas no. 400</bibl>
               <state type="addl-Descr">
                  <note>—</note>
               </state>
               <floruit>Pre-73 CE<ref spanTo="#d1e22790"/>
               </floruit>
               <note xml:id="d1e22754" n="19"> See above, n. 13. This is
                                        probably the same name (see Introduction 2.4.1.9), though
                                        the ו-suffix may be of Nabatean provenance, see Introduction 2.4.5.1. The name
                                        טובו is recorded for Nabateans (Negev, Qedem 32, no. 500); טביו is recorded
                                        among Idumaeans (AOFCI,
                                        nos. 174, 183). Alternatively we can perhaps view here a
                                        letter displacement (for טובי), see Introduction 2.7.3, and
                                        see also Naveh, Mas I,
                                        21.</note>
               <note xml:id="d1e22773" n="20"> See Introduction
                                    3.2.7.</note>
               <note xml:id="d1e22790" n="21"> On dating of the Masada documents
                                        see Introduction 7.8.</note>
            </person>
            <person>
               <persName>טובי<ref spanTo="#d611e0"/>
               </persName>
               <desc>—</desc>
               <state type="provenance">
                  <note>Ostracon, Masada</note>
               </state>
               <bibl>Mas no. 409</bibl>
               <state type="addl-Descr">
                  <note>—</note>
               </state>
               <floruit>Pre-73 CE<ref spanTo="#d1e22831"/>
               </floruit>
               <note xml:id="d1e22801" n="22"> See above, n. 13. Some have
                                        translated the Greek  back into
                                        Hebrew as טובי (e.g. F. Zimmerman, The Book of Tobit: An English Translation
                                            with Introduction and Commentary [New York 1958]
                                        44, n. 1).</note>
               <note xml:id="d1e22831" n="23"> See above, n.
                                22.</note>
            </person>
         </listPerson>
      </ab>
   </div>
   <div type="notes">
      <note xml:id="d1e122" n="1"> Biblical, e.g. 1 Sam 22:20. אביתר was a priest
                            under King
                    David.</note>
      <note xml:id="d1e177" n="1"> Biblical, e.g. Gen 17:5. אברהם is the name of
                            the famous biblical patriarch, forefather of the Jewish people. The name
                            was not in use by Jews in Palestine during the Second Temple and
                            Mishnaic periods, probably due to the veneration with which it was held,
                            see Introduction, 1.1.1.1; Klein,
                            Lĕšonénu 1 (1929)
                            325. For very different reasons, forms of it were popular in the
                            Diaspora, particularly in Egypt, see Cohen, JSJ 7 (1976) 99-112. See also Mussies, “Jewish Personal
                            Names,” 250. Use of Abraham as a name of two Septuagint translators in
                            the Letter of Aristeas probably proves the fictitious character of this
                            list, or alternatively its Egyptian provenance, see Introduction 6.2.1.
                            For rabbinic etymology of the name, see Harduf, Biblical Names,
                    10-1.</note>
      <note xml:id="d1e439" n="1"> Biblical, e.g. 2 Sam 3:3. אבשלום was David’s
                            rebellious son (Introduction 1.1.1.1). For rabbinic etymology of the
                            name, see Harduf, Biblical Names,
                            11.</note>
      <note xml:id="d1e894" n="1"> Biblical, e.g. 1 Kgs 16:28. אחאב was the name
                            of a king of Israel. For rabbinic etymology of the name see Harduf, Biblical Names,
                    15.</note>
      <note xml:id="d1e990" n="1"> Biblical, e.g. Gen 46:21. For rabbinic
                            etymology of the name, see Harduf, Biblical
                                Names, 15. The word אחא means brother in Aaramaic. On family
                            members as names see Introduction 1.5.1. On the suffix see Introduction
                            2.4.1.3.</note>
      <note xml:id="d1e1269" n="1"> Biblical, e.g. 1 Kgs 11:29. אחיה was a
                            prophet.</note>
      <note xml:id="d1e1503" n="1"> Biblical, e.g. 1 Kgs 17:1. Elijah was the name of a prophet. The name does not seem to have been in use for Jews, see Introduction 1.1.1.1. Note that this person is a Samaritan.</note>
      <note xml:id="d1e1578" n="1"> Biblical, e.g. Ezra 10:22. This is a Second
                            Temple name, since it is mentioned for
                            more than one person, but only in Second Temple compositions (Ezra, Neh,
                            1 and 2 Chr). It is also mentioned in Persian-dominated Egypt
                            (TADAE 4, no.
                            21.3).</note>
      <note xml:id="d1e1729" n="1"> Biblical priestly course: 1 Chr 24:12, see
                            Introduction 1.1.1.3.
                    </note>
      <note xml:id="d1e1778" n="1"> Biblical, e.g. 1 Kgs 19:16. אלישע was a
                            prophet, and Elijah’s disciple, see Introduction
                    1.1.1.1.</note>
      <note xml:id="d1e2246" n="1"> Biblical, e.g. 2 Kgs
                        24:8.</note>
      <note xml:id="d1e2333" n="1"> Biblical, e.g. Exod
                                    6:23. This is a Hasmonean name, see Introduction,
                                1.1.1.2.</note>
      <note xml:id="d1e9285" n="1"> Biblical, Jerem
                        29:3.</note>
      <note xml:id="d1e9399" n="1"> Biblical, e.g. Gen 48:5. אפרים was
                                Joseph’s son and one of the tribes of
                        Israel.</note>
      <note xml:id="d1e9514" n="1"> Biblical, e.g. Ezra 8:11. The name is
                                probably Aramaic, since it is only documented in post-exilic books
                                of the Bible (Ezra, Neh). See also Lipiński, Studies 1, 111. On the suffix see
                                Introduction
                        2.4.1.3.</note>
      <note xml:id="d1e9761" n="1"> Biblical priestly course, 1 Chr 24:14,
                                see Introduction 1.1.1.3.
                        </note>
      <note xml:id="d1e9872" n="1"> Biblical, 1 Kgs 4:13. Also on this
                                name, see Klein,
                                Lĕšonénu 1
                                (1929) 333. The name גברא is recorded in Palmyra (Stark, PNPI,
                        81).</note>
      <note xml:id="d1e9936" n="1"> Biblical, e.g. 1 Chr 11:22. בניה is one
                                of King David’s generals.
                        </note>
      <note xml:id="d1e10458" n="1"> Biblical, e.g. Gen 35:18. בנימין is
                                Jacob’s youngest son and one of the tribes of Israel, see
                                Introduction 1.1.1.1. For rabbinic etymology of the name, see
                                Harduf, Biblical Names,
                            34.</note>
      <note xml:id="d1e11045" n="1"> Biblical, e.g. Jerem 32:12. ברוך was
                                Jeremiah’s
                        scribe.</note>
      <note xml:id="d1e11261" n="1"> Biblical, 1 Sam 17:4. גלית was the
                            Philistine giant that David overcame in
                    battle.</note>
      <note xml:id="d1e11337" n="1"> Biblical, e.g. Num 1:10. For rabbinic
                                etymology of the name, see Harduf, Biblical Names,
                        42.</note>
      <note xml:id="d1e11943" n="1"> Biblical, e.g. 1 Sam 21:8. דואג was David’s Edomite enemy. For
                                rabbinic etymology of the name see Harduf, Biblical Names,
                        45.</note>
      <note xml:id="d1e12031" n="1"> Biblical, e.g. 1 Sam 16:13. דוד was the name
                            of the famous king of Israel. It was
                            seldom used as a personal name, see Introduction
                    1.1.1.1.</note>
      <note xml:id="d1e12093" n="1"> Biblical priestly course, 1 Chr 24:18,
                                see Introduction 1.1.1.3.
                        </note>
      <note xml:id="d1e12270" n="1"> Biblical, e.g. Dan 1:7. דניאל is the
                            biblical figure who gave his name to the book of
                    Daniel.</note>
      <note xml:id="d1e12391" n="1"> Biblical, e.g. Hos 1:1. הושע is the
                                prophet who gave his name to the book of
                        Hosea.</note>
      <note xml:id="d1e12502" n="1"> Biblical, e.g. Judg 12:13. In the case
                                of Hillel, the relative popularity of the name in the latter
                                documents found in this list may be the result of the popularity of
                                Hillel the Elder and his activities in Palestine. See particularly
                                Hillel no.
                        4.</note>
      <note xml:id="d1e12915" n="1"> Biblical priestly course, 1 Chr 24:10,
                                see Introduction 1.1.1.3.
                        </note>
      <note xml:id="d1e13027" n="1"> Biblical, Ezra 10:36. So too DJD 2, 223. Noth, IPRGN, 64, has suggested that this is a
                                Persian name. Wan(a) is an element that repets itself in Persian
                                names and means “victorious” (Justi, NB,
                                347). See also Cohen,
                                Lĕšonénu 31
                                (1967) 100, n. 9; JSJ 7 (1976) 111;
                                    JSJ 15 (1984) 57, n.
                            71.</note>
      <note xml:id="d1e13097" n="1"> Biblical, 1 Chr 8:17. During the
                                Greco-Roman period forms of this name became popular among other
                                Semitic peoples and it was not specifically identified with the
                                Jews. Various forms of the name are recorded in Palmyra (Stark, PNPI, 85-6); and in Idumaea (AOFCI, 99). For its Nabatean and
                                Egyptian variations see below, n. 11.</note>
      <note xml:id="d1e13340" n="1"> Biblical, Neh 3:20. The name is
                                recorded in Palmyra (Stark, PNPI,
                                86).</note>
      <note xml:id="d1e13403" n="1"> Biblical, 1 Chr 2:33. The name זוזי is
                                recorded in Palmyra (Stark, PNPI,
                                86).</note>
      <note xml:id="d1e13473" n="1"> Biblical, e.g. Zech 1:1. זכריה is the
                                prophet who gave the name to the biblical
                        book.</note>
      <note xml:id="d1e14744" n="1"> Biblical, e.g. 1 Kgs 16:9. For rabbinic
                                etymology of the name, see Harduf, Biblical Names, 55. The name is recorded in Palmyra
                                (Stark, PNPI,
                        86).</note>
      <note xml:id="d1e14891" n="1"> Biblical, Neh 7:48. חגב is recorded on
                                First Temple Hebrew seals (CWSSS
                                nos.
                        490-1).</note>
      <note xml:id="d1e15300" n="1"> Biblical, e.g. Gen 25:15. Note that the
                                name is assigned to the son of Ishmael. It is probably of Arab
                                provenance. Negev, Qedem 32, nos.
                                417 and 418, records the forms חדדו and חדודת, perhaps confirming
                                this assumption. The names חדודן and חדידו are recorded in Palmyra.
                                Stark, PNPI, 88,
                                claims that the name derives
                                from the Arabic “Sharp.” However, this name is close etymologically
                                (and epigraphically) to הדד, the Aramaic godhead. On this name see
                                G. Ryckmans, Les noms propres
                                    sud-sémitiques (Louvain 1934)
                        71-2.</note>
      <note xml:id="d1e15386" n="1"> Biblical, e.g. Exod 31:2. The name may
                                be of Egyptian provenance, associated with the Egyptian deity Horus.
                                It is certainly documented in Aramaic documents from Egypt in the
                                Persian period, (TADAE 2, nos. 1.1,
                                3.7, 10, 11 [same person]; 3, nos. 3.15 [x2; חורי], 4.6 [חורי]; 4,
                                nos. 5.35, 8.7, 9, 22.12 (חורי), 8.11, 18.17, 20.3,
                            22.18.</note>
      <note xml:id="d1e15450" n="1"> Biblical priestly course, 1 Chr 24:15,
                                see Introduction 1.1.1.3. Names with the element חזיר (=חזירא,
                                חזירו) are recorded in Idumaea (AOFCI, nos. 88, 174,
                        182).</note>
      <note xml:id="d1e15508" n="1"> Biblical, e.g. 2 Kgs 18:1. חזקיה was
                                king of Judah. For rabbinic etymology of the name, see Harduf, Biblical Names,
                        60.</note>
      <note xml:id="d1e16546" n="1"> Biblical, e.g. Neh 1:1 (Nehemiah’s
                                father).</note>
      <note xml:id="d1e16593" n="1"> Biblical, e.g. 2 Kgs 18:37.
                        </note>
      <note xml:id="d1e17043" n="1"> Biblical, e.g. Gen 5:23. This is the
                                name of the almost mythical forefather of Noah who is supposed to
                                have never died (on Enochic literature in the Second Temple period,
                                see J. Greenfield, “Prolegomena,” in H. Odeberg [ed.], 3 Enoch or the Hebrew Book of Enoch [New York
                                1973] xvi-xxiii). The name was certainly not in common use. In any
                                case, it is instructive to note that the name is given here as a father’s (i.e. family) name rather
                                than a private one. Furthermore, the one person who bears this name
                                is mentioned as a decoy for someone else, who was famous for having
                                been excommunicated by the rabbis, because they wished to preserve
                                the name of the latter. Thus אלעזר בן חנוך probably never existed.
                                Still, it is instructive to note that the person he is supposed to
                                supersede is called עקביה בן מהללאל. The second (father’s) name is
                                also unique. It is noteworthy that In the Bible מהללאל was חנוך’s
                                grandfather (Gen
                        5:12-7).</note>
      <note xml:id="d1e17115" n="1"> Biblical, e.g. Jerem
                        32:7.</note>
      <note xml:id="d1e17184" n="1"> Biblical, e.g. Jerem 35:4. This name
                                has such an independent standing that one often loses sight of the
                                fact that it is probably an abbreviation of חנניה, see Introduction
                                2.6.2. Because this distinction is already biblical, I have not
                                listed the two names under a single heading
                        here.</note>
      <note xml:id="d1e18841" n="1"> Biblical, e.g. Jerem
                        31:38.</note>
      <note xml:id="d1e18915" n="1"> Biblical, e.g. Jerem 28:1.
                        </note>
      <note xml:id="d1e22065" n="1"> Biblical, e.g. Gen 46:12.
                        </note>
      <note xml:id="d1e22166" n="1"> Biblical, e.g. Ezra 2:52. The name is
                                probably Aramaic, since it is only documented in post-exilic books
                                of the Bible (Ezra,
                        Neh).</note>
      <note xml:id="d1e22352" n="1"> Biblical, e.g. Neh 3:11. See
                                Introduction
                        2.6.4.</note>
   </div>
</root>
